2024-04-04 05:17:33,896 INFO o.a.j.u.JMeterUtils: Setting Locale to en_EN
2024-04-04 05:17:34,084 INFO o.a.j.JMeter: Loading user properties from: user.properties
2024-04-04 05:17:34,085 INFO o.a.j.JMeter: Loading system properties from: system.properties
2024-04-04 05:17:34,085 INFO o.a.j.JMeter: Setting System property: server.rmi.ssl.disable=true
2024-04-04 05:17:34,091 INFO o.a.j.JMeter: Copyright (c) 1998-2021 The Apache Software Foundation
2024-04-04 05:17:34,092 INFO o.a.j.JMeter: Version 5.4.1
2024-04-04 05:17:34,092 INFO o.a.j.JMeter: java.version=16.0.2
2024-04-04 05:17:34,092 INFO o.a.j.JMeter: java.vm.name=OpenJDK 64-Bit Server VM
2024-04-04 05:17:34,092 INFO o.a.j.JMeter: os.name=Linux
2024-04-04 05:17:34,092 INFO o.a.j.JMeter: os.arch=amd64
2024-04-04 05:17:34,092 INFO o.a.j.JMeter: os.version=6.5.0-1016-aws
2024-04-04 05:17:34,092 INFO o.a.j.JMeter: file.encoding=UTF-8
2024-04-04 05:17:34,092 INFO o.a.j.JMeter: java.awt.headless=null
2024-04-04 05:17:34,092 INFO o.a.j.JMeter: Max memory     =1073741824
2024-04-04 05:17:34,093 INFO o.a.j.JMeter: Available Processors =1
2024-04-04 05:17:34,195 INFO o.a.j.JMeter: Default Locale=English (EN)
2024-04-04 05:17:34,283 INFO o.a.j.JMeter: JMeter  Locale=English (EN)
2024-04-04 05:17:34,283 INFO o.a.j.JMeter: JMeterHome=/opt/jmeter/apache-jmeter-5.4.1
2024-04-04 05:17:34,283 INFO o.a.j.JMeter: user.dir  =/opt/jmeter/apache-jmeter-5.4.1/bin
2024-04-04 05:17:34,283 INFO o.a.j.JMeter: PWD       =/opt/jmeter/apache-jmeter-5.4.1/bin
2024-04-04 05:17:34,284 INFO o.a.j.JMeter: IP: 10.35.0.16 Name: jmeter-master04-04-10-46-18-86xg2 FullName: jmeter-master04-04-10-46-18-86xg2
2024-04-04 05:17:34,290 INFO o.a.j.JMeter: Setting property 'jmeter.reportgenerator.outputdir' to:'/report/report-PetStoreAPIScriptDynamicBuildNumber1.jmx-2024-04-04_051625'
2024-04-04 05:17:34,293 INFO o.a.j.s.FileServer: Default base='/opt/jmeter/apache-jmeter-5.4.1/bin'
2024-04-04 05:17:34,295 INFO o.a.j.s.FileServer: Set new base='/opt/jmeter/apache-jmeter-5.4.1/bin'
2024-04-04 05:17:35,786 INFO o.a.j.s.SaveService: Testplan (JMX) version: 2.2. Testlog (JTL) version: 2.2
2024-04-04 05:17:35,983 INFO o.a.j.s.SaveService: Using SaveService properties version 5.0
2024-04-04 05:17:35,987 INFO o.a.j.s.SaveService: Using SaveService properties file encoding UTF-8
2024-04-04 05:17:35,990 INFO o.a.j.s.SaveService: Loading file: PetStoreAPIScriptDynamicBuildNumber1.jmx
2024-04-04 05:17:36,383 INFO o.a.j.p.h.c.CookieManager: Settings: Delete null: true Check: true Allow variable: true Save: false Prefix: COOKIE_
2024-04-04 05:17:36,483 INFO o.a.j.p.h.s.HTTPSamplerBase: Parser for text/html is org.apache.jmeter.protocol.http.parser.LagartoBasedHtmlParser
2024-04-04 05:17:36,484 INFO o.a.j.p.h.s.HTTPSamplerBase: Parser for application/xhtml+xml is org.apache.jmeter.protocol.http.parser.LagartoBasedHtmlParser
2024-04-04 05:17:36,484 INFO o.a.j.p.h.s.HTTPSamplerBase: Parser for application/xml is org.apache.jmeter.protocol.http.parser.LagartoBasedHtmlParser
2024-04-04 05:17:36,484 INFO o.a.j.p.h.s.HTTPSamplerBase: Parser for text/xml is org.apache.jmeter.protocol.http.parser.LagartoBasedHtmlParser
2024-04-04 05:17:36,484 INFO o.a.j.p.h.s.HTTPSamplerBase: Parser for text/vnd.wap.wml is org.apache.jmeter.protocol.http.parser.RegexpHTMLParser
2024-04-04 05:17:36,484 INFO o.a.j.p.h.s.HTTPSamplerBase: Parser for text/css is org.apache.jmeter.protocol.http.parser.CssParser
2024-04-04 05:17:36,884 INFO o.a.j.s.SampleResult: Note: Sample TimeStamps are START times
2024-04-04 05:17:36,884 INFO o.a.j.s.SampleResult: sampleresult.default.encoding is set to ISO-8859-1
2024-04-04 05:17:36,885 INFO o.a.j.s.SampleResult: sampleresult.useNanoTime=true
2024-04-04 05:17:36,885 INFO o.a.j.s.SampleResult: sampleresult.nanoThreadSleep=5000
2024-04-04 05:17:37,084 INFO o.a.j.JMeter: Creating summariser <summary>
2024-04-04 05:17:37,089 INFO o.a.j.r.d.ReportGenerator: ReportGenerator will use for Parsing the separator: ','
2024-04-04 05:17:37,089 INFO o.a.j.r.d.ReportGenerator: Will generate report at end of test from  results file: /report/PetStoreAPIScriptDynamicBuildNumber1.jmx_2024-04-04_051625.jtl
2024-04-04 05:17:37,089 INFO o.a.j.r.d.ReportGenerator: Reading report generator properties from: /opt/jmeter/apache-jmeter-5.4.1/bin/reportgenerator.properties
2024-04-04 05:17:37,090 INFO o.a.j.r.d.ReportGenerator: Merging with JMeter properties
2024-04-04 05:17:37,185 INFO o.a.j.r.c.ReportGeneratorConfiguration: Property 'jmeter.reportgenerator.temp_dir' not found, using default value 'temp' instead.
2024-04-04 05:17:37,192 INFO o.a.j.r.c.ReportGeneratorConfiguration: Property 'jmeter.reportgenerator.apdex_per_transaction' not found, using default value 'null' instead.
2024-04-04 05:17:37,192 INFO o.a.j.r.c.ReportGeneratorConfiguration: apdex_per_transaction is empty, not APDEX per transaction customization
2024-04-04 05:17:37,193 INFO o.a.j.r.c.ReportGeneratorConfiguration: Property 'jmeter.reportgenerator.sample_filter' not found, using default value 'null' instead.
2024-04-04 05:17:37,193 INFO o.a.j.r.c.ReportGeneratorConfiguration: Property 'jmeter.reportgenerator.report_title' not found, using default value 'null' instead.
2024-04-04 05:17:37,193 INFO o.a.j.r.c.ReportGeneratorConfiguration: Property 'jmeter.reportgenerator.start_date' not found, using default value 'null' instead.
2024-04-04 05:17:37,193 INFO o.a.j.r.c.ReportGeneratorConfiguration: Property 'jmeter.reportgenerator.end_date' not found, using default value 'null' instead.
2024-04-04 05:17:37,193 INFO o.a.j.r.c.ReportGeneratorConfiguration: Property 'jmeter.reportgenerator.date_format' not found, using default value 'null' instead.
2024-04-04 05:17:37,194 INFO o.a.j.r.c.ReportGeneratorConfiguration: Will use date range start date: null, end date: null
2024-04-04 05:17:37,197 INFO o.a.j.r.c.ReportGeneratorConfiguration: Property 'jmeter.reportgenerator.graph.totalTPS.exclude_controllers' not found, using default value 'false' instead.
2024-04-04 05:17:37,198 INFO o.a.j.r.c.ReportGeneratorConfiguration: Property 'jmeter.reportgenerator.graph.activeThreadsOverTime.exclude_controllers' not found, using default value 'false' instead.
2024-04-04 05:17:37,198 INFO o.a.j.r.c.ReportGeneratorConfiguration: Property 'jmeter.reportgenerator.graph.timeVsThreads.exclude_controllers' not found, using default value 'false' instead.
2024-04-04 05:17:37,198 INFO o.a.j.r.c.ReportGeneratorConfiguration: Property 'jmeter.reportgenerator.graph.responseTimeDistribution.exclude_controllers' not found, using default value 'false' instead.
2024-04-04 05:17:37,198 INFO o.a.j.r.c.ReportGeneratorConfiguration: Property 'jmeter.reportgenerator.graph.transactionsPerSecond.exclude_controllers' not found, using default value 'false' instead.
2024-04-04 05:17:37,198 INFO o.a.j.r.c.ReportGeneratorConfiguration: Property 'jmeter.reportgenerator.graph.responseTimePercentiles.exclude_controllers' not found, using default value 'false' instead.
2024-04-04 05:17:37,198 INFO o.a.j.r.c.ReportGeneratorConfiguration: Property 'jmeter.reportgenerator.graph.responseTimePercentilesOverTime.exclude_controllers' not found, using default value 'false' instead.
2024-04-04 05:17:37,199 INFO o.a.j.r.c.ReportGeneratorConfiguration: Property 'jmeter.reportgenerator.graph.responseTimesOverTime.exclude_controllers' not found, using default value 'false' instead.
2024-04-04 05:17:37,199 INFO o.a.j.r.c.ReportGeneratorConfiguration: Property 'jmeter.reportgenerator.graph.connectTimeOverTime.exclude_controllers' not found, using default value 'false' instead.
2024-04-04 05:17:37,199 INFO o.a.j.r.c.ReportGeneratorConfiguration: Property 'jmeter.reportgenerator.graph.latenciesOverTime.exclude_controllers' not found, using default value 'false' instead.
2024-04-04 05:17:37,200 INFO o.a.j.r.c.ReportGeneratorConfiguration: Property 'jmeter.reportgenerator.exporter.json.filters_only_sample_series' not found, using default value 'true' instead.
2024-04-04 05:17:37,200 INFO o.a.j.r.c.ReportGeneratorConfiguration: Property 'jmeter.reportgenerator.exporter.json.series_filter' not found, using default value '' instead.
2024-04-04 05:17:37,200 INFO o.a.j.r.c.ReportGeneratorConfiguration: Property 'jmeter.reportgenerator.exporter.json.show_controllers_only' not found, using default value 'false' instead.
2024-04-04 05:17:37,201 INFO o.a.j.r.c.ReportGeneratorConfiguration: Property 'jmeter.reportgenerator.exporter.html.filters_only_sample_series' not found, using default value 'true' instead.
2024-04-04 05:17:37,201 INFO o.a.j.r.c.ReportGeneratorConfiguration: Property 'jmeter.reportgenerator.exporter.html.series_filter' not found, using default value '' instead.
2024-04-04 05:17:37,201 INFO o.a.j.r.c.ReportGeneratorConfiguration: Property 'jmeter.reportgenerator.exporter.html.show_controllers_only' not found, using default value 'false' instead.
2024-04-04 05:17:37,283 INFO o.a.j.e.DistributedRunner: Configuring remote engine: 10.35.0.17
2024-04-04 05:17:37,285 INFO o.a.j.r.RmiUtils: Disabling SSL for RMI as server.rmi.ssl.disable is set to 'true'
2024-04-04 05:17:37,791 INFO o.a.j.e.DistributedRunner: Starting distributed test with remote engines: [10.35.0.17] @ Thu Apr 04 05:17:37 UTC 2024 (1712207857791)
2024-04-04 05:17:37,791 INFO o.a.j.e.ClientJMeterEngine: running clientengine run method
2024-04-04 05:17:37,884 INFO o.a.j.e.u.CompoundVariable: Note: Function class names must contain the string: '.functions.'
2024-04-04 05:17:37,884 INFO o.a.j.e.u.CompoundVariable: Note: Function class names must not contain the string: '.gui.'
2024-04-04 05:17:38,293 INFO o.a.j.r.RmiUtils: Disabling SSL for RMI as server.rmi.ssl.disable is set to 'true'
2024-04-04 05:17:38,293 INFO o.a.j.r.RmiUtils: Disabling SSL for RMI as server.rmi.ssl.disable is set to 'true'
2024-04-04 05:17:38,303 INFO o.a.j.s.SampleEvent: List of sample_variables: []
2024-04-04 05:17:38,399 INFO o.a.j.s.BatchSampleSender: Using batching (client settings) for this run. Thresholds: num=100, time=60000
2024-04-04 05:17:38,399 INFO o.a.j.s.DataStrippingSampleSender: Using DataStrippingSampleSender for this run
2024-04-04 05:17:38,400 INFO o.a.j.r.RmiUtils: Disabling SSL for RMI as server.rmi.ssl.disable is set to 'true'
2024-04-04 05:17:38,400 INFO o.a.j.r.RmiUtils: Disabling SSL for RMI as server.rmi.ssl.disable is set to 'true'
2024-04-04 05:17:42,508 INFO o.a.j.r.RmiUtils: Disabling SSL for RMI as server.rmi.ssl.disable is set to 'true'
2024-04-04 05:17:42,508 INFO o.a.j.r.RmiUtils: Disabling SSL for RMI as server.rmi.ssl.disable is set to 'true'
2024-04-04 05:17:42,509 INFO o.a.j.r.RmiUtils: Disabling SSL for RMI as server.rmi.ssl.disable is set to 'true'
2024-04-04 05:17:42,510 INFO o.a.j.r.RmiUtils: Disabling SSL for RMI as server.rmi.ssl.disable is set to 'true'
2024-04-04 05:17:42,510 INFO o.a.j.s.BatchSampleSender: Using batching (client settings) for this run. Thresholds: num=100, time=60000
2024-04-04 05:17:42,510 INFO o.a.j.s.DataStrippingSampleSender: Using DataStrippingSampleSender for this run
2024-04-04 05:17:42,511 INFO o.a.j.r.RmiUtils: Disabling SSL for RMI as server.rmi.ssl.disable is set to 'true'
2024-04-04 05:17:42,511 INFO o.a.j.r.RmiUtils: Disabling SSL for RMI as server.rmi.ssl.disable is set to 'true'
2024-04-04 05:17:42,511 INFO o.a.j.s.BatchSampleSender: Using batching (client settings) for this run. Thresholds: num=100, time=60000
2024-04-04 05:17:42,511 INFO o.a.j.s.DataStrippingSampleSender: Using DataStrippingSampleSender for this run
2024-04-04 05:17:42,512 INFO o.a.j.r.RmiUtils: Disabling SSL for RMI as server.rmi.ssl.disable is set to 'true'
2024-04-04 05:17:42,512 INFO o.a.j.r.RmiUtils: Disabling SSL for RMI as server.rmi.ssl.disable is set to 'true'
2024-04-04 05:17:42,512 INFO o.a.j.s.BatchSampleSender: Using batching (client settings) for this run. Thresholds: num=100, time=60000
2024-04-04 05:17:42,583 INFO o.a.j.s.DataStrippingSampleSender: Using DataStrippingSampleSender for this run
2024-04-04 05:17:42,584 INFO o.a.j.r.RmiUtils: Disabling SSL for RMI as server.rmi.ssl.disable is set to 'true'
2024-04-04 05:17:42,584 INFO o.a.j.r.RmiUtils: Disabling SSL for RMI as server.rmi.ssl.disable is set to 'true'
2024-04-04 05:17:42,584 INFO o.a.j.s.BatchSampleSender: Using batching (client settings) for this run. Thresholds: num=100, time=60000
2024-04-04 05:17:42,584 INFO o.a.j.s.DataStrippingSampleSender: Using DataStrippingSampleSender for this run
2024-04-04 05:17:42,584 INFO o.a.j.r.RmiUtils: Disabling SSL for RMI as server.rmi.ssl.disable is set to 'true'
2024-04-04 05:17:42,585 INFO o.a.j.r.RmiUtils: Disabling SSL for RMI as server.rmi.ssl.disable is set to 'true'
2024-04-04 05:17:42,585 INFO o.a.j.s.BatchSampleSender: Using batching (client settings) for this run. Thresholds: num=100, time=60000
2024-04-04 05:17:42,585 INFO o.a.j.s.DataStrippingSampleSender: Using DataStrippingSampleSender for this run
2024-04-04 05:17:43,606 INFO o.a.j.e.ClientJMeterEngine: sent test to 10.35.0.17 basedir='.'
2024-04-04 05:17:43,606 INFO o.a.j.e.ClientJMeterEngine: Sending properties {}
2024-04-04 05:17:43,609 INFO o.a.j.e.ClientJMeterEngine: sent run command to 10.35.0.17
2024-04-04 05:17:43,609 INFO o.a.j.e.DistributedRunner: Remote engines have been started:[10.35.0.17]
2024-04-04 05:17:44,286 INFO o.a.j.v.b.BackendListener: Backend Listener 1: Starting worker with class: class org.apache.jmeter.visualizers.backend.influxdb.InfluxdbBackendListenerClient and queue capacity: 5000
2024-04-04 05:17:44,291 INFO o.a.j.v.b.BackendListener: Backend Listener 1: Started  worker with class: class org.apache.jmeter.visualizers.backend.influxdb.InfluxdbBackendListenerClient
2024-04-04 05:17:46,087 INFO o.a.j.v.b.BackendListener: Backend Listener 2: Starting worker with class: class rocks.nt.apm.jmeter.JMeterInfluxDBBackendListenerClient and queue capacity: 5000
2024-04-04 05:17:46,088 INFO o.a.j.v.b.BackendListener: Backend Listener 2: Started  worker with class: class rocks.nt.apm.jmeter.JMeterInfluxDBBackendListenerClient
2024-04-04 05:17:47,385 INFO o.a.j.JMeter: Started remote host:  10.35.0.17 (1712207867385)
2024-04-04 05:18:00,093 INFO o.a.j.r.Summariser: summary +    236 in 00:00:13 =   18.6/s Avg:   399 Min:   193 Max:  4700 Err:    27 (11.44%) Active: 10 Started: 10 Finished: 0
2024-04-04 05:18:30,160 INFO o.a.j.r.Summariser: summary +   1400 in 00:00:30 =   46.6/s Avg:   212 Min:   192 Max:   281 Err:   206 (14.71%) Active: 10 Started: 10 Finished: 0
2024-04-04 05:18:30,161 INFO o.a.j.r.Summariser: summary =   1636 in 00:00:43 =   38.2/s Avg:   239 Min:   192 Max:  4700 Err:   233 (14.24%)
2024-04-04 05:19:00,226 INFO o.a.j.r.Summariser: summary +   1401 in 00:00:30 =   46.6/s Avg:   213 Min:   190 Max:  1081 Err:   191 (13.63%) Active: 10 Started: 10 Finished: 0
2024-04-04 05:19:00,283 INFO o.a.j.r.Summariser: summary =   3037 in 00:01:13 =   41.7/s Avg:   227 Min:   190 Max:  4700 Err:   424 (13.96%)
2024-04-04 05:19:30,460 INFO o.a.j.r.Summariser: summary +   1476 in 00:00:30 =   48.8/s Avg:   204 Min:   190 Max:   296 Err:   206 (13.96%) Active: 10 Started: 10 Finished: 0
2024-04-04 05:19:30,461 INFO o.a.j.r.Summariser: summary =   4513 in 00:01:43 =   43.8/s Avg:   219 Min:   190 Max:  4700 Err:   630 (13.96%)
2024-04-04 05:20:00,790 INFO o.a.j.r.Summariser: summary +   1401 in 00:00:30 =   46.2/s Avg:   215 Min:   190 Max:  1578 Err:   203 (14.49%) Active: 10 Started: 10 Finished: 0
2024-04-04 05:20:00,790 INFO o.a.j.r.Summariser: summary =   5914 in 00:02:13 =   44.3/s Avg:   218 Min:   190 Max:  4700 Err:   833 (14.09%)
2024-04-04 05:20:30,529 INFO o.a.j.r.Summariser: summary +   1402 in 00:00:30 =   47.1/s Avg:   211 Min:   194 Max:   290 Err:   190 (13.55%) Active: 10 Started: 10 Finished: 0
2024-04-04 05:20:30,529 INFO o.a.j.r.Summariser: summary =   7316 in 00:02:43 =   44.8/s Avg:   217 Min:   190 Max:  4700 Err:  1023 (13.98%)
2024-04-04 05:21:00,996 INFO o.a.j.r.Summariser: summary +   1399 in 00:00:30 =   45.9/s Avg:   216 Min:   194 Max:  1292 Err:   196 (14.01%) Active: 10 Started: 10 Finished: 0
2024-04-04 05:21:00,997 INFO o.a.j.r.Summariser: summary =   8715 in 00:03:14 =   45.0/s Avg:   217 Min:   190 Max:  4700 Err:  1219 (13.99%)
2024-04-04 05:21:30,570 INFO o.a.j.r.Summariser: summary +   1398 in 00:00:30 =   47.3/s Avg:   211 Min:   204 Max:   288 Err:   216 (15.45%) Active: 10 Started: 10 Finished: 0
2024-04-04 05:21:30,570 INFO o.a.j.r.Summariser: summary =  10113 in 00:03:43 =   45.3/s Avg:   216 Min:   190 Max:  4700 Err:  1435 (14.19%)
2024-04-04 05:22:00,427 INFO o.a.j.r.Summariser: summary +   1400 in 00:00:30 =   46.9/s Avg:   212 Min:   190 Max:   733 Err:   205 (14.64%) Active: 10 Started: 10 Finished: 0
2024-04-04 05:22:00,428 INFO o.a.j.r.Summariser: summary =  11513 in 00:04:13 =   45.5/s Avg:   215 Min:   190 Max:  4700 Err:  1640 (14.24%)
