2024-04-04 09:33:33,813 INFO o.a.j.u.JMeterUtils: Setting Locale to en_EN
2024-04-04 09:33:33,918 INFO o.a.j.JMeter: Loading user properties from: user.properties
2024-04-04 09:33:33,918 INFO o.a.j.JMeter: Loading system properties from: system.properties
2024-04-04 09:33:33,918 INFO o.a.j.JMeter: Setting System property: server.rmi.ssl.disable=true
2024-04-04 09:33:34,015 INFO o.a.j.JMeter: Copyright (c) 1998-2021 The Apache Software Foundation
2024-04-04 09:33:34,015 INFO o.a.j.JMeter: Version 5.4.1
2024-04-04 09:33:34,015 INFO o.a.j.JMeter: java.version=16.0.2
2024-04-04 09:33:34,015 INFO o.a.j.JMeter: java.vm.name=OpenJDK 64-Bit Server VM
2024-04-04 09:33:34,015 INFO o.a.j.JMeter: os.name=Linux
2024-04-04 09:33:34,015 INFO o.a.j.JMeter: os.arch=amd64
2024-04-04 09:33:34,015 INFO o.a.j.JMeter: os.version=6.5.0-1016-aws
2024-04-04 09:33:34,016 INFO o.a.j.JMeter: file.encoding=UTF-8
2024-04-04 09:33:34,016 INFO o.a.j.JMeter: java.awt.headless=null
2024-04-04 09:33:34,016 INFO o.a.j.JMeter: Max memory     =1073741824
2024-04-04 09:33:34,016 INFO o.a.j.JMeter: Available Processors =1
2024-04-04 09:33:34,111 INFO o.a.j.JMeter: Default Locale=English (EN)
2024-04-04 09:33:34,112 INFO o.a.j.JMeter: JMeter  Locale=English (EN)
2024-04-04 09:33:34,112 INFO o.a.j.JMeter: JMeterHome=/opt/jmeter/apache-jmeter-5.4.1
2024-04-04 09:33:34,112 INFO o.a.j.JMeter: user.dir  =/opt/jmeter/apache-jmeter-5.4.1/bin
2024-04-04 09:33:34,112 INFO o.a.j.JMeter: PWD       =/opt/jmeter/apache-jmeter-5.4.1/bin
2024-04-04 09:33:34,113 INFO o.a.j.JMeter: IP: 10.35.0.14 Name: jmeter-master04-04-15-02-23-d8h44 FullName: jmeter-master04-04-15-02-23-d8h44
2024-04-04 09:33:34,116 INFO o.a.j.JMeter: Setting property 'jmeter.reportgenerator.outputdir' to:'/report/report-PetStoreAPIScriptDynamicBuildNumber1.jmx-2024-04-04_093231'
2024-04-04 09:33:34,119 INFO o.a.j.s.FileServer: Default base='/opt/jmeter/apache-jmeter-5.4.1/bin'
2024-04-04 09:33:34,120 INFO o.a.j.s.FileServer: Set new base='/opt/jmeter/apache-jmeter-5.4.1/bin'
2024-04-04 09:33:35,708 INFO o.a.j.s.SaveService: Testplan (JMX) version: 2.2. Testlog (JTL) version: 2.2
2024-04-04 09:33:35,819 INFO o.a.j.s.SaveService: Using SaveService properties version 5.0
2024-04-04 09:33:35,823 INFO o.a.j.s.SaveService: Using SaveService properties file encoding UTF-8
2024-04-04 09:33:35,911 INFO o.a.j.s.SaveService: Loading file: PetStoreAPIScriptDynamicBuildNumber1.jmx
2024-04-04 09:33:36,217 INFO o.a.j.p.h.c.CookieManager: Settings: Delete null: true Check: true Allow variable: true Save: false Prefix: COOKIE_
2024-04-04 09:33:36,314 INFO o.a.j.p.h.s.HTTPSamplerBase: Parser for text/html is org.apache.jmeter.protocol.http.parser.LagartoBasedHtmlParser
2024-04-04 09:33:36,314 INFO o.a.j.p.h.s.HTTPSamplerBase: Parser for application/xhtml+xml is org.apache.jmeter.protocol.http.parser.LagartoBasedHtmlParser
2024-04-04 09:33:36,314 INFO o.a.j.p.h.s.HTTPSamplerBase: Parser for application/xml is org.apache.jmeter.protocol.http.parser.LagartoBasedHtmlParser
2024-04-04 09:33:36,314 INFO o.a.j.p.h.s.HTTPSamplerBase: Parser for text/xml is org.apache.jmeter.protocol.http.parser.LagartoBasedHtmlParser
2024-04-04 09:33:36,315 INFO o.a.j.p.h.s.HTTPSamplerBase: Parser for text/vnd.wap.wml is org.apache.jmeter.protocol.http.parser.RegexpHTMLParser
2024-04-04 09:33:36,315 INFO o.a.j.p.h.s.HTTPSamplerBase: Parser for text/css is org.apache.jmeter.protocol.http.parser.CssParser
2024-04-04 09:33:36,708 INFO o.a.j.s.SampleResult: Note: Sample TimeStamps are START times
2024-04-04 09:33:36,708 INFO o.a.j.s.SampleResult: sampleresult.default.encoding is set to ISO-8859-1
2024-04-04 09:33:36,709 INFO o.a.j.s.SampleResult: sampleresult.useNanoTime=true
2024-04-04 09:33:36,709 INFO o.a.j.s.SampleResult: sampleresult.nanoThreadSleep=5000
2024-04-04 09:33:36,820 INFO o.a.j.JMeter: Creating summariser <summary>
2024-04-04 09:33:36,913 INFO o.a.j.r.d.ReportGenerator: ReportGenerator will use for Parsing the separator: ','
2024-04-04 09:33:36,913 INFO o.a.j.r.d.ReportGenerator: Will generate report at end of test from  results file: /report/PetStoreAPIScriptDynamicBuildNumber1.jmx_2024-04-04_093231.jtl
2024-04-04 09:33:36,913 INFO o.a.j.r.d.ReportGenerator: Reading report generator properties from: /opt/jmeter/apache-jmeter-5.4.1/bin/reportgenerator.properties
2024-04-04 09:33:36,914 INFO o.a.j.r.d.ReportGenerator: Merging with JMeter properties
2024-04-04 09:33:36,918 INFO o.a.j.r.c.ReportGeneratorConfiguration: Property 'jmeter.reportgenerator.temp_dir' not found, using default value 'temp' instead.
2024-04-04 09:33:37,011 INFO o.a.j.r.c.ReportGeneratorConfiguration: Property 'jmeter.reportgenerator.apdex_per_transaction' not found, using default value 'null' instead.
2024-04-04 09:33:37,011 INFO o.a.j.r.c.ReportGeneratorConfiguration: apdex_per_transaction is empty, not APDEX per transaction customization
2024-04-04 09:33:37,012 INFO o.a.j.r.c.ReportGeneratorConfiguration: Property 'jmeter.reportgenerator.sample_filter' not found, using default value 'null' instead.
2024-04-04 09:33:37,012 INFO o.a.j.r.c.ReportGeneratorConfiguration: Property 'jmeter.reportgenerator.report_title' not found, using default value 'null' instead.
2024-04-04 09:33:37,012 INFO o.a.j.r.c.ReportGeneratorConfiguration: Property 'jmeter.reportgenerator.start_date' not found, using default value 'null' instead.
2024-04-04 09:33:37,012 INFO o.a.j.r.c.ReportGeneratorConfiguration: Property 'jmeter.reportgenerator.end_date' not found, using default value 'null' instead.
2024-04-04 09:33:37,012 INFO o.a.j.r.c.ReportGeneratorConfiguration: Property 'jmeter.reportgenerator.date_format' not found, using default value 'null' instead.
2024-04-04 09:33:37,013 INFO o.a.j.r.c.ReportGeneratorConfiguration: Will use date range start date: null, end date: null
2024-04-04 09:33:37,017 INFO o.a.j.r.c.ReportGeneratorConfiguration: Property 'jmeter.reportgenerator.graph.totalTPS.exclude_controllers' not found, using default value 'false' instead.
2024-04-04 09:33:37,017 INFO o.a.j.r.c.ReportGeneratorConfiguration: Property 'jmeter.reportgenerator.graph.activeThreadsOverTime.exclude_controllers' not found, using default value 'false' instead.
2024-04-04 09:33:37,017 INFO o.a.j.r.c.ReportGeneratorConfiguration: Property 'jmeter.reportgenerator.graph.timeVsThreads.exclude_controllers' not found, using default value 'false' instead.
2024-04-04 09:33:37,017 INFO o.a.j.r.c.ReportGeneratorConfiguration: Property 'jmeter.reportgenerator.graph.responseTimeDistribution.exclude_controllers' not found, using default value 'false' instead.
2024-04-04 09:33:37,017 INFO o.a.j.r.c.ReportGeneratorConfiguration: Property 'jmeter.reportgenerator.graph.transactionsPerSecond.exclude_controllers' not found, using default value 'false' instead.
2024-04-04 09:33:37,018 INFO o.a.j.r.c.ReportGeneratorConfiguration: Property 'jmeter.reportgenerator.graph.responseTimePercentiles.exclude_controllers' not found, using default value 'false' instead.
2024-04-04 09:33:37,018 INFO o.a.j.r.c.ReportGeneratorConfiguration: Property 'jmeter.reportgenerator.graph.responseTimePercentilesOverTime.exclude_controllers' not found, using default value 'false' instead.
2024-04-04 09:33:37,018 INFO o.a.j.r.c.ReportGeneratorConfiguration: Property 'jmeter.reportgenerator.graph.responseTimesOverTime.exclude_controllers' not found, using default value 'false' instead.
2024-04-04 09:33:37,018 INFO o.a.j.r.c.ReportGeneratorConfiguration: Property 'jmeter.reportgenerator.graph.connectTimeOverTime.exclude_controllers' not found, using default value 'false' instead.
2024-04-04 09:33:37,019 INFO o.a.j.r.c.ReportGeneratorConfiguration: Property 'jmeter.reportgenerator.graph.latenciesOverTime.exclude_controllers' not found, using default value 'false' instead.
2024-04-04 09:33:37,110 INFO o.a.j.r.c.ReportGeneratorConfiguration: Property 'jmeter.reportgenerator.exporter.json.filters_only_sample_series' not found, using default value 'true' instead.
2024-04-04 09:33:37,111 INFO o.a.j.r.c.ReportGeneratorConfiguration: Property 'jmeter.reportgenerator.exporter.json.series_filter' not found, using default value '' instead.
2024-04-04 09:33:37,111 INFO o.a.j.r.c.ReportGeneratorConfiguration: Property 'jmeter.reportgenerator.exporter.json.show_controllers_only' not found, using default value 'false' instead.
2024-04-04 09:33:37,111 INFO o.a.j.r.c.ReportGeneratorConfiguration: Property 'jmeter.reportgenerator.exporter.html.filters_only_sample_series' not found, using default value 'true' instead.
2024-04-04 09:33:37,111 INFO o.a.j.r.c.ReportGeneratorConfiguration: Property 'jmeter.reportgenerator.exporter.html.series_filter' not found, using default value '' instead.
2024-04-04 09:33:37,111 INFO o.a.j.r.c.ReportGeneratorConfiguration: Property 'jmeter.reportgenerator.exporter.html.show_controllers_only' not found, using default value 'false' instead.
2024-04-04 09:33:37,114 INFO o.a.j.e.DistributedRunner: Configuring remote engine: 10.35.0.15
2024-04-04 09:33:37,116 INFO o.a.j.r.RmiUtils: Disabling SSL for RMI as server.rmi.ssl.disable is set to 'true'
2024-04-04 09:33:37,713 INFO o.a.j.e.DistributedRunner: Starting distributed test with remote engines: [10.35.0.15] @ Thu Apr 04 09:33:37 UTC 2024 (1712223217713)
2024-04-04 09:33:37,713 INFO o.a.j.e.ClientJMeterEngine: running clientengine run method
2024-04-04 09:33:37,719 INFO o.a.j.e.u.CompoundVariable: Note: Function class names must contain the string: '.functions.'
2024-04-04 09:33:37,719 INFO o.a.j.e.u.CompoundVariable: Note: Function class names must not contain the string: '.gui.'
2024-04-04 09:33:38,218 INFO o.a.j.r.RmiUtils: Disabling SSL for RMI as server.rmi.ssl.disable is set to 'true'
2024-04-04 09:33:38,218 INFO o.a.j.r.RmiUtils: Disabling SSL for RMI as server.rmi.ssl.disable is set to 'true'
2024-04-04 09:33:38,221 INFO o.a.j.s.SampleEvent: List of sample_variables: []
2024-04-04 09:33:38,313 INFO o.a.j.s.BatchSampleSender: Using batching (client settings) for this run. Thresholds: num=100, time=60000
2024-04-04 09:33:38,313 INFO o.a.j.s.DataStrippingSampleSender: Using DataStrippingSampleSender for this run
2024-04-04 09:33:38,314 INFO o.a.j.r.RmiUtils: Disabling SSL for RMI as server.rmi.ssl.disable is set to 'true'
2024-04-04 09:33:38,314 INFO o.a.j.r.RmiUtils: Disabling SSL for RMI as server.rmi.ssl.disable is set to 'true'
2024-04-04 09:33:43,124 INFO o.a.j.r.RmiUtils: Disabling SSL for RMI as server.rmi.ssl.disable is set to 'true'
2024-04-04 09:33:43,124 INFO o.a.j.r.RmiUtils: Disabling SSL for RMI as server.rmi.ssl.disable is set to 'true'
2024-04-04 09:33:43,125 INFO o.a.j.r.RmiUtils: Disabling SSL for RMI as server.rmi.ssl.disable is set to 'true'
2024-04-04 09:33:43,125 INFO o.a.j.r.RmiUtils: Disabling SSL for RMI as server.rmi.ssl.disable is set to 'true'
2024-04-04 09:33:43,125 INFO o.a.j.s.BatchSampleSender: Using batching (client settings) for this run. Thresholds: num=100, time=60000
2024-04-04 09:33:43,126 INFO o.a.j.s.DataStrippingSampleSender: Using DataStrippingSampleSender for this run
2024-04-04 09:33:43,126 INFO o.a.j.r.RmiUtils: Disabling SSL for RMI as server.rmi.ssl.disable is set to 'true'
2024-04-04 09:33:43,126 INFO o.a.j.r.RmiUtils: Disabling SSL for RMI as server.rmi.ssl.disable is set to 'true'
2024-04-04 09:33:43,126 INFO o.a.j.s.BatchSampleSender: Using batching (client settings) for this run. Thresholds: num=100, time=60000
2024-04-04 09:33:43,126 INFO o.a.j.s.DataStrippingSampleSender: Using DataStrippingSampleSender for this run
2024-04-04 09:33:43,126 INFO o.a.j.r.RmiUtils: Disabling SSL for RMI as server.rmi.ssl.disable is set to 'true'
2024-04-04 09:33:43,126 INFO o.a.j.r.RmiUtils: Disabling SSL for RMI as server.rmi.ssl.disable is set to 'true'
2024-04-04 09:33:43,126 INFO o.a.j.s.BatchSampleSender: Using batching (client settings) for this run. Thresholds: num=100, time=60000
2024-04-04 09:33:43,126 INFO o.a.j.s.DataStrippingSampleSender: Using DataStrippingSampleSender for this run
2024-04-04 09:33:43,127 INFO o.a.j.r.RmiUtils: Disabling SSL for RMI as server.rmi.ssl.disable is set to 'true'
2024-04-04 09:33:43,127 INFO o.a.j.r.RmiUtils: Disabling SSL for RMI as server.rmi.ssl.disable is set to 'true'
2024-04-04 09:33:43,127 INFO o.a.j.s.BatchSampleSender: Using batching (client settings) for this run. Thresholds: num=100, time=60000
2024-04-04 09:33:43,208 INFO o.a.j.s.DataStrippingSampleSender: Using DataStrippingSampleSender for this run
2024-04-04 09:33:43,208 INFO o.a.j.r.RmiUtils: Disabling SSL for RMI as server.rmi.ssl.disable is set to 'true'
2024-04-04 09:33:43,209 INFO o.a.j.r.RmiUtils: Disabling SSL for RMI as server.rmi.ssl.disable is set to 'true'
2024-04-04 09:33:43,209 INFO o.a.j.s.BatchSampleSender: Using batching (client settings) for this run. Thresholds: num=100, time=60000
2024-04-04 09:33:43,209 INFO o.a.j.s.DataStrippingSampleSender: Using DataStrippingSampleSender for this run
2024-04-04 09:33:44,118 INFO o.a.j.e.ClientJMeterEngine: sent test to 10.35.0.15 basedir='.'
2024-04-04 09:33:44,118 INFO o.a.j.e.ClientJMeterEngine: Sending properties {}
2024-04-04 09:33:44,122 INFO o.a.j.e.ClientJMeterEngine: sent run command to 10.35.0.15
2024-04-04 09:33:44,122 INFO o.a.j.e.DistributedRunner: Remote engines have been started:[10.35.0.15]
2024-04-04 09:33:44,708 INFO o.a.j.v.b.BackendListener: Backend Listener 1: Starting worker with class: class org.apache.jmeter.visualizers.backend.influxdb.InfluxdbBackendListenerClient and queue capacity: 5000
2024-04-04 09:33:44,710 INFO o.a.j.v.b.BackendListener: Backend Listener 1: Started  worker with class: class org.apache.jmeter.visualizers.backend.influxdb.InfluxdbBackendListenerClient
2024-04-04 09:33:46,423 INFO o.a.j.v.b.BackendListener: Backend Listener 2: Starting worker with class: class rocks.nt.apm.jmeter.JMeterInfluxDBBackendListenerClient and queue capacity: 5000
2024-04-04 09:33:46,423 INFO o.a.j.v.b.BackendListener: Backend Listener 2: Started  worker with class: class rocks.nt.apm.jmeter.JMeterInfluxDBBackendListenerClient
2024-04-04 09:33:47,618 INFO o.a.j.JMeter: Started remote host:  10.35.0.15 (1712223227618)
2024-04-04 09:34:01,211 INFO o.a.j.r.Summariser: summary +    314 in 00:00:14 =   23.1/s Avg:   325 Min:   191 Max:  3900 Err:    50 (15.92%) Active: 10 Started: 10 Finished: 0
2024-04-04 09:34:31,515 INFO o.a.j.r.Summariser: summary +   1477 in 00:00:30 =   48.7/s Avg:   204 Min:   190 Max:   275 Err:   220 (14.90%) Active: 10 Started: 10 Finished: 0
2024-04-04 09:34:31,515 INFO o.a.j.r.Summariser: summary =   1791 in 00:00:44 =   40.8/s Avg:   225 Min:   190 Max:  3900 Err:   270 (15.08%)
2024-04-04 09:35:00,981 INFO o.a.j.r.Summariser: summary +   1402 in 00:00:29 =   47.6/s Avg:   208 Min:   190 Max:   786 Err:   215 (15.34%) Active: 10 Started: 10 Finished: 0
2024-04-04 09:35:00,981 INFO o.a.j.r.Summariser: summary =   3193 in 00:01:13 =   43.5/s Avg:   218 Min:   190 Max:  3900 Err:   485 (15.19%)
2024-04-04 09:35:30,173 INFO o.a.j.r.Summariser: summary +   1397 in 00:00:29 =   47.9/s Avg:   207 Min:   190 Max:   261 Err:   205 (14.67%) Active: 10 Started: 10 Finished: 0
2024-04-04 09:35:30,173 INFO o.a.j.r.Summariser: summary =   4590 in 00:01:43 =   44.8/s Avg:   214 Min:   190 Max:  3900 Err:   690 (15.03%)
2024-04-04 09:36:00,126 INFO o.a.j.r.Summariser: summary +   1402 in 00:00:30 =   46.8/s Avg:   213 Min:   190 Max:   813 Err:   185 (13.20%) Active: 10 Started: 10 Finished: 0
2024-04-04 09:36:00,127 INFO o.a.j.r.Summariser: summary =   5992 in 00:02:13 =   45.2/s Avg:   214 Min:   190 Max:  3900 Err:   875 (14.60%)
2024-04-04 09:36:30,175 INFO o.a.j.r.Summariser: summary +   1400 in 00:00:30 =   46.6/s Avg:   213 Min:   203 Max:   300 Err:   192 (13.71%) Active: 10 Started: 10 Finished: 0
2024-04-04 09:36:30,176 INFO o.a.j.r.Summariser: summary =   7392 in 00:02:43 =   45.5/s Avg:   214 Min:   190 Max:  3900 Err:  1067 (14.43%)
2024-04-04 09:37:00,801 INFO o.a.j.r.Summariser: summary +   1399 in 00:00:31 =   45.7/s Avg:   218 Min:   191 Max:  1198 Err:   209 (14.94%) Active: 10 Started: 10 Finished: 0
2024-04-04 09:37:00,801 INFO o.a.j.r.Summariser: summary =   8791 in 00:03:13 =   45.5/s Avg:   214 Min:   190 Max:  3900 Err:  1276 (14.51%)
2024-04-04 09:37:30,015 INFO o.a.j.r.Summariser: summary +   1400 in 00:00:29 =   47.9/s Avg:   208 Min:   191 Max:   245 Err:   205 (14.64%) Active: 10 Started: 10 Finished: 0
2024-04-04 09:37:30,016 INFO o.a.j.r.Summariser: summary =  10191 in 00:03:42 =   45.8/s Avg:   214 Min:   190 Max:  3900 Err:  1481 (14.53%)
2024-04-04 09:38:01,422 INFO o.a.j.r.Summariser: summary +   1478 in 00:00:31 =   47.1/s Avg:   212 Min:   191 Max:   748 Err:   205 (13.87%) Active: 10 Started: 10 Finished: 0
2024-04-04 09:38:01,422 INFO o.a.j.r.Summariser: summary =  11669 in 00:04:14 =   46.0/s Avg:   213 Min:   190 Max:  3900 Err:  1686 (14.45%)
2024-04-04 09:38:30,993 INFO o.a.j.r.Summariser: summary +   1400 in 00:00:30 =   47.3/s Avg:   210 Min:   193 Max:   228 Err:   203 (14.50%) Active: 10 Started: 10 Finished: 0
2024-04-04 09:38:30,994 INFO o.a.j.r.Summariser: summary =  13069 in 00:04:43 =   46.1/s Avg:   213 Min:   190 Max:  3900 Err:  1889 (14.45%)
2024-04-04 09:39:01,020 INFO o.a.j.r.Summariser: summary +   1400 in 00:00:30 =   46.6/s Avg:   214 Min:   190 Max:  1282 Err:   190 (13.57%) Active: 10 Started: 10 Finished: 0
2024-04-04 09:39:01,020 INFO o.a.j.r.Summariser: summary =  14469 in 00:05:13 =   46.2/s Avg:   213 Min:   190 Max:  3900 Err:  2079 (14.37%)
2024-04-04 09:39:30,998 INFO o.a.j.r.Summariser: summary +   1480 in 00:00:30 =   49.4/s Avg:   202 Min:   190 Max:   220 Err:   203 (13.72%) Active: 10 Started: 10 Finished: 0
2024-04-04 09:39:30,998 INFO o.a.j.r.Summariser: summary =  15949 in 00:05:43 =   46.4/s Avg:   212 Min:   190 Max:  3900 Err:  2282 (14.31%)
2024-04-04 09:40:00,607 INFO o.a.j.r.Summariser: summary +   1398 in 00:00:30 =   47.2/s Avg:   210 Min:   190 Max:  1092 Err:   197 (14.09%) Active: 10 Started: 10 Finished: 0
2024-04-04 09:40:00,608 INFO o.a.j.r.Summariser: summary =  17347 in 00:06:13 =   46.5/s Avg:   212 Min:   190 Max:  3900 Err:  2479 (14.29%)
2024-04-04 09:40:30,289 INFO o.a.j.r.Summariser: summary +   1402 in 00:00:30 =   47.2/s Avg:   211 Min:   203 Max:   224 Err:   197 (14.05%) Active: 10 Started: 10 Finished: 0
2024-04-04 09:40:30,290 INFO o.a.j.r.Summariser: summary =  18749 in 00:06:43 =   46.6/s Avg:   212 Min:   190 Max:  3900 Err:  2676 (14.27%)
2024-04-04 09:41:00,275 INFO o.a.j.r.Summariser: summary +   1398 in 00:00:30 =   46.6/s Avg:   214 Min:   190 Max:  1085 Err:   185 (13.23%) Active: 10 Started: 10 Finished: 0
2024-04-04 09:41:00,275 INFO o.a.j.r.Summariser: summary =  20147 in 00:07:13 =   46.6/s Avg:   212 Min:   190 Max:  3900 Err:  2861 (14.20%)
2024-04-04 09:41:30,055 INFO o.a.j.r.Summariser: summary +   1480 in 00:00:30 =   49.7/s Avg:   201 Min:   190 Max:   218 Err:   203 (13.72%) Active: 10 Started: 10 Finished: 0
2024-04-04 09:41:30,056 INFO o.a.j.r.Summariser: summary =  21627 in 00:07:42 =   46.8/s Avg:   211 Min:   190 Max:  3900 Err:  3064 (14.17%)
2024-04-04 09:42:00,638 INFO o.a.j.r.Summariser: summary +   1477 in 00:00:31 =   48.3/s Avg:   206 Min:   190 Max:   732 Err:   204 (13.81%) Active: 10 Started: 10 Finished: 0
2024-04-04 09:42:00,640 INFO o.a.j.r.Summariser: summary =  23104 in 00:08:13 =   46.9/s Avg:   211 Min:   190 Max:  3900 Err:  3268 (14.14%)
2024-04-04 09:42:31,380 INFO o.a.j.r.Summariser: summary +   1476 in 00:00:31 =   48.0/s Avg:   208 Min:   202 Max:   225 Err:   230 (15.58%) Active: 10 Started: 10 Finished: 0
2024-04-04 09:42:31,380 INFO o.a.j.r.Summariser: summary =  24580 in 00:08:44 =   46.9/s Avg:   211 Min:   190 Max:  3900 Err:  3498 (14.23%)
2024-04-04 09:43:01,214 INFO o.a.j.r.Summariser: summary +   1402 in 00:00:30 =   47.0/s Avg:   212 Min:   191 Max:   963 Err:   198 (14.12%) Active: 10 Started: 10 Finished: 0
2024-04-04 09:43:01,214 INFO o.a.j.r.Summariser: summary =  25982 in 00:09:14 =   46.9/s Avg:   211 Min:   190 Max:  3900 Err:  3696 (14.23%)
2024-04-04 09:43:30,336 INFO o.a.j.r.Summariser: summary +   1398 in 00:00:29 =   48.0/s Avg:   207 Min:   191 Max:   227 Err:   209 (14.95%) Active: 10 Started: 10 Finished: 0
2024-04-04 09:43:30,337 INFO o.a.j.r.Summariser: summary =  27380 in 00:09:43 =   47.0/s Avg:   211 Min:   190 Max:  3900 Err:  3905 (14.26%)
2024-04-04 09:44:01,501 INFO o.a.j.r.Summariser: summary +   1481 in 00:00:31 =   47.5/s Avg:   210 Min:   191 Max:   684 Err:   209 (14.11%) Active: 10 Started: 10 Finished: 0
2024-04-04 09:44:01,502 INFO o.a.j.r.Summariser: summary =  28861 in 00:10:14 =   47.0/s Avg:   211 Min:   190 Max:  3900 Err:  4114 (14.25%)
2024-04-04 09:44:30,568 INFO o.a.j.r.Summariser: summary +   1398 in 00:00:29 =   48.1/s Avg:   207 Min:   193 Max:   224 Err:   168 (12.02%) Active: 10 Started: 10 Finished: 0
2024-04-04 09:44:30,569 INFO o.a.j.r.Summariser: summary =  30259 in 00:10:43 =   47.1/s Avg:   210 Min:   190 Max:  3900 Err:  4282 (14.15%)
2024-04-04 09:45:00,577 INFO o.a.j.r.Summariser: summary +   1400 in 00:00:30 =   46.7/s Avg:   213 Min:   190 Max:  1040 Err:   190 (13.57%) Active: 10 Started: 10 Finished: 0
2024-04-04 09:45:00,577 INFO o.a.j.r.Summariser: summary =  31659 in 00:11:13 =   47.0/s Avg:   210 Min:   190 Max:  3900 Err:  4472 (14.13%)
2024-04-04 09:45:30,072 INFO o.a.j.r.Summariser: summary +   1402 in 00:00:29 =   47.5/s Avg:   209 Min:   190 Max:   231 Err:   181 (12.91%) Active: 10 Started: 10 Finished: 0
2024-04-04 09:45:30,073 INFO o.a.j.r.Summariser: summary =  33061 in 00:11:42 =   47.1/s Avg:   210 Min:   190 Max:  3900 Err:  4653 (14.07%)
2024-04-04 09:46:01,415 INFO o.a.j.r.Summariser: summary +   1474 in 00:00:31 =   47.0/s Avg:   212 Min:   190 Max:   664 Err:   236 (16.01%) Active: 10 Started: 10 Finished: 0
2024-04-04 09:46:01,416 INFO o.a.j.r.Summariser: summary =  34535 in 00:12:14 =   47.1/s Avg:   210 Min:   190 Max:  3900 Err:  4889 (14.16%)
2024-04-04 09:46:30,634 INFO o.a.j.r.Summariser: summary +   1401 in 00:00:29 =   47.9/s Avg:   208 Min:   190 Max:   226 Err:   216 (15.42%) Active: 10 Started: 10 Finished: 0
2024-04-04 09:46:30,635 INFO o.a.j.r.Summariser: summary =  35936 in 00:12:43 =   47.1/s Avg:   210 Min:   190 Max:  3900 Err:  5105 (14.21%)
2024-04-04 09:47:00,212 INFO o.a.j.r.Summariser: summary +   1401 in 00:00:30 =   47.4/s Avg:   210 Min:   190 Max:   881 Err:   201 (14.35%) Active: 10 Started: 10 Finished: 0
2024-04-04 09:47:00,213 INFO o.a.j.r.Summariser: summary =  37337 in 00:13:13 =   47.1/s Avg:   210 Min:   190 Max:  3900 Err:  5306 (14.21%)
2024-04-04 09:47:31,497 INFO o.a.j.r.Summariser: summary +   1556 in 00:00:31 =   49.7/s Avg:   200 Min:   191 Max:   296 Err:   245 (15.75%) Active: 10 Started: 10 Finished: 0
2024-04-04 09:47:31,497 INFO o.a.j.r.Summariser: summary =  38893 in 00:13:44 =   47.2/s Avg:   210 Min:   190 Max:  3900 Err:  5551 (14.27%)
2024-04-04 09:48:00,684 INFO o.a.j.r.Summariser: summary +   1399 in 00:00:29 =   47.9/s Avg:   207 Min:   191 Max:   673 Err:   195 (13.94%) Active: 10 Started: 10 Finished: 0
2024-04-04 09:48:00,684 INFO o.a.j.r.Summariser: summary =  40292 in 00:14:13 =   47.2/s Avg:   210 Min:   190 Max:  3900 Err:  5746 (14.26%)
2024-04-04 09:48:30,889 INFO o.a.j.r.Summariser: summary +   1400 in 00:00:30 =   46.3/s Avg:   215 Min:   204 Max:   232 Err:   198 (14.14%) Active: 10 Started: 10 Finished: 0
2024-04-04 09:48:30,890 INFO o.a.j.r.Summariser: summary =  41692 in 00:14:43 =   47.2/s Avg:   210 Min:   190 Max:  3900 Err:  5944 (14.26%)
2024-04-04 09:49:01,079 INFO o.a.j.r.Summariser: summary +   1401 in 00:00:30 =   46.4/s Avg:   215 Min:   190 Max:   880 Err:   187 (13.35%) Active: 10 Started: 10 Finished: 0
2024-04-04 09:49:01,079 INFO o.a.j.r.Summariser: summary =  43093 in 00:15:13 =   47.2/s Avg:   210 Min:   190 Max:  3900 Err:  6131 (14.23%)
2024-04-04 09:49:31,062 INFO o.a.j.r.Summariser: summary +   1477 in 00:00:30 =   49.3/s Avg:   202 Min:   190 Max:   229 Err:   229 (15.50%) Active: 10 Started: 10 Finished: 0
2024-04-04 09:49:31,062 INFO o.a.j.r.Summariser: summary =  44570 in 00:15:43 =   47.2/s Avg:   210 Min:   190 Max:  3900 Err:  6360 (14.27%)
2024-04-04 09:50:01,369 INFO o.a.j.r.Summariser: summary +   1479 in 00:00:30 =   48.8/s Avg:   204 Min:   190 Max:   649 Err:   209 (14.13%) Active: 10 Started: 10 Finished: 0
2024-04-04 09:50:01,369 INFO o.a.j.r.Summariser: summary =  46049 in 00:16:14 =   47.3/s Avg:   210 Min:   190 Max:  3900 Err:  6569 (14.27%)
2024-04-04 09:50:31,030 INFO o.a.j.r.Summariser: summary +   1476 in 00:00:30 =   49.8/s Avg:   200 Min:   190 Max:   230 Err:   208 (14.09%) Active: 10 Started: 10 Finished: 0
2024-04-04 09:50:31,030 INFO o.a.j.r.Summariser: summary =  47525 in 00:16:43 =   47.4/s Avg:   209 Min:   190 Max:  3900 Err:  6777 (14.26%)
2024-04-04 09:51:00,200 INFO o.a.j.r.Summariser: summary +   1400 in 00:00:29 =   48.0/s Avg:   207 Min:   190 Max:   884 Err:   216 (15.43%) Active: 10 Started: 10 Finished: 0
2024-04-04 09:51:00,201 INFO o.a.j.r.Summariser: summary =  48925 in 00:17:13 =   47.4/s Avg:   209 Min:   190 Max:  3900 Err:  6993 (14.29%)
2024-04-04 09:51:31,221 INFO o.a.j.r.Summariser: summary +   1479 in 00:00:31 =   47.7/s Avg:   209 Min:   191 Max:   231 Err:   211 (14.27%) Active: 10 Started: 10 Finished: 0
2024-04-04 09:51:31,222 INFO o.a.j.r.Summariser: summary =  50404 in 00:17:44 =   47.4/s Avg:   209 Min:   190 Max:  3900 Err:  7204 (14.29%)
2024-04-04 09:52:00,930 INFO o.a.j.r.Summariser: summary +   1399 in 00:00:30 =   47.1/s Avg:   212 Min:   191 Max:   894 Err:   194 (13.87%) Active: 10 Started: 10 Finished: 0
2024-04-04 09:52:00,930 INFO o.a.j.r.Summariser: summary =  51803 in 00:18:13 =   47.4/s Avg:   209 Min:   190 Max:  3900 Err:  7398 (14.28%)
2024-04-04 09:52:31,251 INFO o.a.j.r.Summariser: summary +   1477 in 00:00:30 =   48.7/s Avg:   204 Min:   192 Max:   227 Err:   191 (12.93%) Active: 10 Started: 10 Finished: 0
2024-04-04 09:52:31,251 INFO o.a.j.r.Summariser: summary =  53280 in 00:18:44 =   47.4/s Avg:   209 Min:   190 Max:  3900 Err:  7589 (14.24%)
2024-04-04 09:53:00,452 INFO o.a.j.r.Summariser: summary +   1400 in 00:00:29 =   47.9/s Avg:   208 Min:   190 Max:   660 Err:   185 (13.21%) Active: 10 Started: 10 Finished: 0
2024-04-04 09:53:00,452 INFO o.a.j.r.Summariser: summary =  54680 in 00:19:13 =   47.4/s Avg:   209 Min:   190 Max:  3900 Err:  7774 (14.22%)
2024-04-04 09:53:31,203 INFO o.a.j.r.Summariser: summary +   1479 in 00:00:31 =   48.1/s Avg:   207 Min:   190 Max:   230 Err:   227 (15.35%) Active: 10 Started: 10 Finished: 0
2024-04-04 09:53:31,203 INFO o.a.j.r.Summariser: summary =  56159 in 00:19:44 =   47.4/s Avg:   209 Min:   190 Max:  3900 Err:  8001 (14.25%)
2024-04-04 09:53:48,149 INFO o.a.j.v.b.BackendListener: Worker ended
2024-04-04 09:53:48,150 INFO o.a.j.v.b.i.InfluxdbBackendListenerClient: Sending last metrics to InfluxDB
2024-04-04 09:53:48,151 INFO o.a.j.v.b.i.HttpMetricsSender: Destroying 
2024-04-04 09:53:48,170 INFO o.a.j.v.b.BackendListener: Worker ended
2024-04-04 09:53:48,208 INFO r.n.a.j.JMeterInfluxDBBackendListenerClient: Shutting down influxDB scheduler...
2024-04-04 09:53:48,214 INFO r.n.a.j.JMeterInfluxDBBackendListenerClient: influxDB scheduler terminated!
2024-04-04 09:53:48,217 INFO o.a.j.r.Summariser: summary +    895 in 00:00:17 =   52.6/s Avg:   206 Min:   190 Max:   227 Err:   147 (16.42%) Active: 0 Started: 10 Finished: 10
2024-04-04 09:53:48,217 INFO o.a.j.r.Summariser: summary =  57054 in 00:20:01 =   47.5/s Avg:   209 Min:   190 Max:  3900 Err:  8148 (14.28%)
2024-04-04 09:53:48,218 INFO o.a.j.JMeter: Finished remote host: 10.35.0.15 (1712224428218)
2024-04-04 09:53:48,218 INFO o.a.j.JMeter: All remote engines have ended test, starting RemoteTestStopper thread
2024-04-04 09:53:48,219 INFO o.a.j.e.ClientJMeterEngine: about to exit remote server on 10.35.0.15
2024-04-04 09:53:53,435 INFO o.a.j.JMeter: Interrupting RMI Reaper
2024-04-04 09:53:53,435 INFO o.a.j.JMeter: Generating Dashboard
2024-04-04 09:53:53,435 INFO o.a.j.r.d.ReportGenerator: Flushing result collector before report Generation
2024-04-04 09:53:53,609 INFO o.a.j.r.p.NormalizerSampleConsumer: Using format, 'ms', to parse timeStamp field
2024-04-04 09:54:05,635 INFO o.a.j.r.p.AbstractSampleConsumer: class org.apache.jmeter.report.processor.AggregateConsumer#stopProducing(): beginDate produced 0 samples
2024-04-04 09:54:05,708 INFO o.a.j.r.p.AbstractSampleConsumer: class org.apache.jmeter.report.processor.AggregateConsumer#stopProducing(): endDate produced 0 samples
2024-04-04 09:54:05,710 INFO o.a.j.r.p.AbstractSampleConsumer: class org.apache.jmeter.report.processor.ApdexSummaryConsumer#stopProducing(): apdexSummary produced 0 samples
2024-04-04 09:54:05,710 INFO o.a.j.r.p.AbstractSampleConsumer: class org.apache.jmeter.report.processor.RequestsSummaryConsumer#stopProducing(): requestsSummary produced 0 samples
2024-04-04 09:54:05,716 INFO o.a.j.r.p.AbstractSampleConsumer: class org.apache.jmeter.report.processor.StatisticsSummaryConsumer#stopProducing(): statisticsSummary produced 0 samples
2024-04-04 09:54:05,720 INFO o.a.j.r.p.AbstractSampleConsumer: class org.apache.jmeter.report.processor.Top5ErrorsBySamplerConsumer#stopProducing(): top5ErrorsBySampler produced 0 samples
2024-04-04 09:54:05,720 INFO o.a.j.r.p.AbstractSampleConsumer: class org.apache.jmeter.report.processor.ErrorsSummaryConsumer#stopProducing(): errorsSummary produced 0 samples
2024-04-04 09:54:05,720 INFO o.a.j.r.p.AbstractSampleConsumer: class org.apache.jmeter.report.processor.graph.impl.HitsPerSecondGraphConsumer#stopProducing(): hitsPerSecond produced 0 samples
2024-04-04 09:54:08,120 INFO o.a.j.r.p.AbstractSampleConsumer: class org.apache.jmeter.report.processor.graph.impl.LatencyVSRequestGraphConsumer#stopProducing(): latencyVsRequest produced 0 samples
2024-04-04 09:54:08,122 INFO o.a.j.r.p.AbstractSampleConsumer: class org.apache.jmeter.report.processor.graph.impl.SyntheticResponseTimeDistributionGraphConsumer#stopProducing(): syntheticResponseTimeDistribution produced 0 samples
2024-04-04 09:54:08,122 INFO o.a.j.r.p.AbstractSampleConsumer: class org.apache.jmeter.report.processor.graph.impl.BytesThroughputGraphConsumer#stopProducing(): bytesThroughputOverTime produced 0 samples
2024-04-04 09:54:08,122 INFO o.a.j.r.p.AbstractSampleConsumer: class org.apache.jmeter.report.processor.graph.impl.CodesPerSecondGraphConsumer#stopProducing(): codesPerSecond produced 0 samples
2024-04-04 09:54:10,025 INFO o.a.j.r.p.AbstractSampleConsumer: class org.apache.jmeter.report.processor.graph.impl.ResponseTimeVSRequestGraphConsumer#stopProducing(): responseTimeVsRequest produced 0 samples
2024-04-04 09:54:10,026 INFO o.a.j.r.p.AbstractSampleConsumer: class org.apache.jmeter.report.processor.FilterConsumer#stopProducing(): startIntervalControlerFilter produced 399378 samples
2024-04-04 09:54:10,026 INFO o.a.j.r.p.AbstractSampleConsumer: class org.apache.jmeter.report.processor.graph.impl.TotalTPSGraphConsumer#stopProducing(): totalTPS produced 0 samples
2024-04-04 09:54:10,027 INFO o.a.j.r.p.AbstractSampleConsumer: class org.apache.jmeter.report.processor.graph.impl.ActiveThreadsGraphConsumer#stopProducing(): activeThreadsOverTime produced 0 samples
2024-04-04 09:54:10,027 INFO o.a.j.r.p.AbstractSampleConsumer: class org.apache.jmeter.report.processor.graph.impl.TimeVSThreadGraphConsumer#stopProducing(): timeVsThreads produced 0 samples
2024-04-04 09:54:10,027 INFO o.a.j.r.p.AbstractSampleConsumer: class org.apache.jmeter.report.processor.graph.impl.ResponseTimeDistributionGraphConsumer#stopProducing(): responseTimeDistribution produced 0 samples
2024-04-04 09:54:10,027 INFO o.a.j.r.p.AbstractSampleConsumer: class org.apache.jmeter.report.processor.graph.impl.TransactionsPerSecondGraphConsumer#stopProducing(): transactionsPerSecond produced 0 samples
2024-04-04 09:54:10,028 INFO o.a.j.r.p.AbstractSampleConsumer: class org.apache.jmeter.report.processor.graph.impl.ResponseTimePercentilesGraphConsumer#stopProducing(): responseTimePercentiles produced 0 samples
2024-04-04 09:54:10,034 INFO o.a.j.r.p.AbstractSampleConsumer: class org.apache.jmeter.report.processor.graph.impl.ResponseTimePercentilesOverTimeGraphConsumer#stopProducing(): responseTimePercentilesOverTime produced 0 samples
2024-04-04 09:54:10,111 INFO o.a.j.r.p.AbstractSampleConsumer: class org.apache.jmeter.report.processor.graph.impl.ResponseTimeOverTimeGraphConsumer#stopProducing(): responseTimesOverTime produced 0 samples
2024-04-04 09:54:10,111 INFO o.a.j.r.p.AbstractSampleConsumer: class org.apache.jmeter.report.processor.graph.impl.ConnectTimeOverTimeGraphConsumer#stopProducing(): connectTimeOverTime produced 0 samples
2024-04-04 09:54:10,111 INFO o.a.j.r.p.AbstractSampleConsumer: class org.apache.jmeter.report.processor.graph.impl.LatencyOverTimeGraphConsumer#stopProducing(): latenciesOverTime produced 0 samples
2024-04-04 09:54:10,112 INFO o.a.j.r.p.AbstractSampleConsumer: class org.apache.jmeter.report.processor.FilterConsumer#stopProducing(): nameFilter produced 1100310 samples
2024-04-04 09:54:10,112 INFO o.a.j.r.p.AbstractSampleConsumer: class org.apache.jmeter.report.processor.FilterConsumer#stopProducing(): dateRangeFilter produced 220062 samples
2024-04-04 09:54:10,112 INFO o.a.j.r.p.AbstractSampleConsumer: class org.apache.jmeter.report.processor.NormalizerSampleConsumer#stopProducing(): normalizer produced 73354 samples
2024-04-04 09:54:10,112 INFO o.a.j.r.p.CsvFileSampleSource: produce(): 73354 samples produced in 16s 491 ms on channel 0
2024-04-04 09:54:10,112 INFO o.a.j.r.d.ReportGenerator: Exporting data using exporter:'json' of className:'org.apache.jmeter.report.dashboard.JsonExporter'
2024-04-04 09:54:10,919 INFO o.a.j.r.d.JsonExporter: Found data for consumer statisticsSummary in context
2024-04-04 09:54:10,919 INFO o.a.j.r.d.JsonExporter: Creating statistics for overall
2024-04-04 09:54:10,919 INFO o.a.j.r.d.JsonExporter: Creating statistics for other transactions
2024-04-04 09:54:10,920 INFO o.a.j.r.d.JsonExporter: Checking output folder
2024-04-04 09:54:10,920 INFO o.a.j.r.d.JsonExporter: Writing statistics JSON to /report/report-PetStoreAPIScriptDynamicBuildNumber1.jmx-2024-04-04_093231/statistics.json
2024-04-04 09:54:11,214 INFO o.a.j.r.d.ReportGenerator: Exporting data using exporter:'html' of className:'org.apache.jmeter.report.dashboard.HtmlTemplateExporter'
2024-04-04 09:54:11,216 INFO o.a.j.r.d.HtmlTemplateExporter: Will generate dashboard in folder: /report/report-PetStoreAPIScriptDynamicBuildNumber1.jmx-2024-04-04_093231
2024-04-04 09:54:12,110 INFO o.a.j.r.d.HtmlTemplateExporter: Report will be generated in: /report/report-PetStoreAPIScriptDynamicBuildNumber1.jmx-2024-04-04_093231, creating folder structure
2024-04-04 09:54:12,113 INFO o.a.j.r.d.TemplateVisitor: Copying folder from '/opt/jmeter/apache-jmeter-5.4.1/bin/report-template' to '/report/report-PetStoreAPIScriptDynamicBuildNumber1.jmx-2024-04-04_093231', got message: /report/report-PetStoreAPIScriptDynamicBuildNumber1.jmx-2024-04-04_093231, found non empty folder with following content [/report/report-PetStoreAPIScriptDynamicBuildNumber1.jmx-2024-04-04_093231/statistics.json], will be ignored
2024-04-04 09:54:13,914 INFO o.a.j.JMeter: Dashboard generated
