2024-04-04 05:17:36,737 INFO o.a.j.u.JMeterUtils: Setting Locale to en_EN
2024-04-04 05:17:36,846 INFO o.a.j.JMeter: Loading user properties from: user.properties
2024-04-04 05:17:36,846 INFO o.a.j.JMeter: Loading system properties from: system.properties
2024-04-04 05:17:36,846 INFO o.a.j.JMeter: Setting System property: server.rmi.ssl.disable=true
2024-04-04 05:17:36,939 INFO o.a.j.JMeter: Copyright (c) 1998-2021 The Apache Software Foundation
2024-04-04 05:17:36,940 INFO o.a.j.JMeter: Version 5.4.1
2024-04-04 05:17:36,940 INFO o.a.j.JMeter: java.version=16.0.2
2024-04-04 05:17:36,940 INFO o.a.j.JMeter: java.vm.name=OpenJDK 64-Bit Server VM
2024-04-04 05:17:36,940 INFO o.a.j.JMeter: os.name=Linux
2024-04-04 05:17:36,940 INFO o.a.j.JMeter: os.arch=amd64
2024-04-04 05:17:36,940 INFO o.a.j.JMeter: os.version=6.5.0-1016-aws
2024-04-04 05:17:36,940 INFO o.a.j.JMeter: file.encoding=UTF-8
2024-04-04 05:17:36,941 INFO o.a.j.JMeter: java.awt.headless=null
2024-04-04 05:17:36,941 INFO o.a.j.JMeter: Max memory     =1073741824
2024-04-04 05:17:36,941 INFO o.a.j.JMeter: Available Processors =1
2024-04-04 05:17:37,041 INFO o.a.j.JMeter: Default Locale=English (EN)
2024-04-04 05:17:37,042 INFO o.a.j.JMeter: JMeter  Locale=English (EN)
2024-04-04 05:17:37,042 INFO o.a.j.JMeter: JMeterHome=/opt/jmeter/apache-jmeter-5.4.1
2024-04-04 05:17:37,042 INFO o.a.j.JMeter: user.dir  =/opt/jmeter/apache-jmeter-5.4.1/bin
2024-04-04 05:17:37,042 INFO o.a.j.JMeter: PWD       =/opt/jmeter/apache-jmeter-5.4.1/bin
2024-04-04 05:17:37,043 INFO o.a.j.JMeter: IP: 10.35.0.18 Name: jmeter-master04-04-10-46-26-cwbvn FullName: jmeter-master04-04-10-46-26-cwbvn
2024-04-04 05:17:37,137 INFO o.a.j.JMeter: Setting property 'jmeter.reportgenerator.outputdir' to:'/report/report-PetStoreAPIScriptDynamicBuildNumber1.jmx-2024-04-04_051634'
2024-04-04 05:17:37,140 INFO o.a.j.s.FileServer: Default base='/opt/jmeter/apache-jmeter-5.4.1/bin'
2024-04-04 05:17:37,141 INFO o.a.j.s.FileServer: Set new base='/opt/jmeter/apache-jmeter-5.4.1/bin'
2024-04-04 05:17:38,635 INFO o.a.j.s.SaveService: Testplan (JMX) version: 2.2. Testlog (JTL) version: 2.2
2024-04-04 05:17:38,838 INFO o.a.j.s.SaveService: Using SaveService properties version 5.0
2024-04-04 05:17:38,841 INFO o.a.j.s.SaveService: Using SaveService properties file encoding UTF-8
2024-04-04 05:17:38,844 INFO o.a.j.s.SaveService: Loading file: PetStoreAPIScriptDynamicBuildNumber1.jmx
2024-04-04 05:17:39,242 INFO o.a.j.p.h.c.CookieManager: Settings: Delete null: true Check: true Allow variable: true Save: false Prefix: COOKIE_
2024-04-04 05:17:39,341 INFO o.a.j.p.h.s.HTTPSamplerBase: Parser for text/html is org.apache.jmeter.protocol.http.parser.LagartoBasedHtmlParser
2024-04-04 05:17:39,341 INFO o.a.j.p.h.s.HTTPSamplerBase: Parser for application/xhtml+xml is org.apache.jmeter.protocol.http.parser.LagartoBasedHtmlParser
2024-04-04 05:17:39,342 INFO o.a.j.p.h.s.HTTPSamplerBase: Parser for application/xml is org.apache.jmeter.protocol.http.parser.LagartoBasedHtmlParser
2024-04-04 05:17:39,342 INFO o.a.j.p.h.s.HTTPSamplerBase: Parser for text/xml is org.apache.jmeter.protocol.http.parser.LagartoBasedHtmlParser
2024-04-04 05:17:39,342 INFO o.a.j.p.h.s.HTTPSamplerBase: Parser for text/vnd.wap.wml is org.apache.jmeter.protocol.http.parser.RegexpHTMLParser
2024-04-04 05:17:39,342 INFO o.a.j.p.h.s.HTTPSamplerBase: Parser for text/css is org.apache.jmeter.protocol.http.parser.CssParser
2024-04-04 05:17:39,821 INFO o.a.j.s.SampleResult: Note: Sample TimeStamps are START times
2024-04-04 05:17:39,833 INFO o.a.j.s.SampleResult: sampleresult.default.encoding is set to ISO-8859-1
2024-04-04 05:17:39,833 INFO o.a.j.s.SampleResult: sampleresult.useNanoTime=true
2024-04-04 05:17:39,833 INFO o.a.j.s.SampleResult: sampleresult.nanoThreadSleep=5000
2024-04-04 05:17:39,941 INFO o.a.j.JMeter: Creating summariser <summary>
2024-04-04 05:17:39,946 INFO o.a.j.r.d.ReportGenerator: ReportGenerator will use for Parsing the separator: ','
2024-04-04 05:17:39,946 INFO o.a.j.r.d.ReportGenerator: Will generate report at end of test from  results file: /report/PetStoreAPIScriptDynamicBuildNumber1.jmx_2024-04-04_051634.jtl
2024-04-04 05:17:39,946 INFO o.a.j.r.d.ReportGenerator: Reading report generator properties from: /opt/jmeter/apache-jmeter-5.4.1/bin/reportgenerator.properties
2024-04-04 05:17:40,037 INFO o.a.j.r.d.ReportGenerator: Merging with JMeter properties
2024-04-04 05:17:40,120 INFO o.a.j.r.c.ReportGeneratorConfiguration: Property 'jmeter.reportgenerator.temp_dir' not found, using default value 'temp' instead.
2024-04-04 05:17:40,133 INFO o.a.j.r.c.ReportGeneratorConfiguration: Property 'jmeter.reportgenerator.apdex_per_transaction' not found, using default value 'null' instead.
2024-04-04 05:17:40,134 INFO o.a.j.r.c.ReportGeneratorConfiguration: apdex_per_transaction is empty, not APDEX per transaction customization
2024-04-04 05:17:40,134 INFO o.a.j.r.c.ReportGeneratorConfiguration: Property 'jmeter.reportgenerator.sample_filter' not found, using default value 'null' instead.
2024-04-04 05:17:40,134 INFO o.a.j.r.c.ReportGeneratorConfiguration: Property 'jmeter.reportgenerator.report_title' not found, using default value 'null' instead.
2024-04-04 05:17:40,139 INFO o.a.j.r.c.ReportGeneratorConfiguration: Property 'jmeter.reportgenerator.start_date' not found, using default value 'null' instead.
2024-04-04 05:17:40,139 INFO o.a.j.r.c.ReportGeneratorConfiguration: Property 'jmeter.reportgenerator.end_date' not found, using default value 'null' instead.
2024-04-04 05:17:40,140 INFO o.a.j.r.c.ReportGeneratorConfiguration: Property 'jmeter.reportgenerator.date_format' not found, using default value 'null' instead.
2024-04-04 05:17:40,140 INFO o.a.j.r.c.ReportGeneratorConfiguration: Will use date range start date: null, end date: null
2024-04-04 05:17:40,144 INFO o.a.j.r.c.ReportGeneratorConfiguration: Property 'jmeter.reportgenerator.graph.totalTPS.exclude_controllers' not found, using default value 'false' instead.
2024-04-04 05:17:40,145 INFO o.a.j.r.c.ReportGeneratorConfiguration: Property 'jmeter.reportgenerator.graph.activeThreadsOverTime.exclude_controllers' not found, using default value 'false' instead.
2024-04-04 05:17:40,145 INFO o.a.j.r.c.ReportGeneratorConfiguration: Property 'jmeter.reportgenerator.graph.timeVsThreads.exclude_controllers' not found, using default value 'false' instead.
2024-04-04 05:17:40,145 INFO o.a.j.r.c.ReportGeneratorConfiguration: Property 'jmeter.reportgenerator.graph.responseTimeDistribution.exclude_controllers' not found, using default value 'false' instead.
2024-04-04 05:17:40,145 INFO o.a.j.r.c.ReportGeneratorConfiguration: Property 'jmeter.reportgenerator.graph.transactionsPerSecond.exclude_controllers' not found, using default value 'false' instead.
2024-04-04 05:17:40,145 INFO o.a.j.r.c.ReportGeneratorConfiguration: Property 'jmeter.reportgenerator.graph.responseTimePercentiles.exclude_controllers' not found, using default value 'false' instead.
2024-04-04 05:17:40,146 INFO o.a.j.r.c.ReportGeneratorConfiguration: Property 'jmeter.reportgenerator.graph.responseTimePercentilesOverTime.exclude_controllers' not found, using default value 'false' instead.
2024-04-04 05:17:40,146 INFO o.a.j.r.c.ReportGeneratorConfiguration: Property 'jmeter.reportgenerator.graph.responseTimesOverTime.exclude_controllers' not found, using default value 'false' instead.
2024-04-04 05:17:40,146 INFO o.a.j.r.c.ReportGeneratorConfiguration: Property 'jmeter.reportgenerator.graph.connectTimeOverTime.exclude_controllers' not found, using default value 'false' instead.
2024-04-04 05:17:40,146 INFO o.a.j.r.c.ReportGeneratorConfiguration: Property 'jmeter.reportgenerator.graph.latenciesOverTime.exclude_controllers' not found, using default value 'false' instead.
2024-04-04 05:17:40,233 INFO o.a.j.r.c.ReportGeneratorConfiguration: Property 'jmeter.reportgenerator.exporter.json.filters_only_sample_series' not found, using default value 'true' instead.
2024-04-04 05:17:40,233 INFO o.a.j.r.c.ReportGeneratorConfiguration: Property 'jmeter.reportgenerator.exporter.json.series_filter' not found, using default value '' instead.
2024-04-04 05:17:40,233 INFO o.a.j.r.c.ReportGeneratorConfiguration: Property 'jmeter.reportgenerator.exporter.json.show_controllers_only' not found, using default value 'false' instead.
2024-04-04 05:17:40,234 INFO o.a.j.r.c.ReportGeneratorConfiguration: Property 'jmeter.reportgenerator.exporter.html.filters_only_sample_series' not found, using default value 'true' instead.
2024-04-04 05:17:40,234 INFO o.a.j.r.c.ReportGeneratorConfiguration: Property 'jmeter.reportgenerator.exporter.html.series_filter' not found, using default value '' instead.
2024-04-04 05:17:40,234 INFO o.a.j.r.c.ReportGeneratorConfiguration: Property 'jmeter.reportgenerator.exporter.html.show_controllers_only' not found, using default value 'false' instead.
2024-04-04 05:17:40,238 INFO o.a.j.e.DistributedRunner: Configuring remote engine: 10.35.0.19
2024-04-04 05:17:40,241 INFO o.a.j.r.RmiUtils: Disabling SSL for RMI as server.rmi.ssl.disable is set to 'true'
2024-04-04 05:17:40,636 INFO o.a.j.e.DistributedRunner: Starting distributed test with remote engines: [10.35.0.19] @ Thu Apr 04 05:17:40 UTC 2024 (1712207860636)
2024-04-04 05:17:40,636 INFO o.a.j.e.ClientJMeterEngine: running clientengine run method
2024-04-04 05:17:40,642 INFO o.a.j.e.u.CompoundVariable: Note: Function class names must contain the string: '.functions.'
2024-04-04 05:17:40,642 INFO o.a.j.e.u.CompoundVariable: Note: Function class names must not contain the string: '.gui.'
2024-04-04 05:17:41,034 INFO o.a.j.r.RmiUtils: Disabling SSL for RMI as server.rmi.ssl.disable is set to 'true'
2024-04-04 05:17:41,034 INFO o.a.j.r.RmiUtils: Disabling SSL for RMI as server.rmi.ssl.disable is set to 'true'
2024-04-04 05:17:41,037 INFO o.a.j.s.SampleEvent: List of sample_variables: []
2024-04-04 05:17:41,134 INFO o.a.j.s.BatchSampleSender: Using batching (client settings) for this run. Thresholds: num=100, time=60000
2024-04-04 05:17:41,134 INFO o.a.j.s.DataStrippingSampleSender: Using DataStrippingSampleSender for this run
2024-04-04 05:17:41,136 INFO o.a.j.r.RmiUtils: Disabling SSL for RMI as server.rmi.ssl.disable is set to 'true'
2024-04-04 05:17:41,136 INFO o.a.j.r.RmiUtils: Disabling SSL for RMI as server.rmi.ssl.disable is set to 'true'
2024-04-04 05:17:44,950 INFO o.a.j.r.RmiUtils: Disabling SSL for RMI as server.rmi.ssl.disable is set to 'true'
2024-04-04 05:17:44,950 INFO o.a.j.r.RmiUtils: Disabling SSL for RMI as server.rmi.ssl.disable is set to 'true'
2024-04-04 05:17:44,951 INFO o.a.j.r.RmiUtils: Disabling SSL for RMI as server.rmi.ssl.disable is set to 'true'
2024-04-04 05:17:44,951 INFO o.a.j.r.RmiUtils: Disabling SSL for RMI as server.rmi.ssl.disable is set to 'true'
2024-04-04 05:17:44,952 INFO o.a.j.s.BatchSampleSender: Using batching (client settings) for this run. Thresholds: num=100, time=60000
2024-04-04 05:17:44,952 INFO o.a.j.s.DataStrippingSampleSender: Using DataStrippingSampleSender for this run
2024-04-04 05:17:44,952 INFO o.a.j.r.RmiUtils: Disabling SSL for RMI as server.rmi.ssl.disable is set to 'true'
2024-04-04 05:17:44,952 INFO o.a.j.r.RmiUtils: Disabling SSL for RMI as server.rmi.ssl.disable is set to 'true'
2024-04-04 05:17:44,952 INFO o.a.j.s.BatchSampleSender: Using batching (client settings) for this run. Thresholds: num=100, time=60000
2024-04-04 05:17:44,952 INFO o.a.j.s.DataStrippingSampleSender: Using DataStrippingSampleSender for this run
2024-04-04 05:17:44,952 INFO o.a.j.r.RmiUtils: Disabling SSL for RMI as server.rmi.ssl.disable is set to 'true'
2024-04-04 05:17:44,953 INFO o.a.j.r.RmiUtils: Disabling SSL for RMI as server.rmi.ssl.disable is set to 'true'
2024-04-04 05:17:44,953 INFO o.a.j.s.BatchSampleSender: Using batching (client settings) for this run. Thresholds: num=100, time=60000
2024-04-04 05:17:44,953 INFO o.a.j.s.DataStrippingSampleSender: Using DataStrippingSampleSender for this run
2024-04-04 05:17:44,953 INFO o.a.j.r.RmiUtils: Disabling SSL for RMI as server.rmi.ssl.disable is set to 'true'
2024-04-04 05:17:44,953 INFO o.a.j.r.RmiUtils: Disabling SSL for RMI as server.rmi.ssl.disable is set to 'true'
2024-04-04 05:17:44,953 INFO o.a.j.s.BatchSampleSender: Using batching (client settings) for this run. Thresholds: num=100, time=60000
2024-04-04 05:17:44,953 INFO o.a.j.s.DataStrippingSampleSender: Using DataStrippingSampleSender for this run
2024-04-04 05:17:44,954 INFO o.a.j.r.RmiUtils: Disabling SSL for RMI as server.rmi.ssl.disable is set to 'true'
2024-04-04 05:17:44,954 INFO o.a.j.r.RmiUtils: Disabling SSL for RMI as server.rmi.ssl.disable is set to 'true'
2024-04-04 05:17:44,954 INFO o.a.j.s.BatchSampleSender: Using batching (client settings) for this run. Thresholds: num=100, time=60000
2024-04-04 05:17:44,954 INFO o.a.j.s.DataStrippingSampleSender: Using DataStrippingSampleSender for this run
2024-04-04 05:17:45,860 INFO o.a.j.e.ClientJMeterEngine: sent test to 10.35.0.19 basedir='.'
2024-04-04 05:17:45,861 INFO o.a.j.e.ClientJMeterEngine: Sending properties {}
2024-04-04 05:17:45,867 INFO o.a.j.e.ClientJMeterEngine: sent run command to 10.35.0.19
2024-04-04 05:17:45,867 INFO o.a.j.e.DistributedRunner: Remote engines have been started:[10.35.0.19]
2024-04-04 05:17:46,478 INFO o.a.j.v.b.BackendListener: Backend Listener 1: Starting worker with class: class org.apache.jmeter.visualizers.backend.influxdb.InfluxdbBackendListenerClient and queue capacity: 5000
2024-04-04 05:17:46,534 INFO o.a.j.v.b.BackendListener: Backend Listener 1: Started  worker with class: class org.apache.jmeter.visualizers.backend.influxdb.InfluxdbBackendListenerClient
2024-04-04 05:17:48,140 INFO o.a.j.v.b.BackendListener: Backend Listener 2: Starting worker with class: class rocks.nt.apm.jmeter.JMeterInfluxDBBackendListenerClient and queue capacity: 5000
2024-04-04 05:17:48,141 INFO o.a.j.v.b.BackendListener: Backend Listener 2: Started  worker with class: class rocks.nt.apm.jmeter.JMeterInfluxDBBackendListenerClient
2024-04-04 05:17:49,147 INFO o.a.j.JMeter: Started remote host:  10.35.0.19 (1712207869147)
2024-04-04 05:18:01,339 INFO o.a.j.r.Summariser: summary +      2 in 00:00:12 =    0.2/s Avg:  8852 Min:  8807 Max:  8898 Err:     0 (0.00%) Active: 10 Started: 10 Finished: 0
2024-04-04 05:18:31,540 INFO o.a.j.r.Summariser: summary +   1402 in 00:00:30 =   46.4/s Avg:   262 Min:   192 Max:  8996 Err:   205 (14.62%) Active: 10 Started: 10 Finished: 0
2024-04-04 05:18:31,542 INFO o.a.j.r.Summariser: summary =   1404 in 00:00:42 =   33.1/s Avg:   275 Min:   192 Max:  8996 Err:   205 (14.60%)
2024-04-04 05:19:00,428 INFO o.a.j.r.Summariser: summary +   1321 in 00:00:29 =   45.7/s Avg:   217 Min:   192 Max:  1381 Err:   188 (14.23%) Active: 10 Started: 10 Finished: 0
2024-04-04 05:19:00,428 INFO o.a.j.r.Summariser: summary =   2725 in 00:01:11 =   38.2/s Avg:   247 Min:   192 Max:  8996 Err:   393 (14.42%)
2024-04-04 05:19:31,429 INFO o.a.j.r.Summariser: summary +   1477 in 00:00:31 =   47.6/s Avg:   209 Min:   193 Max:   273 Err:   193 (13.07%) Active: 10 Started: 10 Finished: 0
2024-04-04 05:19:31,430 INFO o.a.j.r.Summariser: summary =   4202 in 00:01:42 =   41.1/s Avg:   233 Min:   192 Max:  8996 Err:   586 (13.95%)
2024-04-04 05:20:01,363 INFO o.a.j.r.Summariser: summary +   1401 in 00:00:30 =   46.8/s Avg:   211 Min:   191 Max:   808 Err:   202 (14.42%) Active: 10 Started: 10 Finished: 0
2024-04-04 05:20:01,364 INFO o.a.j.r.Summariser: summary =   5603 in 00:02:12 =   42.4/s Avg:   228 Min:   191 Max:  8996 Err:   788 (14.06%)
2024-04-04 05:20:30,515 INFO o.a.j.r.Summariser: summary +   1402 in 00:00:29 =   48.1/s Avg:   208 Min:   191 Max:   295 Err:   206 (14.69%) Active: 10 Started: 10 Finished: 0
2024-04-04 05:20:30,520 INFO o.a.j.r.Summariser: summary =   7005 in 00:02:41 =   43.4/s Avg:   224 Min:   191 Max:  8996 Err:   994 (14.19%)
2024-04-04 05:21:00,222 INFO o.a.j.r.Summariser: summary +   1398 in 00:00:30 =   47.1/s Avg:   211 Min:   191 Max:   825 Err:   227 (16.24%) Active: 10 Started: 10 Finished: 0
2024-04-04 05:21:00,222 INFO o.a.j.r.Summariser: summary =   8403 in 00:03:11 =   44.0/s Avg:   222 Min:   191 Max:  8996 Err:  1221 (14.53%)
2024-04-04 05:21:31,165 INFO o.a.j.r.Summariser: summary +   1477 in 00:00:31 =   47.7/s Avg:   208 Min:   193 Max:   288 Err:   191 (12.93%) Active: 10 Started: 10 Finished: 0
2024-04-04 05:21:31,165 INFO o.a.j.r.Summariser: summary =   9880 in 00:03:42 =   44.5/s Avg:   220 Min:   191 Max:  8996 Err:  1412 (14.29%)
2024-04-04 05:22:00,983 INFO o.a.j.r.Summariser: summary +   1167 in 00:00:30 =   39.1/s Avg:   254 Min:   193 Max:  5788 Err:   153 (13.11%) Active: 10 Started: 10 Finished: 0
2024-04-04 05:22:00,984 INFO o.a.j.r.Summariser: summary =  11047 in 00:04:12 =   43.9/s Avg:   223 Min:   191 Max:  8996 Err:  1565 (14.17%)
