2024-03-22 12:18:35,255 INFO o.a.j.u.JMeterUtils: Setting Locale to en_EN
2024-03-22 12:18:35,375 INFO o.a.j.JMeter: Loading user properties from: user.properties
2024-03-22 12:18:35,375 INFO o.a.j.JMeter: Loading system properties from: system.properties
2024-03-22 12:18:35,376 INFO o.a.j.JMeter: Setting System property: server.rmi.ssl.disable=true
2024-03-22 12:18:35,382 INFO o.a.j.JMeter: Copyright (c) 1998-2021 The Apache Software Foundation
2024-03-22 12:18:35,382 INFO o.a.j.JMeter: Version 5.4.1
2024-03-22 12:18:35,382 INFO o.a.j.JMeter: java.version=16.0.2
2024-03-22 12:18:35,382 INFO o.a.j.JMeter: java.vm.name=OpenJDK 64-Bit Server VM
2024-03-22 12:18:35,382 INFO o.a.j.JMeter: os.name=Linux
2024-03-22 12:18:35,383 INFO o.a.j.JMeter: os.arch=amd64
2024-03-22 12:18:35,383 INFO o.a.j.JMeter: os.version=6.5.0-1015-aws
2024-03-22 12:18:35,383 INFO o.a.j.JMeter: file.encoding=UTF-8
2024-03-22 12:18:35,454 INFO o.a.j.JMeter: java.awt.headless=null
2024-03-22 12:18:35,455 INFO o.a.j.JMeter: Max memory     =1073741824
2024-03-22 12:18:35,455 INFO o.a.j.JMeter: Available Processors =1
2024-03-22 12:18:35,477 INFO o.a.j.JMeter: Default Locale=English (EN)
2024-03-22 12:18:35,478 INFO o.a.j.JMeter: JMeter  Locale=English (EN)
2024-03-22 12:18:35,478 INFO o.a.j.JMeter: JMeterHome=/opt/jmeter/apache-jmeter-5.4.1
2024-03-22 12:18:35,478 INFO o.a.j.JMeter: user.dir  =/opt/jmeter/apache-jmeter-5.4.1/bin
2024-03-22 12:18:35,478 INFO o.a.j.JMeter: PWD       =/opt/jmeter/apache-jmeter-5.4.1/bin
2024-03-22 12:18:35,479 INFO o.a.j.JMeter: IP: 10.35.0.15 Name: jmeter-master03-22-17-47-18-mjhwj FullName: jmeter-master03-22-17-47-18-mjhwj
2024-03-22 12:18:35,482 INFO o.a.j.JMeter: Setting property 'jmeter.reportgenerator.outputdir' to:'/report/report-PetStoreAPIScriptDynamicBuildNumber1.jmx-2024-03-22_121729'
2024-03-22 12:18:35,574 INFO o.a.j.s.FileServer: Default base='/opt/jmeter/apache-jmeter-5.4.1/bin'
2024-03-22 12:18:35,575 INFO o.a.j.s.FileServer: Set new base='/opt/jmeter/apache-jmeter-5.4.1/bin'
2024-03-22 12:18:37,174 INFO o.a.j.s.SaveService: Testplan (JMX) version: 2.2. Testlog (JTL) version: 2.2
2024-03-22 12:18:37,279 INFO o.a.j.s.SaveService: Using SaveService properties version 5.0
2024-03-22 12:18:37,283 INFO o.a.j.s.SaveService: Using SaveService properties file encoding UTF-8
2024-03-22 12:18:37,373 INFO o.a.j.s.SaveService: Loading file: PetStoreAPIScriptDynamicBuildNumber1.jmx
2024-03-22 12:18:37,679 INFO o.a.j.p.h.c.CookieManager: Settings: Delete null: true Check: true Allow variable: true Save: false Prefix: COOKIE_
2024-03-22 12:18:37,775 INFO o.a.j.p.h.s.HTTPSamplerBase: Parser for text/html is org.apache.jmeter.protocol.http.parser.LagartoBasedHtmlParser
2024-03-22 12:18:37,775 INFO o.a.j.p.h.s.HTTPSamplerBase: Parser for application/xhtml+xml is org.apache.jmeter.protocol.http.parser.LagartoBasedHtmlParser
2024-03-22 12:18:37,775 INFO o.a.j.p.h.s.HTTPSamplerBase: Parser for application/xml is org.apache.jmeter.protocol.http.parser.LagartoBasedHtmlParser
2024-03-22 12:18:37,775 INFO o.a.j.p.h.s.HTTPSamplerBase: Parser for text/xml is org.apache.jmeter.protocol.http.parser.LagartoBasedHtmlParser
2024-03-22 12:18:37,776 INFO o.a.j.p.h.s.HTTPSamplerBase: Parser for text/vnd.wap.wml is org.apache.jmeter.protocol.http.parser.RegexpHTMLParser
2024-03-22 12:18:37,776 INFO o.a.j.p.h.s.HTTPSamplerBase: Parser for text/css is org.apache.jmeter.protocol.http.parser.CssParser
2024-03-22 12:18:38,175 INFO o.a.j.s.SampleResult: Note: Sample TimeStamps are START times
2024-03-22 12:18:38,175 INFO o.a.j.s.SampleResult: sampleresult.default.encoding is set to ISO-8859-1
2024-03-22 12:18:38,175 INFO o.a.j.s.SampleResult: sampleresult.useNanoTime=true
2024-03-22 12:18:38,175 INFO o.a.j.s.SampleResult: sampleresult.nanoThreadSleep=5000
2024-03-22 12:18:38,279 INFO o.a.j.JMeter: Creating summariser <summary>
2024-03-22 12:18:38,284 INFO o.a.j.r.d.ReportGenerator: ReportGenerator will use for Parsing the separator: ','
2024-03-22 12:18:38,284 INFO o.a.j.r.d.ReportGenerator: Will generate report at end of test from  results file: /report/PetStoreAPIScriptDynamicBuildNumber1.jmx_2024-03-22_121729.jtl
2024-03-22 12:18:38,284 INFO o.a.j.r.d.ReportGenerator: Reading report generator properties from: /opt/jmeter/apache-jmeter-5.4.1/bin/reportgenerator.properties
2024-03-22 12:18:38,285 INFO o.a.j.r.d.ReportGenerator: Merging with JMeter properties
2024-03-22 12:18:38,374 INFO o.a.j.r.c.ReportGeneratorConfiguration: Property 'jmeter.reportgenerator.temp_dir' not found, using default value 'temp' instead.
2024-03-22 12:18:38,378 INFO o.a.j.r.c.ReportGeneratorConfiguration: Property 'jmeter.reportgenerator.apdex_per_transaction' not found, using default value 'null' instead.
2024-03-22 12:18:38,378 INFO o.a.j.r.c.ReportGeneratorConfiguration: apdex_per_transaction is empty, not APDEX per transaction customization
2024-03-22 12:18:38,378 INFO o.a.j.r.c.ReportGeneratorConfiguration: Property 'jmeter.reportgenerator.sample_filter' not found, using default value 'null' instead.
2024-03-22 12:18:38,378 INFO o.a.j.r.c.ReportGeneratorConfiguration: Property 'jmeter.reportgenerator.report_title' not found, using default value 'null' instead.
2024-03-22 12:18:38,378 INFO o.a.j.r.c.ReportGeneratorConfiguration: Property 'jmeter.reportgenerator.start_date' not found, using default value 'null' instead.
2024-03-22 12:18:38,378 INFO o.a.j.r.c.ReportGeneratorConfiguration: Property 'jmeter.reportgenerator.end_date' not found, using default value 'null' instead.
2024-03-22 12:18:38,378 INFO o.a.j.r.c.ReportGeneratorConfiguration: Property 'jmeter.reportgenerator.date_format' not found, using default value 'null' instead.
2024-03-22 12:18:38,379 INFO o.a.j.r.c.ReportGeneratorConfiguration: Will use date range start date: null, end date: null
2024-03-22 12:18:38,383 INFO o.a.j.r.c.ReportGeneratorConfiguration: Property 'jmeter.reportgenerator.graph.totalTPS.exclude_controllers' not found, using default value 'false' instead.
2024-03-22 12:18:38,472 INFO o.a.j.r.c.ReportGeneratorConfiguration: Property 'jmeter.reportgenerator.graph.activeThreadsOverTime.exclude_controllers' not found, using default value 'false' instead.
2024-03-22 12:18:38,472 INFO o.a.j.r.c.ReportGeneratorConfiguration: Property 'jmeter.reportgenerator.graph.timeVsThreads.exclude_controllers' not found, using default value 'false' instead.
2024-03-22 12:18:38,472 INFO o.a.j.r.c.ReportGeneratorConfiguration: Property 'jmeter.reportgenerator.graph.responseTimeDistribution.exclude_controllers' not found, using default value 'false' instead.
2024-03-22 12:18:38,472 INFO o.a.j.r.c.ReportGeneratorConfiguration: Property 'jmeter.reportgenerator.graph.transactionsPerSecond.exclude_controllers' not found, using default value 'false' instead.
2024-03-22 12:18:38,473 INFO o.a.j.r.c.ReportGeneratorConfiguration: Property 'jmeter.reportgenerator.graph.responseTimePercentiles.exclude_controllers' not found, using default value 'false' instead.
2024-03-22 12:18:38,473 INFO o.a.j.r.c.ReportGeneratorConfiguration: Property 'jmeter.reportgenerator.graph.responseTimePercentilesOverTime.exclude_controllers' not found, using default value 'false' instead.
2024-03-22 12:18:38,473 INFO o.a.j.r.c.ReportGeneratorConfiguration: Property 'jmeter.reportgenerator.graph.responseTimesOverTime.exclude_controllers' not found, using default value 'false' instead.
2024-03-22 12:18:38,473 INFO o.a.j.r.c.ReportGeneratorConfiguration: Property 'jmeter.reportgenerator.graph.connectTimeOverTime.exclude_controllers' not found, using default value 'false' instead.
2024-03-22 12:18:38,474 INFO o.a.j.r.c.ReportGeneratorConfiguration: Property 'jmeter.reportgenerator.graph.latenciesOverTime.exclude_controllers' not found, using default value 'false' instead.
2024-03-22 12:18:38,475 INFO o.a.j.r.c.ReportGeneratorConfiguration: Property 'jmeter.reportgenerator.exporter.json.filters_only_sample_series' not found, using default value 'true' instead.
2024-03-22 12:18:38,475 INFO o.a.j.r.c.ReportGeneratorConfiguration: Property 'jmeter.reportgenerator.exporter.json.series_filter' not found, using default value '' instead.
2024-03-22 12:18:38,475 INFO o.a.j.r.c.ReportGeneratorConfiguration: Property 'jmeter.reportgenerator.exporter.json.show_controllers_only' not found, using default value 'false' instead.
2024-03-22 12:18:38,475 INFO o.a.j.r.c.ReportGeneratorConfiguration: Property 'jmeter.reportgenerator.exporter.html.filters_only_sample_series' not found, using default value 'true' instead.
2024-03-22 12:18:38,476 INFO o.a.j.r.c.ReportGeneratorConfiguration: Property 'jmeter.reportgenerator.exporter.html.series_filter' not found, using default value '' instead.
2024-03-22 12:18:38,476 INFO o.a.j.r.c.ReportGeneratorConfiguration: Property 'jmeter.reportgenerator.exporter.html.show_controllers_only' not found, using default value 'false' instead.
2024-03-22 12:18:38,479 INFO o.a.j.e.DistributedRunner: Configuring remote engine: 10.35.0.16
2024-03-22 12:18:38,480 INFO o.a.j.r.RmiUtils: Disabling SSL for RMI as server.rmi.ssl.disable is set to 'true'
2024-03-22 12:18:39,078 INFO o.a.j.e.DistributedRunner: Starting distributed test with remote engines: [10.35.0.16] @ Fri Mar 22 12:18:39 UTC 2024 (1711109919078)
2024-03-22 12:18:39,079 INFO o.a.j.e.ClientJMeterEngine: running clientengine run method
2024-03-22 12:18:39,173 INFO o.a.j.e.u.CompoundVariable: Note: Function class names must contain the string: '.functions.'
2024-03-22 12:18:39,173 INFO o.a.j.e.u.CompoundVariable: Note: Function class names must not contain the string: '.gui.'
2024-03-22 12:18:39,576 INFO o.a.j.r.RmiUtils: Disabling SSL for RMI as server.rmi.ssl.disable is set to 'true'
2024-03-22 12:18:39,577 INFO o.a.j.r.RmiUtils: Disabling SSL for RMI as server.rmi.ssl.disable is set to 'true'
2024-03-22 12:18:39,579 INFO o.a.j.s.SampleEvent: List of sample_variables: []
2024-03-22 12:18:39,673 INFO o.a.j.s.BatchSampleSender: Using batching (client settings) for this run. Thresholds: num=100, time=60000
2024-03-22 12:18:39,673 INFO o.a.j.s.DataStrippingSampleSender: Using DataStrippingSampleSender for this run
2024-03-22 12:18:39,675 INFO o.a.j.r.RmiUtils: Disabling SSL for RMI as server.rmi.ssl.disable is set to 'true'
2024-03-22 12:18:39,675 INFO o.a.j.r.RmiUtils: Disabling SSL for RMI as server.rmi.ssl.disable is set to 'true'
2024-03-22 12:18:44,189 INFO o.a.j.r.RmiUtils: Disabling SSL for RMI as server.rmi.ssl.disable is set to 'true'
2024-03-22 12:18:44,190 INFO o.a.j.r.RmiUtils: Disabling SSL for RMI as server.rmi.ssl.disable is set to 'true'
2024-03-22 12:18:44,191 INFO o.a.j.r.RmiUtils: Disabling SSL for RMI as server.rmi.ssl.disable is set to 'true'
2024-03-22 12:18:44,191 INFO o.a.j.r.RmiUtils: Disabling SSL for RMI as server.rmi.ssl.disable is set to 'true'
2024-03-22 12:18:44,191 INFO o.a.j.s.BatchSampleSender: Using batching (client settings) for this run. Thresholds: num=100, time=60000
2024-03-22 12:18:44,191 INFO o.a.j.s.DataStrippingSampleSender: Using DataStrippingSampleSender for this run
2024-03-22 12:18:44,191 INFO o.a.j.r.RmiUtils: Disabling SSL for RMI as server.rmi.ssl.disable is set to 'true'
2024-03-22 12:18:44,191 INFO o.a.j.r.RmiUtils: Disabling SSL for RMI as server.rmi.ssl.disable is set to 'true'
2024-03-22 12:18:44,193 INFO o.a.j.s.BatchSampleSender: Using batching (client settings) for this run. Thresholds: num=100, time=60000
2024-03-22 12:18:44,193 INFO o.a.j.s.DataStrippingSampleSender: Using DataStrippingSampleSender for this run
2024-03-22 12:18:44,193 INFO o.a.j.r.RmiUtils: Disabling SSL for RMI as server.rmi.ssl.disable is set to 'true'
2024-03-22 12:18:44,193 INFO o.a.j.r.RmiUtils: Disabling SSL for RMI as server.rmi.ssl.disable is set to 'true'
2024-03-22 12:18:44,194 INFO o.a.j.s.BatchSampleSender: Using batching (client settings) for this run. Thresholds: num=100, time=60000
2024-03-22 12:18:44,194 INFO o.a.j.s.DataStrippingSampleSender: Using DataStrippingSampleSender for this run
2024-03-22 12:18:44,194 INFO o.a.j.r.RmiUtils: Disabling SSL for RMI as server.rmi.ssl.disable is set to 'true'
2024-03-22 12:18:44,194 INFO o.a.j.r.RmiUtils: Disabling SSL for RMI as server.rmi.ssl.disable is set to 'true'
2024-03-22 12:18:44,194 INFO o.a.j.s.BatchSampleSender: Using batching (client settings) for this run. Thresholds: num=100, time=60000
2024-03-22 12:18:44,194 INFO o.a.j.s.DataStrippingSampleSender: Using DataStrippingSampleSender for this run
2024-03-22 12:18:44,194 INFO o.a.j.r.RmiUtils: Disabling SSL for RMI as server.rmi.ssl.disable is set to 'true'
2024-03-22 12:18:44,194 INFO o.a.j.r.RmiUtils: Disabling SSL for RMI as server.rmi.ssl.disable is set to 'true'
2024-03-22 12:18:44,195 INFO o.a.j.s.BatchSampleSender: Using batching (client settings) for this run. Thresholds: num=100, time=60000
2024-03-22 12:18:44,195 INFO o.a.j.s.DataStrippingSampleSender: Using DataStrippingSampleSender for this run
2024-03-22 12:18:45,286 INFO o.a.j.e.ClientJMeterEngine: sent test to 10.35.0.16 basedir='.'
2024-03-22 12:18:45,286 INFO o.a.j.e.ClientJMeterEngine: Sending properties {}
2024-03-22 12:18:45,295 INFO o.a.j.e.ClientJMeterEngine: sent run command to 10.35.0.16
2024-03-22 12:18:45,296 INFO o.a.j.e.DistributedRunner: Remote engines have been started:[10.35.0.16]
2024-03-22 12:18:46,102 INFO o.a.j.v.b.BackendListener: Backend Listener 1: Starting worker with class: class org.apache.jmeter.visualizers.backend.influxdb.InfluxdbBackendListenerClient and queue capacity: 5000
2024-03-22 12:18:46,103 INFO o.a.j.v.b.BackendListener: Backend Listener 1: Started  worker with class: class org.apache.jmeter.visualizers.backend.influxdb.InfluxdbBackendListenerClient
2024-03-22 12:18:47,872 INFO o.a.j.v.b.BackendListener: Backend Listener 2: Starting worker with class: class rocks.nt.apm.jmeter.JMeterInfluxDBBackendListenerClient and queue capacity: 5000
2024-03-22 12:18:47,874 INFO o.a.j.v.b.BackendListener: Backend Listener 2: Started  worker with class: class rocks.nt.apm.jmeter.JMeterInfluxDBBackendListenerClient
2024-03-22 12:18:49,092 INFO o.a.j.JMeter: Started remote host:  10.35.0.16 (1711109929092)
2024-03-22 12:19:00,399 INFO o.a.j.r.Summariser: summary +    158 in 00:00:11 =   14.0/s Avg:   499 Min:   192 Max:  4849 Err:    20 (12.66%) Active: 10 Started: 10 Finished: 0
2024-03-22 12:19:31,507 INFO o.a.j.r.Summariser: summary +   1478 in 00:00:31 =   47.5/s Avg:   208 Min:   191 Max:   289 Err:   214 (14.48%) Active: 10 Started: 10 Finished: 0
2024-03-22 12:19:31,508 INFO o.a.j.r.Summariser: summary =   1636 in 00:00:42 =   38.6/s Avg:   236 Min:   191 Max:  4849 Err:   234 (14.30%)
2024-03-22 12:20:00,259 INFO o.a.j.r.Summariser: summary +   1323 in 00:00:29 =   46.0/s Avg:   216 Min:   188 Max:  1586 Err:   174 (13.15%) Active: 10 Started: 10 Finished: 0
2024-03-22 12:20:00,259 INFO o.a.j.r.Summariser: summary =   2959 in 00:01:11 =   41.6/s Avg:   227 Min:   188 Max:  4849 Err:   408 (13.79%)
2024-03-22 12:20:30,754 INFO o.a.j.r.Summariser: summary +   1476 in 00:00:30 =   48.5/s Avg:   204 Min:   188 Max:   288 Err:   216 (14.63%) Active: 10 Started: 10 Finished: 0
2024-03-22 12:20:30,755 INFO o.a.j.r.Summariser: summary =   4435 in 00:01:42 =   43.7/s Avg:   220 Min:   188 Max:  4849 Err:   624 (14.07%)
2024-03-22 12:21:00,369 INFO o.a.j.r.Summariser: summary +   1400 in 00:00:30 =   47.1/s Avg:   210 Min:   188 Max:  1067 Err:   207 (14.79%) Active: 10 Started: 10 Finished: 0
2024-03-22 12:21:00,372 INFO o.a.j.r.Summariser: summary =   5835 in 00:02:11 =   44.4/s Avg:   217 Min:   188 Max:  4849 Err:   831 (14.24%)
2024-03-22 12:21:31,188 INFO o.a.j.r.Summariser: summary +   1480 in 00:00:31 =   48.0/s Avg:   207 Min:   190 Max:   268 Err:   242 (16.35%) Active: 10 Started: 10 Finished: 0
2024-03-22 12:21:31,192 INFO o.a.j.r.Summariser: summary =   7315 in 00:02:42 =   45.1/s Avg:   215 Min:   188 Max:  4849 Err:  1073 (14.67%)
2024-03-22 12:21:49,708 INFO o.a.j.v.b.BackendListener: Worker ended
2024-03-22 12:21:49,709 INFO o.a.j.v.b.i.InfluxdbBackendListenerClient: Sending last metrics to InfluxDB
2024-03-22 12:21:49,710 INFO o.a.j.v.b.i.HttpMetricsSender: Destroying 
2024-03-22 12:21:49,723 INFO o.a.j.v.b.BackendListener: Worker ended
2024-03-22 12:21:49,724 INFO r.n.a.j.JMeterInfluxDBBackendListenerClient: Shutting down influxDB scheduler...
2024-03-22 12:21:49,754 INFO r.n.a.j.JMeterInfluxDBBackendListenerClient: influxDB scheduler terminated!
2024-03-22 12:21:49,758 INFO o.a.j.r.Summariser: summary +    959 in 00:00:19 =   51.6/s Avg:   207 Min:   190 Max:   288 Err:   148 (15.43%) Active: 0 Started: 10 Finished: 10
2024-03-22 12:21:49,759 INFO o.a.j.r.Summariser: summary =   8274 in 00:03:01 =   45.8/s Avg:   214 Min:   188 Max:  4849 Err:  1221 (14.76%)
2024-03-22 12:21:49,762 INFO o.a.j.JMeter: Finished remote host: 10.35.0.16 (1711110109762)
2024-03-22 12:21:49,762 INFO o.a.j.JMeter: All remote engines have ended test, starting RemoteTestStopper thread
2024-03-22 12:21:49,767 INFO o.a.j.e.ClientJMeterEngine: about to exit remote server on 10.35.0.16
2024-03-22 12:21:54,984 INFO o.a.j.JMeter: Interrupting RMI Reaper
2024-03-22 12:21:54,984 INFO o.a.j.JMeter: Generating Dashboard
2024-03-22 12:21:54,984 INFO o.a.j.r.d.ReportGenerator: Flushing result collector before report Generation
2024-03-22 12:21:55,085 INFO o.a.j.r.p.NormalizerSampleConsumer: Using format, 'ms', to parse timeStamp field
2024-03-22 12:21:59,381 INFO o.a.j.r.p.AbstractSampleConsumer: class org.apache.jmeter.report.processor.AggregateConsumer#stopProducing(): beginDate produced 0 samples
2024-03-22 12:21:59,381 INFO o.a.j.r.p.AbstractSampleConsumer: class org.apache.jmeter.report.processor.AggregateConsumer#stopProducing(): endDate produced 0 samples
2024-03-22 12:21:59,383 INFO o.a.j.r.p.AbstractSampleConsumer: class org.apache.jmeter.report.processor.ApdexSummaryConsumer#stopProducing(): apdexSummary produced 0 samples
2024-03-22 12:21:59,383 INFO o.a.j.r.p.AbstractSampleConsumer: class org.apache.jmeter.report.processor.RequestsSummaryConsumer#stopProducing(): requestsSummary produced 0 samples
2024-03-22 12:21:59,384 INFO o.a.j.r.p.AbstractSampleConsumer: class org.apache.jmeter.report.processor.StatisticsSummaryConsumer#stopProducing(): statisticsSummary produced 0 samples
2024-03-22 12:21:59,475 INFO o.a.j.r.p.AbstractSampleConsumer: class org.apache.jmeter.report.processor.Top5ErrorsBySamplerConsumer#stopProducing(): top5ErrorsBySampler produced 0 samples
2024-03-22 12:21:59,475 INFO o.a.j.r.p.AbstractSampleConsumer: class org.apache.jmeter.report.processor.ErrorsSummaryConsumer#stopProducing(): errorsSummary produced 0 samples
2024-03-22 12:21:59,475 INFO o.a.j.r.p.AbstractSampleConsumer: class org.apache.jmeter.report.processor.graph.impl.HitsPerSecondGraphConsumer#stopProducing(): hitsPerSecond produced 0 samples
2024-03-22 12:22:00,485 INFO o.a.j.r.p.AbstractSampleConsumer: class org.apache.jmeter.report.processor.graph.impl.LatencyVSRequestGraphConsumer#stopProducing(): latencyVsRequest produced 0 samples
2024-03-22 12:22:00,573 INFO o.a.j.r.p.AbstractSampleConsumer: class org.apache.jmeter.report.processor.graph.impl.SyntheticResponseTimeDistributionGraphConsumer#stopProducing(): syntheticResponseTimeDistribution produced 0 samples
2024-03-22 12:22:00,573 INFO o.a.j.r.p.AbstractSampleConsumer: class org.apache.jmeter.report.processor.graph.impl.BytesThroughputGraphConsumer#stopProducing(): bytesThroughputOverTime produced 0 samples
2024-03-22 12:22:00,574 INFO o.a.j.r.p.AbstractSampleConsumer: class org.apache.jmeter.report.processor.graph.impl.CodesPerSecondGraphConsumer#stopProducing(): codesPerSecond produced 0 samples
2024-03-22 12:22:01,283 INFO o.a.j.r.p.AbstractSampleConsumer: class org.apache.jmeter.report.processor.graph.impl.ResponseTimeVSRequestGraphConsumer#stopProducing(): responseTimeVsRequest produced 0 samples
2024-03-22 12:22:01,284 INFO o.a.j.r.p.AbstractSampleConsumer: class org.apache.jmeter.report.processor.FilterConsumer#stopProducing(): startIntervalControlerFilter produced 57918 samples
2024-03-22 12:22:01,284 INFO o.a.j.r.p.AbstractSampleConsumer: class org.apache.jmeter.report.processor.graph.impl.TotalTPSGraphConsumer#stopProducing(): totalTPS produced 0 samples
2024-03-22 12:22:01,284 INFO o.a.j.r.p.AbstractSampleConsumer: class org.apache.jmeter.report.processor.graph.impl.ActiveThreadsGraphConsumer#stopProducing(): activeThreadsOverTime produced 0 samples
2024-03-22 12:22:01,284 INFO o.a.j.r.p.AbstractSampleConsumer: class org.apache.jmeter.report.processor.graph.impl.TimeVSThreadGraphConsumer#stopProducing(): timeVsThreads produced 0 samples
2024-03-22 12:22:01,377 INFO o.a.j.r.p.AbstractSampleConsumer: class org.apache.jmeter.report.processor.graph.impl.ResponseTimeDistributionGraphConsumer#stopProducing(): responseTimeDistribution produced 0 samples
2024-03-22 12:22:01,378 INFO o.a.j.r.p.AbstractSampleConsumer: class org.apache.jmeter.report.processor.graph.impl.TransactionsPerSecondGraphConsumer#stopProducing(): transactionsPerSecond produced 0 samples
2024-03-22 12:22:01,378 INFO o.a.j.r.p.AbstractSampleConsumer: class org.apache.jmeter.report.processor.graph.impl.ResponseTimePercentilesGraphConsumer#stopProducing(): responseTimePercentiles produced 0 samples
2024-03-22 12:22:01,384 INFO o.a.j.r.p.AbstractSampleConsumer: class org.apache.jmeter.report.processor.graph.impl.ResponseTimePercentilesOverTimeGraphConsumer#stopProducing(): responseTimePercentilesOverTime produced 0 samples
2024-03-22 12:22:01,384 INFO o.a.j.r.p.AbstractSampleConsumer: class org.apache.jmeter.report.processor.graph.impl.ResponseTimeOverTimeGraphConsumer#stopProducing(): responseTimesOverTime produced 0 samples
2024-03-22 12:22:01,385 INFO o.a.j.r.p.AbstractSampleConsumer: class org.apache.jmeter.report.processor.graph.impl.ConnectTimeOverTimeGraphConsumer#stopProducing(): connectTimeOverTime produced 0 samples
2024-03-22 12:22:01,385 INFO o.a.j.r.p.AbstractSampleConsumer: class org.apache.jmeter.report.processor.graph.impl.LatencyOverTimeGraphConsumer#stopProducing(): latenciesOverTime produced 0 samples
2024-03-22 12:22:01,386 INFO o.a.j.r.p.AbstractSampleConsumer: class org.apache.jmeter.report.processor.FilterConsumer#stopProducing(): nameFilter produced 159570 samples
2024-03-22 12:22:01,386 INFO o.a.j.r.p.AbstractSampleConsumer: class org.apache.jmeter.report.processor.FilterConsumer#stopProducing(): dateRangeFilter produced 31914 samples
2024-03-22 12:22:01,386 INFO o.a.j.r.p.AbstractSampleConsumer: class org.apache.jmeter.report.processor.NormalizerSampleConsumer#stopProducing(): normalizer produced 10638 samples
2024-03-22 12:22:01,386 INFO o.a.j.r.p.CsvFileSampleSource: produce(): 10638 samples produced in 6s 200 ms on channel 0
2024-03-22 12:22:01,386 INFO o.a.j.r.d.ReportGenerator: Exporting data using exporter:'json' of className:'org.apache.jmeter.report.dashboard.JsonExporter'
2024-03-22 12:22:02,272 INFO o.a.j.r.d.JsonExporter: Found data for consumer statisticsSummary in context
2024-03-22 12:22:02,273 INFO o.a.j.r.d.JsonExporter: Creating statistics for overall
2024-03-22 12:22:02,273 INFO o.a.j.r.d.JsonExporter: Creating statistics for other transactions
2024-03-22 12:22:02,274 INFO o.a.j.r.d.JsonExporter: Checking output folder
2024-03-22 12:22:02,274 INFO o.a.j.r.d.JsonExporter: Writing statistics JSON to /report/report-PetStoreAPIScriptDynamicBuildNumber1.jmx-2024-03-22_121729/statistics.json
2024-03-22 12:22:02,479 INFO o.a.j.r.d.ReportGenerator: Exporting data using exporter:'html' of className:'org.apache.jmeter.report.dashboard.HtmlTemplateExporter'
2024-03-22 12:22:02,574 INFO o.a.j.r.d.HtmlTemplateExporter: Will generate dashboard in folder: /report/report-PetStoreAPIScriptDynamicBuildNumber1.jmx-2024-03-22_121729
2024-03-22 12:22:03,376 INFO o.a.j.r.d.HtmlTemplateExporter: Report will be generated in: /report/report-PetStoreAPIScriptDynamicBuildNumber1.jmx-2024-03-22_121729, creating folder structure
2024-03-22 12:22:03,378 INFO o.a.j.r.d.TemplateVisitor: Copying folder from '/opt/jmeter/apache-jmeter-5.4.1/bin/report-template' to '/report/report-PetStoreAPIScriptDynamicBuildNumber1.jmx-2024-03-22_121729', got message: /report/report-PetStoreAPIScriptDynamicBuildNumber1.jmx-2024-03-22_121729, found non empty folder with following content [/report/report-PetStoreAPIScriptDynamicBuildNumber1.jmx-2024-03-22_121729/statistics.json], will be ignored
2024-03-22 12:22:05,178 INFO o.a.j.JMeter: Dashboard generated
