2024-03-22 12:10:39,267 INFO o.a.j.u.JMeterUtils: Setting Locale to en_EN
2024-03-22 12:10:39,469 INFO o.a.j.JMeter: Loading user properties from: user.properties
2024-03-22 12:10:39,469 INFO o.a.j.JMeter: Loading system properties from: system.properties
2024-03-22 12:10:39,469 INFO o.a.j.JMeter: Setting System property: server.rmi.ssl.disable=true
2024-03-22 12:10:39,566 INFO o.a.j.JMeter: Copyright (c) 1998-2021 The Apache Software Foundation
2024-03-22 12:10:39,566 INFO o.a.j.JMeter: Version 5.4.1
2024-03-22 12:10:39,566 INFO o.a.j.JMeter: java.version=16.0.2
2024-03-22 12:10:39,566 INFO o.a.j.JMeter: java.vm.name=OpenJDK 64-Bit Server VM
2024-03-22 12:10:39,567 INFO o.a.j.JMeter: os.name=Linux
2024-03-22 12:10:39,567 INFO o.a.j.JMeter: os.arch=amd64
2024-03-22 12:10:39,567 INFO o.a.j.JMeter: os.version=6.5.0-1015-aws
2024-03-22 12:10:39,567 INFO o.a.j.JMeter: file.encoding=UTF-8
2024-03-22 12:10:39,567 INFO o.a.j.JMeter: java.awt.headless=null
2024-03-22 12:10:39,567 INFO o.a.j.JMeter: Max memory     =1073741824
2024-03-22 12:10:39,567 INFO o.a.j.JMeter: Available Processors =1
2024-03-22 12:10:39,667 INFO o.a.j.JMeter: Default Locale=English (EN)
2024-03-22 12:10:39,668 INFO o.a.j.JMeter: JMeter  Locale=English (EN)
2024-03-22 12:10:39,668 INFO o.a.j.JMeter: JMeterHome=/opt/jmeter/apache-jmeter-5.4.1
2024-03-22 12:10:39,668 INFO o.a.j.JMeter: user.dir  =/opt/jmeter/apache-jmeter-5.4.1/bin
2024-03-22 12:10:39,668 INFO o.a.j.JMeter: PWD       =/opt/jmeter/apache-jmeter-5.4.1/bin
2024-03-22 12:10:39,668 INFO o.a.j.JMeter: IP: 10.35.0.12 Name: jmeter-master03-22-17-39-26-dh5fd FullName: jmeter-master03-22-17-39-26-dh5fd
2024-03-22 12:10:39,762 INFO o.a.j.JMeter: Setting property 'jmeter.reportgenerator.outputdir' to:'/report/report-wiremock.jmx-2024-03-22_120936'
2024-03-22 12:10:39,765 INFO o.a.j.s.FileServer: Default base='/opt/jmeter/apache-jmeter-5.4.1/bin'
2024-03-22 12:10:39,766 INFO o.a.j.s.FileServer: Set new base='/opt/jmeter/apache-jmeter-5.4.1/bin'
2024-03-22 12:10:41,172 INFO o.a.j.s.SaveService: Testplan (JMX) version: 2.2. Testlog (JTL) version: 2.2
2024-03-22 12:10:41,465 INFO o.a.j.s.SaveService: Using SaveService properties version 5.0
2024-03-22 12:10:41,469 INFO o.a.j.s.SaveService: Using SaveService properties file encoding UTF-8
2024-03-22 12:10:41,472 INFO o.a.j.s.SaveService: Loading file: wiremock.jmx
2024-03-22 12:10:41,769 INFO o.a.j.p.h.c.CookieManager: Settings: Delete null: true Check: true Allow variable: true Save: false Prefix: COOKIE_
2024-03-22 12:10:41,867 INFO o.a.j.p.h.s.HTTPSamplerBase: Parser for text/html is org.apache.jmeter.protocol.http.parser.LagartoBasedHtmlParser
2024-03-22 12:10:41,867 INFO o.a.j.p.h.s.HTTPSamplerBase: Parser for application/xhtml+xml is org.apache.jmeter.protocol.http.parser.LagartoBasedHtmlParser
2024-03-22 12:10:41,867 INFO o.a.j.p.h.s.HTTPSamplerBase: Parser for application/xml is org.apache.jmeter.protocol.http.parser.LagartoBasedHtmlParser
2024-03-22 12:10:41,867 INFO o.a.j.p.h.s.HTTPSamplerBase: Parser for text/xml is org.apache.jmeter.protocol.http.parser.LagartoBasedHtmlParser
2024-03-22 12:10:41,867 INFO o.a.j.p.h.s.HTTPSamplerBase: Parser for text/vnd.wap.wml is org.apache.jmeter.protocol.http.parser.RegexpHTMLParser
2024-03-22 12:10:41,867 INFO o.a.j.p.h.s.HTTPSamplerBase: Parser for text/css is org.apache.jmeter.protocol.http.parser.CssParser
2024-03-22 12:10:42,163 INFO o.a.j.s.SampleResult: Note: Sample TimeStamps are START times
2024-03-22 12:10:42,164 INFO o.a.j.s.SampleResult: sampleresult.default.encoding is set to ISO-8859-1
2024-03-22 12:10:42,164 INFO o.a.j.s.SampleResult: sampleresult.useNanoTime=true
2024-03-22 12:10:42,164 INFO o.a.j.s.SampleResult: sampleresult.nanoThreadSleep=5000
2024-03-22 12:10:42,368 INFO o.a.j.JMeter: Creating summariser <summary>
2024-03-22 12:10:42,462 INFO o.a.j.r.d.ReportGenerator: ReportGenerator will use for Parsing the separator: ','
2024-03-22 12:10:42,463 INFO o.a.j.r.d.ReportGenerator: Will generate report at end of test from  results file: /report/wiremock.jmx_2024-03-22_120936.jtl
2024-03-22 12:10:42,463 INFO o.a.j.r.d.ReportGenerator: Reading report generator properties from: /opt/jmeter/apache-jmeter-5.4.1/bin/reportgenerator.properties
2024-03-22 12:10:42,464 INFO o.a.j.r.d.ReportGenerator: Merging with JMeter properties
2024-03-22 12:10:42,468 INFO o.a.j.r.c.ReportGeneratorConfiguration: Property 'jmeter.reportgenerator.temp_dir' not found, using default value 'temp' instead.
2024-03-22 12:10:42,471 INFO o.a.j.r.c.ReportGeneratorConfiguration: Property 'jmeter.reportgenerator.apdex_per_transaction' not found, using default value 'null' instead.
2024-03-22 12:10:42,472 INFO o.a.j.r.c.ReportGeneratorConfiguration: apdex_per_transaction is empty, not APDEX per transaction customization
2024-03-22 12:10:42,472 INFO o.a.j.r.c.ReportGeneratorConfiguration: Property 'jmeter.reportgenerator.sample_filter' not found, using default value 'null' instead.
2024-03-22 12:10:42,472 INFO o.a.j.r.c.ReportGeneratorConfiguration: Property 'jmeter.reportgenerator.report_title' not found, using default value 'null' instead.
2024-03-22 12:10:42,472 INFO o.a.j.r.c.ReportGeneratorConfiguration: Property 'jmeter.reportgenerator.start_date' not found, using default value 'null' instead.
2024-03-22 12:10:42,472 INFO o.a.j.r.c.ReportGeneratorConfiguration: Property 'jmeter.reportgenerator.end_date' not found, using default value 'null' instead.
2024-03-22 12:10:42,472 INFO o.a.j.r.c.ReportGeneratorConfiguration: Property 'jmeter.reportgenerator.date_format' not found, using default value 'null' instead.
2024-03-22 12:10:42,473 INFO o.a.j.r.c.ReportGeneratorConfiguration: Will use date range start date: null, end date: null
2024-03-22 12:10:42,476 INFO o.a.j.r.c.ReportGeneratorConfiguration: Property 'jmeter.reportgenerator.graph.totalTPS.exclude_controllers' not found, using default value 'false' instead.
2024-03-22 12:10:42,477 INFO o.a.j.r.c.ReportGeneratorConfiguration: Property 'jmeter.reportgenerator.graph.activeThreadsOverTime.exclude_controllers' not found, using default value 'false' instead.
2024-03-22 12:10:42,477 INFO o.a.j.r.c.ReportGeneratorConfiguration: Property 'jmeter.reportgenerator.graph.timeVsThreads.exclude_controllers' not found, using default value 'false' instead.
2024-03-22 12:10:42,477 INFO o.a.j.r.c.ReportGeneratorConfiguration: Property 'jmeter.reportgenerator.graph.responseTimeDistribution.exclude_controllers' not found, using default value 'false' instead.
2024-03-22 12:10:42,477 INFO o.a.j.r.c.ReportGeneratorConfiguration: Property 'jmeter.reportgenerator.graph.transactionsPerSecond.exclude_controllers' not found, using default value 'false' instead.
2024-03-22 12:10:42,477 INFO o.a.j.r.c.ReportGeneratorConfiguration: Property 'jmeter.reportgenerator.graph.responseTimePercentiles.exclude_controllers' not found, using default value 'false' instead.
2024-03-22 12:10:42,478 INFO o.a.j.r.c.ReportGeneratorConfiguration: Property 'jmeter.reportgenerator.graph.responseTimePercentilesOverTime.exclude_controllers' not found, using default value 'false' instead.
2024-03-22 12:10:42,478 INFO o.a.j.r.c.ReportGeneratorConfiguration: Property 'jmeter.reportgenerator.graph.responseTimesOverTime.exclude_controllers' not found, using default value 'false' instead.
2024-03-22 12:10:42,478 INFO o.a.j.r.c.ReportGeneratorConfiguration: Property 'jmeter.reportgenerator.graph.connectTimeOverTime.exclude_controllers' not found, using default value 'false' instead.
2024-03-22 12:10:42,478 INFO o.a.j.r.c.ReportGeneratorConfiguration: Property 'jmeter.reportgenerator.graph.latenciesOverTime.exclude_controllers' not found, using default value 'false' instead.
2024-03-22 12:10:42,561 INFO o.a.j.r.c.ReportGeneratorConfiguration: Property 'jmeter.reportgenerator.exporter.json.filters_only_sample_series' not found, using default value 'true' instead.
2024-03-22 12:10:42,561 INFO o.a.j.r.c.ReportGeneratorConfiguration: Property 'jmeter.reportgenerator.exporter.json.series_filter' not found, using default value '' instead.
2024-03-22 12:10:42,561 INFO o.a.j.r.c.ReportGeneratorConfiguration: Property 'jmeter.reportgenerator.exporter.json.show_controllers_only' not found, using default value 'false' instead.
2024-03-22 12:10:42,562 INFO o.a.j.r.c.ReportGeneratorConfiguration: Property 'jmeter.reportgenerator.exporter.html.filters_only_sample_series' not found, using default value 'true' instead.
2024-03-22 12:10:42,562 INFO o.a.j.r.c.ReportGeneratorConfiguration: Property 'jmeter.reportgenerator.exporter.html.series_filter' not found, using default value '' instead.
2024-03-22 12:10:42,562 INFO o.a.j.r.c.ReportGeneratorConfiguration: Property 'jmeter.reportgenerator.exporter.html.show_controllers_only' not found, using default value 'false' instead.
2024-03-22 12:10:42,565 INFO o.a.j.e.DistributedRunner: Configuring remote engine: 10.35.0.13
2024-03-22 12:10:42,567 INFO o.a.j.r.RmiUtils: Disabling SSL for RMI as server.rmi.ssl.disable is set to 'true'
2024-03-22 12:10:43,166 INFO o.a.j.e.DistributedRunner: Starting distributed test with remote engines: [10.35.0.13] @ Fri Mar 22 12:10:43 UTC 2024 (1711109443166)
2024-03-22 12:10:43,166 INFO o.a.j.e.ClientJMeterEngine: running clientengine run method
2024-03-22 12:10:43,171 INFO o.a.j.e.u.CompoundVariable: Note: Function class names must contain the string: '.functions.'
2024-03-22 12:10:43,261 INFO o.a.j.e.u.CompoundVariable: Note: Function class names must not contain the string: '.gui.'
2024-03-22 12:10:43,662 INFO o.a.j.r.RmiUtils: Disabling SSL for RMI as server.rmi.ssl.disable is set to 'true'
2024-03-22 12:10:43,662 INFO o.a.j.r.RmiUtils: Disabling SSL for RMI as server.rmi.ssl.disable is set to 'true'
2024-03-22 12:10:43,665 INFO o.a.j.s.SampleEvent: List of sample_variables: []
2024-03-22 12:10:43,670 INFO o.a.j.s.BatchSampleSender: Using batching (client settings) for this run. Thresholds: num=100, time=60000
2024-03-22 12:10:43,670 INFO o.a.j.s.DataStrippingSampleSender: Using DataStrippingSampleSender for this run
2024-03-22 12:10:43,761 INFO o.a.j.r.RmiUtils: Disabling SSL for RMI as server.rmi.ssl.disable is set to 'true'
2024-03-22 12:10:43,762 INFO o.a.j.r.RmiUtils: Disabling SSL for RMI as server.rmi.ssl.disable is set to 'true'
2024-03-22 12:10:47,971 INFO o.a.j.r.RmiUtils: Disabling SSL for RMI as server.rmi.ssl.disable is set to 'true'
2024-03-22 12:10:47,971 INFO o.a.j.r.RmiUtils: Disabling SSL for RMI as server.rmi.ssl.disable is set to 'true'
2024-03-22 12:10:47,972 INFO o.a.j.r.RmiUtils: Disabling SSL for RMI as server.rmi.ssl.disable is set to 'true'
2024-03-22 12:10:47,972 INFO o.a.j.r.RmiUtils: Disabling SSL for RMI as server.rmi.ssl.disable is set to 'true'
2024-03-22 12:10:47,972 INFO o.a.j.s.BatchSampleSender: Using batching (client settings) for this run. Thresholds: num=100, time=60000
2024-03-22 12:10:47,972 INFO o.a.j.s.DataStrippingSampleSender: Using DataStrippingSampleSender for this run
2024-03-22 12:10:47,972 INFO o.a.j.r.RmiUtils: Disabling SSL for RMI as server.rmi.ssl.disable is set to 'true'
2024-03-22 12:10:47,973 INFO o.a.j.r.RmiUtils: Disabling SSL for RMI as server.rmi.ssl.disable is set to 'true'
2024-03-22 12:10:47,973 INFO o.a.j.s.BatchSampleSender: Using batching (client settings) for this run. Thresholds: num=100, time=60000
2024-03-22 12:10:47,973 INFO o.a.j.s.DataStrippingSampleSender: Using DataStrippingSampleSender for this run
2024-03-22 12:10:47,973 INFO o.a.j.r.RmiUtils: Disabling SSL for RMI as server.rmi.ssl.disable is set to 'true'
2024-03-22 12:10:47,973 INFO o.a.j.r.RmiUtils: Disabling SSL for RMI as server.rmi.ssl.disable is set to 'true'
2024-03-22 12:10:47,973 INFO o.a.j.s.BatchSampleSender: Using batching (client settings) for this run. Thresholds: num=100, time=60000
2024-03-22 12:10:47,973 INFO o.a.j.s.DataStrippingSampleSender: Using DataStrippingSampleSender for this run
2024-03-22 12:10:47,973 INFO o.a.j.r.RmiUtils: Disabling SSL for RMI as server.rmi.ssl.disable is set to 'true'
2024-03-22 12:10:47,974 INFO o.a.j.r.RmiUtils: Disabling SSL for RMI as server.rmi.ssl.disable is set to 'true'
2024-03-22 12:10:47,974 INFO o.a.j.s.BatchSampleSender: Using batching (client settings) for this run. Thresholds: num=100, time=60000
2024-03-22 12:10:47,974 INFO o.a.j.s.DataStrippingSampleSender: Using DataStrippingSampleSender for this run
2024-03-22 12:10:47,974 INFO o.a.j.r.RmiUtils: Disabling SSL for RMI as server.rmi.ssl.disable is set to 'true'
2024-03-22 12:10:47,974 INFO o.a.j.r.RmiUtils: Disabling SSL for RMI as server.rmi.ssl.disable is set to 'true'
2024-03-22 12:10:47,974 INFO o.a.j.s.BatchSampleSender: Using batching (client settings) for this run. Thresholds: num=100, time=60000
2024-03-22 12:10:47,974 INFO o.a.j.s.DataStrippingSampleSender: Using DataStrippingSampleSender for this run
2024-03-22 12:10:48,676 INFO o.a.j.e.ClientJMeterEngine: sent test to 10.35.0.13 basedir='.'
2024-03-22 12:10:48,676 INFO o.a.j.e.ClientJMeterEngine: Sending properties {}
2024-03-22 12:10:48,763 INFO o.a.j.e.ClientJMeterEngine: sent run command to 10.35.0.13
2024-03-22 12:10:48,763 INFO o.a.j.e.DistributedRunner: Remote engines have been started:[10.35.0.13]
2024-03-22 12:10:49,441 INFO o.a.j.v.b.BackendListener: Backend Listener 1: Starting worker with class: class org.apache.jmeter.visualizers.backend.influxdb.InfluxdbBackendListenerClient and queue capacity: 5000
2024-03-22 12:10:49,460 INFO o.a.j.v.b.BackendListener: Backend Listener 1: Started  worker with class: class org.apache.jmeter.visualizers.backend.influxdb.InfluxdbBackendListenerClient
2024-03-22 12:10:51,141 INFO o.a.j.v.b.BackendListener: Backend Listener 2: Starting worker with class: class rocks.nt.apm.jmeter.JMeterInfluxDBBackendListenerClient and queue capacity: 5000
2024-03-22 12:10:51,142 INFO o.a.j.v.b.BackendListener: Backend Listener 2: Started  worker with class: class rocks.nt.apm.jmeter.JMeterInfluxDBBackendListenerClient
2024-03-22 12:10:52,262 INFO o.a.j.JMeter: Started remote host:  10.35.0.13 (1711109452262)
2024-03-22 12:11:00,173 INFO o.a.j.r.Summariser: summary +    503 in 00:00:08 =   63.6/s Avg:   551 Min:    51 Max:  1299 Err:     0 (0.00%) Active: 97 Started: 97 Finished: 0
2024-03-22 12:11:30,065 INFO o.a.j.r.Summariser: summary +   7962 in 00:00:30 =  266.4/s Avg:   583 Min:    51 Max:  3395 Err:     0 (0.00%) Active: 263 Started: 263 Finished: 0
2024-03-22 12:11:30,066 INFO o.a.j.r.Summariser: summary =   8465 in 00:00:38 =  223.9/s Avg:   581 Min:    51 Max:  3395 Err:     0 (0.00%)
2024-03-22 12:12:00,275 INFO o.a.j.r.Summariser: summary +  11714 in 00:00:30 =  387.7/s Avg:   611 Min:    51 Max:  4498 Err:     0 (0.00%) Active: 349 Started: 349 Finished: 0
2024-03-22 12:12:00,276 INFO o.a.j.r.Summariser: summary =  20179 in 00:01:08 =  296.7/s Avg:   599 Min:    51 Max:  4498 Err:     0 (0.00%)
2024-03-22 12:12:30,070 INFO o.a.j.r.Summariser: summary +  12882 in 00:00:30 =  432.4/s Avg:   626 Min:    51 Max:  3922 Err:     0 (0.00%) Active: 399 Started: 399 Finished: 0
2024-03-22 12:12:30,071 INFO o.a.j.r.Summariser: summary =  33061 in 00:01:38 =  338.0/s Avg:   609 Min:    51 Max:  4498 Err:     0 (0.00%)
