2024-04-04 05:06:11,092 INFO o.a.j.u.JMeterUtils: Setting Locale to en_EN
2024-04-04 05:06:11,207 INFO o.a.j.JMeter: Loading user properties from: user.properties
2024-04-04 05:06:11,207 INFO o.a.j.JMeter: Loading system properties from: system.properties
2024-04-04 05:06:11,288 INFO o.a.j.JMeter: Setting System property: server.rmi.ssl.disable=true
2024-04-04 05:06:11,388 INFO o.a.j.JMeter: Copyright (c) 1998-2021 The Apache Software Foundation
2024-04-04 05:06:11,388 INFO o.a.j.JMeter: Version 5.4.1
2024-04-04 05:06:11,388 INFO o.a.j.JMeter: java.version=16.0.2
2024-04-04 05:06:11,388 INFO o.a.j.JMeter: java.vm.name=OpenJDK 64-Bit Server VM
2024-04-04 05:06:11,388 INFO o.a.j.JMeter: os.name=Linux
2024-04-04 05:06:11,389 INFO o.a.j.JMeter: os.arch=amd64
2024-04-04 05:06:11,389 INFO o.a.j.JMeter: os.version=6.5.0-1016-aws
2024-04-04 05:06:11,389 INFO o.a.j.JMeter: file.encoding=UTF-8
2024-04-04 05:06:11,389 INFO o.a.j.JMeter: java.awt.headless=null
2024-04-04 05:06:11,389 INFO o.a.j.JMeter: Max memory     =1073741824
2024-04-04 05:06:11,389 INFO o.a.j.JMeter: Available Processors =1
2024-04-04 05:06:11,401 INFO o.a.j.JMeter: Default Locale=English (EN)
2024-04-04 05:06:11,401 INFO o.a.j.JMeter: JMeter  Locale=English (EN)
2024-04-04 05:06:11,401 INFO o.a.j.JMeter: JMeterHome=/opt/jmeter/apache-jmeter-5.4.1
2024-04-04 05:06:11,402 INFO o.a.j.JMeter: user.dir  =/opt/jmeter/apache-jmeter-5.4.1/bin
2024-04-04 05:06:11,402 INFO o.a.j.JMeter: PWD       =/opt/jmeter/apache-jmeter-5.4.1/bin
2024-04-04 05:06:11,402 INFO o.a.j.JMeter: IP: 10.35.0.17 Name: jmeter-master04-04-10-35-00-bqzqm FullName: jmeter-master04-04-10-35-00-bqzqm
2024-04-04 05:06:11,490 INFO o.a.j.JMeter: Setting property 'jmeter.reportgenerator.outputdir' to:'/report/report-PetStoreAPIScriptDynamicBuildNumber1.jmx-2024-04-04_050508'
2024-04-04 05:06:11,494 INFO o.a.j.s.FileServer: Default base='/opt/jmeter/apache-jmeter-5.4.1/bin'
2024-04-04 05:06:11,587 INFO o.a.j.s.FileServer: Set new base='/opt/jmeter/apache-jmeter-5.4.1/bin'
2024-04-04 05:06:13,088 INFO o.a.j.s.SaveService: Testplan (JMX) version: 2.2. Testlog (JTL) version: 2.2
2024-04-04 05:06:13,293 INFO o.a.j.s.SaveService: Using SaveService properties version 5.0
2024-04-04 05:06:13,296 INFO o.a.j.s.SaveService: Using SaveService properties file encoding UTF-8
2024-04-04 05:06:13,389 INFO o.a.j.s.SaveService: Loading file: PetStoreAPIScriptDynamicBuildNumber1.jmx
2024-04-04 05:06:13,690 INFO o.a.j.p.h.c.CookieManager: Settings: Delete null: true Check: true Allow variable: true Save: false Prefix: COOKIE_
2024-04-04 05:06:13,702 INFO o.a.j.p.h.s.HTTPSamplerBase: Parser for text/html is org.apache.jmeter.protocol.http.parser.LagartoBasedHtmlParser
2024-04-04 05:06:13,702 INFO o.a.j.p.h.s.HTTPSamplerBase: Parser for application/xhtml+xml is org.apache.jmeter.protocol.http.parser.LagartoBasedHtmlParser
2024-04-04 05:06:13,702 INFO o.a.j.p.h.s.HTTPSamplerBase: Parser for application/xml is org.apache.jmeter.protocol.http.parser.LagartoBasedHtmlParser
2024-04-04 05:06:13,702 INFO o.a.j.p.h.s.HTTPSamplerBase: Parser for text/xml is org.apache.jmeter.protocol.http.parser.LagartoBasedHtmlParser
2024-04-04 05:06:13,703 INFO o.a.j.p.h.s.HTTPSamplerBase: Parser for text/vnd.wap.wml is org.apache.jmeter.protocol.http.parser.RegexpHTMLParser
2024-04-04 05:06:13,703 INFO o.a.j.p.h.s.HTTPSamplerBase: Parser for text/css is org.apache.jmeter.protocol.http.parser.CssParser
2024-04-04 05:06:14,193 INFO o.a.j.s.SampleResult: Note: Sample TimeStamps are START times
2024-04-04 05:06:14,193 INFO o.a.j.s.SampleResult: sampleresult.default.encoding is set to ISO-8859-1
2024-04-04 05:06:14,193 INFO o.a.j.s.SampleResult: sampleresult.useNanoTime=true
2024-04-04 05:06:14,193 INFO o.a.j.s.SampleResult: sampleresult.nanoThreadSleep=5000
2024-04-04 05:06:14,299 INFO o.a.j.JMeter: Creating summariser <summary>
2024-04-04 05:06:14,389 INFO o.a.j.r.d.ReportGenerator: ReportGenerator will use for Parsing the separator: ','
2024-04-04 05:06:14,389 INFO o.a.j.r.d.ReportGenerator: Will generate report at end of test from  results file: /report/PetStoreAPIScriptDynamicBuildNumber1.jmx_2024-04-04_050508.jtl
2024-04-04 05:06:14,389 INFO o.a.j.r.d.ReportGenerator: Reading report generator properties from: /opt/jmeter/apache-jmeter-5.4.1/bin/reportgenerator.properties
2024-04-04 05:06:14,390 INFO o.a.j.r.d.ReportGenerator: Merging with JMeter properties
2024-04-04 05:06:14,488 INFO o.a.j.r.c.ReportGeneratorConfiguration: Property 'jmeter.reportgenerator.temp_dir' not found, using default value 'temp' instead.
2024-04-04 05:06:14,492 INFO o.a.j.r.c.ReportGeneratorConfiguration: Property 'jmeter.reportgenerator.apdex_per_transaction' not found, using default value 'null' instead.
2024-04-04 05:06:14,492 INFO o.a.j.r.c.ReportGeneratorConfiguration: apdex_per_transaction is empty, not APDEX per transaction customization
2024-04-04 05:06:14,492 INFO o.a.j.r.c.ReportGeneratorConfiguration: Property 'jmeter.reportgenerator.sample_filter' not found, using default value 'null' instead.
2024-04-04 05:06:14,492 INFO o.a.j.r.c.ReportGeneratorConfiguration: Property 'jmeter.reportgenerator.report_title' not found, using default value 'null' instead.
2024-04-04 05:06:14,492 INFO o.a.j.r.c.ReportGeneratorConfiguration: Property 'jmeter.reportgenerator.start_date' not found, using default value 'null' instead.
2024-04-04 05:06:14,492 INFO o.a.j.r.c.ReportGeneratorConfiguration: Property 'jmeter.reportgenerator.end_date' not found, using default value 'null' instead.
2024-04-04 05:06:14,493 INFO o.a.j.r.c.ReportGeneratorConfiguration: Property 'jmeter.reportgenerator.date_format' not found, using default value 'null' instead.
2024-04-04 05:06:14,493 INFO o.a.j.r.c.ReportGeneratorConfiguration: Will use date range start date: null, end date: null
2024-04-04 05:06:14,497 INFO o.a.j.r.c.ReportGeneratorConfiguration: Property 'jmeter.reportgenerator.graph.totalTPS.exclude_controllers' not found, using default value 'false' instead.
2024-04-04 05:06:14,498 INFO o.a.j.r.c.ReportGeneratorConfiguration: Property 'jmeter.reportgenerator.graph.activeThreadsOverTime.exclude_controllers' not found, using default value 'false' instead.
2024-04-04 05:06:14,588 INFO o.a.j.r.c.ReportGeneratorConfiguration: Property 'jmeter.reportgenerator.graph.timeVsThreads.exclude_controllers' not found, using default value 'false' instead.
2024-04-04 05:06:14,588 INFO o.a.j.r.c.ReportGeneratorConfiguration: Property 'jmeter.reportgenerator.graph.responseTimeDistribution.exclude_controllers' not found, using default value 'false' instead.
2024-04-04 05:06:14,588 INFO o.a.j.r.c.ReportGeneratorConfiguration: Property 'jmeter.reportgenerator.graph.transactionsPerSecond.exclude_controllers' not found, using default value 'false' instead.
2024-04-04 05:06:14,588 INFO o.a.j.r.c.ReportGeneratorConfiguration: Property 'jmeter.reportgenerator.graph.responseTimePercentiles.exclude_controllers' not found, using default value 'false' instead.
2024-04-04 05:06:14,589 INFO o.a.j.r.c.ReportGeneratorConfiguration: Property 'jmeter.reportgenerator.graph.responseTimePercentilesOverTime.exclude_controllers' not found, using default value 'false' instead.
2024-04-04 05:06:14,589 INFO o.a.j.r.c.ReportGeneratorConfiguration: Property 'jmeter.reportgenerator.graph.responseTimesOverTime.exclude_controllers' not found, using default value 'false' instead.
2024-04-04 05:06:14,589 INFO o.a.j.r.c.ReportGeneratorConfiguration: Property 'jmeter.reportgenerator.graph.connectTimeOverTime.exclude_controllers' not found, using default value 'false' instead.
2024-04-04 05:06:14,589 INFO o.a.j.r.c.ReportGeneratorConfiguration: Property 'jmeter.reportgenerator.graph.latenciesOverTime.exclude_controllers' not found, using default value 'false' instead.
2024-04-04 05:06:14,591 INFO o.a.j.r.c.ReportGeneratorConfiguration: Property 'jmeter.reportgenerator.exporter.json.filters_only_sample_series' not found, using default value 'true' instead.
2024-04-04 05:06:14,591 INFO o.a.j.r.c.ReportGeneratorConfiguration: Property 'jmeter.reportgenerator.exporter.json.series_filter' not found, using default value '' instead.
2024-04-04 05:06:14,591 INFO o.a.j.r.c.ReportGeneratorConfiguration: Property 'jmeter.reportgenerator.exporter.json.show_controllers_only' not found, using default value 'false' instead.
2024-04-04 05:06:14,591 INFO o.a.j.r.c.ReportGeneratorConfiguration: Property 'jmeter.reportgenerator.exporter.html.filters_only_sample_series' not found, using default value 'true' instead.
2024-04-04 05:06:14,592 INFO o.a.j.r.c.ReportGeneratorConfiguration: Property 'jmeter.reportgenerator.exporter.html.series_filter' not found, using default value '' instead.
2024-04-04 05:06:14,592 INFO o.a.j.r.c.ReportGeneratorConfiguration: Property 'jmeter.reportgenerator.exporter.html.show_controllers_only' not found, using default value 'false' instead.
2024-04-04 05:06:14,596 INFO o.a.j.e.DistributedRunner: Configuring remote engine: 10.35.0.18
2024-04-04 05:06:14,688 INFO o.a.j.r.RmiUtils: Disabling SSL for RMI as server.rmi.ssl.disable is set to 'true'
2024-04-04 05:06:15,142 INFO o.a.j.e.DistributedRunner: Starting distributed test with remote engines: [10.35.0.18] @ Thu Apr 04 05:06:15 UTC 2024 (1712207175142)
2024-04-04 05:06:15,142 INFO o.a.j.e.ClientJMeterEngine: running clientengine run method
2024-04-04 05:06:15,193 INFO o.a.j.e.u.CompoundVariable: Note: Function class names must contain the string: '.functions.'
2024-04-04 05:06:15,193 INFO o.a.j.e.u.CompoundVariable: Note: Function class names must not contain the string: '.gui.'
2024-04-04 05:06:15,639 INFO o.a.j.r.RmiUtils: Disabling SSL for RMI as server.rmi.ssl.disable is set to 'true'
2024-04-04 05:06:15,639 INFO o.a.j.r.RmiUtils: Disabling SSL for RMI as server.rmi.ssl.disable is set to 'true'
2024-04-04 05:06:15,642 INFO o.a.j.s.SampleEvent: List of sample_variables: []
2024-04-04 05:06:15,693 INFO o.a.j.s.BatchSampleSender: Using batching (client settings) for this run. Thresholds: num=100, time=60000
2024-04-04 05:06:15,737 INFO o.a.j.s.DataStrippingSampleSender: Using DataStrippingSampleSender for this run
2024-04-04 05:06:15,739 INFO o.a.j.r.RmiUtils: Disabling SSL for RMI as server.rmi.ssl.disable is set to 'true'
2024-04-04 05:06:15,739 INFO o.a.j.r.RmiUtils: Disabling SSL for RMI as server.rmi.ssl.disable is set to 'true'
2024-04-04 05:06:20,192 INFO o.a.j.r.RmiUtils: Disabling SSL for RMI as server.rmi.ssl.disable is set to 'true'
2024-04-04 05:06:20,193 INFO o.a.j.r.RmiUtils: Disabling SSL for RMI as server.rmi.ssl.disable is set to 'true'
2024-04-04 05:06:20,193 INFO o.a.j.r.RmiUtils: Disabling SSL for RMI as server.rmi.ssl.disable is set to 'true'
2024-04-04 05:06:20,194 INFO o.a.j.r.RmiUtils: Disabling SSL for RMI as server.rmi.ssl.disable is set to 'true'
2024-04-04 05:06:20,194 INFO o.a.j.s.BatchSampleSender: Using batching (client settings) for this run. Thresholds: num=100, time=60000
2024-04-04 05:06:20,194 INFO o.a.j.s.DataStrippingSampleSender: Using DataStrippingSampleSender for this run
2024-04-04 05:06:20,194 INFO o.a.j.r.RmiUtils: Disabling SSL for RMI as server.rmi.ssl.disable is set to 'true'
2024-04-04 05:06:20,194 INFO o.a.j.r.RmiUtils: Disabling SSL for RMI as server.rmi.ssl.disable is set to 'true'
2024-04-04 05:06:20,194 INFO o.a.j.s.BatchSampleSender: Using batching (client settings) for this run. Thresholds: num=100, time=60000
2024-04-04 05:06:20,194 INFO o.a.j.s.DataStrippingSampleSender: Using DataStrippingSampleSender for this run
2024-04-04 05:06:20,194 INFO o.a.j.r.RmiUtils: Disabling SSL for RMI as server.rmi.ssl.disable is set to 'true'
2024-04-04 05:06:20,195 INFO o.a.j.r.RmiUtils: Disabling SSL for RMI as server.rmi.ssl.disable is set to 'true'
2024-04-04 05:06:20,195 INFO o.a.j.s.BatchSampleSender: Using batching (client settings) for this run. Thresholds: num=100, time=60000
2024-04-04 05:06:20,195 INFO o.a.j.s.DataStrippingSampleSender: Using DataStrippingSampleSender for this run
2024-04-04 05:06:20,195 INFO o.a.j.r.RmiUtils: Disabling SSL for RMI as server.rmi.ssl.disable is set to 'true'
2024-04-04 05:06:20,195 INFO o.a.j.r.RmiUtils: Disabling SSL for RMI as server.rmi.ssl.disable is set to 'true'
2024-04-04 05:06:20,195 INFO o.a.j.s.BatchSampleSender: Using batching (client settings) for this run. Thresholds: num=100, time=60000
2024-04-04 05:06:20,195 INFO o.a.j.s.DataStrippingSampleSender: Using DataStrippingSampleSender for this run
2024-04-04 05:06:20,195 INFO o.a.j.r.RmiUtils: Disabling SSL for RMI as server.rmi.ssl.disable is set to 'true'
2024-04-04 05:06:20,196 INFO o.a.j.r.RmiUtils: Disabling SSL for RMI as server.rmi.ssl.disable is set to 'true'
2024-04-04 05:06:20,196 INFO o.a.j.s.BatchSampleSender: Using batching (client settings) for this run. Thresholds: num=100, time=60000
2024-04-04 05:06:20,196 INFO o.a.j.s.DataStrippingSampleSender: Using DataStrippingSampleSender for this run
2024-04-04 05:06:21,188 INFO o.a.j.e.ClientJMeterEngine: sent test to 10.35.0.18 basedir='.'
2024-04-04 05:06:21,188 INFO o.a.j.e.ClientJMeterEngine: Sending properties {}
2024-04-04 05:06:21,191 INFO o.a.j.e.ClientJMeterEngine: sent run command to 10.35.0.18
2024-04-04 05:06:21,191 INFO o.a.j.e.DistributedRunner: Remote engines have been started:[10.35.0.18]
2024-04-04 05:06:22,038 INFO o.a.j.v.b.BackendListener: Backend Listener 1: Starting worker with class: class org.apache.jmeter.visualizers.backend.influxdb.InfluxdbBackendListenerClient and queue capacity: 5000
2024-04-04 05:06:22,039 INFO o.a.j.v.b.BackendListener: Backend Listener 1: Started  worker with class: class org.apache.jmeter.visualizers.backend.influxdb.InfluxdbBackendListenerClient
2024-04-04 05:06:24,147 INFO o.a.j.v.b.BackendListener: Backend Listener 2: Starting worker with class: class rocks.nt.apm.jmeter.JMeterInfluxDBBackendListenerClient and queue capacity: 5000
2024-04-04 05:06:24,155 INFO o.a.j.v.b.BackendListener: Backend Listener 2: Started  worker with class: class rocks.nt.apm.jmeter.JMeterInfluxDBBackendListenerClient
2024-04-04 05:06:25,141 INFO o.a.j.JMeter: Started remote host:  10.35.0.18 (1712207185141)
2024-04-04 05:06:30,496 INFO o.a.j.r.Summariser: summary +      1 in 00:00:05 =    0.2/s Avg:  4389 Min:  4389 Max:  4389 Err:     0 (0.00%) Active: 10 Started: 10 Finished: 0
2024-04-04 05:07:01,092 INFO o.a.j.r.Summariser: summary +   1326 in 00:00:31 =   43.3/s Avg:   239 Min:   191 Max:  4391 Err:   194 (14.63%) Active: 10 Started: 10 Finished: 0
2024-04-04 05:07:01,188 INFO o.a.j.r.Summariser: summary =   1327 in 00:00:36 =   36.9/s Avg:   242 Min:   191 Max:  4391 Err:   194 (14.62%)
2024-04-04 05:07:31,231 INFO o.a.j.r.Summariser: summary +   1398 in 00:00:30 =   46.4/s Avg:   214 Min:   191 Max:  1202 Err:   202 (14.45%) Active: 10 Started: 10 Finished: 0
2024-04-04 05:07:31,231 INFO o.a.j.r.Summariser: summary =   2725 in 00:01:06 =   41.2/s Avg:   228 Min:   191 Max:  4391 Err:   396 (14.53%)
2024-04-04 05:08:01,354 INFO o.a.j.r.Summariser: summary +   1477 in 00:00:30 =   49.0/s Avg:   203 Min:   192 Max:   280 Err:   235 (15.91%) Active: 10 Started: 10 Finished: 0
2024-04-04 05:08:01,439 INFO o.a.j.r.Summariser: summary =   4202 in 00:01:36 =   43.7/s Avg:   219 Min:   191 Max:  4391 Err:   631 (15.02%)
2024-04-04 05:08:30,708 INFO o.a.j.r.Summariser: summary +   1403 in 00:00:29 =   47.8/s Avg:   207 Min:   192 Max:  1054 Err:   187 (13.33%) Active: 10 Started: 10 Finished: 0
2024-04-04 05:08:30,709 INFO o.a.j.r.Summariser: summary =   5605 in 00:02:06 =   44.6/s Avg:   216 Min:   191 Max:  4391 Err:   818 (14.59%)
2024-04-04 05:09:01,553 INFO o.a.j.r.Summariser: summary +   1476 in 00:00:31 =   47.9/s Avg:   208 Min:   192 Max:   292 Err:   215 (14.57%) Active: 10 Started: 10 Finished: 0
2024-04-04 05:09:01,553 INFO o.a.j.r.Summariser: summary =   7081 in 00:02:36 =   45.3/s Avg:   214 Min:   191 Max:  4391 Err:  1033 (14.59%)
2024-04-04 05:09:31,561 INFO o.a.j.r.Summariser: summary +   1400 in 00:00:30 =   46.7/s Avg:   213 Min:   191 Max:  1188 Err:   222 (15.86%) Active: 10 Started: 10 Finished: 0
2024-04-04 05:09:31,561 INFO o.a.j.r.Summariser: summary =   8481 in 00:03:06 =   45.5/s Avg:   214 Min:   191 Max:  4391 Err:  1255 (14.80%)
2024-04-04 05:10:00,438 INFO o.a.j.r.Summariser: summary +   1401 in 00:00:29 =   48.5/s Avg:   205 Min:   191 Max:   279 Err:   196 (13.99%) Active: 10 Started: 10 Finished: 0
2024-04-04 05:10:00,439 INFO o.a.j.r.Summariser: summary =   9882 in 00:03:35 =   45.9/s Avg:   213 Min:   191 Max:  4391 Err:  1451 (14.68%)
2024-04-04 05:10:31,268 INFO o.a.j.r.Summariser: summary +   1476 in 00:00:31 =   47.9/s Avg:   208 Min:   191 Max:   743 Err:   219 (14.84%) Active: 10 Started: 10 Finished: 0
2024-04-04 05:10:31,269 INFO o.a.j.r.Summariser: summary =  11358 in 00:04:06 =   46.1/s Avg:   212 Min:   191 Max:  4391 Err:  1670 (14.70%)
