2024-03-26 09:27:43,839 INFO o.a.j.u.JMeterUtils: Setting Locale to en_EN
2024-03-26 09:27:43,942 INFO o.a.j.JMeter: Loading user properties from: user.properties
2024-03-26 09:27:43,943 INFO o.a.j.JMeter: Loading system properties from: system.properties
2024-03-26 09:27:43,943 INFO o.a.j.JMeter: Setting System property: server.rmi.ssl.disable=true
2024-03-26 09:27:44,035 INFO o.a.j.JMeter: Copyright (c) 1998-2021 The Apache Software Foundation
2024-03-26 09:27:44,036 INFO o.a.j.JMeter: Version 5.4.1
2024-03-26 09:27:44,036 INFO o.a.j.JMeter: java.version=16.0.2
2024-03-26 09:27:44,036 INFO o.a.j.JMeter: java.vm.name=OpenJDK 64-Bit Server VM
2024-03-26 09:27:44,036 INFO o.a.j.JMeter: os.name=Linux
2024-03-26 09:27:44,036 INFO o.a.j.JMeter: os.arch=amd64
2024-03-26 09:27:44,036 INFO o.a.j.JMeter: os.version=6.5.0-1015-aws
2024-03-26 09:27:44,036 INFO o.a.j.JMeter: file.encoding=UTF-8
2024-03-26 09:27:44,036 INFO o.a.j.JMeter: java.awt.headless=null
2024-03-26 09:27:44,036 INFO o.a.j.JMeter: Max memory     =1073741824
2024-03-26 09:27:44,037 INFO o.a.j.JMeter: Available Processors =1
2024-03-26 09:27:44,137 INFO o.a.j.JMeter: Default Locale=English (EN)
2024-03-26 09:27:44,138 INFO o.a.j.JMeter: JMeter  Locale=English (EN)
2024-03-26 09:27:44,138 INFO o.a.j.JMeter: JMeterHome=/opt/jmeter/apache-jmeter-5.4.1
2024-03-26 09:27:44,138 INFO o.a.j.JMeter: user.dir  =/opt/jmeter/apache-jmeter-5.4.1/bin
2024-03-26 09:27:44,138 INFO o.a.j.JMeter: PWD       =/opt/jmeter/apache-jmeter-5.4.1/bin
2024-03-26 09:27:44,138 INFO o.a.j.JMeter: IP: 10.35.0.12 Name: jmeter-master03-26-14-56-26-z5jtd FullName: jmeter-master03-26-14-56-26-z5jtd
2024-03-26 09:27:44,234 INFO o.a.j.JMeter: Setting property 'jmeter.reportgenerator.outputdir' to:'/report/report-PetStoreAPIScriptDynamicBuildNumber1.jmx-2024-03-26_092638'
2024-03-26 09:27:44,237 INFO o.a.j.s.FileServer: Default base='/opt/jmeter/apache-jmeter-5.4.1/bin'
2024-03-26 09:27:44,238 INFO o.a.j.s.FileServer: Set new base='/opt/jmeter/apache-jmeter-5.4.1/bin'
2024-03-26 09:27:45,637 INFO o.a.j.s.SaveService: Testplan (JMX) version: 2.2. Testlog (JTL) version: 2.2
2024-03-26 09:27:45,835 INFO o.a.j.s.SaveService: Using SaveService properties version 5.0
2024-03-26 09:27:45,838 INFO o.a.j.s.SaveService: Using SaveService properties file encoding UTF-8
2024-03-26 09:27:45,933 INFO o.a.j.s.SaveService: Loading file: PetStoreAPIScriptDynamicBuildNumber1.jmx
2024-03-26 09:27:46,236 INFO o.a.j.p.h.c.CookieManager: Settings: Delete null: true Check: true Allow variable: true Save: false Prefix: COOKIE_
2024-03-26 09:27:46,337 INFO o.a.j.p.h.s.HTTPSamplerBase: Parser for text/html is org.apache.jmeter.protocol.http.parser.LagartoBasedHtmlParser
2024-03-26 09:27:46,338 INFO o.a.j.p.h.s.HTTPSamplerBase: Parser for application/xhtml+xml is org.apache.jmeter.protocol.http.parser.LagartoBasedHtmlParser
2024-03-26 09:27:46,338 INFO o.a.j.p.h.s.HTTPSamplerBase: Parser for application/xml is org.apache.jmeter.protocol.http.parser.LagartoBasedHtmlParser
2024-03-26 09:27:46,338 INFO o.a.j.p.h.s.HTTPSamplerBase: Parser for text/xml is org.apache.jmeter.protocol.http.parser.LagartoBasedHtmlParser
2024-03-26 09:27:46,338 INFO o.a.j.p.h.s.HTTPSamplerBase: Parser for text/vnd.wap.wml is org.apache.jmeter.protocol.http.parser.RegexpHTMLParser
2024-03-26 09:27:46,338 INFO o.a.j.p.h.s.HTTPSamplerBase: Parser for text/css is org.apache.jmeter.protocol.http.parser.CssParser
2024-03-26 09:27:46,733 INFO o.a.j.s.SampleResult: Note: Sample TimeStamps are START times
2024-03-26 09:27:46,733 INFO o.a.j.s.SampleResult: sampleresult.default.encoding is set to ISO-8859-1
2024-03-26 09:27:46,733 INFO o.a.j.s.SampleResult: sampleresult.useNanoTime=true
2024-03-26 09:27:46,733 INFO o.a.j.s.SampleResult: sampleresult.nanoThreadSleep=5000
2024-03-26 09:27:46,935 INFO o.a.j.JMeter: Creating summariser <summary>
2024-03-26 09:27:46,940 INFO o.a.j.r.d.ReportGenerator: ReportGenerator will use for Parsing the separator: ','
2024-03-26 09:27:46,940 INFO o.a.j.r.d.ReportGenerator: Will generate report at end of test from  results file: /report/PetStoreAPIScriptDynamicBuildNumber1.jmx_2024-03-26_092638.jtl
2024-03-26 09:27:46,941 INFO o.a.j.r.d.ReportGenerator: Reading report generator properties from: /opt/jmeter/apache-jmeter-5.4.1/bin/reportgenerator.properties
2024-03-26 09:27:46,942 INFO o.a.j.r.d.ReportGenerator: Merging with JMeter properties
2024-03-26 09:27:47,032 INFO o.a.j.r.c.ReportGeneratorConfiguration: Property 'jmeter.reportgenerator.temp_dir' not found, using default value 'temp' instead.
2024-03-26 09:27:47,035 INFO o.a.j.r.c.ReportGeneratorConfiguration: Property 'jmeter.reportgenerator.apdex_per_transaction' not found, using default value 'null' instead.
2024-03-26 09:27:47,035 INFO o.a.j.r.c.ReportGeneratorConfiguration: apdex_per_transaction is empty, not APDEX per transaction customization
2024-03-26 09:27:47,036 INFO o.a.j.r.c.ReportGeneratorConfiguration: Property 'jmeter.reportgenerator.sample_filter' not found, using default value 'null' instead.
2024-03-26 09:27:47,036 INFO o.a.j.r.c.ReportGeneratorConfiguration: Property 'jmeter.reportgenerator.report_title' not found, using default value 'null' instead.
2024-03-26 09:27:47,036 INFO o.a.j.r.c.ReportGeneratorConfiguration: Property 'jmeter.reportgenerator.start_date' not found, using default value 'null' instead.
2024-03-26 09:27:47,036 INFO o.a.j.r.c.ReportGeneratorConfiguration: Property 'jmeter.reportgenerator.end_date' not found, using default value 'null' instead.
2024-03-26 09:27:47,036 INFO o.a.j.r.c.ReportGeneratorConfiguration: Property 'jmeter.reportgenerator.date_format' not found, using default value 'null' instead.
2024-03-26 09:27:47,037 INFO o.a.j.r.c.ReportGeneratorConfiguration: Will use date range start date: null, end date: null
2024-03-26 09:27:47,041 INFO o.a.j.r.c.ReportGeneratorConfiguration: Property 'jmeter.reportgenerator.graph.totalTPS.exclude_controllers' not found, using default value 'false' instead.
2024-03-26 09:27:47,131 INFO o.a.j.r.c.ReportGeneratorConfiguration: Property 'jmeter.reportgenerator.graph.activeThreadsOverTime.exclude_controllers' not found, using default value 'false' instead.
2024-03-26 09:27:47,131 INFO o.a.j.r.c.ReportGeneratorConfiguration: Property 'jmeter.reportgenerator.graph.timeVsThreads.exclude_controllers' not found, using default value 'false' instead.
2024-03-26 09:27:47,131 INFO o.a.j.r.c.ReportGeneratorConfiguration: Property 'jmeter.reportgenerator.graph.responseTimeDistribution.exclude_controllers' not found, using default value 'false' instead.
2024-03-26 09:27:47,132 INFO o.a.j.r.c.ReportGeneratorConfiguration: Property 'jmeter.reportgenerator.graph.transactionsPerSecond.exclude_controllers' not found, using default value 'false' instead.
2024-03-26 09:27:47,132 INFO o.a.j.r.c.ReportGeneratorConfiguration: Property 'jmeter.reportgenerator.graph.responseTimePercentiles.exclude_controllers' not found, using default value 'false' instead.
2024-03-26 09:27:47,132 INFO o.a.j.r.c.ReportGeneratorConfiguration: Property 'jmeter.reportgenerator.graph.responseTimePercentilesOverTime.exclude_controllers' not found, using default value 'false' instead.
2024-03-26 09:27:47,132 INFO o.a.j.r.c.ReportGeneratorConfiguration: Property 'jmeter.reportgenerator.graph.responseTimesOverTime.exclude_controllers' not found, using default value 'false' instead.
2024-03-26 09:27:47,132 INFO o.a.j.r.c.ReportGeneratorConfiguration: Property 'jmeter.reportgenerator.graph.connectTimeOverTime.exclude_controllers' not found, using default value 'false' instead.
2024-03-26 09:27:47,133 INFO o.a.j.r.c.ReportGeneratorConfiguration: Property 'jmeter.reportgenerator.graph.latenciesOverTime.exclude_controllers' not found, using default value 'false' instead.
2024-03-26 09:27:47,134 INFO o.a.j.r.c.ReportGeneratorConfiguration: Property 'jmeter.reportgenerator.exporter.json.filters_only_sample_series' not found, using default value 'true' instead.
2024-03-26 09:27:47,134 INFO o.a.j.r.c.ReportGeneratorConfiguration: Property 'jmeter.reportgenerator.exporter.json.series_filter' not found, using default value '' instead.
2024-03-26 09:27:47,135 INFO o.a.j.r.c.ReportGeneratorConfiguration: Property 'jmeter.reportgenerator.exporter.json.show_controllers_only' not found, using default value 'false' instead.
2024-03-26 09:27:47,136 INFO o.a.j.r.c.ReportGeneratorConfiguration: Property 'jmeter.reportgenerator.exporter.html.filters_only_sample_series' not found, using default value 'true' instead.
2024-03-26 09:27:47,136 INFO o.a.j.r.c.ReportGeneratorConfiguration: Property 'jmeter.reportgenerator.exporter.html.series_filter' not found, using default value '' instead.
2024-03-26 09:27:47,136 INFO o.a.j.r.c.ReportGeneratorConfiguration: Property 'jmeter.reportgenerator.exporter.html.show_controllers_only' not found, using default value 'false' instead.
2024-03-26 09:27:47,139 INFO o.a.j.e.DistributedRunner: Configuring remote engine: 10.35.0.13
2024-03-26 09:27:47,141 INFO o.a.j.r.RmiUtils: Disabling SSL for RMI as server.rmi.ssl.disable is set to 'true'
2024-03-26 09:27:47,639 INFO o.a.j.e.DistributedRunner: Starting distributed test with remote engines: [10.35.0.13] @ Tue Mar 26 09:27:47 UTC 2024 (1711445267639)
2024-03-26 09:27:47,640 INFO o.a.j.e.ClientJMeterEngine: running clientengine run method
2024-03-26 09:27:47,734 INFO o.a.j.e.u.CompoundVariable: Note: Function class names must contain the string: '.functions.'
2024-03-26 09:27:47,735 INFO o.a.j.e.u.CompoundVariable: Note: Function class names must not contain the string: '.gui.'
2024-03-26 09:27:48,142 INFO o.a.j.r.RmiUtils: Disabling SSL for RMI as server.rmi.ssl.disable is set to 'true'
2024-03-26 09:27:48,142 INFO o.a.j.r.RmiUtils: Disabling SSL for RMI as server.rmi.ssl.disable is set to 'true'
2024-03-26 09:27:48,144 INFO o.a.j.s.SampleEvent: List of sample_variables: []
2024-03-26 09:27:48,243 INFO o.a.j.s.BatchSampleSender: Using batching (client settings) for this run. Thresholds: num=100, time=60000
2024-03-26 09:27:48,243 INFO o.a.j.s.DataStrippingSampleSender: Using DataStrippingSampleSender for this run
2024-03-26 09:27:48,245 INFO o.a.j.r.RmiUtils: Disabling SSL for RMI as server.rmi.ssl.disable is set to 'true'
2024-03-26 09:27:48,245 INFO o.a.j.r.RmiUtils: Disabling SSL for RMI as server.rmi.ssl.disable is set to 'true'
2024-03-26 09:27:53,147 INFO o.a.j.r.RmiUtils: Disabling SSL for RMI as server.rmi.ssl.disable is set to 'true'
2024-03-26 09:27:53,147 INFO o.a.j.r.RmiUtils: Disabling SSL for RMI as server.rmi.ssl.disable is set to 'true'
2024-03-26 09:27:53,148 INFO o.a.j.r.RmiUtils: Disabling SSL for RMI as server.rmi.ssl.disable is set to 'true'
2024-03-26 09:27:53,148 INFO o.a.j.r.RmiUtils: Disabling SSL for RMI as server.rmi.ssl.disable is set to 'true'
2024-03-26 09:27:53,148 INFO o.a.j.s.BatchSampleSender: Using batching (client settings) for this run. Thresholds: num=100, time=60000
2024-03-26 09:27:53,148 INFO o.a.j.s.DataStrippingSampleSender: Using DataStrippingSampleSender for this run
2024-03-26 09:27:53,148 INFO o.a.j.r.RmiUtils: Disabling SSL for RMI as server.rmi.ssl.disable is set to 'true'
2024-03-26 09:27:53,148 INFO o.a.j.r.RmiUtils: Disabling SSL for RMI as server.rmi.ssl.disable is set to 'true'
2024-03-26 09:27:53,149 INFO o.a.j.s.BatchSampleSender: Using batching (client settings) for this run. Thresholds: num=100, time=60000
2024-03-26 09:27:53,149 INFO o.a.j.s.DataStrippingSampleSender: Using DataStrippingSampleSender for this run
2024-03-26 09:27:53,149 INFO o.a.j.r.RmiUtils: Disabling SSL for RMI as server.rmi.ssl.disable is set to 'true'
2024-03-26 09:27:53,149 INFO o.a.j.r.RmiUtils: Disabling SSL for RMI as server.rmi.ssl.disable is set to 'true'
2024-03-26 09:27:53,231 INFO o.a.j.s.BatchSampleSender: Using batching (client settings) for this run. Thresholds: num=100, time=60000
2024-03-26 09:27:53,231 INFO o.a.j.s.DataStrippingSampleSender: Using DataStrippingSampleSender for this run
2024-03-26 09:27:53,231 INFO o.a.j.r.RmiUtils: Disabling SSL for RMI as server.rmi.ssl.disable is set to 'true'
2024-03-26 09:27:53,231 INFO o.a.j.r.RmiUtils: Disabling SSL for RMI as server.rmi.ssl.disable is set to 'true'
2024-03-26 09:27:53,231 INFO o.a.j.s.BatchSampleSender: Using batching (client settings) for this run. Thresholds: num=100, time=60000
2024-03-26 09:27:53,231 INFO o.a.j.s.DataStrippingSampleSender: Using DataStrippingSampleSender for this run
2024-03-26 09:27:53,231 INFO o.a.j.r.RmiUtils: Disabling SSL for RMI as server.rmi.ssl.disable is set to 'true'
2024-03-26 09:27:53,231 INFO o.a.j.r.RmiUtils: Disabling SSL for RMI as server.rmi.ssl.disable is set to 'true'
2024-03-26 09:27:53,232 INFO o.a.j.s.BatchSampleSender: Using batching (client settings) for this run. Thresholds: num=100, time=60000
2024-03-26 09:27:53,232 INFO o.a.j.s.DataStrippingSampleSender: Using DataStrippingSampleSender for this run
2024-03-26 09:27:54,124 INFO o.a.j.e.ClientJMeterEngine: sent test to 10.35.0.13 basedir='.'
2024-03-26 09:27:54,124 INFO o.a.j.e.ClientJMeterEngine: Sending properties {}
2024-03-26 09:27:54,127 INFO o.a.j.e.ClientJMeterEngine: sent run command to 10.35.0.13
2024-03-26 09:27:54,128 INFO o.a.j.e.DistributedRunner: Remote engines have been started:[10.35.0.13]
2024-03-26 09:27:54,794 INFO o.a.j.v.b.BackendListener: Backend Listener 1: Starting worker with class: class org.apache.jmeter.visualizers.backend.influxdb.InfluxdbBackendListenerClient and queue capacity: 5000
2024-03-26 09:27:54,796 INFO o.a.j.v.b.BackendListener: Backend Listener 1: Started  worker with class: class org.apache.jmeter.visualizers.backend.influxdb.InfluxdbBackendListenerClient
2024-03-26 09:27:56,540 INFO o.a.j.v.b.BackendListener: Backend Listener 2: Starting worker with class: class rocks.nt.apm.jmeter.JMeterInfluxDBBackendListenerClient and queue capacity: 5000
2024-03-26 09:27:56,632 INFO o.a.j.v.b.BackendListener: Backend Listener 2: Started  worker with class: class rocks.nt.apm.jmeter.JMeterInfluxDBBackendListenerClient
2024-03-26 09:27:57,931 INFO o.a.j.JMeter: Started remote host:  10.35.0.13 (1711445277931)
2024-03-26 09:28:03,433 INFO o.a.j.r.Summariser: summary +      1 in 00:00:06 =    0.2/s Avg:  4310 Min:  4310 Max:  4310 Err:     0 (0.00%) Active: 10 Started: 10 Finished: 0
2024-03-26 09:28:30,031 INFO o.a.j.r.Summariser: summary +   1170 in 00:00:27 =   44.0/s Avg:   238 Min:   190 Max:  4414 Err:   137 (11.71%) Active: 10 Started: 10 Finished: 0
2024-03-26 09:28:30,032 INFO o.a.j.r.Summariser: summary =   1171 in 00:00:32 =   36.5/s Avg:   241 Min:   190 Max:  4414 Err:   137 (11.70%)
2024-03-26 09:29:01,031 INFO o.a.j.r.Summariser: summary +   1477 in 00:00:31 =   47.6/s Avg:   204 Min:   190 Max:   278 Err:   235 (15.91%) Active: 10 Started: 10 Finished: 0
2024-03-26 09:29:01,094 INFO o.a.j.r.Summariser: summary =   2648 in 00:01:03 =   42.0/s Avg:   220 Min:   190 Max:  4414 Err:   372 (14.05%)
2024-03-26 09:29:31,332 INFO o.a.j.r.Summariser: summary +   1477 in 00:00:30 =   48.7/s Avg:   208 Min:   188 Max:   925 Err:   203 (13.74%) Active: 10 Started: 10 Finished: 0
2024-03-26 09:29:31,332 INFO o.a.j.r.Summariser: summary =   4125 in 00:01:33 =   44.2/s Avg:   216 Min:   188 Max:  4414 Err:   575 (13.94%)
2024-03-26 09:30:01,313 INFO o.a.j.r.Summariser: summary +   1401 in 00:00:30 =   46.7/s Avg:   204 Min:   188 Max:   293 Err:   214 (15.27%) Active: 10 Started: 10 Finished: 0
2024-03-26 09:30:01,313 INFO o.a.j.r.Summariser: summary =   5526 in 00:02:03 =   44.8/s Avg:   213 Min:   188 Max:  4414 Err:   789 (14.28%)
2024-03-26 09:30:30,985 INFO o.a.j.r.Summariser: summary +   1398 in 00:00:30 =   47.1/s Avg:   219 Min:   189 Max:  1563 Err:   211 (15.09%) Active: 10 Started: 10 Finished: 0
2024-03-26 09:30:30,986 INFO o.a.j.r.Summariser: summary =   6924 in 00:02:33 =   45.2/s Avg:   214 Min:   188 Max:  4414 Err:  1000 (14.44%)
