2024-04-04 10:26:38,105 INFO o.a.j.u.JMeterUtils: Setting Locale to en_EN
2024-04-04 10:26:38,305 INFO o.a.j.JMeter: Loading user properties from: user.properties
2024-04-04 10:26:38,305 INFO o.a.j.JMeter: Loading system properties from: system.properties
2024-04-04 10:26:38,305 INFO o.a.j.JMeter: Setting System property: server.rmi.ssl.disable=true
2024-04-04 10:26:38,402 INFO o.a.j.JMeter: Copyright (c) 1998-2021 The Apache Software Foundation
2024-04-04 10:26:38,402 INFO o.a.j.JMeter: Version 5.4.1
2024-04-04 10:26:38,403 INFO o.a.j.JMeter: java.version=16.0.2
2024-04-04 10:26:38,403 INFO o.a.j.JMeter: java.vm.name=OpenJDK 64-Bit Server VM
2024-04-04 10:26:38,403 INFO o.a.j.JMeter: os.name=Linux
2024-04-04 10:26:38,403 INFO o.a.j.JMeter: os.arch=amd64
2024-04-04 10:26:38,496 INFO o.a.j.JMeter: os.version=6.5.0-1016-aws
2024-04-04 10:26:38,497 INFO o.a.j.JMeter: file.encoding=UTF-8
2024-04-04 10:26:38,497 INFO o.a.j.JMeter: java.awt.headless=null
2024-04-04 10:26:38,497 INFO o.a.j.JMeter: Max memory     =1073741824
2024-04-04 10:26:38,497 INFO o.a.j.JMeter: Available Processors =1
2024-04-04 10:26:38,508 INFO o.a.j.JMeter: Default Locale=English (EN)
2024-04-04 10:26:38,508 INFO o.a.j.JMeter: JMeter  Locale=English (EN)
2024-04-04 10:26:38,509 INFO o.a.j.JMeter: JMeterHome=/opt/jmeter/apache-jmeter-5.4.1
2024-04-04 10:26:38,509 INFO o.a.j.JMeter: user.dir  =/opt/jmeter/apache-jmeter-5.4.1/bin
2024-04-04 10:26:38,509 INFO o.a.j.JMeter: PWD       =/opt/jmeter/apache-jmeter-5.4.1/bin
2024-04-04 10:26:38,509 INFO o.a.j.JMeter: IP: 10.35.0.12 Name: jmeter-master04-04-15-55-28-99sft FullName: jmeter-master04-04-15-55-28-99sft
2024-04-04 10:26:38,598 INFO o.a.j.JMeter: Setting property 'jmeter.reportgenerator.outputdir' to:'/report/report-PetStoreAPIScriptDynamicBuildNumber1.jmx-2024-04-04_102534'
2024-04-04 10:26:38,601 INFO o.a.j.s.FileServer: Default base='/opt/jmeter/apache-jmeter-5.4.1/bin'
2024-04-04 10:26:38,602 INFO o.a.j.s.FileServer: Set new base='/opt/jmeter/apache-jmeter-5.4.1/bin'
2024-04-04 10:26:40,104 INFO o.a.j.s.SaveService: Testplan (JMX) version: 2.2. Testlog (JTL) version: 2.2
2024-04-04 10:26:40,307 INFO o.a.j.s.SaveService: Using SaveService properties version 5.0
2024-04-04 10:26:40,400 INFO o.a.j.s.SaveService: Using SaveService properties file encoding UTF-8
2024-04-04 10:26:40,404 INFO o.a.j.s.SaveService: Loading file: PetStoreAPIScriptDynamicBuildNumber1.jmx
2024-04-04 10:26:40,709 INFO o.a.j.p.h.c.CookieManager: Settings: Delete null: true Check: true Allow variable: true Save: false Prefix: COOKIE_
2024-04-04 10:26:40,806 INFO o.a.j.p.h.s.HTTPSamplerBase: Parser for text/html is org.apache.jmeter.protocol.http.parser.LagartoBasedHtmlParser
2024-04-04 10:26:40,806 INFO o.a.j.p.h.s.HTTPSamplerBase: Parser for application/xhtml+xml is org.apache.jmeter.protocol.http.parser.LagartoBasedHtmlParser
2024-04-04 10:26:40,807 INFO o.a.j.p.h.s.HTTPSamplerBase: Parser for application/xml is org.apache.jmeter.protocol.http.parser.LagartoBasedHtmlParser
2024-04-04 10:26:40,807 INFO o.a.j.p.h.s.HTTPSamplerBase: Parser for text/xml is org.apache.jmeter.protocol.http.parser.LagartoBasedHtmlParser
2024-04-04 10:26:40,807 INFO o.a.j.p.h.s.HTTPSamplerBase: Parser for text/vnd.wap.wml is org.apache.jmeter.protocol.http.parser.RegexpHTMLParser
2024-04-04 10:26:40,807 INFO o.a.j.p.h.s.HTTPSamplerBase: Parser for text/css is org.apache.jmeter.protocol.http.parser.CssParser
2024-04-04 10:26:41,207 INFO o.a.j.s.SampleResult: Note: Sample TimeStamps are START times
2024-04-04 10:26:41,297 INFO o.a.j.s.SampleResult: sampleresult.default.encoding is set to ISO-8859-1
2024-04-04 10:26:41,297 INFO o.a.j.s.SampleResult: sampleresult.useNanoTime=true
2024-04-04 10:26:41,297 INFO o.a.j.s.SampleResult: sampleresult.nanoThreadSleep=5000
2024-04-04 10:26:41,403 INFO o.a.j.JMeter: Creating summariser <summary>
2024-04-04 10:26:41,497 INFO o.a.j.r.d.ReportGenerator: ReportGenerator will use for Parsing the separator: ','
2024-04-04 10:26:41,498 INFO o.a.j.r.d.ReportGenerator: Will generate report at end of test from  results file: /report/PetStoreAPIScriptDynamicBuildNumber1.jmx_2024-04-04_102534.jtl
2024-04-04 10:26:41,498 INFO o.a.j.r.d.ReportGenerator: Reading report generator properties from: /opt/jmeter/apache-jmeter-5.4.1/bin/reportgenerator.properties
2024-04-04 10:26:41,499 INFO o.a.j.r.d.ReportGenerator: Merging with JMeter properties
2024-04-04 10:26:41,504 INFO o.a.j.r.c.ReportGeneratorConfiguration: Property 'jmeter.reportgenerator.temp_dir' not found, using default value 'temp' instead.
2024-04-04 10:26:41,507 INFO o.a.j.r.c.ReportGeneratorConfiguration: Property 'jmeter.reportgenerator.apdex_per_transaction' not found, using default value 'null' instead.
2024-04-04 10:26:41,507 INFO o.a.j.r.c.ReportGeneratorConfiguration: apdex_per_transaction is empty, not APDEX per transaction customization
2024-04-04 10:26:41,508 INFO o.a.j.r.c.ReportGeneratorConfiguration: Property 'jmeter.reportgenerator.sample_filter' not found, using default value 'null' instead.
2024-04-04 10:26:41,508 INFO o.a.j.r.c.ReportGeneratorConfiguration: Property 'jmeter.reportgenerator.report_title' not found, using default value 'null' instead.
2024-04-04 10:26:41,508 INFO o.a.j.r.c.ReportGeneratorConfiguration: Property 'jmeter.reportgenerator.start_date' not found, using default value 'null' instead.
2024-04-04 10:26:41,508 INFO o.a.j.r.c.ReportGeneratorConfiguration: Property 'jmeter.reportgenerator.end_date' not found, using default value 'null' instead.
2024-04-04 10:26:41,508 INFO o.a.j.r.c.ReportGeneratorConfiguration: Property 'jmeter.reportgenerator.date_format' not found, using default value 'null' instead.
2024-04-04 10:26:41,509 INFO o.a.j.r.c.ReportGeneratorConfiguration: Will use date range start date: null, end date: null
2024-04-04 10:26:41,600 INFO o.a.j.r.c.ReportGeneratorConfiguration: Property 'jmeter.reportgenerator.graph.totalTPS.exclude_controllers' not found, using default value 'false' instead.
2024-04-04 10:26:41,600 INFO o.a.j.r.c.ReportGeneratorConfiguration: Property 'jmeter.reportgenerator.graph.activeThreadsOverTime.exclude_controllers' not found, using default value 'false' instead.
2024-04-04 10:26:41,600 INFO o.a.j.r.c.ReportGeneratorConfiguration: Property 'jmeter.reportgenerator.graph.timeVsThreads.exclude_controllers' not found, using default value 'false' instead.
2024-04-04 10:26:41,601 INFO o.a.j.r.c.ReportGeneratorConfiguration: Property 'jmeter.reportgenerator.graph.responseTimeDistribution.exclude_controllers' not found, using default value 'false' instead.
2024-04-04 10:26:41,601 INFO o.a.j.r.c.ReportGeneratorConfiguration: Property 'jmeter.reportgenerator.graph.transactionsPerSecond.exclude_controllers' not found, using default value 'false' instead.
2024-04-04 10:26:41,601 INFO o.a.j.r.c.ReportGeneratorConfiguration: Property 'jmeter.reportgenerator.graph.responseTimePercentiles.exclude_controllers' not found, using default value 'false' instead.
2024-04-04 10:26:41,601 INFO o.a.j.r.c.ReportGeneratorConfiguration: Property 'jmeter.reportgenerator.graph.responseTimePercentilesOverTime.exclude_controllers' not found, using default value 'false' instead.
2024-04-04 10:26:41,601 INFO o.a.j.r.c.ReportGeneratorConfiguration: Property 'jmeter.reportgenerator.graph.responseTimesOverTime.exclude_controllers' not found, using default value 'false' instead.
2024-04-04 10:26:41,602 INFO o.a.j.r.c.ReportGeneratorConfiguration: Property 'jmeter.reportgenerator.graph.connectTimeOverTime.exclude_controllers' not found, using default value 'false' instead.
2024-04-04 10:26:41,602 INFO o.a.j.r.c.ReportGeneratorConfiguration: Property 'jmeter.reportgenerator.graph.latenciesOverTime.exclude_controllers' not found, using default value 'false' instead.
2024-04-04 10:26:41,603 INFO o.a.j.r.c.ReportGeneratorConfiguration: Property 'jmeter.reportgenerator.exporter.json.filters_only_sample_series' not found, using default value 'true' instead.
2024-04-04 10:26:41,603 INFO o.a.j.r.c.ReportGeneratorConfiguration: Property 'jmeter.reportgenerator.exporter.json.series_filter' not found, using default value '' instead.
2024-04-04 10:26:41,603 INFO o.a.j.r.c.ReportGeneratorConfiguration: Property 'jmeter.reportgenerator.exporter.json.show_controllers_only' not found, using default value 'false' instead.
2024-04-04 10:26:41,604 INFO o.a.j.r.c.ReportGeneratorConfiguration: Property 'jmeter.reportgenerator.exporter.html.filters_only_sample_series' not found, using default value 'true' instead.
2024-04-04 10:26:41,604 INFO o.a.j.r.c.ReportGeneratorConfiguration: Property 'jmeter.reportgenerator.exporter.html.series_filter' not found, using default value '' instead.
2024-04-04 10:26:41,604 INFO o.a.j.r.c.ReportGeneratorConfiguration: Property 'jmeter.reportgenerator.exporter.html.show_controllers_only' not found, using default value 'false' instead.
2024-04-04 10:26:41,699 INFO o.a.j.e.DistributedRunner: Configuring remote engine: 10.35.0.13
2024-04-04 10:26:41,701 INFO o.a.j.r.RmiUtils: Disabling SSL for RMI as server.rmi.ssl.disable is set to 'true'
2024-04-04 10:26:42,200 INFO o.a.j.e.DistributedRunner: Starting distributed test with remote engines: [10.35.0.13] @ Thu Apr 04 10:26:42 UTC 2024 (1712226402199)
2024-04-04 10:26:42,200 INFO o.a.j.e.ClientJMeterEngine: running clientengine run method
2024-04-04 10:26:42,204 INFO o.a.j.e.u.CompoundVariable: Note: Function class names must contain the string: '.functions.'
2024-04-04 10:26:42,205 INFO o.a.j.e.u.CompoundVariable: Note: Function class names must not contain the string: '.gui.'
2024-04-04 10:26:42,608 INFO o.a.j.r.RmiUtils: Disabling SSL for RMI as server.rmi.ssl.disable is set to 'true'
2024-04-04 10:26:42,609 INFO o.a.j.r.RmiUtils: Disabling SSL for RMI as server.rmi.ssl.disable is set to 'true'
2024-04-04 10:26:42,697 INFO o.a.j.s.SampleEvent: List of sample_variables: []
2024-04-04 10:26:42,706 INFO o.a.j.s.BatchSampleSender: Using batching (client settings) for this run. Thresholds: num=100, time=60000
2024-04-04 10:26:42,707 INFO o.a.j.s.DataStrippingSampleSender: Using DataStrippingSampleSender for this run
2024-04-04 10:26:42,798 INFO o.a.j.r.RmiUtils: Disabling SSL for RMI as server.rmi.ssl.disable is set to 'true'
2024-04-04 10:26:42,798 INFO o.a.j.r.RmiUtils: Disabling SSL for RMI as server.rmi.ssl.disable is set to 'true'
2024-04-04 10:26:47,405 INFO o.a.j.r.RmiUtils: Disabling SSL for RMI as server.rmi.ssl.disable is set to 'true'
2024-04-04 10:26:47,405 INFO o.a.j.r.RmiUtils: Disabling SSL for RMI as server.rmi.ssl.disable is set to 'true'
2024-04-04 10:26:47,406 INFO o.a.j.r.RmiUtils: Disabling SSL for RMI as server.rmi.ssl.disable is set to 'true'
2024-04-04 10:26:47,406 INFO o.a.j.r.RmiUtils: Disabling SSL for RMI as server.rmi.ssl.disable is set to 'true'
2024-04-04 10:26:47,407 INFO o.a.j.s.BatchSampleSender: Using batching (client settings) for this run. Thresholds: num=100, time=60000
2024-04-04 10:26:47,407 INFO o.a.j.s.DataStrippingSampleSender: Using DataStrippingSampleSender for this run
2024-04-04 10:26:47,407 INFO o.a.j.r.RmiUtils: Disabling SSL for RMI as server.rmi.ssl.disable is set to 'true'
2024-04-04 10:26:47,407 INFO o.a.j.r.RmiUtils: Disabling SSL for RMI as server.rmi.ssl.disable is set to 'true'
2024-04-04 10:26:47,407 INFO o.a.j.s.BatchSampleSender: Using batching (client settings) for this run. Thresholds: num=100, time=60000
2024-04-04 10:26:47,407 INFO o.a.j.s.DataStrippingSampleSender: Using DataStrippingSampleSender for this run
2024-04-04 10:26:47,407 INFO o.a.j.r.RmiUtils: Disabling SSL for RMI as server.rmi.ssl.disable is set to 'true'
2024-04-04 10:26:47,407 INFO o.a.j.r.RmiUtils: Disabling SSL for RMI as server.rmi.ssl.disable is set to 'true'
2024-04-04 10:26:47,408 INFO o.a.j.s.BatchSampleSender: Using batching (client settings) for this run. Thresholds: num=100, time=60000
2024-04-04 10:26:47,408 INFO o.a.j.s.DataStrippingSampleSender: Using DataStrippingSampleSender for this run
2024-04-04 10:26:47,408 INFO o.a.j.r.RmiUtils: Disabling SSL for RMI as server.rmi.ssl.disable is set to 'true'
2024-04-04 10:26:47,408 INFO o.a.j.r.RmiUtils: Disabling SSL for RMI as server.rmi.ssl.disable is set to 'true'
2024-04-04 10:26:47,408 INFO o.a.j.s.BatchSampleSender: Using batching (client settings) for this run. Thresholds: num=100, time=60000
2024-04-04 10:26:47,408 INFO o.a.j.s.DataStrippingSampleSender: Using DataStrippingSampleSender for this run
2024-04-04 10:26:47,408 INFO o.a.j.r.RmiUtils: Disabling SSL for RMI as server.rmi.ssl.disable is set to 'true'
2024-04-04 10:26:47,409 INFO o.a.j.r.RmiUtils: Disabling SSL for RMI as server.rmi.ssl.disable is set to 'true'
2024-04-04 10:26:47,409 INFO o.a.j.s.BatchSampleSender: Using batching (client settings) for this run. Thresholds: num=100, time=60000
2024-04-04 10:26:47,409 INFO o.a.j.s.DataStrippingSampleSender: Using DataStrippingSampleSender for this run
2024-04-04 10:26:48,253 INFO o.a.j.e.ClientJMeterEngine: sent test to 10.35.0.13 basedir='.'
2024-04-04 10:26:48,253 INFO o.a.j.e.ClientJMeterEngine: Sending properties {}
2024-04-04 10:26:48,341 INFO o.a.j.e.ClientJMeterEngine: sent run command to 10.35.0.13
2024-04-04 10:26:48,342 INFO o.a.j.e.DistributedRunner: Remote engines have been started:[10.35.0.13]
2024-04-04 10:26:49,005 INFO o.a.j.v.b.BackendListener: Backend Listener 1: Starting worker with class: class org.apache.jmeter.visualizers.backend.influxdb.InfluxdbBackendListenerClient and queue capacity: 5000
2024-04-04 10:26:49,006 INFO o.a.j.v.b.BackendListener: Backend Listener 1: Started  worker with class: class org.apache.jmeter.visualizers.backend.influxdb.InfluxdbBackendListenerClient
2024-04-04 10:26:50,517 INFO o.a.j.v.b.BackendListener: Backend Listener 2: Starting worker with class: class rocks.nt.apm.jmeter.JMeterInfluxDBBackendListenerClient and queue capacity: 5000
2024-04-04 10:26:50,597 INFO o.a.j.v.b.BackendListener: Backend Listener 2: Started  worker with class: class rocks.nt.apm.jmeter.JMeterInfluxDBBackendListenerClient
2024-04-04 10:26:51,714 INFO o.a.j.JMeter: Started remote host:  10.35.0.13 (1712226411714)
2024-04-04 10:27:00,808 INFO o.a.j.r.Summariser: summary +     82 in 00:00:09 =    9.0/s Avg:   705 Min:   191 Max:  4485 Err:     9 (10.98%) Active: 10 Started: 10 Finished: 0
2024-04-04 10:27:30,367 INFO o.a.j.r.Summariser: summary +   1478 in 00:00:30 =   50.0/s Avg:   199 Min:   190 Max:   298 Err:   229 (15.49%) Active: 10 Started: 10 Finished: 0
2024-04-04 10:27:30,368 INFO o.a.j.r.Summariser: summary =   1560 in 00:00:39 =   40.4/s Avg:   225 Min:   190 Max:  4485 Err:   238 (15.26%)
2024-04-04 10:28:00,999 INFO o.a.j.r.Summariser: summary +   1476 in 00:00:31 =   48.2/s Avg:   205 Min:   190 Max:  1295 Err:   215 (14.57%) Active: 10 Started: 10 Finished: 0
2024-04-04 10:28:01,000 INFO o.a.j.r.Summariser: summary =   3036 in 00:01:09 =   43.8/s Avg:   215 Min:   190 Max:  4485 Err:   453 (14.92%)
2024-04-04 10:28:31,601 INFO o.a.j.r.Summariser: summary +   1479 in 00:00:31 =   48.3/s Avg:   206 Min:   191 Max:   269 Err:   211 (14.27%) Active: 10 Started: 10 Finished: 0
2024-04-04 10:28:31,602 INFO o.a.j.r.Summariser: summary =   4515 in 00:01:40 =   45.2/s Avg:   212 Min:   190 Max:  4485 Err:   664 (14.71%)
2024-04-04 10:28:52,345 INFO o.a.j.v.b.BackendListener: Worker ended
2024-04-04 10:28:52,346 INFO o.a.j.v.b.i.InfluxdbBackendListenerClient: Sending last metrics to InfluxDB
2024-04-04 10:28:52,347 INFO o.a.j.v.b.i.HttpMetricsSender: Destroying 
2024-04-04 10:28:52,407 INFO o.a.j.v.b.BackendListener: Worker ended
2024-04-04 10:28:52,408 INFO r.n.a.j.JMeterInfluxDBBackendListenerClient: Shutting down influxDB scheduler...
2024-04-04 10:28:52,415 INFO r.n.a.j.JMeterInfluxDBBackendListenerClient: influxDB scheduler terminated!
2024-04-04 10:28:52,419 INFO o.a.j.r.Summariser: summary +   1072 in 00:00:21 =   51.5/s Avg:   206 Min:   191 Max:   265 Err:   178 (16.60%) Active: 0 Started: 10 Finished: 10
2024-04-04 10:28:52,419 INFO o.a.j.r.Summariser: summary =   5587 in 00:02:01 =   46.3/s Avg:   211 Min:   190 Max:  4485 Err:   842 (15.07%)
2024-04-04 10:28:52,420 INFO o.a.j.JMeter: Finished remote host: 10.35.0.13 (1712226532420)
2024-04-04 10:28:52,420 INFO o.a.j.JMeter: All remote engines have ended test, starting RemoteTestStopper thread
2024-04-04 10:28:52,421 INFO o.a.j.e.ClientJMeterEngine: about to exit remote server on 10.35.0.13
2024-04-04 10:28:57,557 INFO o.a.j.JMeter: Interrupting RMI Reaper
2024-04-04 10:28:57,558 INFO o.a.j.JMeter: Generating Dashboard
2024-04-04 10:28:57,558 INFO o.a.j.r.d.ReportGenerator: Flushing result collector before report Generation
2024-04-04 10:28:57,607 INFO o.a.j.r.p.NormalizerSampleConsumer: Using format, 'ms', to parse timeStamp field
2024-04-04 10:29:00,604 INFO o.a.j.r.p.AbstractSampleConsumer: class org.apache.jmeter.report.processor.AggregateConsumer#stopProducing(): beginDate produced 0 samples
2024-04-04 10:29:00,605 INFO o.a.j.r.p.AbstractSampleConsumer: class org.apache.jmeter.report.processor.AggregateConsumer#stopProducing(): endDate produced 0 samples
2024-04-04 10:29:00,606 INFO o.a.j.r.p.AbstractSampleConsumer: class org.apache.jmeter.report.processor.ApdexSummaryConsumer#stopProducing(): apdexSummary produced 0 samples
2024-04-04 10:29:00,606 INFO o.a.j.r.p.AbstractSampleConsumer: class org.apache.jmeter.report.processor.RequestsSummaryConsumer#stopProducing(): requestsSummary produced 0 samples
2024-04-04 10:29:00,607 INFO o.a.j.r.p.AbstractSampleConsumer: class org.apache.jmeter.report.processor.StatisticsSummaryConsumer#stopProducing(): statisticsSummary produced 0 samples
2024-04-04 10:29:00,701 INFO o.a.j.r.p.AbstractSampleConsumer: class org.apache.jmeter.report.processor.Top5ErrorsBySamplerConsumer#stopProducing(): top5ErrorsBySampler produced 0 samples
2024-04-04 10:29:00,702 INFO o.a.j.r.p.AbstractSampleConsumer: class org.apache.jmeter.report.processor.ErrorsSummaryConsumer#stopProducing(): errorsSummary produced 0 samples
2024-04-04 10:29:00,702 INFO o.a.j.r.p.AbstractSampleConsumer: class org.apache.jmeter.report.processor.graph.impl.HitsPerSecondGraphConsumer#stopProducing(): hitsPerSecond produced 0 samples
2024-04-04 10:29:01,305 INFO o.a.j.r.p.AbstractSampleConsumer: class org.apache.jmeter.report.processor.graph.impl.LatencyVSRequestGraphConsumer#stopProducing(): latencyVsRequest produced 0 samples
2024-04-04 10:29:01,306 INFO o.a.j.r.p.AbstractSampleConsumer: class org.apache.jmeter.report.processor.graph.impl.SyntheticResponseTimeDistributionGraphConsumer#stopProducing(): syntheticResponseTimeDistribution produced 0 samples
2024-04-04 10:29:01,306 INFO o.a.j.r.p.AbstractSampleConsumer: class org.apache.jmeter.report.processor.graph.impl.BytesThroughputGraphConsumer#stopProducing(): bytesThroughputOverTime produced 0 samples
2024-04-04 10:29:01,306 INFO o.a.j.r.p.AbstractSampleConsumer: class org.apache.jmeter.report.processor.graph.impl.CodesPerSecondGraphConsumer#stopProducing(): codesPerSecond produced 0 samples
2024-04-04 10:29:01,797 INFO o.a.j.r.p.AbstractSampleConsumer: class org.apache.jmeter.report.processor.graph.impl.ResponseTimeVSRequestGraphConsumer#stopProducing(): responseTimeVsRequest produced 0 samples
2024-04-04 10:29:01,798 INFO o.a.j.r.p.AbstractSampleConsumer: class org.apache.jmeter.report.processor.FilterConsumer#stopProducing(): startIntervalControlerFilter produced 39109 samples
2024-04-04 10:29:01,798 INFO o.a.j.r.p.AbstractSampleConsumer: class org.apache.jmeter.report.processor.graph.impl.TotalTPSGraphConsumer#stopProducing(): totalTPS produced 0 samples
2024-04-04 10:29:01,798 INFO o.a.j.r.p.AbstractSampleConsumer: class org.apache.jmeter.report.processor.graph.impl.ActiveThreadsGraphConsumer#stopProducing(): activeThreadsOverTime produced 0 samples
2024-04-04 10:29:01,798 INFO o.a.j.r.p.AbstractSampleConsumer: class org.apache.jmeter.report.processor.graph.impl.TimeVSThreadGraphConsumer#stopProducing(): timeVsThreads produced 0 samples
2024-04-04 10:29:01,799 INFO o.a.j.r.p.AbstractSampleConsumer: class org.apache.jmeter.report.processor.graph.impl.ResponseTimeDistributionGraphConsumer#stopProducing(): responseTimeDistribution produced 0 samples
2024-04-04 10:29:01,799 INFO o.a.j.r.p.AbstractSampleConsumer: class org.apache.jmeter.report.processor.graph.impl.TransactionsPerSecondGraphConsumer#stopProducing(): transactionsPerSecond produced 0 samples
2024-04-04 10:29:01,799 INFO o.a.j.r.p.AbstractSampleConsumer: class org.apache.jmeter.report.processor.graph.impl.ResponseTimePercentilesGraphConsumer#stopProducing(): responseTimePercentiles produced 0 samples
2024-04-04 10:29:01,803 INFO o.a.j.r.p.AbstractSampleConsumer: class org.apache.jmeter.report.processor.graph.impl.ResponseTimePercentilesOverTimeGraphConsumer#stopProducing(): responseTimePercentilesOverTime produced 0 samples
2024-04-04 10:29:01,803 INFO o.a.j.r.p.AbstractSampleConsumer: class org.apache.jmeter.report.processor.graph.impl.ResponseTimeOverTimeGraphConsumer#stopProducing(): responseTimesOverTime produced 0 samples
2024-04-04 10:29:01,804 INFO o.a.j.r.p.AbstractSampleConsumer: class org.apache.jmeter.report.processor.graph.impl.ConnectTimeOverTimeGraphConsumer#stopProducing(): connectTimeOverTime produced 0 samples
2024-04-04 10:29:01,804 INFO o.a.j.r.p.AbstractSampleConsumer: class org.apache.jmeter.report.processor.graph.impl.LatencyOverTimeGraphConsumer#stopProducing(): latenciesOverTime produced 0 samples
2024-04-04 10:29:01,804 INFO o.a.j.r.p.AbstractSampleConsumer: class org.apache.jmeter.report.processor.FilterConsumer#stopProducing(): nameFilter produced 107730 samples
2024-04-04 10:29:01,804 INFO o.a.j.r.p.AbstractSampleConsumer: class org.apache.jmeter.report.processor.FilterConsumer#stopProducing(): dateRangeFilter produced 21546 samples
2024-04-04 10:29:01,804 INFO o.a.j.r.p.AbstractSampleConsumer: class org.apache.jmeter.report.processor.NormalizerSampleConsumer#stopProducing(): normalizer produced 7182 samples
2024-04-04 10:29:01,804 INFO o.a.j.r.p.CsvFileSampleSource: produce(): 7182 samples produced in 4s 96 ms on channel 0
2024-04-04 10:29:01,804 INFO o.a.j.r.d.ReportGenerator: Exporting data using exporter:'json' of className:'org.apache.jmeter.report.dashboard.JsonExporter'
2024-04-04 10:29:02,618 INFO o.a.j.r.d.JsonExporter: Found data for consumer statisticsSummary in context
2024-04-04 10:29:02,639 INFO o.a.j.r.d.JsonExporter: Creating statistics for overall
2024-04-04 10:29:02,639 INFO o.a.j.r.d.JsonExporter: Creating statistics for other transactions
2024-04-04 10:29:02,640 INFO o.a.j.r.d.JsonExporter: Checking output folder
2024-04-04 10:29:02,640 INFO o.a.j.r.d.JsonExporter: Writing statistics JSON to /report/report-PetStoreAPIScriptDynamicBuildNumber1.jmx-2024-04-04_102534/statistics.json
2024-04-04 10:29:02,809 INFO o.a.j.r.d.ReportGenerator: Exporting data using exporter:'html' of className:'org.apache.jmeter.report.dashboard.HtmlTemplateExporter'
2024-04-04 10:29:02,811 INFO o.a.j.r.d.HtmlTemplateExporter: Will generate dashboard in folder: /report/report-PetStoreAPIScriptDynamicBuildNumber1.jmx-2024-04-04_102534
2024-04-04 10:29:03,610 INFO o.a.j.r.d.HtmlTemplateExporter: Report will be generated in: /report/report-PetStoreAPIScriptDynamicBuildNumber1.jmx-2024-04-04_102534, creating folder structure
2024-04-04 10:29:03,612 INFO o.a.j.r.d.TemplateVisitor: Copying folder from '/opt/jmeter/apache-jmeter-5.4.1/bin/report-template' to '/report/report-PetStoreAPIScriptDynamicBuildNumber1.jmx-2024-04-04_102534', got message: /report/report-PetStoreAPIScriptDynamicBuildNumber1.jmx-2024-04-04_102534, found non empty folder with following content [/report/report-PetStoreAPIScriptDynamicBuildNumber1.jmx-2024-04-04_102534/statistics.json], will be ignored
2024-04-04 10:29:05,207 INFO o.a.j.JMeter: Dashboard generated
