2024-04-04 10:41:20,189 INFO o.a.j.u.JMeterUtils: Setting Locale to en_EN
2024-04-04 10:41:20,354 INFO o.a.j.JMeter: Loading user properties from: user.properties
2024-04-04 10:41:20,355 INFO o.a.j.JMeter: Loading system properties from: system.properties
2024-04-04 10:41:20,355 INFO o.a.j.JMeter: Setting System property: server.rmi.ssl.disable=true
2024-04-04 10:41:20,389 INFO o.a.j.JMeter: Copyright (c) 1998-2021 The Apache Software Foundation
2024-04-04 10:41:20,390 INFO o.a.j.JMeter: Version 5.4.1
2024-04-04 10:41:20,390 INFO o.a.j.JMeter: java.version=16.0.2
2024-04-04 10:41:20,390 INFO o.a.j.JMeter: java.vm.name=OpenJDK 64-Bit Server VM
2024-04-04 10:41:20,390 INFO o.a.j.JMeter: os.name=Linux
2024-04-04 10:41:20,390 INFO o.a.j.JMeter: os.arch=amd64
2024-04-04 10:41:20,390 INFO o.a.j.JMeter: os.version=6.5.0-1016-aws
2024-04-04 10:41:20,390 INFO o.a.j.JMeter: file.encoding=UTF-8
2024-04-04 10:41:20,390 INFO o.a.j.JMeter: java.awt.headless=null
2024-04-04 10:41:20,391 INFO o.a.j.JMeter: Max memory     =1073741824
2024-04-04 10:41:20,391 INFO o.a.j.JMeter: Available Processors =1
2024-04-04 10:41:20,488 INFO o.a.j.JMeter: Default Locale=English (EN)
2024-04-04 10:41:20,488 INFO o.a.j.JMeter: JMeter  Locale=English (EN)
2024-04-04 10:41:20,488 INFO o.a.j.JMeter: JMeterHome=/opt/jmeter/apache-jmeter-5.4.1
2024-04-04 10:41:20,488 INFO o.a.j.JMeter: user.dir  =/opt/jmeter/apache-jmeter-5.4.1/bin
2024-04-04 10:41:20,489 INFO o.a.j.JMeter: PWD       =/opt/jmeter/apache-jmeter-5.4.1/bin
2024-04-04 10:41:20,489 INFO o.a.j.JMeter: IP: 10.35.0.12 Name: jmeter-master04-04-16-10-09-ldljz FullName: jmeter-master04-04-16-10-09-ldljz
2024-04-04 10:41:20,492 INFO o.a.j.JMeter: Setting property 'jmeter.reportgenerator.outputdir' to:'/report/report-PetStoreAPIScriptDynamicBuildNumber.jmx-2024-04-04_104015'
2024-04-04 10:41:20,495 INFO o.a.j.s.FileServer: Default base='/opt/jmeter/apache-jmeter-5.4.1/bin'
2024-04-04 10:41:20,556 INFO o.a.j.s.FileServer: Set new base='/opt/jmeter/apache-jmeter-5.4.1/bin'
2024-04-04 10:41:22,156 INFO o.a.j.s.SaveService: Testplan (JMX) version: 2.2. Testlog (JTL) version: 2.2
2024-04-04 10:41:22,293 INFO o.a.j.s.SaveService: Using SaveService properties version 5.0
2024-04-04 10:41:22,357 INFO o.a.j.s.SaveService: Using SaveService properties file encoding UTF-8
2024-04-04 10:41:22,360 INFO o.a.j.s.SaveService: Loading file: PetStoreAPIScriptDynamicBuildNumber.jmx
2024-04-04 10:41:22,687 INFO o.a.j.p.h.c.CookieManager: Settings: Delete null: true Check: true Allow variable: true Save: false Prefix: COOKIE_
2024-04-04 10:41:22,763 INFO o.a.j.p.h.s.HTTPSamplerBase: Parser for text/html is org.apache.jmeter.protocol.http.parser.LagartoBasedHtmlParser
2024-04-04 10:41:22,763 INFO o.a.j.p.h.s.HTTPSamplerBase: Parser for application/xhtml+xml is org.apache.jmeter.protocol.http.parser.LagartoBasedHtmlParser
2024-04-04 10:41:22,763 INFO o.a.j.p.h.s.HTTPSamplerBase: Parser for application/xml is org.apache.jmeter.protocol.http.parser.LagartoBasedHtmlParser
2024-04-04 10:41:22,786 INFO o.a.j.p.h.s.HTTPSamplerBase: Parser for text/xml is org.apache.jmeter.protocol.http.parser.LagartoBasedHtmlParser
2024-04-04 10:41:22,787 INFO o.a.j.p.h.s.HTTPSamplerBase: Parser for text/vnd.wap.wml is org.apache.jmeter.protocol.http.parser.RegexpHTMLParser
2024-04-04 10:41:22,787 INFO o.a.j.p.h.s.HTTPSamplerBase: Parser for text/css is org.apache.jmeter.protocol.http.parser.CssParser
2024-04-04 10:41:23,188 INFO o.a.j.s.SampleResult: Note: Sample TimeStamps are START times
2024-04-04 10:41:23,189 INFO o.a.j.s.SampleResult: sampleresult.default.encoding is set to ISO-8859-1
2024-04-04 10:41:23,189 INFO o.a.j.s.SampleResult: sampleresult.useNanoTime=true
2024-04-04 10:41:23,189 INFO o.a.j.s.SampleResult: sampleresult.nanoThreadSleep=5000
2024-04-04 10:41:23,361 INFO o.a.j.JMeter: Creating summariser <summary>
2024-04-04 10:41:23,390 INFO o.a.j.r.d.ReportGenerator: ReportGenerator will use for Parsing the separator: ','
2024-04-04 10:41:23,390 INFO o.a.j.r.d.ReportGenerator: Will generate report at end of test from  results file: /report/PetStoreAPIScriptDynamicBuildNumber.jmx_2024-04-04_104015.jtl
2024-04-04 10:41:23,390 INFO o.a.j.r.d.ReportGenerator: Reading report generator properties from: /opt/jmeter/apache-jmeter-5.4.1/bin/reportgenerator.properties
2024-04-04 10:41:23,391 INFO o.a.j.r.d.ReportGenerator: Merging with JMeter properties
2024-04-04 10:41:23,459 INFO o.a.j.r.c.ReportGeneratorConfiguration: Property 'jmeter.reportgenerator.temp_dir' not found, using default value 'temp' instead.
2024-04-04 10:41:23,462 INFO o.a.j.r.c.ReportGeneratorConfiguration: Property 'jmeter.reportgenerator.apdex_per_transaction' not found, using default value 'null' instead.
2024-04-04 10:41:23,462 INFO o.a.j.r.c.ReportGeneratorConfiguration: apdex_per_transaction is empty, not APDEX per transaction customization
2024-04-04 10:41:23,462 INFO o.a.j.r.c.ReportGeneratorConfiguration: Property 'jmeter.reportgenerator.sample_filter' not found, using default value 'null' instead.
2024-04-04 10:41:23,462 INFO o.a.j.r.c.ReportGeneratorConfiguration: Property 'jmeter.reportgenerator.report_title' not found, using default value 'null' instead.
2024-04-04 10:41:23,462 INFO o.a.j.r.c.ReportGeneratorConfiguration: Property 'jmeter.reportgenerator.start_date' not found, using default value 'null' instead.
2024-04-04 10:41:23,462 INFO o.a.j.r.c.ReportGeneratorConfiguration: Property 'jmeter.reportgenerator.end_date' not found, using default value 'null' instead.
2024-04-04 10:41:23,463 INFO o.a.j.r.c.ReportGeneratorConfiguration: Property 'jmeter.reportgenerator.date_format' not found, using default value 'null' instead.
2024-04-04 10:41:23,486 INFO o.a.j.r.c.ReportGeneratorConfiguration: Will use date range start date: null, end date: null
2024-04-04 10:41:23,491 INFO o.a.j.r.c.ReportGeneratorConfiguration: Property 'jmeter.reportgenerator.graph.totalTPS.exclude_controllers' not found, using default value 'false' instead.
2024-04-04 10:41:23,491 INFO o.a.j.r.c.ReportGeneratorConfiguration: Property 'jmeter.reportgenerator.graph.activeThreadsOverTime.exclude_controllers' not found, using default value 'false' instead.
2024-04-04 10:41:23,555 INFO o.a.j.r.c.ReportGeneratorConfiguration: Property 'jmeter.reportgenerator.graph.timeVsThreads.exclude_controllers' not found, using default value 'false' instead.
2024-04-04 10:41:23,555 INFO o.a.j.r.c.ReportGeneratorConfiguration: Property 'jmeter.reportgenerator.graph.responseTimeDistribution.exclude_controllers' not found, using default value 'false' instead.
2024-04-04 10:41:23,555 INFO o.a.j.r.c.ReportGeneratorConfiguration: Property 'jmeter.reportgenerator.graph.transactionsPerSecond.exclude_controllers' not found, using default value 'false' instead.
2024-04-04 10:41:23,555 INFO o.a.j.r.c.ReportGeneratorConfiguration: Property 'jmeter.reportgenerator.graph.responseTimePercentiles.exclude_controllers' not found, using default value 'false' instead.
2024-04-04 10:41:23,555 INFO o.a.j.r.c.ReportGeneratorConfiguration: Property 'jmeter.reportgenerator.graph.responseTimePercentilesOverTime.exclude_controllers' not found, using default value 'false' instead.
2024-04-04 10:41:23,556 INFO o.a.j.r.c.ReportGeneratorConfiguration: Property 'jmeter.reportgenerator.graph.responseTimesOverTime.exclude_controllers' not found, using default value 'false' instead.
2024-04-04 10:41:23,556 INFO o.a.j.r.c.ReportGeneratorConfiguration: Property 'jmeter.reportgenerator.graph.connectTimeOverTime.exclude_controllers' not found, using default value 'false' instead.
2024-04-04 10:41:23,556 INFO o.a.j.r.c.ReportGeneratorConfiguration: Property 'jmeter.reportgenerator.graph.latenciesOverTime.exclude_controllers' not found, using default value 'false' instead.
2024-04-04 10:41:23,557 INFO o.a.j.r.c.ReportGeneratorConfiguration: Property 'jmeter.reportgenerator.exporter.json.filters_only_sample_series' not found, using default value 'true' instead.
2024-04-04 10:41:23,557 INFO o.a.j.r.c.ReportGeneratorConfiguration: Property 'jmeter.reportgenerator.exporter.json.series_filter' not found, using default value '' instead.
2024-04-04 10:41:23,557 INFO o.a.j.r.c.ReportGeneratorConfiguration: Property 'jmeter.reportgenerator.exporter.json.show_controllers_only' not found, using default value 'false' instead.
2024-04-04 10:41:23,558 INFO o.a.j.r.c.ReportGeneratorConfiguration: Property 'jmeter.reportgenerator.exporter.html.filters_only_sample_series' not found, using default value 'true' instead.
2024-04-04 10:41:23,558 INFO o.a.j.r.c.ReportGeneratorConfiguration: Property 'jmeter.reportgenerator.exporter.html.series_filter' not found, using default value '' instead.
2024-04-04 10:41:23,558 INFO o.a.j.r.c.ReportGeneratorConfiguration: Property 'jmeter.reportgenerator.exporter.html.show_controllers_only' not found, using default value 'false' instead.
2024-04-04 10:41:23,588 INFO o.a.j.e.DistributedRunner: Configuring remote engine: 10.35.0.13
2024-04-04 10:41:23,590 INFO o.a.j.r.RmiUtils: Disabling SSL for RMI as server.rmi.ssl.disable is set to 'true'
2024-04-04 10:41:24,086 INFO o.a.j.e.DistributedRunner: Starting distributed test with remote engines: [10.35.0.13] @ Thu Apr 04 10:41:24 UTC 2024 (1712227284086)
2024-04-04 10:41:24,087 INFO o.a.j.e.ClientJMeterEngine: running clientengine run method
2024-04-04 10:41:24,156 INFO o.a.j.e.u.CompoundVariable: Note: Function class names must contain the string: '.functions.'
2024-04-04 10:41:24,156 INFO o.a.j.e.u.CompoundVariable: Note: Function class names must not contain the string: '.gui.'
2024-04-04 10:41:24,466 INFO o.a.j.r.RmiUtils: Disabling SSL for RMI as server.rmi.ssl.disable is set to 'true'
2024-04-04 10:41:24,466 INFO o.a.j.r.RmiUtils: Disabling SSL for RMI as server.rmi.ssl.disable is set to 'true'
2024-04-04 10:41:24,556 INFO o.a.j.s.SampleEvent: List of sample_variables: []
2024-04-04 10:41:24,589 INFO o.a.j.s.BatchSampleSender: Using batching (client settings) for this run. Thresholds: num=100, time=60000
2024-04-04 10:41:24,589 INFO o.a.j.s.DataStrippingSampleSender: Using DataStrippingSampleSender for this run
2024-04-04 10:41:24,590 INFO o.a.j.r.RmiUtils: Disabling SSL for RMI as server.rmi.ssl.disable is set to 'true'
2024-04-04 10:41:24,591 INFO o.a.j.r.RmiUtils: Disabling SSL for RMI as server.rmi.ssl.disable is set to 'true'
2024-04-04 10:41:28,964 INFO o.a.j.r.RmiUtils: Disabling SSL for RMI as server.rmi.ssl.disable is set to 'true'
2024-04-04 10:41:28,964 INFO o.a.j.r.RmiUtils: Disabling SSL for RMI as server.rmi.ssl.disable is set to 'true'
2024-04-04 10:41:28,965 INFO o.a.j.r.RmiUtils: Disabling SSL for RMI as server.rmi.ssl.disable is set to 'true'
2024-04-04 10:41:28,965 INFO o.a.j.r.RmiUtils: Disabling SSL for RMI as server.rmi.ssl.disable is set to 'true'
2024-04-04 10:41:28,966 INFO o.a.j.s.BatchSampleSender: Using batching (client settings) for this run. Thresholds: num=100, time=60000
2024-04-04 10:41:28,966 INFO o.a.j.s.DataStrippingSampleSender: Using DataStrippingSampleSender for this run
2024-04-04 10:41:28,966 INFO o.a.j.r.RmiUtils: Disabling SSL for RMI as server.rmi.ssl.disable is set to 'true'
2024-04-04 10:41:28,966 INFO o.a.j.r.RmiUtils: Disabling SSL for RMI as server.rmi.ssl.disable is set to 'true'
2024-04-04 10:41:28,966 INFO o.a.j.s.BatchSampleSender: Using batching (client settings) for this run. Thresholds: num=100, time=60000
2024-04-04 10:41:28,966 INFO o.a.j.s.DataStrippingSampleSender: Using DataStrippingSampleSender for this run
2024-04-04 10:41:28,966 INFO o.a.j.r.RmiUtils: Disabling SSL for RMI as server.rmi.ssl.disable is set to 'true'
2024-04-04 10:41:28,967 INFO o.a.j.r.RmiUtils: Disabling SSL for RMI as server.rmi.ssl.disable is set to 'true'
2024-04-04 10:41:28,967 INFO o.a.j.s.BatchSampleSender: Using batching (client settings) for this run. Thresholds: num=100, time=60000
2024-04-04 10:41:28,967 INFO o.a.j.s.DataStrippingSampleSender: Using DataStrippingSampleSender for this run
2024-04-04 10:41:28,967 INFO o.a.j.r.RmiUtils: Disabling SSL for RMI as server.rmi.ssl.disable is set to 'true'
2024-04-04 10:41:28,967 INFO o.a.j.r.RmiUtils: Disabling SSL for RMI as server.rmi.ssl.disable is set to 'true'
2024-04-04 10:41:28,967 INFO o.a.j.s.BatchSampleSender: Using batching (client settings) for this run. Thresholds: num=100, time=60000
2024-04-04 10:41:28,968 INFO o.a.j.s.DataStrippingSampleSender: Using DataStrippingSampleSender for this run
2024-04-04 10:41:28,968 INFO o.a.j.r.RmiUtils: Disabling SSL for RMI as server.rmi.ssl.disable is set to 'true'
2024-04-04 10:41:28,968 INFO o.a.j.r.RmiUtils: Disabling SSL for RMI as server.rmi.ssl.disable is set to 'true'
2024-04-04 10:41:28,968 INFO o.a.j.s.BatchSampleSender: Using batching (client settings) for this run. Thresholds: num=100, time=60000
2024-04-04 10:41:28,968 INFO o.a.j.s.DataStrippingSampleSender: Using DataStrippingSampleSender for this run
2024-04-04 10:41:29,765 INFO o.a.j.e.ClientJMeterEngine: sent test to 10.35.0.13 basedir='.'
2024-04-04 10:41:29,766 INFO o.a.j.e.ClientJMeterEngine: Sending properties {}
2024-04-04 10:41:29,853 INFO o.a.j.e.ClientJMeterEngine: sent run command to 10.35.0.13
2024-04-04 10:41:29,853 INFO o.a.j.e.DistributedRunner: Remote engines have been started:[10.35.0.13]
2024-04-04 10:41:30,558 INFO o.a.j.v.b.BackendListener: Backend Listener 1: Starting worker with class: class org.apache.jmeter.visualizers.backend.influxdb.InfluxdbBackendListenerClient and queue capacity: 5000
2024-04-04 10:41:30,559 INFO o.a.j.v.b.BackendListener: Backend Listener 1: Started  worker with class: class org.apache.jmeter.visualizers.backend.influxdb.InfluxdbBackendListenerClient
2024-04-04 10:41:32,262 INFO o.a.j.v.b.BackendListener: Backend Listener 2: Starting worker with class: class rocks.nt.apm.jmeter.JMeterInfluxDBBackendListenerClient and queue capacity: 5000
2024-04-04 10:41:32,263 INFO o.a.j.v.b.BackendListener: Backend Listener 2: Started  worker with class: class rocks.nt.apm.jmeter.JMeterInfluxDBBackendListenerClient
2024-04-04 10:41:33,172 INFO o.a.j.JMeter: Started remote host:  10.35.0.13 (1712227293172)
2024-04-04 10:42:00,588 INFO o.a.j.r.Summariser: summary +    936 in 00:00:27 =   34.1/s Avg:   252 Min:   190 Max:  4619 Err:   135 (14.42%) Active: 10 Started: 10 Finished: 0
2024-04-04 10:42:30,997 INFO o.a.j.r.Summariser: summary +   1477 in 00:00:30 =   48.6/s Avg:   205 Min:   190 Max:   292 Err:   210 (14.22%) Active: 10 Started: 10 Finished: 0
2024-04-04 10:42:30,998 INFO o.a.j.r.Summariser: summary =   2413 in 00:00:58 =   41.7/s Avg:   223 Min:   190 Max:  4619 Err:   345 (14.30%)
2024-04-04 10:43:00,691 INFO o.a.j.r.Summariser: summary +   1401 in 00:00:30 =   47.2/s Avg:   211 Min:   190 Max:   835 Err:   195 (13.92%) Active: 10 Started: 10 Finished: 0
2024-04-04 10:43:00,692 INFO o.a.j.r.Summariser: summary =   3814 in 00:01:28 =   43.6/s Avg:   219 Min:   190 Max:  4619 Err:   540 (14.16%)
2024-04-04 10:43:31,520 INFO o.a.j.r.Summariser: summary +   1478 in 00:00:31 =   47.9/s Avg:   207 Min:   192 Max:   264 Err:   228 (15.43%) Active: 10 Started: 10 Finished: 0
2024-04-04 10:43:31,520 INFO o.a.j.r.Summariser: summary =   5292 in 00:01:58 =   44.7/s Avg:   216 Min:   190 Max:  4619 Err:   768 (14.51%)
2024-04-04 10:43:33,677 INFO o.a.j.v.b.BackendListener: Worker ended
2024-04-04 10:43:33,677 INFO o.a.j.v.b.i.InfluxdbBackendListenerClient: Sending last metrics to InfluxDB
2024-04-04 10:43:33,679 INFO o.a.j.v.b.i.HttpMetricsSender: Destroying 
2024-04-04 10:43:33,689 INFO o.a.j.v.b.BackendListener: Worker ended
2024-04-04 10:43:33,690 INFO r.n.a.j.JMeterInfluxDBBackendListenerClient: Shutting down influxDB scheduler...
2024-04-04 10:43:33,762 INFO r.n.a.j.JMeterInfluxDBBackendListenerClient: influxDB scheduler terminated!
2024-04-04 10:43:33,765 INFO o.a.j.r.Summariser: summary +    176 in 00:00:02 =   78.4/s Avg:   208 Min:   192 Max:   242 Err:    28 (15.91%) Active: 0 Started: 10 Finished: 10
2024-04-04 10:43:33,765 INFO o.a.j.r.Summariser: summary =   5468 in 00:02:01 =   45.3/s Avg:   215 Min:   190 Max:  4619 Err:   796 (14.56%)
2024-04-04 10:43:33,766 INFO o.a.j.JMeter: Finished remote host: 10.35.0.13 (1712227413766)
2024-04-04 10:43:33,766 INFO o.a.j.JMeter: All remote engines have ended test, starting RemoteTestStopper thread
2024-04-04 10:43:33,767 INFO o.a.j.e.ClientJMeterEngine: about to exit remote server on 10.35.0.13
2024-04-04 10:43:38,957 INFO o.a.j.JMeter: Interrupting RMI Reaper
2024-04-04 10:43:38,958 INFO o.a.j.JMeter: Generating Dashboard
2024-04-04 10:43:38,958 INFO o.a.j.r.d.ReportGenerator: Flushing result collector before report Generation
2024-04-04 10:43:39,159 INFO o.a.j.r.p.NormalizerSampleConsumer: Using format, 'ms', to parse timeStamp field
2024-04-04 10:43:42,768 INFO o.a.j.r.p.AbstractSampleConsumer: class org.apache.jmeter.report.processor.AggregateConsumer#stopProducing(): beginDate produced 0 samples
2024-04-04 10:43:42,768 INFO o.a.j.r.p.AbstractSampleConsumer: class org.apache.jmeter.report.processor.AggregateConsumer#stopProducing(): endDate produced 0 samples
2024-04-04 10:43:42,770 INFO o.a.j.r.p.AbstractSampleConsumer: class org.apache.jmeter.report.processor.ApdexSummaryConsumer#stopProducing(): apdexSummary produced 0 samples
2024-04-04 10:43:42,770 INFO o.a.j.r.p.AbstractSampleConsumer: class org.apache.jmeter.report.processor.RequestsSummaryConsumer#stopProducing(): requestsSummary produced 0 samples
2024-04-04 10:43:42,854 INFO o.a.j.r.p.AbstractSampleConsumer: class org.apache.jmeter.report.processor.StatisticsSummaryConsumer#stopProducing(): statisticsSummary produced 0 samples
2024-04-04 10:43:42,859 INFO o.a.j.r.p.AbstractSampleConsumer: class org.apache.jmeter.report.processor.Top5ErrorsBySamplerConsumer#stopProducing(): top5ErrorsBySampler produced 0 samples
2024-04-04 10:43:42,859 INFO o.a.j.r.p.AbstractSampleConsumer: class org.apache.jmeter.report.processor.ErrorsSummaryConsumer#stopProducing(): errorsSummary produced 0 samples
2024-04-04 10:43:42,859 INFO o.a.j.r.p.AbstractSampleConsumer: class org.apache.jmeter.report.processor.graph.impl.HitsPerSecondGraphConsumer#stopProducing(): hitsPerSecond produced 0 samples
2024-04-04 10:43:43,656 INFO o.a.j.r.p.AbstractSampleConsumer: class org.apache.jmeter.report.processor.graph.impl.LatencyVSRequestGraphConsumer#stopProducing(): latencyVsRequest produced 0 samples
2024-04-04 10:43:43,656 INFO o.a.j.r.p.AbstractSampleConsumer: class org.apache.jmeter.report.processor.graph.impl.SyntheticResponseTimeDistributionGraphConsumer#stopProducing(): syntheticResponseTimeDistribution produced 0 samples
2024-04-04 10:43:43,657 INFO o.a.j.r.p.AbstractSampleConsumer: class org.apache.jmeter.report.processor.graph.impl.BytesThroughputGraphConsumer#stopProducing(): bytesThroughputOverTime produced 0 samples
2024-04-04 10:43:43,657 INFO o.a.j.r.p.AbstractSampleConsumer: class org.apache.jmeter.report.processor.graph.impl.CodesPerSecondGraphConsumer#stopProducing(): codesPerSecond produced 0 samples
2024-04-04 10:43:44,066 INFO o.a.j.r.p.AbstractSampleConsumer: class org.apache.jmeter.report.processor.graph.impl.ResponseTimeVSRequestGraphConsumer#stopProducing(): responseTimeVsRequest produced 0 samples
2024-04-04 10:43:44,067 INFO o.a.j.r.p.AbstractSampleConsumer: class org.apache.jmeter.report.processor.FilterConsumer#stopProducing(): startIntervalControlerFilter produced 38276 samples
2024-04-04 10:43:44,067 INFO o.a.j.r.p.AbstractSampleConsumer: class org.apache.jmeter.report.processor.graph.impl.TotalTPSGraphConsumer#stopProducing(): totalTPS produced 0 samples
2024-04-04 10:43:44,155 INFO o.a.j.r.p.AbstractSampleConsumer: class org.apache.jmeter.report.processor.graph.impl.ActiveThreadsGraphConsumer#stopProducing(): activeThreadsOverTime produced 0 samples
2024-04-04 10:43:44,155 INFO o.a.j.r.p.AbstractSampleConsumer: class org.apache.jmeter.report.processor.graph.impl.TimeVSThreadGraphConsumer#stopProducing(): timeVsThreads produced 0 samples
2024-04-04 10:43:44,156 INFO o.a.j.r.p.AbstractSampleConsumer: class org.apache.jmeter.report.processor.graph.impl.ResponseTimeDistributionGraphConsumer#stopProducing(): responseTimeDistribution produced 0 samples
2024-04-04 10:43:44,157 INFO o.a.j.r.p.AbstractSampleConsumer: class org.apache.jmeter.report.processor.graph.impl.TransactionsPerSecondGraphConsumer#stopProducing(): transactionsPerSecond produced 0 samples
2024-04-04 10:43:44,157 INFO o.a.j.r.p.AbstractSampleConsumer: class org.apache.jmeter.report.processor.graph.impl.ResponseTimePercentilesGraphConsumer#stopProducing(): responseTimePercentiles produced 0 samples
2024-04-04 10:43:44,162 INFO o.a.j.r.p.AbstractSampleConsumer: class org.apache.jmeter.report.processor.graph.impl.ResponseTimePercentilesOverTimeGraphConsumer#stopProducing(): responseTimePercentilesOverTime produced 0 samples
2024-04-04 10:43:44,163 INFO o.a.j.r.p.AbstractSampleConsumer: class org.apache.jmeter.report.processor.graph.impl.ResponseTimeOverTimeGraphConsumer#stopProducing(): responseTimesOverTime produced 0 samples
2024-04-04 10:43:44,255 INFO o.a.j.r.p.AbstractSampleConsumer: class org.apache.jmeter.report.processor.graph.impl.ConnectTimeOverTimeGraphConsumer#stopProducing(): connectTimeOverTime produced 0 samples
2024-04-04 10:43:44,255 INFO o.a.j.r.p.AbstractSampleConsumer: class org.apache.jmeter.report.processor.graph.impl.LatencyOverTimeGraphConsumer#stopProducing(): latenciesOverTime produced 0 samples
2024-04-04 10:43:44,255 INFO o.a.j.r.p.AbstractSampleConsumer: class org.apache.jmeter.report.processor.FilterConsumer#stopProducing(): nameFilter produced 105435 samples
2024-04-04 10:43:44,255 INFO o.a.j.r.p.AbstractSampleConsumer: class org.apache.jmeter.report.processor.FilterConsumer#stopProducing(): dateRangeFilter produced 21087 samples
2024-04-04 10:43:44,255 INFO o.a.j.r.p.AbstractSampleConsumer: class org.apache.jmeter.report.processor.NormalizerSampleConsumer#stopProducing(): normalizer produced 7029 samples
2024-04-04 10:43:44,255 INFO o.a.j.r.p.CsvFileSampleSource: produce(): 7029 samples produced in 4s 996 ms on channel 0
2024-04-04 10:43:44,255 INFO o.a.j.r.d.ReportGenerator: Exporting data using exporter:'json' of className:'org.apache.jmeter.report.dashboard.JsonExporter'
2024-04-04 10:43:45,068 INFO o.a.j.r.d.JsonExporter: Found data for consumer statisticsSummary in context
2024-04-04 10:43:45,068 INFO o.a.j.r.d.JsonExporter: Creating statistics for overall
2024-04-04 10:43:45,068 INFO o.a.j.r.d.JsonExporter: Creating statistics for other transactions
2024-04-04 10:43:45,069 INFO o.a.j.r.d.JsonExporter: Checking output folder
2024-04-04 10:43:45,070 INFO o.a.j.r.d.JsonExporter: Writing statistics JSON to /report/report-PetStoreAPIScriptDynamicBuildNumber.jmx-2024-04-04_104015/statistics.json
2024-04-04 10:43:45,261 INFO o.a.j.r.d.ReportGenerator: Exporting data using exporter:'html' of className:'org.apache.jmeter.report.dashboard.HtmlTemplateExporter'
2024-04-04 10:43:45,263 INFO o.a.j.r.d.HtmlTemplateExporter: Will generate dashboard in folder: /report/report-PetStoreAPIScriptDynamicBuildNumber.jmx-2024-04-04_104015
2024-04-04 10:43:46,062 INFO o.a.j.r.d.HtmlTemplateExporter: Report will be generated in: /report/report-PetStoreAPIScriptDynamicBuildNumber.jmx-2024-04-04_104015, creating folder structure
2024-04-04 10:43:46,064 INFO o.a.j.r.d.TemplateVisitor: Copying folder from '/opt/jmeter/apache-jmeter-5.4.1/bin/report-template' to '/report/report-PetStoreAPIScriptDynamicBuildNumber.jmx-2024-04-04_104015', got message: /report/report-PetStoreAPIScriptDynamicBuildNumber.jmx-2024-04-04_104015, found non empty folder with following content [/report/report-PetStoreAPIScriptDynamicBuildNumber.jmx-2024-04-04_104015/statistics.json], will be ignored
2024-04-04 10:43:47,663 INFO o.a.j.JMeter: Dashboard generated
