2024-04-04 10:21:49,654 INFO o.a.j.u.JMeterUtils: Setting Locale to en_EN
2024-04-04 10:21:49,803 INFO o.a.j.JMeter: Loading user properties from: user.properties
2024-04-04 10:21:49,804 INFO o.a.j.JMeter: Loading system properties from: system.properties
2024-04-04 10:21:49,804 INFO o.a.j.JMeter: Setting System property: server.rmi.ssl.disable=true
2024-04-04 10:21:49,854 INFO o.a.j.JMeter: Copyright (c) 1998-2021 The Apache Software Foundation
2024-04-04 10:21:49,855 INFO o.a.j.JMeter: Version 5.4.1
2024-04-04 10:21:49,855 INFO o.a.j.JMeter: java.version=16.0.2
2024-04-04 10:21:49,855 INFO o.a.j.JMeter: java.vm.name=OpenJDK 64-Bit Server VM
2024-04-04 10:21:49,855 INFO o.a.j.JMeter: os.name=Linux
2024-04-04 10:21:49,898 INFO o.a.j.JMeter: os.arch=amd64
2024-04-04 10:21:49,898 INFO o.a.j.JMeter: os.version=6.5.0-1016-aws
2024-04-04 10:21:49,898 INFO o.a.j.JMeter: file.encoding=UTF-8
2024-04-04 10:21:49,898 INFO o.a.j.JMeter: java.awt.headless=null
2024-04-04 10:21:49,898 INFO o.a.j.JMeter: Max memory     =1073741824
2024-04-04 10:21:49,898 INFO o.a.j.JMeter: Available Processors =1
2024-04-04 10:21:50,000 INFO o.a.j.JMeter: Default Locale=English (EN)
2024-04-04 10:21:50,000 INFO o.a.j.JMeter: JMeter  Locale=English (EN)
2024-04-04 10:21:50,001 INFO o.a.j.JMeter: JMeterHome=/opt/jmeter/apache-jmeter-5.4.1
2024-04-04 10:21:50,001 INFO o.a.j.JMeter: user.dir  =/opt/jmeter/apache-jmeter-5.4.1/bin
2024-04-04 10:21:50,001 INFO o.a.j.JMeter: PWD       =/opt/jmeter/apache-jmeter-5.4.1/bin
2024-04-04 10:21:50,001 INFO o.a.j.JMeter: IP: 10.35.0.12 Name: jmeter-master04-04-15-50-37-jpqxf FullName: jmeter-master04-04-15-50-37-jpqxf
2024-04-04 10:21:50,053 INFO o.a.j.JMeter: Setting property 'jmeter.reportgenerator.outputdir' to:'/report/report-PetStoreAPIScriptDynamicBuildNumber1.jmx-2024-04-04_102044'
2024-04-04 10:21:50,056 INFO o.a.j.s.FileServer: Default base='/opt/jmeter/apache-jmeter-5.4.1/bin'
2024-04-04 10:21:50,057 INFO o.a.j.s.FileServer: Set new base='/opt/jmeter/apache-jmeter-5.4.1/bin'
2024-04-04 10:21:51,553 INFO o.a.j.s.SaveService: Testplan (JMX) version: 2.2. Testlog (JTL) version: 2.2
2024-04-04 10:21:51,800 INFO o.a.j.s.SaveService: Using SaveService properties version 5.0
2024-04-04 10:21:51,804 INFO o.a.j.s.SaveService: Using SaveService properties file encoding UTF-8
2024-04-04 10:21:51,852 INFO o.a.j.s.SaveService: Loading file: PetStoreAPIScriptDynamicBuildNumber1.jmx
2024-04-04 10:21:52,107 INFO o.a.j.p.h.c.CookieManager: Settings: Delete null: true Check: true Allow variable: true Save: false Prefix: COOKIE_
2024-04-04 10:21:52,201 INFO o.a.j.p.h.s.HTTPSamplerBase: Parser for text/html is org.apache.jmeter.protocol.http.parser.LagartoBasedHtmlParser
2024-04-04 10:21:52,201 INFO o.a.j.p.h.s.HTTPSamplerBase: Parser for application/xhtml+xml is org.apache.jmeter.protocol.http.parser.LagartoBasedHtmlParser
2024-04-04 10:21:52,201 INFO o.a.j.p.h.s.HTTPSamplerBase: Parser for application/xml is org.apache.jmeter.protocol.http.parser.LagartoBasedHtmlParser
2024-04-04 10:21:52,201 INFO o.a.j.p.h.s.HTTPSamplerBase: Parser for text/xml is org.apache.jmeter.protocol.http.parser.LagartoBasedHtmlParser
2024-04-04 10:21:52,201 INFO o.a.j.p.h.s.HTTPSamplerBase: Parser for text/vnd.wap.wml is org.apache.jmeter.protocol.http.parser.RegexpHTMLParser
2024-04-04 10:21:52,202 INFO o.a.j.p.h.s.HTTPSamplerBase: Parser for text/css is org.apache.jmeter.protocol.http.parser.CssParser
2024-04-04 10:21:52,652 INFO o.a.j.s.SampleResult: Note: Sample TimeStamps are START times
2024-04-04 10:21:52,653 INFO o.a.j.s.SampleResult: sampleresult.default.encoding is set to ISO-8859-1
2024-04-04 10:21:52,653 INFO o.a.j.s.SampleResult: sampleresult.useNanoTime=true
2024-04-04 10:21:52,653 INFO o.a.j.s.SampleResult: sampleresult.nanoThreadSleep=5000
2024-04-04 10:21:52,851 INFO o.a.j.JMeter: Creating summariser <summary>
2024-04-04 10:21:52,900 INFO o.a.j.r.d.ReportGenerator: ReportGenerator will use for Parsing the separator: ','
2024-04-04 10:21:52,900 INFO o.a.j.r.d.ReportGenerator: Will generate report at end of test from  results file: /report/PetStoreAPIScriptDynamicBuildNumber1.jmx_2024-04-04_102044.jtl
2024-04-04 10:21:52,900 INFO o.a.j.r.d.ReportGenerator: Reading report generator properties from: /opt/jmeter/apache-jmeter-5.4.1/bin/reportgenerator.properties
2024-04-04 10:21:52,901 INFO o.a.j.r.d.ReportGenerator: Merging with JMeter properties
2024-04-04 10:21:52,906 INFO o.a.j.r.c.ReportGeneratorConfiguration: Property 'jmeter.reportgenerator.temp_dir' not found, using default value 'temp' instead.
2024-04-04 10:21:52,953 INFO o.a.j.r.c.ReportGeneratorConfiguration: Property 'jmeter.reportgenerator.apdex_per_transaction' not found, using default value 'null' instead.
2024-04-04 10:21:52,953 INFO o.a.j.r.c.ReportGeneratorConfiguration: apdex_per_transaction is empty, not APDEX per transaction customization
2024-04-04 10:21:52,953 INFO o.a.j.r.c.ReportGeneratorConfiguration: Property 'jmeter.reportgenerator.sample_filter' not found, using default value 'null' instead.
2024-04-04 10:21:52,953 INFO o.a.j.r.c.ReportGeneratorConfiguration: Property 'jmeter.reportgenerator.report_title' not found, using default value 'null' instead.
2024-04-04 10:21:52,953 INFO o.a.j.r.c.ReportGeneratorConfiguration: Property 'jmeter.reportgenerator.start_date' not found, using default value 'null' instead.
2024-04-04 10:21:52,953 INFO o.a.j.r.c.ReportGeneratorConfiguration: Property 'jmeter.reportgenerator.end_date' not found, using default value 'null' instead.
2024-04-04 10:21:52,953 INFO o.a.j.r.c.ReportGeneratorConfiguration: Property 'jmeter.reportgenerator.date_format' not found, using default value 'null' instead.
2024-04-04 10:21:52,954 INFO o.a.j.r.c.ReportGeneratorConfiguration: Will use date range start date: null, end date: null
2024-04-04 10:21:53,053 INFO o.a.j.r.c.ReportGeneratorConfiguration: Property 'jmeter.reportgenerator.graph.totalTPS.exclude_controllers' not found, using default value 'false' instead.
2024-04-04 10:21:53,054 INFO o.a.j.r.c.ReportGeneratorConfiguration: Property 'jmeter.reportgenerator.graph.activeThreadsOverTime.exclude_controllers' not found, using default value 'false' instead.
2024-04-04 10:21:53,054 INFO o.a.j.r.c.ReportGeneratorConfiguration: Property 'jmeter.reportgenerator.graph.timeVsThreads.exclude_controllers' not found, using default value 'false' instead.
2024-04-04 10:21:53,054 INFO o.a.j.r.c.ReportGeneratorConfiguration: Property 'jmeter.reportgenerator.graph.responseTimeDistribution.exclude_controllers' not found, using default value 'false' instead.
2024-04-04 10:21:53,054 INFO o.a.j.r.c.ReportGeneratorConfiguration: Property 'jmeter.reportgenerator.graph.transactionsPerSecond.exclude_controllers' not found, using default value 'false' instead.
2024-04-04 10:21:53,055 INFO o.a.j.r.c.ReportGeneratorConfiguration: Property 'jmeter.reportgenerator.graph.responseTimePercentiles.exclude_controllers' not found, using default value 'false' instead.
2024-04-04 10:21:53,055 INFO o.a.j.r.c.ReportGeneratorConfiguration: Property 'jmeter.reportgenerator.graph.responseTimePercentilesOverTime.exclude_controllers' not found, using default value 'false' instead.
2024-04-04 10:21:53,055 INFO o.a.j.r.c.ReportGeneratorConfiguration: Property 'jmeter.reportgenerator.graph.responseTimesOverTime.exclude_controllers' not found, using default value 'false' instead.
2024-04-04 10:21:53,055 INFO o.a.j.r.c.ReportGeneratorConfiguration: Property 'jmeter.reportgenerator.graph.connectTimeOverTime.exclude_controllers' not found, using default value 'false' instead.
2024-04-04 10:21:53,056 INFO o.a.j.r.c.ReportGeneratorConfiguration: Property 'jmeter.reportgenerator.graph.latenciesOverTime.exclude_controllers' not found, using default value 'false' instead.
2024-04-04 10:21:53,056 INFO o.a.j.r.c.ReportGeneratorConfiguration: Property 'jmeter.reportgenerator.exporter.json.filters_only_sample_series' not found, using default value 'true' instead.
2024-04-04 10:21:53,057 INFO o.a.j.r.c.ReportGeneratorConfiguration: Property 'jmeter.reportgenerator.exporter.json.series_filter' not found, using default value '' instead.
2024-04-04 10:21:53,057 INFO o.a.j.r.c.ReportGeneratorConfiguration: Property 'jmeter.reportgenerator.exporter.json.show_controllers_only' not found, using default value 'false' instead.
2024-04-04 10:21:53,057 INFO o.a.j.r.c.ReportGeneratorConfiguration: Property 'jmeter.reportgenerator.exporter.html.filters_only_sample_series' not found, using default value 'true' instead.
2024-04-04 10:21:53,057 INFO o.a.j.r.c.ReportGeneratorConfiguration: Property 'jmeter.reportgenerator.exporter.html.series_filter' not found, using default value '' instead.
2024-04-04 10:21:53,057 INFO o.a.j.r.c.ReportGeneratorConfiguration: Property 'jmeter.reportgenerator.exporter.html.show_controllers_only' not found, using default value 'false' instead.
2024-04-04 10:21:53,060 INFO o.a.j.e.DistributedRunner: Configuring remote engine: 10.35.0.13
2024-04-04 10:21:53,062 INFO o.a.j.r.RmiUtils: Disabling SSL for RMI as server.rmi.ssl.disable is set to 'true'
2024-04-04 10:21:53,602 INFO o.a.j.e.DistributedRunner: Starting distributed test with remote engines: [10.35.0.13] @ Thu Apr 04 10:21:53 UTC 2024 (1712226113601)
2024-04-04 10:21:53,602 INFO o.a.j.e.ClientJMeterEngine: running clientengine run method
2024-04-04 10:21:53,752 INFO o.a.j.e.u.CompoundVariable: Note: Function class names must contain the string: '.functions.'
2024-04-04 10:21:53,752 INFO o.a.j.e.u.CompoundVariable: Note: Function class names must not contain the string: '.gui.'
2024-04-04 10:21:54,306 INFO o.a.j.r.RmiUtils: Disabling SSL for RMI as server.rmi.ssl.disable is set to 'true'
2024-04-04 10:21:54,306 INFO o.a.j.r.RmiUtils: Disabling SSL for RMI as server.rmi.ssl.disable is set to 'true'
2024-04-04 10:21:54,353 INFO o.a.j.s.SampleEvent: List of sample_variables: []
2024-04-04 10:21:54,402 INFO o.a.j.s.BatchSampleSender: Using batching (client settings) for this run. Thresholds: num=100, time=60000
2024-04-04 10:21:54,402 INFO o.a.j.s.DataStrippingSampleSender: Using DataStrippingSampleSender for this run
2024-04-04 10:21:54,403 INFO o.a.j.r.RmiUtils: Disabling SSL for RMI as server.rmi.ssl.disable is set to 'true'
2024-04-04 10:21:54,403 INFO o.a.j.r.RmiUtils: Disabling SSL for RMI as server.rmi.ssl.disable is set to 'true'
2024-04-04 10:21:58,902 INFO o.a.j.r.RmiUtils: Disabling SSL for RMI as server.rmi.ssl.disable is set to 'true'
2024-04-04 10:21:58,902 INFO o.a.j.r.RmiUtils: Disabling SSL for RMI as server.rmi.ssl.disable is set to 'true'
2024-04-04 10:21:58,903 INFO o.a.j.r.RmiUtils: Disabling SSL for RMI as server.rmi.ssl.disable is set to 'true'
2024-04-04 10:21:58,903 INFO o.a.j.r.RmiUtils: Disabling SSL for RMI as server.rmi.ssl.disable is set to 'true'
2024-04-04 10:21:58,904 INFO o.a.j.s.BatchSampleSender: Using batching (client settings) for this run. Thresholds: num=100, time=60000
2024-04-04 10:21:58,904 INFO o.a.j.s.DataStrippingSampleSender: Using DataStrippingSampleSender for this run
2024-04-04 10:21:58,904 INFO o.a.j.r.RmiUtils: Disabling SSL for RMI as server.rmi.ssl.disable is set to 'true'
2024-04-04 10:21:58,904 INFO o.a.j.r.RmiUtils: Disabling SSL for RMI as server.rmi.ssl.disable is set to 'true'
2024-04-04 10:21:58,904 INFO o.a.j.s.BatchSampleSender: Using batching (client settings) for this run. Thresholds: num=100, time=60000
2024-04-04 10:21:58,904 INFO o.a.j.s.DataStrippingSampleSender: Using DataStrippingSampleSender for this run
2024-04-04 10:21:58,904 INFO o.a.j.r.RmiUtils: Disabling SSL for RMI as server.rmi.ssl.disable is set to 'true'
2024-04-04 10:21:58,904 INFO o.a.j.r.RmiUtils: Disabling SSL for RMI as server.rmi.ssl.disable is set to 'true'
2024-04-04 10:21:58,905 INFO o.a.j.s.BatchSampleSender: Using batching (client settings) for this run. Thresholds: num=100, time=60000
2024-04-04 10:21:58,905 INFO o.a.j.s.DataStrippingSampleSender: Using DataStrippingSampleSender for this run
2024-04-04 10:21:58,905 INFO o.a.j.r.RmiUtils: Disabling SSL for RMI as server.rmi.ssl.disable is set to 'true'
2024-04-04 10:21:58,905 INFO o.a.j.r.RmiUtils: Disabling SSL for RMI as server.rmi.ssl.disable is set to 'true'
2024-04-04 10:21:58,905 INFO o.a.j.s.BatchSampleSender: Using batching (client settings) for this run. Thresholds: num=100, time=60000
2024-04-04 10:21:58,905 INFO o.a.j.s.DataStrippingSampleSender: Using DataStrippingSampleSender for this run
2024-04-04 10:21:58,906 INFO o.a.j.r.RmiUtils: Disabling SSL for RMI as server.rmi.ssl.disable is set to 'true'
2024-04-04 10:21:58,906 INFO o.a.j.r.RmiUtils: Disabling SSL for RMI as server.rmi.ssl.disable is set to 'true'
2024-04-04 10:21:58,906 INFO o.a.j.s.BatchSampleSender: Using batching (client settings) for this run. Thresholds: num=100, time=60000
2024-04-04 10:21:58,906 INFO o.a.j.s.DataStrippingSampleSender: Using DataStrippingSampleSender for this run
2024-04-04 10:21:59,938 INFO o.a.j.e.ClientJMeterEngine: sent test to 10.35.0.13 basedir='.'
2024-04-04 10:21:59,939 INFO o.a.j.e.ClientJMeterEngine: Sending properties {}
2024-04-04 10:21:59,942 INFO o.a.j.e.ClientJMeterEngine: sent run command to 10.35.0.13
2024-04-04 10:21:59,942 INFO o.a.j.e.DistributedRunner: Remote engines have been started:[10.35.0.13]
2024-04-04 10:22:00,563 INFO o.a.j.v.b.BackendListener: Backend Listener 1: Starting worker with class: class org.apache.jmeter.visualizers.backend.influxdb.InfluxdbBackendListenerClient and queue capacity: 5000
2024-04-04 10:22:00,566 INFO o.a.j.v.b.BackendListener: Backend Listener 1: Started  worker with class: class org.apache.jmeter.visualizers.backend.influxdb.InfluxdbBackendListenerClient
2024-04-04 10:22:02,357 INFO o.a.j.v.b.BackendListener: Backend Listener 2: Starting worker with class: class rocks.nt.apm.jmeter.JMeterInfluxDBBackendListenerClient and queue capacity: 5000
2024-04-04 10:22:02,451 INFO o.a.j.v.b.BackendListener: Backend Listener 2: Started  worker with class: class rocks.nt.apm.jmeter.JMeterInfluxDBBackendListenerClient
2024-04-04 10:22:03,362 INFO o.a.j.JMeter: Started remote host:  10.35.0.13 (1712226123362)
2024-04-04 10:22:30,398 INFO o.a.j.r.Summariser: summary +    936 in 00:00:27 =   34.7/s Avg:   251 Min:   190 Max:  4677 Err:   125 (13.35%) Active: 10 Started: 10 Finished: 0
2024-04-04 10:23:00,446 INFO o.a.j.r.Summariser: summary +   1479 in 00:00:30 =   49.2/s Avg:   202 Min:   190 Max:   274 Err:   237 (16.02%) Active: 10 Started: 10 Finished: 0
2024-04-04 10:23:00,446 INFO o.a.j.r.Summariser: summary =   2415 in 00:00:57 =   42.3/s Avg:   221 Min:   190 Max:  4677 Err:   362 (14.99%)
2024-04-04 10:23:31,200 INFO o.a.j.r.Summariser: summary +   1401 in 00:00:31 =   45.6/s Avg:   217 Min:   190 Max:  1800 Err:   196 (13.99%) Active: 10 Started: 10 Finished: 0
2024-04-04 10:23:31,200 INFO o.a.j.r.Summariser: summary =   3816 in 00:01:28 =   43.4/s Avg:   219 Min:   190 Max:  4677 Err:   558 (14.62%)
2024-04-04 10:24:00,637 INFO o.a.j.r.Summariser: summary +   1399 in 00:00:29 =   47.5/s Avg:   208 Min:   195 Max:   242 Err:   187 (13.37%) Active: 10 Started: 10 Finished: 0
2024-04-04 10:24:00,638 INFO o.a.j.r.Summariser: summary =   5215 in 00:01:57 =   44.5/s Avg:   216 Min:   190 Max:  4677 Err:   745 (14.29%)
2024-04-04 10:24:03,856 INFO o.a.j.v.b.BackendListener: Worker ended
2024-04-04 10:24:03,857 INFO o.a.j.v.b.i.InfluxdbBackendListenerClient: Sending last metrics to InfluxDB
2024-04-04 10:24:03,859 INFO o.a.j.v.b.i.HttpMetricsSender: Destroying 
2024-04-04 10:24:03,906 INFO o.a.j.v.b.BackendListener: Worker ended
2024-04-04 10:24:03,907 INFO r.n.a.j.JMeterInfluxDBBackendListenerClient: Shutting down influxDB scheduler...
2024-04-04 10:24:03,951 INFO r.n.a.j.JMeterInfluxDBBackendListenerClient: influxDB scheduler terminated!
2024-04-04 10:24:03,956 INFO o.a.j.r.Summariser: summary +    231 in 00:00:03 =   69.6/s Avg:   210 Min:   195 Max:   282 Err:    34 (14.72%) Active: 0 Started: 10 Finished: 10
2024-04-04 10:24:03,957 INFO o.a.j.r.Summariser: summary =   5446 in 00:02:01 =   45.2/s Avg:   216 Min:   190 Max:  4677 Err:   779 (14.30%)
2024-04-04 10:24:03,957 INFO o.a.j.JMeter: Finished remote host: 10.35.0.13 (1712226243957)
2024-04-04 10:24:03,958 INFO o.a.j.JMeter: All remote engines have ended test, starting RemoteTestStopper thread
2024-04-04 10:24:03,964 INFO o.a.j.e.ClientJMeterEngine: about to exit remote server on 10.35.0.13
2024-04-04 10:24:09,144 INFO o.a.j.JMeter: Interrupting RMI Reaper
2024-04-04 10:24:09,144 INFO o.a.j.JMeter: Generating Dashboard
2024-04-04 10:24:09,145 INFO o.a.j.r.d.ReportGenerator: Flushing result collector before report Generation
2024-04-04 10:24:09,257 INFO o.a.j.r.p.NormalizerSampleConsumer: Using format, 'ms', to parse timeStamp field
2024-04-04 10:24:12,802 INFO o.a.j.r.p.AbstractSampleConsumer: class org.apache.jmeter.report.processor.AggregateConsumer#stopProducing(): beginDate produced 0 samples
2024-04-04 10:24:12,802 INFO o.a.j.r.p.AbstractSampleConsumer: class org.apache.jmeter.report.processor.AggregateConsumer#stopProducing(): endDate produced 0 samples
2024-04-04 10:24:12,804 INFO o.a.j.r.p.AbstractSampleConsumer: class org.apache.jmeter.report.processor.ApdexSummaryConsumer#stopProducing(): apdexSummary produced 0 samples
2024-04-04 10:24:12,804 INFO o.a.j.r.p.AbstractSampleConsumer: class org.apache.jmeter.report.processor.RequestsSummaryConsumer#stopProducing(): requestsSummary produced 0 samples
2024-04-04 10:24:12,806 INFO o.a.j.r.p.AbstractSampleConsumer: class org.apache.jmeter.report.processor.StatisticsSummaryConsumer#stopProducing(): statisticsSummary produced 0 samples
2024-04-04 10:24:12,854 INFO o.a.j.r.p.AbstractSampleConsumer: class org.apache.jmeter.report.processor.Top5ErrorsBySamplerConsumer#stopProducing(): top5ErrorsBySampler produced 0 samples
2024-04-04 10:24:12,854 INFO o.a.j.r.p.AbstractSampleConsumer: class org.apache.jmeter.report.processor.ErrorsSummaryConsumer#stopProducing(): errorsSummary produced 0 samples
2024-04-04 10:24:12,854 INFO o.a.j.r.p.AbstractSampleConsumer: class org.apache.jmeter.report.processor.graph.impl.HitsPerSecondGraphConsumer#stopProducing(): hitsPerSecond produced 0 samples
2024-04-04 10:24:13,554 INFO o.a.j.r.p.AbstractSampleConsumer: class org.apache.jmeter.report.processor.graph.impl.LatencyVSRequestGraphConsumer#stopProducing(): latencyVsRequest produced 0 samples
2024-04-04 10:24:13,556 INFO o.a.j.r.p.AbstractSampleConsumer: class org.apache.jmeter.report.processor.graph.impl.SyntheticResponseTimeDistributionGraphConsumer#stopProducing(): syntheticResponseTimeDistribution produced 0 samples
2024-04-04 10:24:13,556 INFO o.a.j.r.p.AbstractSampleConsumer: class org.apache.jmeter.report.processor.graph.impl.BytesThroughputGraphConsumer#stopProducing(): bytesThroughputOverTime produced 0 samples
2024-04-04 10:24:13,556 INFO o.a.j.r.p.AbstractSampleConsumer: class org.apache.jmeter.report.processor.graph.impl.CodesPerSecondGraphConsumer#stopProducing(): codesPerSecond produced 0 samples
2024-04-04 10:24:13,999 INFO o.a.j.r.p.AbstractSampleConsumer: class org.apache.jmeter.report.processor.graph.impl.ResponseTimeVSRequestGraphConsumer#stopProducing(): responseTimeVsRequest produced 0 samples
2024-04-04 10:24:13,999 INFO o.a.j.r.p.AbstractSampleConsumer: class org.apache.jmeter.report.processor.FilterConsumer#stopProducing(): startIntervalControlerFilter produced 38122 samples
2024-04-04 10:24:13,999 INFO o.a.j.r.p.AbstractSampleConsumer: class org.apache.jmeter.report.processor.graph.impl.TotalTPSGraphConsumer#stopProducing(): totalTPS produced 0 samples
2024-04-04 10:24:14,000 INFO o.a.j.r.p.AbstractSampleConsumer: class org.apache.jmeter.report.processor.graph.impl.ActiveThreadsGraphConsumer#stopProducing(): activeThreadsOverTime produced 0 samples
2024-04-04 10:24:14,000 INFO o.a.j.r.p.AbstractSampleConsumer: class org.apache.jmeter.report.processor.graph.impl.TimeVSThreadGraphConsumer#stopProducing(): timeVsThreads produced 0 samples
2024-04-04 10:24:14,000 INFO o.a.j.r.p.AbstractSampleConsumer: class org.apache.jmeter.report.processor.graph.impl.ResponseTimeDistributionGraphConsumer#stopProducing(): responseTimeDistribution produced 0 samples
2024-04-04 10:24:14,001 INFO o.a.j.r.p.AbstractSampleConsumer: class org.apache.jmeter.report.processor.graph.impl.TransactionsPerSecondGraphConsumer#stopProducing(): transactionsPerSecond produced 0 samples
2024-04-04 10:24:14,001 INFO o.a.j.r.p.AbstractSampleConsumer: class org.apache.jmeter.report.processor.graph.impl.ResponseTimePercentilesGraphConsumer#stopProducing(): responseTimePercentiles produced 0 samples
2024-04-04 10:24:14,006 INFO o.a.j.r.p.AbstractSampleConsumer: class org.apache.jmeter.report.processor.graph.impl.ResponseTimePercentilesOverTimeGraphConsumer#stopProducing(): responseTimePercentilesOverTime produced 0 samples
2024-04-04 10:24:14,051 INFO o.a.j.r.p.AbstractSampleConsumer: class org.apache.jmeter.report.processor.graph.impl.ResponseTimeOverTimeGraphConsumer#stopProducing(): responseTimesOverTime produced 0 samples
2024-04-04 10:24:14,051 INFO o.a.j.r.p.AbstractSampleConsumer: class org.apache.jmeter.report.processor.graph.impl.ConnectTimeOverTimeGraphConsumer#stopProducing(): connectTimeOverTime produced 0 samples
2024-04-04 10:24:14,051 INFO o.a.j.r.p.AbstractSampleConsumer: class org.apache.jmeter.report.processor.graph.impl.LatencyOverTimeGraphConsumer#stopProducing(): latenciesOverTime produced 0 samples
2024-04-04 10:24:14,052 INFO o.a.j.r.p.AbstractSampleConsumer: class org.apache.jmeter.report.processor.FilterConsumer#stopProducing(): nameFilter produced 105000 samples
2024-04-04 10:24:14,052 INFO o.a.j.r.p.AbstractSampleConsumer: class org.apache.jmeter.report.processor.FilterConsumer#stopProducing(): dateRangeFilter produced 21000 samples
2024-04-04 10:24:14,052 INFO o.a.j.r.p.AbstractSampleConsumer: class org.apache.jmeter.report.processor.NormalizerSampleConsumer#stopProducing(): normalizer produced 7000 samples
2024-04-04 10:24:14,052 INFO o.a.j.r.p.CsvFileSampleSource: produce(): 7000 samples produced in 4s 696 ms on channel 0
2024-04-04 10:24:14,052 INFO o.a.j.r.d.ReportGenerator: Exporting data using exporter:'json' of className:'org.apache.jmeter.report.dashboard.JsonExporter'
2024-04-04 10:24:15,008 INFO o.a.j.r.d.JsonExporter: Found data for consumer statisticsSummary in context
2024-04-04 10:24:15,008 INFO o.a.j.r.d.JsonExporter: Creating statistics for overall
2024-04-04 10:24:15,009 INFO o.a.j.r.d.JsonExporter: Creating statistics for other transactions
2024-04-04 10:24:15,009 INFO o.a.j.r.d.JsonExporter: Checking output folder
2024-04-04 10:24:15,010 INFO o.a.j.r.d.JsonExporter: Writing statistics JSON to /report/report-PetStoreAPIScriptDynamicBuildNumber1.jmx-2024-04-04_102044/statistics.json
2024-04-04 10:24:15,201 INFO o.a.j.r.d.ReportGenerator: Exporting data using exporter:'html' of className:'org.apache.jmeter.report.dashboard.HtmlTemplateExporter'
2024-04-04 10:24:15,202 INFO o.a.j.r.d.HtmlTemplateExporter: Will generate dashboard in folder: /report/report-PetStoreAPIScriptDynamicBuildNumber1.jmx-2024-04-04_102044
2024-04-04 10:24:16,056 INFO o.a.j.r.d.HtmlTemplateExporter: Report will be generated in: /report/report-PetStoreAPIScriptDynamicBuildNumber1.jmx-2024-04-04_102044, creating folder structure
2024-04-04 10:24:16,059 INFO o.a.j.r.d.TemplateVisitor: Copying folder from '/opt/jmeter/apache-jmeter-5.4.1/bin/report-template' to '/report/report-PetStoreAPIScriptDynamicBuildNumber1.jmx-2024-04-04_102044', got message: /report/report-PetStoreAPIScriptDynamicBuildNumber1.jmx-2024-04-04_102044, found non empty folder with following content [/report/report-PetStoreAPIScriptDynamicBuildNumber1.jmx-2024-04-04_102044/statistics.json], will be ignored
2024-04-04 10:24:17,751 INFO o.a.j.JMeter: Dashboard generated
