2024-04-04 11:07:40,143 INFO o.a.j.u.JMeterUtils: Setting Locale to en_EN
2024-04-04 11:07:40,342 INFO o.a.j.JMeter: Loading user properties from: user.properties
2024-04-04 11:07:40,342 INFO o.a.j.JMeter: Loading system properties from: system.properties
2024-04-04 11:07:40,343 INFO o.a.j.JMeter: Setting System property: server.rmi.ssl.disable=true
2024-04-04 11:07:40,439 INFO o.a.j.JMeter: Copyright (c) 1998-2021 The Apache Software Foundation
2024-04-04 11:07:40,439 INFO o.a.j.JMeter: Version 5.4.1
2024-04-04 11:07:40,439 INFO o.a.j.JMeter: java.version=16.0.2
2024-04-04 11:07:40,439 INFO o.a.j.JMeter: java.vm.name=OpenJDK 64-Bit Server VM
2024-04-04 11:07:40,439 INFO o.a.j.JMeter: os.name=Linux
2024-04-04 11:07:40,439 INFO o.a.j.JMeter: os.arch=amd64
2024-04-04 11:07:40,439 INFO o.a.j.JMeter: os.version=6.5.0-1016-aws
2024-04-04 11:07:40,439 INFO o.a.j.JMeter: file.encoding=UTF-8
2024-04-04 11:07:40,440 INFO o.a.j.JMeter: java.awt.headless=null
2024-04-04 11:07:40,440 INFO o.a.j.JMeter: Max memory     =1073741824
2024-04-04 11:07:40,440 INFO o.a.j.JMeter: Available Processors =1
2024-04-04 11:07:40,543 INFO o.a.j.JMeter: Default Locale=English (EN)
2024-04-04 11:07:40,544 INFO o.a.j.JMeter: JMeter  Locale=English (EN)
2024-04-04 11:07:40,544 INFO o.a.j.JMeter: JMeterHome=/opt/jmeter/apache-jmeter-5.4.1
2024-04-04 11:07:40,544 INFO o.a.j.JMeter: user.dir  =/opt/jmeter/apache-jmeter-5.4.1/bin
2024-04-04 11:07:40,544 INFO o.a.j.JMeter: PWD       =/opt/jmeter/apache-jmeter-5.4.1/bin
2024-04-04 11:07:40,544 INFO o.a.j.JMeter: IP: 10.35.0.12 Name: jmeter-master04-04-16-36-30-rjvxf FullName: jmeter-master04-04-16-36-30-rjvxf
2024-04-04 11:07:40,637 INFO o.a.j.JMeter: Setting property 'jmeter.reportgenerator.outputdir' to:'/report/report-PetStoreAPIScriptDynamicBuildNumber.jmx-2024-04-04_110637'
2024-04-04 11:07:40,640 INFO o.a.j.s.FileServer: Default base='/opt/jmeter/apache-jmeter-5.4.1/bin'
2024-04-04 11:07:40,641 INFO o.a.j.s.FileServer: Set new base='/opt/jmeter/apache-jmeter-5.4.1/bin'
2024-04-04 11:07:42,143 INFO o.a.j.s.SaveService: Testplan (JMX) version: 2.2. Testlog (JTL) version: 2.2
2024-04-04 11:07:42,248 INFO o.a.j.s.SaveService: Using SaveService properties version 5.0
2024-04-04 11:07:42,337 INFO o.a.j.s.SaveService: Using SaveService properties file encoding UTF-8
2024-04-04 11:07:42,340 INFO o.a.j.s.SaveService: Loading file: PetStoreAPIScriptDynamicBuildNumber.jmx
2024-04-04 11:07:42,740 INFO o.a.j.p.h.c.CookieManager: Settings: Delete null: true Check: true Allow variable: true Save: false Prefix: COOKIE_
2024-04-04 11:07:42,837 INFO o.a.j.p.h.s.HTTPSamplerBase: Parser for text/html is org.apache.jmeter.protocol.http.parser.LagartoBasedHtmlParser
2024-04-04 11:07:42,837 INFO o.a.j.p.h.s.HTTPSamplerBase: Parser for application/xhtml+xml is org.apache.jmeter.protocol.http.parser.LagartoBasedHtmlParser
2024-04-04 11:07:42,837 INFO o.a.j.p.h.s.HTTPSamplerBase: Parser for application/xml is org.apache.jmeter.protocol.http.parser.LagartoBasedHtmlParser
2024-04-04 11:07:42,838 INFO o.a.j.p.h.s.HTTPSamplerBase: Parser for text/xml is org.apache.jmeter.protocol.http.parser.LagartoBasedHtmlParser
2024-04-04 11:07:42,838 INFO o.a.j.p.h.s.HTTPSamplerBase: Parser for text/vnd.wap.wml is org.apache.jmeter.protocol.http.parser.RegexpHTMLParser
2024-04-04 11:07:42,838 INFO o.a.j.p.h.s.HTTPSamplerBase: Parser for text/css is org.apache.jmeter.protocol.http.parser.CssParser
2024-04-04 11:07:43,237 INFO o.a.j.s.SampleResult: Note: Sample TimeStamps are START times
2024-04-04 11:07:43,237 INFO o.a.j.s.SampleResult: sampleresult.default.encoding is set to ISO-8859-1
2024-04-04 11:07:43,237 INFO o.a.j.s.SampleResult: sampleresult.useNanoTime=true
2024-04-04 11:07:43,238 INFO o.a.j.s.SampleResult: sampleresult.nanoThreadSleep=5000
2024-04-04 11:07:43,437 INFO o.a.j.JMeter: Creating summariser <summary>
2024-04-04 11:07:43,442 INFO o.a.j.r.d.ReportGenerator: ReportGenerator will use for Parsing the separator: ','
2024-04-04 11:07:43,443 INFO o.a.j.r.d.ReportGenerator: Will generate report at end of test from  results file: /report/PetStoreAPIScriptDynamicBuildNumber.jmx_2024-04-04_110637.jtl
2024-04-04 11:07:43,443 INFO o.a.j.r.d.ReportGenerator: Reading report generator properties from: /opt/jmeter/apache-jmeter-5.4.1/bin/reportgenerator.properties
2024-04-04 11:07:43,443 INFO o.a.j.r.d.ReportGenerator: Merging with JMeter properties
2024-04-04 11:07:43,448 INFO o.a.j.r.c.ReportGeneratorConfiguration: Property 'jmeter.reportgenerator.temp_dir' not found, using default value 'temp' instead.
2024-04-04 11:07:43,451 INFO o.a.j.r.c.ReportGeneratorConfiguration: Property 'jmeter.reportgenerator.apdex_per_transaction' not found, using default value 'null' instead.
2024-04-04 11:07:43,451 INFO o.a.j.r.c.ReportGeneratorConfiguration: apdex_per_transaction is empty, not APDEX per transaction customization
2024-04-04 11:07:43,451 INFO o.a.j.r.c.ReportGeneratorConfiguration: Property 'jmeter.reportgenerator.sample_filter' not found, using default value 'null' instead.
2024-04-04 11:07:43,451 INFO o.a.j.r.c.ReportGeneratorConfiguration: Property 'jmeter.reportgenerator.report_title' not found, using default value 'null' instead.
2024-04-04 11:07:43,451 INFO o.a.j.r.c.ReportGeneratorConfiguration: Property 'jmeter.reportgenerator.start_date' not found, using default value 'null' instead.
2024-04-04 11:07:43,451 INFO o.a.j.r.c.ReportGeneratorConfiguration: Property 'jmeter.reportgenerator.end_date' not found, using default value 'null' instead.
2024-04-04 11:07:43,452 INFO o.a.j.r.c.ReportGeneratorConfiguration: Property 'jmeter.reportgenerator.date_format' not found, using default value 'null' instead.
2024-04-04 11:07:43,452 INFO o.a.j.r.c.ReportGeneratorConfiguration: Will use date range start date: null, end date: null
2024-04-04 11:07:43,456 INFO o.a.j.r.c.ReportGeneratorConfiguration: Property 'jmeter.reportgenerator.graph.totalTPS.exclude_controllers' not found, using default value 'false' instead.
2024-04-04 11:07:43,456 INFO o.a.j.r.c.ReportGeneratorConfiguration: Property 'jmeter.reportgenerator.graph.activeThreadsOverTime.exclude_controllers' not found, using default value 'false' instead.
2024-04-04 11:07:43,456 INFO o.a.j.r.c.ReportGeneratorConfiguration: Property 'jmeter.reportgenerator.graph.timeVsThreads.exclude_controllers' not found, using default value 'false' instead.
2024-04-04 11:07:43,456 INFO o.a.j.r.c.ReportGeneratorConfiguration: Property 'jmeter.reportgenerator.graph.responseTimeDistribution.exclude_controllers' not found, using default value 'false' instead.
2024-04-04 11:07:43,456 INFO o.a.j.r.c.ReportGeneratorConfiguration: Property 'jmeter.reportgenerator.graph.transactionsPerSecond.exclude_controllers' not found, using default value 'false' instead.
2024-04-04 11:07:43,457 INFO o.a.j.r.c.ReportGeneratorConfiguration: Property 'jmeter.reportgenerator.graph.responseTimePercentiles.exclude_controllers' not found, using default value 'false' instead.
2024-04-04 11:07:43,457 INFO o.a.j.r.c.ReportGeneratorConfiguration: Property 'jmeter.reportgenerator.graph.responseTimePercentilesOverTime.exclude_controllers' not found, using default value 'false' instead.
2024-04-04 11:07:43,457 INFO o.a.j.r.c.ReportGeneratorConfiguration: Property 'jmeter.reportgenerator.graph.responseTimesOverTime.exclude_controllers' not found, using default value 'false' instead.
2024-04-04 11:07:43,457 INFO o.a.j.r.c.ReportGeneratorConfiguration: Property 'jmeter.reportgenerator.graph.connectTimeOverTime.exclude_controllers' not found, using default value 'false' instead.
2024-04-04 11:07:43,457 INFO o.a.j.r.c.ReportGeneratorConfiguration: Property 'jmeter.reportgenerator.graph.latenciesOverTime.exclude_controllers' not found, using default value 'false' instead.
2024-04-04 11:07:43,458 INFO o.a.j.r.c.ReportGeneratorConfiguration: Property 'jmeter.reportgenerator.exporter.json.filters_only_sample_series' not found, using default value 'true' instead.
2024-04-04 11:07:43,458 INFO o.a.j.r.c.ReportGeneratorConfiguration: Property 'jmeter.reportgenerator.exporter.json.series_filter' not found, using default value '' instead.
2024-04-04 11:07:43,459 INFO o.a.j.r.c.ReportGeneratorConfiguration: Property 'jmeter.reportgenerator.exporter.json.show_controllers_only' not found, using default value 'false' instead.
2024-04-04 11:07:43,536 INFO o.a.j.r.c.ReportGeneratorConfiguration: Property 'jmeter.reportgenerator.exporter.html.filters_only_sample_series' not found, using default value 'true' instead.
2024-04-04 11:07:43,536 INFO o.a.j.r.c.ReportGeneratorConfiguration: Property 'jmeter.reportgenerator.exporter.html.series_filter' not found, using default value '' instead.
2024-04-04 11:07:43,536 INFO o.a.j.r.c.ReportGeneratorConfiguration: Property 'jmeter.reportgenerator.exporter.html.show_controllers_only' not found, using default value 'false' instead.
2024-04-04 11:07:43,539 INFO o.a.j.e.DistributedRunner: Configuring remote engine: 10.35.0.13
2024-04-04 11:07:43,541 INFO o.a.j.r.RmiUtils: Disabling SSL for RMI as server.rmi.ssl.disable is set to 'true'
2024-04-04 11:07:43,946 INFO o.a.j.e.DistributedRunner: Starting distributed test with remote engines: [10.35.0.13] @ Thu Apr 04 11:07:43 UTC 2024 (1712228863945)
2024-04-04 11:07:43,946 INFO o.a.j.e.ClientJMeterEngine: running clientengine run method
2024-04-04 11:07:44,041 INFO o.a.j.e.u.CompoundVariable: Note: Function class names must contain the string: '.functions.'
2024-04-04 11:07:44,041 INFO o.a.j.e.u.CompoundVariable: Note: Function class names must not contain the string: '.gui.'
2024-04-04 11:07:44,437 INFO o.a.j.r.RmiUtils: Disabling SSL for RMI as server.rmi.ssl.disable is set to 'true'
2024-04-04 11:07:44,437 INFO o.a.j.r.RmiUtils: Disabling SSL for RMI as server.rmi.ssl.disable is set to 'true'
2024-04-04 11:07:44,440 INFO o.a.j.s.SampleEvent: List of sample_variables: []
2024-04-04 11:07:44,445 INFO o.a.j.s.BatchSampleSender: Using batching (client settings) for this run. Thresholds: num=100, time=60000
2024-04-04 11:07:44,445 INFO o.a.j.s.DataStrippingSampleSender: Using DataStrippingSampleSender for this run
2024-04-04 11:07:44,446 INFO o.a.j.r.RmiUtils: Disabling SSL for RMI as server.rmi.ssl.disable is set to 'true'
2024-04-04 11:07:44,446 INFO o.a.j.r.RmiUtils: Disabling SSL for RMI as server.rmi.ssl.disable is set to 'true'
