2024-04-01 06:42:21,447 INFO o.a.j.u.JMeterUtils: Setting Locale to en_EN
2024-04-01 06:42:21,550 INFO o.a.j.JMeter: Loading user properties from: user.properties
2024-04-01 06:42:21,551 INFO o.a.j.JMeter: Loading system properties from: system.properties
2024-04-01 06:42:21,551 INFO o.a.j.JMeter: Setting System property: server.rmi.ssl.disable=true
2024-04-01 06:42:21,557 INFO o.a.j.JMeter: Copyright (c) 1998-2021 The Apache Software Foundation
2024-04-01 06:42:21,557 INFO o.a.j.JMeter: Version 5.4.1
2024-04-01 06:42:21,558 INFO o.a.j.JMeter: java.version=16.0.2
2024-04-01 06:42:21,558 INFO o.a.j.JMeter: java.vm.name=OpenJDK 64-Bit Server VM
2024-04-01 06:42:21,558 INFO o.a.j.JMeter: os.name=Linux
2024-04-01 06:42:21,558 INFO o.a.j.JMeter: os.arch=amd64
2024-04-01 06:42:21,558 INFO o.a.j.JMeter: os.version=6.5.0-1016-aws
2024-04-01 06:42:21,643 INFO o.a.j.JMeter: file.encoding=UTF-8
2024-04-01 06:42:21,643 INFO o.a.j.JMeter: java.awt.headless=null
2024-04-01 06:42:21,644 INFO o.a.j.JMeter: Max memory     =1073741824
2024-04-01 06:42:21,644 INFO o.a.j.JMeter: Available Processors =1
2024-04-01 06:42:21,654 INFO o.a.j.JMeter: Default Locale=English (EN)
2024-04-01 06:42:21,743 INFO o.a.j.JMeter: JMeter  Locale=English (EN)
2024-04-01 06:42:21,743 INFO o.a.j.JMeter: JMeterHome=/opt/jmeter/apache-jmeter-5.4.1
2024-04-01 06:42:21,743 INFO o.a.j.JMeter: user.dir  =/opt/jmeter/apache-jmeter-5.4.1/bin
2024-04-01 06:42:21,743 INFO o.a.j.JMeter: PWD       =/opt/jmeter/apache-jmeter-5.4.1/bin
2024-04-01 06:42:21,744 INFO o.a.j.JMeter: IP: 10.35.0.12 Name: jmeter-master04-01-12-11-06-hm6fb FullName: jmeter-master04-01-12-11-06-hm6fb
2024-04-01 06:42:21,747 INFO o.a.j.JMeter: Setting property 'jmeter.reportgenerator.outputdir' to:'/report/report-PetStoreAPIScriptDynamicBuildNumber1.jmx-2024-04-01_064113'
2024-04-01 06:42:21,750 INFO o.a.j.s.FileServer: Default base='/opt/jmeter/apache-jmeter-5.4.1/bin'
2024-04-01 06:42:21,751 INFO o.a.j.s.FileServer: Set new base='/opt/jmeter/apache-jmeter-5.4.1/bin'
2024-04-01 06:42:23,252 INFO o.a.j.s.SaveService: Testplan (JMX) version: 2.2. Testlog (JTL) version: 2.2
2024-04-01 06:42:23,453 INFO o.a.j.s.SaveService: Using SaveService properties version 5.0
2024-04-01 06:42:23,546 INFO o.a.j.s.SaveService: Using SaveService properties file encoding UTF-8
2024-04-01 06:42:23,549 INFO o.a.j.s.SaveService: Loading file: PetStoreAPIScriptDynamicBuildNumber1.jmx
2024-04-01 06:42:23,848 INFO o.a.j.p.h.c.CookieManager: Settings: Delete null: true Check: true Allow variable: true Save: false Prefix: COOKIE_
2024-04-01 06:42:23,952 INFO o.a.j.p.h.s.HTTPSamplerBase: Parser for text/html is org.apache.jmeter.protocol.http.parser.LagartoBasedHtmlParser
2024-04-01 06:42:23,953 INFO o.a.j.p.h.s.HTTPSamplerBase: Parser for application/xhtml+xml is org.apache.jmeter.protocol.http.parser.LagartoBasedHtmlParser
2024-04-01 06:42:23,953 INFO o.a.j.p.h.s.HTTPSamplerBase: Parser for application/xml is org.apache.jmeter.protocol.http.parser.LagartoBasedHtmlParser
2024-04-01 06:42:23,953 INFO o.a.j.p.h.s.HTTPSamplerBase: Parser for text/xml is org.apache.jmeter.protocol.http.parser.LagartoBasedHtmlParser
2024-04-01 06:42:23,953 INFO o.a.j.p.h.s.HTTPSamplerBase: Parser for text/vnd.wap.wml is org.apache.jmeter.protocol.http.parser.RegexpHTMLParser
2024-04-01 06:42:23,953 INFO o.a.j.p.h.s.HTTPSamplerBase: Parser for text/css is org.apache.jmeter.protocol.http.parser.CssParser
2024-04-01 06:42:24,350 INFO o.a.j.s.SampleResult: Note: Sample TimeStamps are START times
2024-04-01 06:42:24,350 INFO o.a.j.s.SampleResult: sampleresult.default.encoding is set to ISO-8859-1
2024-04-01 06:42:24,350 INFO o.a.j.s.SampleResult: sampleresult.useNanoTime=true
2024-04-01 06:42:24,350 INFO o.a.j.s.SampleResult: sampleresult.nanoThreadSleep=5000
2024-04-01 06:42:24,551 INFO o.a.j.JMeter: Creating summariser <summary>
2024-04-01 06:42:24,646 INFO o.a.j.r.d.ReportGenerator: ReportGenerator will use for Parsing the separator: ','
2024-04-01 06:42:24,647 INFO o.a.j.r.d.ReportGenerator: Will generate report at end of test from  results file: /report/PetStoreAPIScriptDynamicBuildNumber1.jmx_2024-04-01_064113.jtl
2024-04-01 06:42:24,647 INFO o.a.j.r.d.ReportGenerator: Reading report generator properties from: /opt/jmeter/apache-jmeter-5.4.1/bin/reportgenerator.properties
2024-04-01 06:42:24,648 INFO o.a.j.r.d.ReportGenerator: Merging with JMeter properties
2024-04-01 06:42:24,652 INFO o.a.j.r.c.ReportGeneratorConfiguration: Property 'jmeter.reportgenerator.temp_dir' not found, using default value 'temp' instead.
2024-04-01 06:42:24,655 INFO o.a.j.r.c.ReportGeneratorConfiguration: Property 'jmeter.reportgenerator.apdex_per_transaction' not found, using default value 'null' instead.
2024-04-01 06:42:24,655 INFO o.a.j.r.c.ReportGeneratorConfiguration: apdex_per_transaction is empty, not APDEX per transaction customization
2024-04-01 06:42:24,655 INFO o.a.j.r.c.ReportGeneratorConfiguration: Property 'jmeter.reportgenerator.sample_filter' not found, using default value 'null' instead.
2024-04-01 06:42:24,655 INFO o.a.j.r.c.ReportGeneratorConfiguration: Property 'jmeter.reportgenerator.report_title' not found, using default value 'null' instead.
2024-04-01 06:42:24,655 INFO o.a.j.r.c.ReportGeneratorConfiguration: Property 'jmeter.reportgenerator.start_date' not found, using default value 'null' instead.
2024-04-01 06:42:24,655 INFO o.a.j.r.c.ReportGeneratorConfiguration: Property 'jmeter.reportgenerator.end_date' not found, using default value 'null' instead.
2024-04-01 06:42:24,655 INFO o.a.j.r.c.ReportGeneratorConfiguration: Property 'jmeter.reportgenerator.date_format' not found, using default value 'null' instead.
2024-04-01 06:42:24,656 INFO o.a.j.r.c.ReportGeneratorConfiguration: Will use date range start date: null, end date: null
2024-04-01 06:42:24,744 INFO o.a.j.r.c.ReportGeneratorConfiguration: Property 'jmeter.reportgenerator.graph.totalTPS.exclude_controllers' not found, using default value 'false' instead.
2024-04-01 06:42:24,745 INFO o.a.j.r.c.ReportGeneratorConfiguration: Property 'jmeter.reportgenerator.graph.activeThreadsOverTime.exclude_controllers' not found, using default value 'false' instead.
2024-04-01 06:42:24,745 INFO o.a.j.r.c.ReportGeneratorConfiguration: Property 'jmeter.reportgenerator.graph.timeVsThreads.exclude_controllers' not found, using default value 'false' instead.
2024-04-01 06:42:24,745 INFO o.a.j.r.c.ReportGeneratorConfiguration: Property 'jmeter.reportgenerator.graph.responseTimeDistribution.exclude_controllers' not found, using default value 'false' instead.
2024-04-01 06:42:24,745 INFO o.a.j.r.c.ReportGeneratorConfiguration: Property 'jmeter.reportgenerator.graph.transactionsPerSecond.exclude_controllers' not found, using default value 'false' instead.
2024-04-01 06:42:24,745 INFO o.a.j.r.c.ReportGeneratorConfiguration: Property 'jmeter.reportgenerator.graph.responseTimePercentiles.exclude_controllers' not found, using default value 'false' instead.
2024-04-01 06:42:24,746 INFO o.a.j.r.c.ReportGeneratorConfiguration: Property 'jmeter.reportgenerator.graph.responseTimePercentilesOverTime.exclude_controllers' not found, using default value 'false' instead.
2024-04-01 06:42:24,746 INFO o.a.j.r.c.ReportGeneratorConfiguration: Property 'jmeter.reportgenerator.graph.responseTimesOverTime.exclude_controllers' not found, using default value 'false' instead.
2024-04-01 06:42:24,746 INFO o.a.j.r.c.ReportGeneratorConfiguration: Property 'jmeter.reportgenerator.graph.connectTimeOverTime.exclude_controllers' not found, using default value 'false' instead.
2024-04-01 06:42:24,746 INFO o.a.j.r.c.ReportGeneratorConfiguration: Property 'jmeter.reportgenerator.graph.latenciesOverTime.exclude_controllers' not found, using default value 'false' instead.
2024-04-01 06:42:24,747 INFO o.a.j.r.c.ReportGeneratorConfiguration: Property 'jmeter.reportgenerator.exporter.json.filters_only_sample_series' not found, using default value 'true' instead.
2024-04-01 06:42:24,747 INFO o.a.j.r.c.ReportGeneratorConfiguration: Property 'jmeter.reportgenerator.exporter.json.series_filter' not found, using default value '' instead.
2024-04-01 06:42:24,747 INFO o.a.j.r.c.ReportGeneratorConfiguration: Property 'jmeter.reportgenerator.exporter.json.show_controllers_only' not found, using default value 'false' instead.
2024-04-01 06:42:24,748 INFO o.a.j.r.c.ReportGeneratorConfiguration: Property 'jmeter.reportgenerator.exporter.html.filters_only_sample_series' not found, using default value 'true' instead.
2024-04-01 06:42:24,748 INFO o.a.j.r.c.ReportGeneratorConfiguration: Property 'jmeter.reportgenerator.exporter.html.series_filter' not found, using default value '' instead.
2024-04-01 06:42:24,748 INFO o.a.j.r.c.ReportGeneratorConfiguration: Property 'jmeter.reportgenerator.exporter.html.show_controllers_only' not found, using default value 'false' instead.
2024-04-01 06:42:24,751 INFO o.a.j.e.DistributedRunner: Configuring remote engine: 10.35.0.13
2024-04-01 06:42:24,753 INFO o.a.j.r.RmiUtils: Disabling SSL for RMI as server.rmi.ssl.disable is set to 'true'
2024-04-01 06:42:25,158 INFO o.a.j.e.DistributedRunner: Starting distributed test with remote engines: [10.35.0.13] @ Mon Apr 01 06:42:25 UTC 2024 (1711953745158)
2024-04-01 06:42:25,159 INFO o.a.j.e.ClientJMeterEngine: running clientengine run method
2024-04-01 06:42:25,245 INFO o.a.j.e.u.CompoundVariable: Note: Function class names must contain the string: '.functions.'
2024-04-01 06:42:25,245 INFO o.a.j.e.u.CompoundVariable: Note: Function class names must not contain the string: '.gui.'
2024-04-01 06:42:25,552 INFO o.a.j.r.RmiUtils: Disabling SSL for RMI as server.rmi.ssl.disable is set to 'true'
2024-04-01 06:42:25,552 INFO o.a.j.r.RmiUtils: Disabling SSL for RMI as server.rmi.ssl.disable is set to 'true'
2024-04-01 06:42:25,644 INFO o.a.j.s.SampleEvent: List of sample_variables: []
2024-04-01 06:42:25,649 INFO o.a.j.s.BatchSampleSender: Using batching (client settings) for this run. Thresholds: num=100, time=60000
2024-04-01 06:42:25,650 INFO o.a.j.s.DataStrippingSampleSender: Using DataStrippingSampleSender for this run
2024-04-01 06:42:25,651 INFO o.a.j.r.RmiUtils: Disabling SSL for RMI as server.rmi.ssl.disable is set to 'true'
2024-04-01 06:42:25,651 INFO o.a.j.r.RmiUtils: Disabling SSL for RMI as server.rmi.ssl.disable is set to 'true'
2024-04-01 06:42:29,755 INFO o.a.j.r.RmiUtils: Disabling SSL for RMI as server.rmi.ssl.disable is set to 'true'
2024-04-01 06:42:29,755 INFO o.a.j.r.RmiUtils: Disabling SSL for RMI as server.rmi.ssl.disable is set to 'true'
2024-04-01 06:42:29,756 INFO o.a.j.r.RmiUtils: Disabling SSL for RMI as server.rmi.ssl.disable is set to 'true'
2024-04-01 06:42:29,756 INFO o.a.j.r.RmiUtils: Disabling SSL for RMI as server.rmi.ssl.disable is set to 'true'
2024-04-01 06:42:29,756 INFO o.a.j.s.BatchSampleSender: Using batching (client settings) for this run. Thresholds: num=100, time=60000
2024-04-01 06:42:29,756 INFO o.a.j.s.DataStrippingSampleSender: Using DataStrippingSampleSender for this run
2024-04-01 06:42:29,756 INFO o.a.j.r.RmiUtils: Disabling SSL for RMI as server.rmi.ssl.disable is set to 'true'
2024-04-01 06:42:29,756 INFO o.a.j.r.RmiUtils: Disabling SSL for RMI as server.rmi.ssl.disable is set to 'true'
2024-04-01 06:42:29,757 INFO o.a.j.s.BatchSampleSender: Using batching (client settings) for this run. Thresholds: num=100, time=60000
2024-04-01 06:42:29,757 INFO o.a.j.s.DataStrippingSampleSender: Using DataStrippingSampleSender for this run
2024-04-01 06:42:29,757 INFO o.a.j.r.RmiUtils: Disabling SSL for RMI as server.rmi.ssl.disable is set to 'true'
2024-04-01 06:42:29,757 INFO o.a.j.r.RmiUtils: Disabling SSL for RMI as server.rmi.ssl.disable is set to 'true'
2024-04-01 06:42:29,757 INFO o.a.j.s.BatchSampleSender: Using batching (client settings) for this run. Thresholds: num=100, time=60000
2024-04-01 06:42:29,757 INFO o.a.j.s.DataStrippingSampleSender: Using DataStrippingSampleSender for this run
2024-04-01 06:42:29,757 INFO o.a.j.r.RmiUtils: Disabling SSL for RMI as server.rmi.ssl.disable is set to 'true'
2024-04-01 06:42:29,757 INFO o.a.j.r.RmiUtils: Disabling SSL for RMI as server.rmi.ssl.disable is set to 'true'
2024-04-01 06:42:29,758 INFO o.a.j.s.BatchSampleSender: Using batching (client settings) for this run. Thresholds: num=100, time=60000
2024-04-01 06:42:29,758 INFO o.a.j.s.DataStrippingSampleSender: Using DataStrippingSampleSender for this run
2024-04-01 06:42:29,758 INFO o.a.j.r.RmiUtils: Disabling SSL for RMI as server.rmi.ssl.disable is set to 'true'
2024-04-01 06:42:29,758 INFO o.a.j.r.RmiUtils: Disabling SSL for RMI as server.rmi.ssl.disable is set to 'true'
2024-04-01 06:42:29,758 INFO o.a.j.s.BatchSampleSender: Using batching (client settings) for this run. Thresholds: num=100, time=60000
2024-04-01 06:42:29,758 INFO o.a.j.s.DataStrippingSampleSender: Using DataStrippingSampleSender for this run
2024-04-01 06:42:30,699 INFO o.a.j.e.ClientJMeterEngine: sent test to 10.35.0.13 basedir='.'
2024-04-01 06:42:30,699 INFO o.a.j.e.ClientJMeterEngine: Sending properties {}
2024-04-01 06:42:30,702 INFO o.a.j.e.ClientJMeterEngine: sent run command to 10.35.0.13
2024-04-01 06:42:30,702 INFO o.a.j.e.DistributedRunner: Remote engines have been started:[10.35.0.13]
2024-04-01 06:42:31,477 INFO o.a.j.v.b.BackendListener: Backend Listener 1: Starting worker with class: class org.apache.jmeter.visualizers.backend.influxdb.InfluxdbBackendListenerClient and queue capacity: 5000
2024-04-01 06:42:31,478 INFO o.a.j.v.b.BackendListener: Backend Listener 1: Started  worker with class: class org.apache.jmeter.visualizers.backend.influxdb.InfluxdbBackendListenerClient
2024-04-01 06:42:33,249 INFO o.a.j.v.b.BackendListener: Backend Listener 2: Starting worker with class: class rocks.nt.apm.jmeter.JMeterInfluxDBBackendListenerClient and queue capacity: 5000
2024-04-01 06:42:33,250 INFO o.a.j.v.b.BackendListener: Backend Listener 2: Started  worker with class: class rocks.nt.apm.jmeter.JMeterInfluxDBBackendListenerClient
2024-04-01 06:42:34,064 INFO o.a.j.JMeter: Started remote host:  10.35.0.13 (1711953754064)
2024-04-01 06:43:00,957 INFO o.a.j.r.Summariser: summary +    936 in 00:00:27 =   34.8/s Avg:   248 Min:   188 Max:  4437 Err:   131 (14.00%) Active: 10 Started: 10 Finished: 0
2024-04-01 06:43:30,995 INFO o.a.j.r.Summariser: summary +   1479 in 00:00:30 =   49.2/s Avg:   202 Min:   188 Max:   263 Err:   210 (14.20%) Active: 10 Started: 10 Finished: 0
2024-04-01 06:43:30,995 INFO o.a.j.r.Summariser: summary =   2415 in 00:00:57 =   42.4/s Avg:   220 Min:   188 Max:  4437 Err:   341 (14.12%)
2024-04-01 06:44:00,397 INFO o.a.j.r.Summariser: summary +   1400 in 00:00:29 =   47.6/s Avg:   208 Min:   188 Max:   813 Err:   207 (14.79%) Active: 10 Started: 10 Finished: 0
2024-04-01 06:44:00,398 INFO o.a.j.r.Summariser: summary =   3815 in 00:01:26 =   44.2/s Avg:   216 Min:   188 Max:  4437 Err:   548 (14.36%)
2024-04-01 06:44:30,901 INFO o.a.j.r.Summariser: summary +   1476 in 00:00:31 =   48.4/s Avg:   205 Min:   188 Max:   269 Err:   192 (13.01%) Active: 10 Started: 10 Finished: 0
2024-04-01 06:44:30,902 INFO o.a.j.r.Summariser: summary =   5291 in 00:01:57 =   45.3/s Avg:   213 Min:   188 Max:  4437 Err:   740 (13.99%)
2024-04-01 06:45:01,023 INFO o.a.j.r.Summariser: summary +   1401 in 00:00:30 =   46.5/s Avg:   214 Min:   188 Max:  1176 Err:   201 (14.35%) Active: 10 Started: 10 Finished: 0
2024-04-01 06:45:01,024 INFO o.a.j.r.Summariser: summary =   6692 in 00:02:27 =   45.5/s Avg:   213 Min:   188 Max:  4437 Err:   941 (14.06%)
2024-04-01 06:45:30,349 INFO o.a.j.r.Summariser: summary +   1399 in 00:00:29 =   47.7/s Avg:   208 Min:   191 Max:   286 Err:   188 (13.44%) Active: 10 Started: 10 Finished: 0
2024-04-01 06:45:30,350 INFO o.a.j.r.Summariser: summary =   8091 in 00:02:56 =   45.9/s Avg:   212 Min:   188 Max:  4437 Err:  1129 (13.95%)
2024-04-01 06:45:34,606 INFO o.a.j.v.b.BackendListener: Worker ended
2024-04-01 06:45:34,607 INFO o.a.j.v.b.i.InfluxdbBackendListenerClient: Sending last metrics to InfluxDB
2024-04-01 06:45:34,608 INFO o.a.j.v.b.i.HttpMetricsSender: Destroying 
2024-04-01 06:45:34,624 INFO o.a.j.v.b.BackendListener: Worker ended
2024-04-01 06:45:34,625 INFO r.n.a.j.JMeterInfluxDBBackendListenerClient: Shutting down influxDB scheduler...
2024-04-01 06:45:34,630 INFO r.n.a.j.JMeterInfluxDBBackendListenerClient: influxDB scheduler terminated!
2024-04-01 06:45:34,643 INFO o.a.j.r.Summariser: summary +    278 in 00:00:04 =   64.7/s Avg:   208 Min:   191 Max:   223 Err:    33 (11.87%) Active: 0 Started: 10 Finished: 10
2024-04-01 06:45:34,644 INFO o.a.j.r.Summariser: summary =   8369 in 00:03:01 =   46.3/s Avg:   212 Min:   188 Max:  4437 Err:  1162 (13.88%)
2024-04-01 06:45:34,644 INFO o.a.j.JMeter: Finished remote host: 10.35.0.13 (1711953934644)
2024-04-01 06:45:34,644 INFO o.a.j.JMeter: All remote engines have ended test, starting RemoteTestStopper thread
2024-04-01 06:45:34,645 INFO o.a.j.e.ClientJMeterEngine: about to exit remote server on 10.35.0.13
2024-04-01 06:45:39,820 INFO o.a.j.JMeter: Interrupting RMI Reaper
2024-04-01 06:45:39,820 INFO o.a.j.JMeter: Generating Dashboard
2024-04-01 06:45:39,820 INFO o.a.j.r.d.ReportGenerator: Flushing result collector before report Generation
2024-04-01 06:45:39,921 INFO o.a.j.r.p.NormalizerSampleConsumer: Using format, 'ms', to parse timeStamp field
2024-04-01 06:45:43,625 INFO o.a.j.r.p.AbstractSampleConsumer: class org.apache.jmeter.report.processor.AggregateConsumer#stopProducing(): beginDate produced 0 samples
2024-04-01 06:45:43,625 INFO o.a.j.r.p.AbstractSampleConsumer: class org.apache.jmeter.report.processor.AggregateConsumer#stopProducing(): endDate produced 0 samples
2024-04-01 06:45:43,626 INFO o.a.j.r.p.AbstractSampleConsumer: class org.apache.jmeter.report.processor.ApdexSummaryConsumer#stopProducing(): apdexSummary produced 0 samples
2024-04-01 06:45:43,626 INFO o.a.j.r.p.AbstractSampleConsumer: class org.apache.jmeter.report.processor.RequestsSummaryConsumer#stopProducing(): requestsSummary produced 0 samples
2024-04-01 06:45:43,628 INFO o.a.j.r.p.AbstractSampleConsumer: class org.apache.jmeter.report.processor.StatisticsSummaryConsumer#stopProducing(): statisticsSummary produced 0 samples
2024-04-01 06:45:43,722 INFO o.a.j.r.p.AbstractSampleConsumer: class org.apache.jmeter.report.processor.Top5ErrorsBySamplerConsumer#stopProducing(): top5ErrorsBySampler produced 0 samples
2024-04-01 06:45:43,722 INFO o.a.j.r.p.AbstractSampleConsumer: class org.apache.jmeter.report.processor.ErrorsSummaryConsumer#stopProducing(): errorsSummary produced 0 samples
2024-04-01 06:45:43,722 INFO o.a.j.r.p.AbstractSampleConsumer: class org.apache.jmeter.report.processor.graph.impl.HitsPerSecondGraphConsumer#stopProducing(): hitsPerSecond produced 0 samples
2024-04-01 06:45:44,625 INFO o.a.j.r.p.AbstractSampleConsumer: class org.apache.jmeter.report.processor.graph.impl.LatencyVSRequestGraphConsumer#stopProducing(): latencyVsRequest produced 0 samples
2024-04-01 06:45:44,626 INFO o.a.j.r.p.AbstractSampleConsumer: class org.apache.jmeter.report.processor.graph.impl.SyntheticResponseTimeDistributionGraphConsumer#stopProducing(): syntheticResponseTimeDistribution produced 0 samples
2024-04-01 06:45:44,626 INFO o.a.j.r.p.AbstractSampleConsumer: class org.apache.jmeter.report.processor.graph.impl.BytesThroughputGraphConsumer#stopProducing(): bytesThroughputOverTime produced 0 samples
2024-04-01 06:45:44,626 INFO o.a.j.r.p.AbstractSampleConsumer: class org.apache.jmeter.report.processor.graph.impl.CodesPerSecondGraphConsumer#stopProducing(): codesPerSecond produced 0 samples
2024-04-01 06:45:45,520 INFO o.a.j.r.p.AbstractSampleConsumer: class org.apache.jmeter.report.processor.graph.impl.ResponseTimeVSRequestGraphConsumer#stopProducing(): responseTimeVsRequest produced 0 samples
2024-04-01 06:45:45,520 INFO o.a.j.r.p.AbstractSampleConsumer: class org.apache.jmeter.report.processor.FilterConsumer#stopProducing(): startIntervalControlerFilter produced 58583 samples
2024-04-01 06:45:45,520 INFO o.a.j.r.p.AbstractSampleConsumer: class org.apache.jmeter.report.processor.graph.impl.TotalTPSGraphConsumer#stopProducing(): totalTPS produced 0 samples
2024-04-01 06:45:45,521 INFO o.a.j.r.p.AbstractSampleConsumer: class org.apache.jmeter.report.processor.graph.impl.ActiveThreadsGraphConsumer#stopProducing(): activeThreadsOverTime produced 0 samples
2024-04-01 06:45:45,521 INFO o.a.j.r.p.AbstractSampleConsumer: class org.apache.jmeter.report.processor.graph.impl.TimeVSThreadGraphConsumer#stopProducing(): timeVsThreads produced 0 samples
2024-04-01 06:45:45,521 INFO o.a.j.r.p.AbstractSampleConsumer: class org.apache.jmeter.report.processor.graph.impl.ResponseTimeDistributionGraphConsumer#stopProducing(): responseTimeDistribution produced 0 samples
2024-04-01 06:45:45,521 INFO o.a.j.r.p.AbstractSampleConsumer: class org.apache.jmeter.report.processor.graph.impl.TransactionsPerSecondGraphConsumer#stopProducing(): transactionsPerSecond produced 0 samples
2024-04-01 06:45:45,522 INFO o.a.j.r.p.AbstractSampleConsumer: class org.apache.jmeter.report.processor.graph.impl.ResponseTimePercentilesGraphConsumer#stopProducing(): responseTimePercentiles produced 0 samples
2024-04-01 06:45:45,526 INFO o.a.j.r.p.AbstractSampleConsumer: class org.apache.jmeter.report.processor.graph.impl.ResponseTimePercentilesOverTimeGraphConsumer#stopProducing(): responseTimePercentilesOverTime produced 0 samples
2024-04-01 06:45:45,527 INFO o.a.j.r.p.AbstractSampleConsumer: class org.apache.jmeter.report.processor.graph.impl.ResponseTimeOverTimeGraphConsumer#stopProducing(): responseTimesOverTime produced 0 samples
2024-04-01 06:45:45,527 INFO o.a.j.r.p.AbstractSampleConsumer: class org.apache.jmeter.report.processor.graph.impl.ConnectTimeOverTimeGraphConsumer#stopProducing(): connectTimeOverTime produced 0 samples
2024-04-01 06:45:45,527 INFO o.a.j.r.p.AbstractSampleConsumer: class org.apache.jmeter.report.processor.graph.impl.LatencyOverTimeGraphConsumer#stopProducing(): latenciesOverTime produced 0 samples
2024-04-01 06:45:45,527 INFO o.a.j.r.p.AbstractSampleConsumer: class org.apache.jmeter.report.processor.FilterConsumer#stopProducing(): nameFilter produced 161385 samples
2024-04-01 06:45:45,527 INFO o.a.j.r.p.AbstractSampleConsumer: class org.apache.jmeter.report.processor.FilterConsumer#stopProducing(): dateRangeFilter produced 32277 samples
2024-04-01 06:45:45,527 INFO o.a.j.r.p.AbstractSampleConsumer: class org.apache.jmeter.report.processor.NormalizerSampleConsumer#stopProducing(): normalizer produced 10759 samples
2024-04-01 06:45:45,528 INFO o.a.j.r.p.CsvFileSampleSource: produce(): 10759 samples produced in 5s 596 ms on channel 0
2024-04-01 06:45:45,528 INFO o.a.j.r.d.ReportGenerator: Exporting data using exporter:'json' of className:'org.apache.jmeter.report.dashboard.JsonExporter'
2024-04-01 06:45:46,329 INFO o.a.j.r.d.JsonExporter: Found data for consumer statisticsSummary in context
2024-04-01 06:45:46,329 INFO o.a.j.r.d.JsonExporter: Creating statistics for overall
2024-04-01 06:45:46,329 INFO o.a.j.r.d.JsonExporter: Creating statistics for other transactions
2024-04-01 06:45:46,330 INFO o.a.j.r.d.JsonExporter: Checking output folder
2024-04-01 06:45:46,330 INFO o.a.j.r.d.JsonExporter: Writing statistics JSON to /report/report-PetStoreAPIScriptDynamicBuildNumber1.jmx-2024-04-01_064113/statistics.json
2024-04-01 06:45:46,524 INFO o.a.j.r.d.ReportGenerator: Exporting data using exporter:'html' of className:'org.apache.jmeter.report.dashboard.HtmlTemplateExporter'
2024-04-01 06:45:46,526 INFO o.a.j.r.d.HtmlTemplateExporter: Will generate dashboard in folder: /report/report-PetStoreAPIScriptDynamicBuildNumber1.jmx-2024-04-01_064113
2024-04-01 06:45:47,326 INFO o.a.j.r.d.HtmlTemplateExporter: Report will be generated in: /report/report-PetStoreAPIScriptDynamicBuildNumber1.jmx-2024-04-01_064113, creating folder structure
2024-04-01 06:45:47,329 INFO o.a.j.r.d.TemplateVisitor: Copying folder from '/opt/jmeter/apache-jmeter-5.4.1/bin/report-template' to '/report/report-PetStoreAPIScriptDynamicBuildNumber1.jmx-2024-04-01_064113', got message: /report/report-PetStoreAPIScriptDynamicBuildNumber1.jmx-2024-04-01_064113, found non empty folder with following content [/report/report-PetStoreAPIScriptDynamicBuildNumber1.jmx-2024-04-01_064113/statistics.json], will be ignored
2024-04-01 06:45:48,930 INFO o.a.j.JMeter: Dashboard generated
