2024-03-21 08:40:39,431 INFO o.a.j.u.JMeterUtils: Setting Locale to en_EN
2024-03-21 08:40:39,702 INFO o.a.j.JMeter: Loading user properties from: user.properties
2024-03-21 08:40:39,703 INFO o.a.j.JMeter: Loading system properties from: system.properties
2024-03-21 08:40:39,703 INFO o.a.j.JMeter: Setting System property: server.rmi.ssl.disable=true
2024-03-21 08:40:39,830 INFO o.a.j.JMeter: Copyright (c) 1998-2021 The Apache Software Foundation
2024-03-21 08:40:39,830 INFO o.a.j.JMeter: Version 5.4.1
2024-03-21 08:40:39,830 INFO o.a.j.JMeter: java.version=16.0.2
2024-03-21 08:40:39,830 INFO o.a.j.JMeter: java.vm.name=OpenJDK 64-Bit Server VM
2024-03-21 08:40:39,830 INFO o.a.j.JMeter: os.name=Linux
2024-03-21 08:40:39,830 INFO o.a.j.JMeter: os.arch=amd64
2024-03-21 08:40:39,830 INFO o.a.j.JMeter: os.version=6.5.0-1015-aws
2024-03-21 08:40:39,831 INFO o.a.j.JMeter: file.encoding=UTF-8
2024-03-21 08:40:39,831 INFO o.a.j.JMeter: java.awt.headless=null
2024-03-21 08:40:39,831 INFO o.a.j.JMeter: Max memory     =1073741824
2024-03-21 08:40:39,831 INFO o.a.j.JMeter: Available Processors =1
2024-03-21 08:40:39,931 INFO o.a.j.JMeter: Default Locale=English (EN)
2024-03-21 08:40:39,932 INFO o.a.j.JMeter: JMeter  Locale=English (EN)
2024-03-21 08:40:39,932 INFO o.a.j.JMeter: JMeterHome=/opt/jmeter/apache-jmeter-5.4.1
2024-03-21 08:40:39,932 INFO o.a.j.JMeter: user.dir  =/opt/jmeter/apache-jmeter-5.4.1/bin
2024-03-21 08:40:39,933 INFO o.a.j.JMeter: PWD       =/opt/jmeter/apache-jmeter-5.4.1/bin
2024-03-21 08:40:39,933 INFO o.a.j.JMeter: IP: 10.35.0.2 Name: jmeter-master03-21-14-09-22-vnrj6 FullName: jmeter-master03-21-14-09-22-vnrj6
2024-03-21 08:40:40,001 INFO o.a.j.JMeter: Setting property 'jmeter.reportgenerator.outputdir' to:'/report/report-wiremock.jmx-2024-03-21_083932'
2024-03-21 08:40:40,030 INFO o.a.j.s.FileServer: Default base='/opt/jmeter/apache-jmeter-5.4.1/bin'
2024-03-21 08:40:40,032 INFO o.a.j.s.FileServer: Set new base='/opt/jmeter/apache-jmeter-5.4.1/bin'
2024-03-21 08:40:41,803 INFO o.a.j.s.SaveService: Testplan (JMX) version: 2.2. Testlog (JTL) version: 2.2
2024-03-21 08:40:41,934 INFO o.a.j.s.SaveService: Using SaveService properties version 5.0
2024-03-21 08:40:41,938 INFO o.a.j.s.SaveService: Using SaveService properties file encoding UTF-8
2024-03-21 08:40:42,003 INFO o.a.j.s.SaveService: Loading file: wiremock.jmx
2024-03-21 08:40:42,337 INFO o.a.j.p.h.c.CookieManager: Settings: Delete null: true Check: true Allow variable: true Save: false Prefix: COOKIE_
2024-03-21 08:40:42,530 INFO o.a.j.p.h.s.HTTPSamplerBase: Parser for text/html is org.apache.jmeter.protocol.http.parser.LagartoBasedHtmlParser
2024-03-21 08:40:42,530 INFO o.a.j.p.h.s.HTTPSamplerBase: Parser for application/xhtml+xml is org.apache.jmeter.protocol.http.parser.LagartoBasedHtmlParser
2024-03-21 08:40:42,530 INFO o.a.j.p.h.s.HTTPSamplerBase: Parser for application/xml is org.apache.jmeter.protocol.http.parser.LagartoBasedHtmlParser
2024-03-21 08:40:42,530 INFO o.a.j.p.h.s.HTTPSamplerBase: Parser for text/xml is org.apache.jmeter.protocol.http.parser.LagartoBasedHtmlParser
2024-03-21 08:40:42,530 INFO o.a.j.p.h.s.HTTPSamplerBase: Parser for text/vnd.wap.wml is org.apache.jmeter.protocol.http.parser.RegexpHTMLParser
2024-03-21 08:40:42,530 INFO o.a.j.p.h.s.HTTPSamplerBase: Parser for text/css is org.apache.jmeter.protocol.http.parser.CssParser
2024-03-21 08:40:42,735 INFO o.a.j.s.SampleResult: Note: Sample TimeStamps are START times
2024-03-21 08:40:42,735 INFO o.a.j.s.SampleResult: sampleresult.default.encoding is set to ISO-8859-1
2024-03-21 08:40:42,735 INFO o.a.j.s.SampleResult: sampleresult.useNanoTime=true
2024-03-21 08:40:42,735 INFO o.a.j.s.SampleResult: sampleresult.nanoThreadSleep=5000
2024-03-21 08:40:43,032 INFO o.a.j.JMeter: Creating summariser <summary>
2024-03-21 08:40:43,037 INFO o.a.j.r.d.ReportGenerator: ReportGenerator will use for Parsing the separator: ','
2024-03-21 08:40:43,101 INFO o.a.j.r.d.ReportGenerator: Will generate report at end of test from  results file: /report/wiremock.jmx_2024-03-21_083932.jtl
2024-03-21 08:40:43,101 INFO o.a.j.r.d.ReportGenerator: Reading report generator properties from: /opt/jmeter/apache-jmeter-5.4.1/bin/reportgenerator.properties
2024-03-21 08:40:43,102 INFO o.a.j.r.d.ReportGenerator: Merging with JMeter properties
2024-03-21 08:40:43,134 INFO o.a.j.r.c.ReportGeneratorConfiguration: Property 'jmeter.reportgenerator.temp_dir' not found, using default value 'temp' instead.
2024-03-21 08:40:43,137 INFO o.a.j.r.c.ReportGeneratorConfiguration: Property 'jmeter.reportgenerator.apdex_per_transaction' not found, using default value 'null' instead.
2024-03-21 08:40:43,137 INFO o.a.j.r.c.ReportGeneratorConfiguration: apdex_per_transaction is empty, not APDEX per transaction customization
2024-03-21 08:40:43,137 INFO o.a.j.r.c.ReportGeneratorConfiguration: Property 'jmeter.reportgenerator.sample_filter' not found, using default value 'null' instead.
2024-03-21 08:40:43,138 INFO o.a.j.r.c.ReportGeneratorConfiguration: Property 'jmeter.reportgenerator.report_title' not found, using default value 'null' instead.
2024-03-21 08:40:43,138 INFO o.a.j.r.c.ReportGeneratorConfiguration: Property 'jmeter.reportgenerator.start_date' not found, using default value 'null' instead.
2024-03-21 08:40:43,138 INFO o.a.j.r.c.ReportGeneratorConfiguration: Property 'jmeter.reportgenerator.end_date' not found, using default value 'null' instead.
2024-03-21 08:40:43,138 INFO o.a.j.r.c.ReportGeneratorConfiguration: Property 'jmeter.reportgenerator.date_format' not found, using default value 'null' instead.
2024-03-21 08:40:43,139 INFO o.a.j.r.c.ReportGeneratorConfiguration: Will use date range start date: null, end date: null
2024-03-21 08:40:43,142 INFO o.a.j.r.c.ReportGeneratorConfiguration: Property 'jmeter.reportgenerator.graph.totalTPS.exclude_controllers' not found, using default value 'false' instead.
2024-03-21 08:40:43,143 INFO o.a.j.r.c.ReportGeneratorConfiguration: Property 'jmeter.reportgenerator.graph.activeThreadsOverTime.exclude_controllers' not found, using default value 'false' instead.
2024-03-21 08:40:43,143 INFO o.a.j.r.c.ReportGeneratorConfiguration: Property 'jmeter.reportgenerator.graph.timeVsThreads.exclude_controllers' not found, using default value 'false' instead.
2024-03-21 08:40:43,143 INFO o.a.j.r.c.ReportGeneratorConfiguration: Property 'jmeter.reportgenerator.graph.responseTimeDistribution.exclude_controllers' not found, using default value 'false' instead.
2024-03-21 08:40:43,201 INFO o.a.j.r.c.ReportGeneratorConfiguration: Property 'jmeter.reportgenerator.graph.transactionsPerSecond.exclude_controllers' not found, using default value 'false' instead.
2024-03-21 08:40:43,201 INFO o.a.j.r.c.ReportGeneratorConfiguration: Property 'jmeter.reportgenerator.graph.responseTimePercentiles.exclude_controllers' not found, using default value 'false' instead.
2024-03-21 08:40:43,201 INFO o.a.j.r.c.ReportGeneratorConfiguration: Property 'jmeter.reportgenerator.graph.responseTimePercentilesOverTime.exclude_controllers' not found, using default value 'false' instead.
2024-03-21 08:40:43,202 INFO o.a.j.r.c.ReportGeneratorConfiguration: Property 'jmeter.reportgenerator.graph.responseTimesOverTime.exclude_controllers' not found, using default value 'false' instead.
2024-03-21 08:40:43,202 INFO o.a.j.r.c.ReportGeneratorConfiguration: Property 'jmeter.reportgenerator.graph.connectTimeOverTime.exclude_controllers' not found, using default value 'false' instead.
2024-03-21 08:40:43,202 INFO o.a.j.r.c.ReportGeneratorConfiguration: Property 'jmeter.reportgenerator.graph.latenciesOverTime.exclude_controllers' not found, using default value 'false' instead.
2024-03-21 08:40:43,230 INFO o.a.j.r.c.ReportGeneratorConfiguration: Property 'jmeter.reportgenerator.exporter.json.filters_only_sample_series' not found, using default value 'true' instead.
2024-03-21 08:40:43,230 INFO o.a.j.r.c.ReportGeneratorConfiguration: Property 'jmeter.reportgenerator.exporter.json.series_filter' not found, using default value '' instead.
2024-03-21 08:40:43,230 INFO o.a.j.r.c.ReportGeneratorConfiguration: Property 'jmeter.reportgenerator.exporter.json.show_controllers_only' not found, using default value 'false' instead.
2024-03-21 08:40:43,231 INFO o.a.j.r.c.ReportGeneratorConfiguration: Property 'jmeter.reportgenerator.exporter.html.filters_only_sample_series' not found, using default value 'true' instead.
2024-03-21 08:40:43,231 INFO o.a.j.r.c.ReportGeneratorConfiguration: Property 'jmeter.reportgenerator.exporter.html.series_filter' not found, using default value '' instead.
2024-03-21 08:40:43,231 INFO o.a.j.r.c.ReportGeneratorConfiguration: Property 'jmeter.reportgenerator.exporter.html.show_controllers_only' not found, using default value 'false' instead.
2024-03-21 08:40:43,234 INFO o.a.j.e.DistributedRunner: Configuring remote engine: 10.35.0.12
2024-03-21 08:40:43,236 INFO o.a.j.r.RmiUtils: Disabling SSL for RMI as server.rmi.ssl.disable is set to 'true'
2024-03-21 08:40:43,701 INFO o.a.j.e.DistributedRunner: Starting distributed test with remote engines: [10.35.0.12] @ Thu Mar 21 08:40:43 UTC 2024 (1711010443701)
2024-03-21 08:40:43,701 INFO o.a.j.e.ClientJMeterEngine: running clientengine run method
2024-03-21 08:40:43,707 INFO o.a.j.e.u.CompoundVariable: Note: Function class names must contain the string: '.functions.'
2024-03-21 08:40:43,707 INFO o.a.j.e.u.CompoundVariable: Note: Function class names must not contain the string: '.gui.'
2024-03-21 08:40:44,235 INFO o.a.j.r.RmiUtils: Disabling SSL for RMI as server.rmi.ssl.disable is set to 'true'
2024-03-21 08:40:44,235 INFO o.a.j.r.RmiUtils: Disabling SSL for RMI as server.rmi.ssl.disable is set to 'true'
2024-03-21 08:40:44,238 INFO o.a.j.s.SampleEvent: List of sample_variables: []
2024-03-21 08:40:44,332 INFO o.a.j.s.BatchSampleSender: Using batching (client settings) for this run. Thresholds: num=100, time=60000
2024-03-21 08:40:44,332 INFO o.a.j.s.DataStrippingSampleSender: Using DataStrippingSampleSender for this run
2024-03-21 08:40:44,333 INFO o.a.j.r.RmiUtils: Disabling SSL for RMI as server.rmi.ssl.disable is set to 'true'
2024-03-21 08:40:44,334 INFO o.a.j.r.RmiUtils: Disabling SSL for RMI as server.rmi.ssl.disable is set to 'true'
2024-03-21 08:40:48,930 INFO o.a.j.r.RmiUtils: Disabling SSL for RMI as server.rmi.ssl.disable is set to 'true'
2024-03-21 08:40:48,930 INFO o.a.j.r.RmiUtils: Disabling SSL for RMI as server.rmi.ssl.disable is set to 'true'
2024-03-21 08:40:48,931 INFO o.a.j.r.RmiUtils: Disabling SSL for RMI as server.rmi.ssl.disable is set to 'true'
2024-03-21 08:40:48,932 INFO o.a.j.r.RmiUtils: Disabling SSL for RMI as server.rmi.ssl.disable is set to 'true'
2024-03-21 08:40:48,932 INFO o.a.j.s.BatchSampleSender: Using batching (client settings) for this run. Thresholds: num=100, time=60000
2024-03-21 08:40:48,932 INFO o.a.j.s.DataStrippingSampleSender: Using DataStrippingSampleSender for this run
2024-03-21 08:40:48,932 INFO o.a.j.r.RmiUtils: Disabling SSL for RMI as server.rmi.ssl.disable is set to 'true'
2024-03-21 08:40:48,932 INFO o.a.j.r.RmiUtils: Disabling SSL for RMI as server.rmi.ssl.disable is set to 'true'
2024-03-21 08:40:48,933 INFO o.a.j.s.BatchSampleSender: Using batching (client settings) for this run. Thresholds: num=100, time=60000
2024-03-21 08:40:48,933 INFO o.a.j.s.DataStrippingSampleSender: Using DataStrippingSampleSender for this run
2024-03-21 08:40:48,933 INFO o.a.j.r.RmiUtils: Disabling SSL for RMI as server.rmi.ssl.disable is set to 'true'
2024-03-21 08:40:48,933 INFO o.a.j.r.RmiUtils: Disabling SSL for RMI as server.rmi.ssl.disable is set to 'true'
2024-03-21 08:40:48,933 INFO o.a.j.s.BatchSampleSender: Using batching (client settings) for this run. Thresholds: num=100, time=60000
2024-03-21 08:40:48,933 INFO o.a.j.s.DataStrippingSampleSender: Using DataStrippingSampleSender for this run
2024-03-21 08:40:48,933 INFO o.a.j.r.RmiUtils: Disabling SSL for RMI as server.rmi.ssl.disable is set to 'true'
2024-03-21 08:40:48,933 INFO o.a.j.r.RmiUtils: Disabling SSL for RMI as server.rmi.ssl.disable is set to 'true'
2024-03-21 08:40:48,934 INFO o.a.j.s.BatchSampleSender: Using batching (client settings) for this run. Thresholds: num=100, time=60000
2024-03-21 08:40:48,934 INFO o.a.j.s.DataStrippingSampleSender: Using DataStrippingSampleSender for this run
2024-03-21 08:40:48,934 INFO o.a.j.r.RmiUtils: Disabling SSL for RMI as server.rmi.ssl.disable is set to 'true'
2024-03-21 08:40:48,934 INFO o.a.j.r.RmiUtils: Disabling SSL for RMI as server.rmi.ssl.disable is set to 'true'
2024-03-21 08:40:48,934 INFO o.a.j.s.BatchSampleSender: Using batching (client settings) for this run. Thresholds: num=100, time=60000
2024-03-21 08:40:48,934 INFO o.a.j.s.DataStrippingSampleSender: Using DataStrippingSampleSender for this run
2024-03-21 08:40:49,803 INFO o.a.j.e.ClientJMeterEngine: sent test to 10.35.0.12 basedir='.'
2024-03-21 08:40:49,803 INFO o.a.j.e.ClientJMeterEngine: Sending properties {}
2024-03-21 08:40:49,883 INFO o.a.j.e.ClientJMeterEngine: sent run command to 10.35.0.12
2024-03-21 08:40:49,883 INFO o.a.j.e.DistributedRunner: Remote engines have been started:[10.35.0.12]
2024-03-21 08:40:50,613 INFO o.a.j.v.b.BackendListener: Backend Listener 1: Starting worker with class: class org.apache.jmeter.visualizers.backend.influxdb.InfluxdbBackendListenerClient and queue capacity: 5000
2024-03-21 08:40:50,614 INFO o.a.j.v.b.BackendListener: Backend Listener 1: Started  worker with class: class org.apache.jmeter.visualizers.backend.influxdb.InfluxdbBackendListenerClient
2024-03-21 08:40:52,508 INFO o.a.j.v.b.BackendListener: Backend Listener 2: Starting worker with class: class rocks.nt.apm.jmeter.JMeterInfluxDBBackendListenerClient and queue capacity: 5000
2024-03-21 08:40:52,531 INFO o.a.j.v.b.BackendListener: Backend Listener 2: Started  worker with class: class rocks.nt.apm.jmeter.JMeterInfluxDBBackendListenerClient
2024-03-21 08:40:53,501 INFO o.a.j.JMeter: Started remote host:  10.35.0.12 (1711010453501)
2024-03-21 08:41:00,107 INFO o.a.j.r.Summariser: summary +    154 in 00:00:07 =   23.4/s Avg:   632 Min:    55 Max:  1896 Err:     0 (0.00%) Active: 111 Started: 111 Finished: 0
2024-03-21 08:41:30,030 INFO o.a.j.r.Summariser: summary +   5049 in 00:00:30 =  168.2/s Avg:   599 Min:    51 Max:  2235 Err:     0 (0.00%) Active: 392 Started: 392 Finished: 0
2024-03-21 08:41:30,031 INFO o.a.j.r.Summariser: summary =   5203 in 00:00:37 =  142.2/s Avg:   600 Min:    51 Max:  2235 Err:     0 (0.00%)
2024-03-21 08:42:01,534 INFO o.a.j.r.Summariser: summary +   5733 in 00:00:30 =  191.3/s Avg:   587 Min:     1 Max:  2306 Err:    22 (0.38%) Active: 740 Started: 740 Finished: 0
2024-03-21 08:42:01,634 INFO o.a.j.r.Summariser: summary =  10936 in 00:01:07 =  164.3/s Avg:   593 Min:     1 Max:  2306 Err:    22 (0.20%)
2024-03-21 08:42:30,033 INFO o.a.j.r.Summariser: summary +   5483 in 00:00:30 =  182.6/s Avg:   628 Min:    51 Max:  1792 Err:     0 (0.00%) Active: 1161 Started: 1161 Finished: 0
2024-03-21 08:42:30,035 INFO o.a.j.r.Summariser: summary =  16419 in 00:01:37 =  170.0/s Avg:   605 Min:     1 Max:  2306 Err:    22 (0.13%)
2024-03-21 08:43:00,132 INFO o.a.j.r.Summariser: summary +   8616 in 00:00:30 =  287.1/s Avg:   625 Min:    51 Max:  2700 Err:     0 (0.00%) Active: 1611 Started: 1611 Finished: 0
2024-03-21 08:43:00,134 INFO o.a.j.r.Summariser: summary =  25035 in 00:02:07 =  197.6/s Avg:   612 Min:     1 Max:  2700 Err:    22 (0.09%)
