2024-03-29 10:09:11,244 INFO o.a.j.u.JMeterUtils: Setting Locale to en_EN
2024-03-29 10:09:11,442 INFO o.a.j.JMeter: Loading user properties from: user.properties
2024-03-29 10:09:11,443 INFO o.a.j.JMeter: Loading system properties from: system.properties
2024-03-29 10:09:11,443 INFO o.a.j.JMeter: Setting System property: server.rmi.ssl.disable=true
2024-03-29 10:09:11,450 INFO o.a.j.JMeter: Copyright (c) 1998-2021 The Apache Software Foundation
2024-03-29 10:09:11,450 INFO o.a.j.JMeter: Version 5.4.1
2024-03-29 10:09:11,450 INFO o.a.j.JMeter: java.version=16.0.2
2024-03-29 10:09:11,450 INFO o.a.j.JMeter: java.vm.name=OpenJDK 64-Bit Server VM
2024-03-29 10:09:11,450 INFO o.a.j.JMeter: os.name=Linux
2024-03-29 10:09:11,450 INFO o.a.j.JMeter: os.arch=amd64
2024-03-29 10:09:11,450 INFO o.a.j.JMeter: os.version=6.5.0-1016-aws
2024-03-29 10:09:11,450 INFO o.a.j.JMeter: file.encoding=UTF-8
2024-03-29 10:09:11,450 INFO o.a.j.JMeter: java.awt.headless=null
2024-03-29 10:09:11,451 INFO o.a.j.JMeter: Max memory     =1073741824
2024-03-29 10:09:11,451 INFO o.a.j.JMeter: Available Processors =1
2024-03-29 10:09:11,549 INFO o.a.j.JMeter: Default Locale=English (EN)
2024-03-29 10:09:11,550 INFO o.a.j.JMeter: JMeter  Locale=English (EN)
2024-03-29 10:09:11,550 INFO o.a.j.JMeter: JMeterHome=/opt/jmeter/apache-jmeter-5.4.1
2024-03-29 10:09:11,550 INFO o.a.j.JMeter: user.dir  =/opt/jmeter/apache-jmeter-5.4.1/bin
2024-03-29 10:09:11,550 INFO o.a.j.JMeter: PWD       =/opt/jmeter/apache-jmeter-5.4.1/bin
2024-03-29 10:09:11,551 INFO o.a.j.JMeter: IP: 10.35.0.14 Name: jmeter-master03-29-15-37-54-vkzzz FullName: jmeter-master03-29-15-37-54-vkzzz
2024-03-29 10:09:11,640 INFO o.a.j.JMeter: Setting property 'jmeter.reportgenerator.outputdir' to:'/report/report-PetStoreAPIScriptDynamicBuildNumber1.jmx-2024-03-29_100805'
2024-03-29 10:09:11,646 INFO o.a.j.s.FileServer: Default base='/opt/jmeter/apache-jmeter-5.4.1/bin'
2024-03-29 10:09:11,647 INFO o.a.j.s.FileServer: Set new base='/opt/jmeter/apache-jmeter-5.4.1/bin'
2024-03-29 10:09:13,140 INFO o.a.j.s.SaveService: Testplan (JMX) version: 2.2. Testlog (JTL) version: 2.2
2024-03-29 10:09:13,340 INFO o.a.j.s.SaveService: Using SaveService properties version 5.0
2024-03-29 10:09:13,344 INFO o.a.j.s.SaveService: Using SaveService properties file encoding UTF-8
2024-03-29 10:09:13,347 INFO o.a.j.s.SaveService: Loading file: PetStoreAPIScriptDynamicBuildNumber1.jmx
2024-03-29 10:09:13,745 INFO o.a.j.p.h.c.CookieManager: Settings: Delete null: true Check: true Allow variable: true Save: false Prefix: COOKIE_
2024-03-29 10:09:13,849 INFO o.a.j.p.h.s.HTTPSamplerBase: Parser for text/html is org.apache.jmeter.protocol.http.parser.LagartoBasedHtmlParser
2024-03-29 10:09:13,850 INFO o.a.j.p.h.s.HTTPSamplerBase: Parser for application/xhtml+xml is org.apache.jmeter.protocol.http.parser.LagartoBasedHtmlParser
2024-03-29 10:09:13,850 INFO o.a.j.p.h.s.HTTPSamplerBase: Parser for application/xml is org.apache.jmeter.protocol.http.parser.LagartoBasedHtmlParser
2024-03-29 10:09:13,850 INFO o.a.j.p.h.s.HTTPSamplerBase: Parser for text/xml is org.apache.jmeter.protocol.http.parser.LagartoBasedHtmlParser
2024-03-29 10:09:13,850 INFO o.a.j.p.h.s.HTTPSamplerBase: Parser for text/vnd.wap.wml is org.apache.jmeter.protocol.http.parser.RegexpHTMLParser
2024-03-29 10:09:13,850 INFO o.a.j.p.h.s.HTTPSamplerBase: Parser for text/css is org.apache.jmeter.protocol.http.parser.CssParser
2024-03-29 10:09:14,346 INFO o.a.j.s.SampleResult: Note: Sample TimeStamps are START times
2024-03-29 10:09:14,346 INFO o.a.j.s.SampleResult: sampleresult.default.encoding is set to ISO-8859-1
2024-03-29 10:09:14,346 INFO o.a.j.s.SampleResult: sampleresult.useNanoTime=true
2024-03-29 10:09:14,346 INFO o.a.j.s.SampleResult: sampleresult.nanoThreadSleep=5000
2024-03-29 10:09:14,544 INFO o.a.j.JMeter: Creating summariser <summary>
2024-03-29 10:09:14,644 INFO o.a.j.r.d.ReportGenerator: ReportGenerator will use for Parsing the separator: ','
2024-03-29 10:09:14,645 INFO o.a.j.r.d.ReportGenerator: Will generate report at end of test from  results file: /report/PetStoreAPIScriptDynamicBuildNumber1.jmx_2024-03-29_100805.jtl
2024-03-29 10:09:14,645 INFO o.a.j.r.d.ReportGenerator: Reading report generator properties from: /opt/jmeter/apache-jmeter-5.4.1/bin/reportgenerator.properties
2024-03-29 10:09:14,647 INFO o.a.j.r.d.ReportGenerator: Merging with JMeter properties
2024-03-29 10:09:14,739 INFO o.a.j.r.c.ReportGeneratorConfiguration: Property 'jmeter.reportgenerator.temp_dir' not found, using default value 'temp' instead.
2024-03-29 10:09:14,743 INFO o.a.j.r.c.ReportGeneratorConfiguration: Property 'jmeter.reportgenerator.apdex_per_transaction' not found, using default value 'null' instead.
2024-03-29 10:09:14,743 INFO o.a.j.r.c.ReportGeneratorConfiguration: apdex_per_transaction is empty, not APDEX per transaction customization
2024-03-29 10:09:14,743 INFO o.a.j.r.c.ReportGeneratorConfiguration: Property 'jmeter.reportgenerator.sample_filter' not found, using default value 'null' instead.
2024-03-29 10:09:14,743 INFO o.a.j.r.c.ReportGeneratorConfiguration: Property 'jmeter.reportgenerator.report_title' not found, using default value 'null' instead.
2024-03-29 10:09:14,743 INFO o.a.j.r.c.ReportGeneratorConfiguration: Property 'jmeter.reportgenerator.start_date' not found, using default value 'null' instead.
2024-03-29 10:09:14,743 INFO o.a.j.r.c.ReportGeneratorConfiguration: Property 'jmeter.reportgenerator.end_date' not found, using default value 'null' instead.
2024-03-29 10:09:14,743 INFO o.a.j.r.c.ReportGeneratorConfiguration: Property 'jmeter.reportgenerator.date_format' not found, using default value 'null' instead.
2024-03-29 10:09:14,744 INFO o.a.j.r.c.ReportGeneratorConfiguration: Will use date range start date: null, end date: null
2024-03-29 10:09:14,752 INFO o.a.j.r.c.ReportGeneratorConfiguration: Property 'jmeter.reportgenerator.graph.totalTPS.exclude_controllers' not found, using default value 'false' instead.
2024-03-29 10:09:14,752 INFO o.a.j.r.c.ReportGeneratorConfiguration: Property 'jmeter.reportgenerator.graph.activeThreadsOverTime.exclude_controllers' not found, using default value 'false' instead.
2024-03-29 10:09:14,839 INFO o.a.j.r.c.ReportGeneratorConfiguration: Property 'jmeter.reportgenerator.graph.timeVsThreads.exclude_controllers' not found, using default value 'false' instead.
2024-03-29 10:09:14,840 INFO o.a.j.r.c.ReportGeneratorConfiguration: Property 'jmeter.reportgenerator.graph.responseTimeDistribution.exclude_controllers' not found, using default value 'false' instead.
2024-03-29 10:09:14,840 INFO o.a.j.r.c.ReportGeneratorConfiguration: Property 'jmeter.reportgenerator.graph.transactionsPerSecond.exclude_controllers' not found, using default value 'false' instead.
2024-03-29 10:09:14,840 INFO o.a.j.r.c.ReportGeneratorConfiguration: Property 'jmeter.reportgenerator.graph.responseTimePercentiles.exclude_controllers' not found, using default value 'false' instead.
2024-03-29 10:09:14,840 INFO o.a.j.r.c.ReportGeneratorConfiguration: Property 'jmeter.reportgenerator.graph.responseTimePercentilesOverTime.exclude_controllers' not found, using default value 'false' instead.
2024-03-29 10:09:14,840 INFO o.a.j.r.c.ReportGeneratorConfiguration: Property 'jmeter.reportgenerator.graph.responseTimesOverTime.exclude_controllers' not found, using default value 'false' instead.
2024-03-29 10:09:14,841 INFO o.a.j.r.c.ReportGeneratorConfiguration: Property 'jmeter.reportgenerator.graph.connectTimeOverTime.exclude_controllers' not found, using default value 'false' instead.
2024-03-29 10:09:14,841 INFO o.a.j.r.c.ReportGeneratorConfiguration: Property 'jmeter.reportgenerator.graph.latenciesOverTime.exclude_controllers' not found, using default value 'false' instead.
2024-03-29 10:09:14,842 INFO o.a.j.r.c.ReportGeneratorConfiguration: Property 'jmeter.reportgenerator.exporter.json.filters_only_sample_series' not found, using default value 'true' instead.
2024-03-29 10:09:14,842 INFO o.a.j.r.c.ReportGeneratorConfiguration: Property 'jmeter.reportgenerator.exporter.json.series_filter' not found, using default value '' instead.
2024-03-29 10:09:14,842 INFO o.a.j.r.c.ReportGeneratorConfiguration: Property 'jmeter.reportgenerator.exporter.json.show_controllers_only' not found, using default value 'false' instead.
2024-03-29 10:09:14,843 INFO o.a.j.r.c.ReportGeneratorConfiguration: Property 'jmeter.reportgenerator.exporter.html.filters_only_sample_series' not found, using default value 'true' instead.
2024-03-29 10:09:14,843 INFO o.a.j.r.c.ReportGeneratorConfiguration: Property 'jmeter.reportgenerator.exporter.html.series_filter' not found, using default value '' instead.
2024-03-29 10:09:14,843 INFO o.a.j.r.c.ReportGeneratorConfiguration: Property 'jmeter.reportgenerator.exporter.html.show_controllers_only' not found, using default value 'false' instead.
2024-03-29 10:09:14,846 INFO o.a.j.e.DistributedRunner: Configuring remote engine: 10.35.0.15
2024-03-29 10:09:14,848 INFO o.a.j.r.RmiUtils: Disabling SSL for RMI as server.rmi.ssl.disable is set to 'true'
2024-03-29 10:09:15,245 INFO o.a.j.e.DistributedRunner: Starting distributed test with remote engines: [10.35.0.15] @ Fri Mar 29 10:09:15 UTC 2024 (1711706955245)
2024-03-29 10:09:15,245 INFO o.a.j.e.ClientJMeterEngine: running clientengine run method
2024-03-29 10:09:15,250 INFO o.a.j.e.u.CompoundVariable: Note: Function class names must contain the string: '.functions.'
2024-03-29 10:09:15,251 INFO o.a.j.e.u.CompoundVariable: Note: Function class names must not contain the string: '.gui.'
2024-03-29 10:09:15,743 INFO o.a.j.r.RmiUtils: Disabling SSL for RMI as server.rmi.ssl.disable is set to 'true'
2024-03-29 10:09:15,743 INFO o.a.j.r.RmiUtils: Disabling SSL for RMI as server.rmi.ssl.disable is set to 'true'
2024-03-29 10:09:15,746 INFO o.a.j.s.SampleEvent: List of sample_variables: []
2024-03-29 10:09:15,843 INFO o.a.j.s.BatchSampleSender: Using batching (client settings) for this run. Thresholds: num=100, time=60000
2024-03-29 10:09:15,844 INFO o.a.j.s.DataStrippingSampleSender: Using DataStrippingSampleSender for this run
2024-03-29 10:09:15,845 INFO o.a.j.r.RmiUtils: Disabling SSL for RMI as server.rmi.ssl.disable is set to 'true'
2024-03-29 10:09:15,845 INFO o.a.j.r.RmiUtils: Disabling SSL for RMI as server.rmi.ssl.disable is set to 'true'
2024-03-29 10:09:20,144 INFO o.a.j.r.RmiUtils: Disabling SSL for RMI as server.rmi.ssl.disable is set to 'true'
2024-03-29 10:09:20,144 INFO o.a.j.r.RmiUtils: Disabling SSL for RMI as server.rmi.ssl.disable is set to 'true'
2024-03-29 10:09:20,145 INFO o.a.j.r.RmiUtils: Disabling SSL for RMI as server.rmi.ssl.disable is set to 'true'
2024-03-29 10:09:20,145 INFO o.a.j.r.RmiUtils: Disabling SSL for RMI as server.rmi.ssl.disable is set to 'true'
2024-03-29 10:09:20,145 INFO o.a.j.s.BatchSampleSender: Using batching (client settings) for this run. Thresholds: num=100, time=60000
2024-03-29 10:09:20,145 INFO o.a.j.s.DataStrippingSampleSender: Using DataStrippingSampleSender for this run
2024-03-29 10:09:20,145 INFO o.a.j.r.RmiUtils: Disabling SSL for RMI as server.rmi.ssl.disable is set to 'true'
2024-03-29 10:09:20,146 INFO o.a.j.r.RmiUtils: Disabling SSL for RMI as server.rmi.ssl.disable is set to 'true'
2024-03-29 10:09:20,146 INFO o.a.j.s.BatchSampleSender: Using batching (client settings) for this run. Thresholds: num=100, time=60000
2024-03-29 10:09:20,146 INFO o.a.j.s.DataStrippingSampleSender: Using DataStrippingSampleSender for this run
2024-03-29 10:09:20,146 INFO o.a.j.r.RmiUtils: Disabling SSL for RMI as server.rmi.ssl.disable is set to 'true'
2024-03-29 10:09:20,146 INFO o.a.j.r.RmiUtils: Disabling SSL for RMI as server.rmi.ssl.disable is set to 'true'
2024-03-29 10:09:20,146 INFO o.a.j.s.BatchSampleSender: Using batching (client settings) for this run. Thresholds: num=100, time=60000
2024-03-29 10:09:20,146 INFO o.a.j.s.DataStrippingSampleSender: Using DataStrippingSampleSender for this run
2024-03-29 10:09:20,146 INFO o.a.j.r.RmiUtils: Disabling SSL for RMI as server.rmi.ssl.disable is set to 'true'
2024-03-29 10:09:20,147 INFO o.a.j.r.RmiUtils: Disabling SSL for RMI as server.rmi.ssl.disable is set to 'true'
2024-03-29 10:09:20,147 INFO o.a.j.s.BatchSampleSender: Using batching (client settings) for this run. Thresholds: num=100, time=60000
2024-03-29 10:09:20,147 INFO o.a.j.s.DataStrippingSampleSender: Using DataStrippingSampleSender for this run
2024-03-29 10:09:20,147 INFO o.a.j.r.RmiUtils: Disabling SSL for RMI as server.rmi.ssl.disable is set to 'true'
2024-03-29 10:09:20,147 INFO o.a.j.r.RmiUtils: Disabling SSL for RMI as server.rmi.ssl.disable is set to 'true'
2024-03-29 10:09:20,147 INFO o.a.j.s.BatchSampleSender: Using batching (client settings) for this run. Thresholds: num=100, time=60000
2024-03-29 10:09:20,147 INFO o.a.j.s.DataStrippingSampleSender: Using DataStrippingSampleSender for this run
2024-03-29 10:09:21,066 INFO o.a.j.e.ClientJMeterEngine: sent test to 10.35.0.15 basedir='.'
2024-03-29 10:09:21,066 INFO o.a.j.e.ClientJMeterEngine: Sending properties {}
2024-03-29 10:09:21,080 INFO o.a.j.e.ClientJMeterEngine: sent run command to 10.35.0.15
2024-03-29 10:09:21,080 INFO o.a.j.e.DistributedRunner: Remote engines have been started:[10.35.0.15]
2024-03-29 10:09:21,848 INFO o.a.j.v.b.BackendListener: Backend Listener 1: Starting worker with class: class org.apache.jmeter.visualizers.backend.influxdb.InfluxdbBackendListenerClient and queue capacity: 5000
2024-03-29 10:09:21,876 INFO o.a.j.v.b.BackendListener: Backend Listener 1: Started  worker with class: class org.apache.jmeter.visualizers.backend.influxdb.InfluxdbBackendListenerClient
2024-03-29 10:09:23,678 INFO o.a.j.v.b.BackendListener: Backend Listener 2: Starting worker with class: class rocks.nt.apm.jmeter.JMeterInfluxDBBackendListenerClient and queue capacity: 5000
2024-03-29 10:09:23,678 INFO o.a.j.v.b.BackendListener: Backend Listener 2: Started  worker with class: class rocks.nt.apm.jmeter.JMeterInfluxDBBackendListenerClient
2024-03-29 10:09:24,978 INFO o.a.j.JMeter: Started remote host:  10.35.0.15 (1711706964978)
2024-03-29 10:09:30,991 INFO o.a.j.r.Summariser: summary +      1 in 00:00:06 =    0.2/s Avg:  4713 Min:  4713 Max:  4713 Err:     0 (0.00%) Active: 10 Started: 10 Finished: 0
2024-03-29 10:10:00,638 INFO o.a.j.r.Summariser: summary +   1323 in 00:00:30 =   44.6/s Avg:   238 Min:   188 Max:  4900 Err:   193 (14.59%) Active: 10 Started: 10 Finished: 0
2024-03-29 10:10:00,638 INFO o.a.j.r.Summariser: summary =   1324 in 00:00:36 =   37.1/s Avg:   241 Min:   188 Max:  4900 Err:   193 (14.58%)
2024-03-29 10:10:30,299 INFO o.a.j.r.Summariser: summary +   1400 in 00:00:30 =   47.2/s Avg:   210 Min:   188 Max:  1160 Err:   217 (15.50%) Active: 10 Started: 10 Finished: 0
2024-03-29 10:10:30,300 INFO o.a.j.r.Summariser: summary =   2724 in 00:01:05 =   41.7/s Avg:   225 Min:   188 Max:  4900 Err:   410 (15.05%)
2024-03-29 10:11:01,522 INFO o.a.j.r.Summariser: summary +   1478 in 00:00:31 =   47.3/s Avg:   210 Min:   190 Max:   293 Err:   229 (15.49%) Active: 10 Started: 10 Finished: 0
2024-03-29 10:11:01,523 INFO o.a.j.r.Summariser: summary =   4202 in 00:01:37 =   43.5/s Avg:   220 Min:   188 Max:  4900 Err:   639 (15.21%)
2024-03-29 10:11:30,036 INFO o.a.j.r.Summariser: summary +   1324 in 00:00:29 =   46.4/s Avg:   214 Min:   188 Max:   977 Err:   181 (13.67%) Active: 10 Started: 10 Finished: 0
2024-03-29 10:11:30,076 INFO o.a.j.r.Summariser: summary =   5526 in 00:02:05 =   44.2/s Avg:   219 Min:   188 Max:  4900 Err:   820 (14.84%)
2024-03-29 10:12:00,396 INFO o.a.j.r.Summariser: summary +   1476 in 00:00:30 =   48.6/s Avg:   204 Min:   188 Max:   290 Err:   259 (17.55%) Active: 10 Started: 10 Finished: 0
2024-03-29 10:12:00,396 INFO o.a.j.r.Summariser: summary =   7002 in 00:02:35 =   45.1/s Avg:   216 Min:   188 Max:  4900 Err:  1079 (15.41%)
2024-03-29 10:12:25,539 INFO o.a.j.v.b.BackendListener: Worker ended
2024-03-29 10:12:25,540 INFO o.a.j.v.b.i.InfluxdbBackendListenerClient: Sending last metrics to InfluxDB
2024-03-29 10:12:25,542 INFO o.a.j.v.b.i.HttpMetricsSender: Destroying 
2024-03-29 10:12:25,560 INFO o.a.j.v.b.BackendListener: Worker ended
2024-03-29 10:12:25,561 INFO r.n.a.j.JMeterInfluxDBBackendListenerClient: Shutting down influxDB scheduler...
2024-03-29 10:12:25,567 INFO r.n.a.j.JMeterInfluxDBBackendListenerClient: influxDB scheduler terminated!
2024-03-29 10:12:25,570 INFO o.a.j.r.Summariser: summary +   1288 in 00:00:25 =   51.2/s Avg:   205 Min:   188 Max:   300 Err:   162 (12.58%) Active: 0 Started: 10 Finished: 10
2024-03-29 10:12:25,571 INFO o.a.j.r.Summariser: summary =   8290 in 00:03:01 =   45.9/s Avg:   214 Min:   188 Max:  4900 Err:  1241 (14.97%)
2024-03-29 10:12:25,576 INFO o.a.j.JMeter: Finished remote host: 10.35.0.15 (1711707145576)
2024-03-29 10:12:25,576 INFO o.a.j.JMeter: All remote engines have ended test, starting RemoteTestStopper thread
2024-03-29 10:12:25,579 INFO o.a.j.e.ClientJMeterEngine: about to exit remote server on 10.35.0.15
2024-03-29 10:12:30,797 INFO o.a.j.JMeter: Interrupting RMI Reaper
2024-03-29 10:12:30,797 INFO o.a.j.JMeter: Generating Dashboard
2024-03-29 10:12:30,797 INFO o.a.j.r.d.ReportGenerator: Flushing result collector before report Generation
2024-03-29 10:12:31,377 INFO o.a.j.r.p.NormalizerSampleConsumer: Using format, 'ms', to parse timeStamp field
2024-03-29 10:12:35,481 INFO o.a.j.r.p.AbstractSampleConsumer: class org.apache.jmeter.report.processor.AggregateConsumer#stopProducing(): beginDate produced 0 samples
2024-03-29 10:12:35,481 INFO o.a.j.r.p.AbstractSampleConsumer: class org.apache.jmeter.report.processor.AggregateConsumer#stopProducing(): endDate produced 0 samples
2024-03-29 10:12:35,490 INFO o.a.j.r.p.AbstractSampleConsumer: class org.apache.jmeter.report.processor.ApdexSummaryConsumer#stopProducing(): apdexSummary produced 0 samples
2024-03-29 10:12:35,490 INFO o.a.j.r.p.AbstractSampleConsumer: class org.apache.jmeter.report.processor.RequestsSummaryConsumer#stopProducing(): requestsSummary produced 0 samples
2024-03-29 10:12:35,540 INFO o.a.j.r.p.AbstractSampleConsumer: class org.apache.jmeter.report.processor.StatisticsSummaryConsumer#stopProducing(): statisticsSummary produced 0 samples
2024-03-29 10:12:35,641 INFO o.a.j.r.p.AbstractSampleConsumer: class org.apache.jmeter.report.processor.Top5ErrorsBySamplerConsumer#stopProducing(): top5ErrorsBySampler produced 0 samples
2024-03-29 10:12:35,642 INFO o.a.j.r.p.AbstractSampleConsumer: class org.apache.jmeter.report.processor.ErrorsSummaryConsumer#stopProducing(): errorsSummary produced 0 samples
2024-03-29 10:12:35,643 INFO o.a.j.r.p.AbstractSampleConsumer: class org.apache.jmeter.report.processor.graph.impl.HitsPerSecondGraphConsumer#stopProducing(): hitsPerSecond produced 0 samples
2024-03-29 10:12:36,481 INFO o.a.j.r.p.AbstractSampleConsumer: class org.apache.jmeter.report.processor.graph.impl.LatencyVSRequestGraphConsumer#stopProducing(): latencyVsRequest produced 0 samples
2024-03-29 10:12:36,482 INFO o.a.j.r.p.AbstractSampleConsumer: class org.apache.jmeter.report.processor.graph.impl.SyntheticResponseTimeDistributionGraphConsumer#stopProducing(): syntheticResponseTimeDistribution produced 0 samples
2024-03-29 10:12:36,482 INFO o.a.j.r.p.AbstractSampleConsumer: class org.apache.jmeter.report.processor.graph.impl.BytesThroughputGraphConsumer#stopProducing(): bytesThroughputOverTime produced 0 samples
2024-03-29 10:12:36,483 INFO o.a.j.r.p.AbstractSampleConsumer: class org.apache.jmeter.report.processor.graph.impl.CodesPerSecondGraphConsumer#stopProducing(): codesPerSecond produced 0 samples
2024-03-29 10:12:37,042 INFO o.a.j.r.p.AbstractSampleConsumer: class org.apache.jmeter.report.processor.graph.impl.ResponseTimeVSRequestGraphConsumer#stopProducing(): responseTimeVsRequest produced 0 samples
2024-03-29 10:12:37,043 INFO o.a.j.r.p.AbstractSampleConsumer: class org.apache.jmeter.report.processor.FilterConsumer#stopProducing(): startIntervalControlerFilter produced 58030 samples
2024-03-29 10:12:37,043 INFO o.a.j.r.p.AbstractSampleConsumer: class org.apache.jmeter.report.processor.graph.impl.TotalTPSGraphConsumer#stopProducing(): totalTPS produced 0 samples
2024-03-29 10:12:37,043 INFO o.a.j.r.p.AbstractSampleConsumer: class org.apache.jmeter.report.processor.graph.impl.ActiveThreadsGraphConsumer#stopProducing(): activeThreadsOverTime produced 0 samples
2024-03-29 10:12:37,043 INFO o.a.j.r.p.AbstractSampleConsumer: class org.apache.jmeter.report.processor.graph.impl.TimeVSThreadGraphConsumer#stopProducing(): timeVsThreads produced 0 samples
2024-03-29 10:12:37,076 INFO o.a.j.r.p.AbstractSampleConsumer: class org.apache.jmeter.report.processor.graph.impl.ResponseTimeDistributionGraphConsumer#stopProducing(): responseTimeDistribution produced 0 samples
2024-03-29 10:12:37,077 INFO o.a.j.r.p.AbstractSampleConsumer: class org.apache.jmeter.report.processor.graph.impl.TransactionsPerSecondGraphConsumer#stopProducing(): transactionsPerSecond produced 0 samples
2024-03-29 10:12:37,077 INFO o.a.j.r.p.AbstractSampleConsumer: class org.apache.jmeter.report.processor.graph.impl.ResponseTimePercentilesGraphConsumer#stopProducing(): responseTimePercentiles produced 0 samples
2024-03-29 10:12:37,081 INFO o.a.j.r.p.AbstractSampleConsumer: class org.apache.jmeter.report.processor.graph.impl.ResponseTimePercentilesOverTimeGraphConsumer#stopProducing(): responseTimePercentilesOverTime produced 0 samples
2024-03-29 10:12:37,081 INFO o.a.j.r.p.AbstractSampleConsumer: class org.apache.jmeter.report.processor.graph.impl.ResponseTimeOverTimeGraphConsumer#stopProducing(): responseTimesOverTime produced 0 samples
2024-03-29 10:12:37,082 INFO o.a.j.r.p.AbstractSampleConsumer: class org.apache.jmeter.report.processor.graph.impl.ConnectTimeOverTimeGraphConsumer#stopProducing(): connectTimeOverTime produced 0 samples
2024-03-29 10:12:37,082 INFO o.a.j.r.p.AbstractSampleConsumer: class org.apache.jmeter.report.processor.graph.impl.LatencyOverTimeGraphConsumer#stopProducing(): latenciesOverTime produced 0 samples
2024-03-29 10:12:37,082 INFO o.a.j.r.p.AbstractSampleConsumer: class org.apache.jmeter.report.processor.FilterConsumer#stopProducing(): nameFilter produced 159870 samples
2024-03-29 10:12:37,082 INFO o.a.j.r.p.AbstractSampleConsumer: class org.apache.jmeter.report.processor.FilterConsumer#stopProducing(): dateRangeFilter produced 31974 samples
2024-03-29 10:12:37,082 INFO o.a.j.r.p.AbstractSampleConsumer: class org.apache.jmeter.report.processor.NormalizerSampleConsumer#stopProducing(): normalizer produced 10658 samples
2024-03-29 10:12:37,082 INFO o.a.j.r.p.CsvFileSampleSource: produce(): 10658 samples produced in 5s 604 ms on channel 0
2024-03-29 10:12:37,082 INFO o.a.j.r.d.ReportGenerator: Exporting data using exporter:'json' of className:'org.apache.jmeter.report.dashboard.JsonExporter'
2024-03-29 10:12:38,280 INFO o.a.j.r.d.JsonExporter: Found data for consumer statisticsSummary in context
2024-03-29 10:12:38,280 INFO o.a.j.r.d.JsonExporter: Creating statistics for overall
2024-03-29 10:12:38,281 INFO o.a.j.r.d.JsonExporter: Creating statistics for other transactions
2024-03-29 10:12:38,281 INFO o.a.j.r.d.JsonExporter: Checking output folder
2024-03-29 10:12:38,282 INFO o.a.j.r.d.JsonExporter: Writing statistics JSON to /report/report-PetStoreAPIScriptDynamicBuildNumber1.jmx-2024-03-29_100805/statistics.json
2024-03-29 10:12:38,485 INFO o.a.j.r.d.ReportGenerator: Exporting data using exporter:'html' of className:'org.apache.jmeter.report.dashboard.HtmlTemplateExporter'
2024-03-29 10:12:38,487 INFO o.a.j.r.d.HtmlTemplateExporter: Will generate dashboard in folder: /report/report-PetStoreAPIScriptDynamicBuildNumber1.jmx-2024-03-29_100805
2024-03-29 10:12:39,390 INFO o.a.j.r.d.HtmlTemplateExporter: Report will be generated in: /report/report-PetStoreAPIScriptDynamicBuildNumber1.jmx-2024-03-29_100805, creating folder structure
2024-03-29 10:12:39,392 INFO o.a.j.r.d.TemplateVisitor: Copying folder from '/opt/jmeter/apache-jmeter-5.4.1/bin/report-template' to '/report/report-PetStoreAPIScriptDynamicBuildNumber1.jmx-2024-03-29_100805', got message: /report/report-PetStoreAPIScriptDynamicBuildNumber1.jmx-2024-03-29_100805, found non empty folder with following content [/report/report-PetStoreAPIScriptDynamicBuildNumber1.jmx-2024-03-29_100805/statistics.json], will be ignored
2024-03-29 10:12:41,985 INFO o.a.j.JMeter: Dashboard generated
