2024-04-04 05:04:04,545 INFO o.a.j.u.JMeterUtils: Setting Locale to en_EN
2024-04-04 05:04:04,834 INFO o.a.j.JMeter: Loading user properties from: user.properties
2024-04-04 05:04:04,834 INFO o.a.j.JMeter: Loading system properties from: system.properties
2024-04-04 05:04:04,835 INFO o.a.j.JMeter: Setting System property: server.rmi.ssl.disable=true
2024-04-04 05:04:04,931 INFO o.a.j.JMeter: Copyright (c) 1998-2021 The Apache Software Foundation
2024-04-04 05:04:04,931 INFO o.a.j.JMeter: Version 5.4.1
2024-04-04 05:04:04,931 INFO o.a.j.JMeter: java.version=16.0.2
2024-04-04 05:04:04,932 INFO o.a.j.JMeter: java.vm.name=OpenJDK 64-Bit Server VM
2024-04-04 05:04:04,932 INFO o.a.j.JMeter: os.name=Linux
2024-04-04 05:04:04,932 INFO o.a.j.JMeter: os.arch=amd64
2024-04-04 05:04:04,932 INFO o.a.j.JMeter: os.version=6.5.0-1016-aws
2024-04-04 05:04:04,932 INFO o.a.j.JMeter: file.encoding=UTF-8
2024-04-04 05:04:04,932 INFO o.a.j.JMeter: java.awt.headless=null
2024-04-04 05:04:04,932 INFO o.a.j.JMeter: Max memory     =1073741824
2024-04-04 05:04:04,932 INFO o.a.j.JMeter: Available Processors =1
2024-04-04 05:04:04,942 INFO o.a.j.JMeter: Default Locale=English (EN)
2024-04-04 05:04:04,942 INFO o.a.j.JMeter: JMeter  Locale=English (EN)
2024-04-04 05:04:04,943 INFO o.a.j.JMeter: JMeterHome=/opt/jmeter/apache-jmeter-5.4.1
2024-04-04 05:04:04,943 INFO o.a.j.JMeter: user.dir  =/opt/jmeter/apache-jmeter-5.4.1/bin
2024-04-04 05:04:04,943 INFO o.a.j.JMeter: PWD       =/opt/jmeter/apache-jmeter-5.4.1/bin
2024-04-04 05:04:05,031 INFO o.a.j.JMeter: IP: 10.35.0.12 Name: jmeter-master04-04-10-32-49-n5twz FullName: jmeter-master04-04-10-32-49-n5twz
2024-04-04 05:04:05,034 INFO o.a.j.JMeter: Setting property 'jmeter.reportgenerator.outputdir' to:'/report/report-PetStoreAPIScriptDynamicBuildNumber1.jmx-2024-04-04_050256'
2024-04-04 05:04:05,037 INFO o.a.j.s.FileServer: Default base='/opt/jmeter/apache-jmeter-5.4.1/bin'
2024-04-04 05:04:05,038 INFO o.a.j.s.FileServer: Set new base='/opt/jmeter/apache-jmeter-5.4.1/bin'
2024-04-04 05:04:06,634 INFO o.a.j.s.SaveService: Testplan (JMX) version: 2.2. Testlog (JTL) version: 2.2
2024-04-04 05:04:06,837 INFO o.a.j.s.SaveService: Using SaveService properties version 5.0
2024-04-04 05:04:06,840 INFO o.a.j.s.SaveService: Using SaveService properties file encoding UTF-8
2024-04-04 05:04:06,844 INFO o.a.j.s.SaveService: Loading file: PetStoreAPIScriptDynamicBuildNumber1.jmx
2024-04-04 05:04:07,142 INFO o.a.j.p.h.c.CookieManager: Settings: Delete null: true Check: true Allow variable: true Save: false Prefix: COOKIE_
2024-04-04 05:04:07,241 INFO o.a.j.p.h.s.HTTPSamplerBase: Parser for text/html is org.apache.jmeter.protocol.http.parser.LagartoBasedHtmlParser
2024-04-04 05:04:07,241 INFO o.a.j.p.h.s.HTTPSamplerBase: Parser for application/xhtml+xml is org.apache.jmeter.protocol.http.parser.LagartoBasedHtmlParser
2024-04-04 05:04:07,241 INFO o.a.j.p.h.s.HTTPSamplerBase: Parser for application/xml is org.apache.jmeter.protocol.http.parser.LagartoBasedHtmlParser
2024-04-04 05:04:07,241 INFO o.a.j.p.h.s.HTTPSamplerBase: Parser for text/xml is org.apache.jmeter.protocol.http.parser.LagartoBasedHtmlParser
2024-04-04 05:04:07,241 INFO o.a.j.p.h.s.HTTPSamplerBase: Parser for text/vnd.wap.wml is org.apache.jmeter.protocol.http.parser.RegexpHTMLParser
2024-04-04 05:04:07,242 INFO o.a.j.p.h.s.HTTPSamplerBase: Parser for text/css is org.apache.jmeter.protocol.http.parser.CssParser
2024-04-04 05:04:07,639 INFO o.a.j.s.SampleResult: Note: Sample TimeStamps are START times
2024-04-04 05:04:07,731 INFO o.a.j.s.SampleResult: sampleresult.default.encoding is set to ISO-8859-1
2024-04-04 05:04:07,731 INFO o.a.j.s.SampleResult: sampleresult.useNanoTime=true
2024-04-04 05:04:07,731 INFO o.a.j.s.SampleResult: sampleresult.nanoThreadSleep=5000
2024-04-04 05:04:07,931 INFO o.a.j.JMeter: Creating summariser <summary>
2024-04-04 05:04:07,936 INFO o.a.j.r.d.ReportGenerator: ReportGenerator will use for Parsing the separator: ','
2024-04-04 05:04:07,937 INFO o.a.j.r.d.ReportGenerator: Will generate report at end of test from  results file: /report/PetStoreAPIScriptDynamicBuildNumber1.jmx_2024-04-04_050256.jtl
2024-04-04 05:04:07,937 INFO o.a.j.r.d.ReportGenerator: Reading report generator properties from: /opt/jmeter/apache-jmeter-5.4.1/bin/reportgenerator.properties
2024-04-04 05:04:07,937 INFO o.a.j.r.d.ReportGenerator: Merging with JMeter properties
2024-04-04 05:04:08,034 INFO o.a.j.r.c.ReportGeneratorConfiguration: Property 'jmeter.reportgenerator.temp_dir' not found, using default value 'temp' instead.
2024-04-04 05:04:08,037 INFO o.a.j.r.c.ReportGeneratorConfiguration: Property 'jmeter.reportgenerator.apdex_per_transaction' not found, using default value 'null' instead.
2024-04-04 05:04:08,037 INFO o.a.j.r.c.ReportGeneratorConfiguration: apdex_per_transaction is empty, not APDEX per transaction customization
2024-04-04 05:04:08,037 INFO o.a.j.r.c.ReportGeneratorConfiguration: Property 'jmeter.reportgenerator.sample_filter' not found, using default value 'null' instead.
2024-04-04 05:04:08,038 INFO o.a.j.r.c.ReportGeneratorConfiguration: Property 'jmeter.reportgenerator.report_title' not found, using default value 'null' instead.
2024-04-04 05:04:08,038 INFO o.a.j.r.c.ReportGeneratorConfiguration: Property 'jmeter.reportgenerator.start_date' not found, using default value 'null' instead.
2024-04-04 05:04:08,038 INFO o.a.j.r.c.ReportGeneratorConfiguration: Property 'jmeter.reportgenerator.end_date' not found, using default value 'null' instead.
2024-04-04 05:04:08,038 INFO o.a.j.r.c.ReportGeneratorConfiguration: Property 'jmeter.reportgenerator.date_format' not found, using default value 'null' instead.
2024-04-04 05:04:08,038 INFO o.a.j.r.c.ReportGeneratorConfiguration: Will use date range start date: null, end date: null
2024-04-04 05:04:08,042 INFO o.a.j.r.c.ReportGeneratorConfiguration: Property 'jmeter.reportgenerator.graph.totalTPS.exclude_controllers' not found, using default value 'false' instead.
2024-04-04 05:04:08,042 INFO o.a.j.r.c.ReportGeneratorConfiguration: Property 'jmeter.reportgenerator.graph.activeThreadsOverTime.exclude_controllers' not found, using default value 'false' instead.
2024-04-04 05:04:08,043 INFO o.a.j.r.c.ReportGeneratorConfiguration: Property 'jmeter.reportgenerator.graph.timeVsThreads.exclude_controllers' not found, using default value 'false' instead.
2024-04-04 05:04:08,043 INFO o.a.j.r.c.ReportGeneratorConfiguration: Property 'jmeter.reportgenerator.graph.responseTimeDistribution.exclude_controllers' not found, using default value 'false' instead.
2024-04-04 05:04:08,130 INFO o.a.j.r.c.ReportGeneratorConfiguration: Property 'jmeter.reportgenerator.graph.transactionsPerSecond.exclude_controllers' not found, using default value 'false' instead.
2024-04-04 05:04:08,131 INFO o.a.j.r.c.ReportGeneratorConfiguration: Property 'jmeter.reportgenerator.graph.responseTimePercentiles.exclude_controllers' not found, using default value 'false' instead.
2024-04-04 05:04:08,131 INFO o.a.j.r.c.ReportGeneratorConfiguration: Property 'jmeter.reportgenerator.graph.responseTimePercentilesOverTime.exclude_controllers' not found, using default value 'false' instead.
2024-04-04 05:04:08,131 INFO o.a.j.r.c.ReportGeneratorConfiguration: Property 'jmeter.reportgenerator.graph.responseTimesOverTime.exclude_controllers' not found, using default value 'false' instead.
2024-04-04 05:04:08,131 INFO o.a.j.r.c.ReportGeneratorConfiguration: Property 'jmeter.reportgenerator.graph.connectTimeOverTime.exclude_controllers' not found, using default value 'false' instead.
2024-04-04 05:04:08,132 INFO o.a.j.r.c.ReportGeneratorConfiguration: Property 'jmeter.reportgenerator.graph.latenciesOverTime.exclude_controllers' not found, using default value 'false' instead.
2024-04-04 05:04:08,133 INFO o.a.j.r.c.ReportGeneratorConfiguration: Property 'jmeter.reportgenerator.exporter.json.filters_only_sample_series' not found, using default value 'true' instead.
2024-04-04 05:04:08,133 INFO o.a.j.r.c.ReportGeneratorConfiguration: Property 'jmeter.reportgenerator.exporter.json.series_filter' not found, using default value '' instead.
2024-04-04 05:04:08,133 INFO o.a.j.r.c.ReportGeneratorConfiguration: Property 'jmeter.reportgenerator.exporter.json.show_controllers_only' not found, using default value 'false' instead.
2024-04-04 05:04:08,133 INFO o.a.j.r.c.ReportGeneratorConfiguration: Property 'jmeter.reportgenerator.exporter.html.filters_only_sample_series' not found, using default value 'true' instead.
2024-04-04 05:04:08,134 INFO o.a.j.r.c.ReportGeneratorConfiguration: Property 'jmeter.reportgenerator.exporter.html.series_filter' not found, using default value '' instead.
2024-04-04 05:04:08,134 INFO o.a.j.r.c.ReportGeneratorConfiguration: Property 'jmeter.reportgenerator.exporter.html.show_controllers_only' not found, using default value 'false' instead.
2024-04-04 05:04:08,136 INFO o.a.j.e.DistributedRunner: Configuring remote engine: 10.35.0.13
2024-04-04 05:04:08,138 INFO o.a.j.r.RmiUtils: Disabling SSL for RMI as server.rmi.ssl.disable is set to 'true'
2024-04-04 05:04:08,638 INFO o.a.j.e.DistributedRunner: Starting distributed test with remote engines: [10.35.0.13] @ Thu Apr 04 05:04:08 UTC 2024 (1712207048638)
2024-04-04 05:04:08,638 INFO o.a.j.e.ClientJMeterEngine: running clientengine run method
2024-04-04 05:04:08,735 INFO o.a.j.e.u.CompoundVariable: Note: Function class names must contain the string: '.functions.'
2024-04-04 05:04:08,735 INFO o.a.j.e.u.CompoundVariable: Note: Function class names must not contain the string: '.gui.'
2024-04-04 05:04:09,133 INFO o.a.j.r.RmiUtils: Disabling SSL for RMI as server.rmi.ssl.disable is set to 'true'
2024-04-04 05:04:09,133 INFO o.a.j.r.RmiUtils: Disabling SSL for RMI as server.rmi.ssl.disable is set to 'true'
2024-04-04 05:04:09,135 INFO o.a.j.s.SampleEvent: List of sample_variables: []
2024-04-04 05:04:09,140 INFO o.a.j.s.BatchSampleSender: Using batching (client settings) for this run. Thresholds: num=100, time=60000
2024-04-04 05:04:09,140 INFO o.a.j.s.DataStrippingSampleSender: Using DataStrippingSampleSender for this run
2024-04-04 05:04:09,141 INFO o.a.j.r.RmiUtils: Disabling SSL for RMI as server.rmi.ssl.disable is set to 'true'
2024-04-04 05:04:09,141 INFO o.a.j.r.RmiUtils: Disabling SSL for RMI as server.rmi.ssl.disable is set to 'true'
2024-04-04 05:04:13,645 INFO o.a.j.r.RmiUtils: Disabling SSL for RMI as server.rmi.ssl.disable is set to 'true'
2024-04-04 05:04:13,645 INFO o.a.j.r.RmiUtils: Disabling SSL for RMI as server.rmi.ssl.disable is set to 'true'
2024-04-04 05:04:13,646 INFO o.a.j.r.RmiUtils: Disabling SSL for RMI as server.rmi.ssl.disable is set to 'true'
2024-04-04 05:04:13,646 INFO o.a.j.r.RmiUtils: Disabling SSL for RMI as server.rmi.ssl.disable is set to 'true'
2024-04-04 05:04:13,646 INFO o.a.j.s.BatchSampleSender: Using batching (client settings) for this run. Thresholds: num=100, time=60000
2024-04-04 05:04:13,646 INFO o.a.j.s.DataStrippingSampleSender: Using DataStrippingSampleSender for this run
2024-04-04 05:04:13,646 INFO o.a.j.r.RmiUtils: Disabling SSL for RMI as server.rmi.ssl.disable is set to 'true'
2024-04-04 05:04:13,646 INFO o.a.j.r.RmiUtils: Disabling SSL for RMI as server.rmi.ssl.disable is set to 'true'
2024-04-04 05:04:13,647 INFO o.a.j.s.BatchSampleSender: Using batching (client settings) for this run. Thresholds: num=100, time=60000
2024-04-04 05:04:13,647 INFO o.a.j.s.DataStrippingSampleSender: Using DataStrippingSampleSender for this run
2024-04-04 05:04:13,647 INFO o.a.j.r.RmiUtils: Disabling SSL for RMI as server.rmi.ssl.disable is set to 'true'
2024-04-04 05:04:13,647 INFO o.a.j.r.RmiUtils: Disabling SSL for RMI as server.rmi.ssl.disable is set to 'true'
2024-04-04 05:04:13,647 INFO o.a.j.s.BatchSampleSender: Using batching (client settings) for this run. Thresholds: num=100, time=60000
2024-04-04 05:04:13,647 INFO o.a.j.s.DataStrippingSampleSender: Using DataStrippingSampleSender for this run
2024-04-04 05:04:13,647 INFO o.a.j.r.RmiUtils: Disabling SSL for RMI as server.rmi.ssl.disable is set to 'true'
2024-04-04 05:04:13,647 INFO o.a.j.r.RmiUtils: Disabling SSL for RMI as server.rmi.ssl.disable is set to 'true'
2024-04-04 05:04:13,648 INFO o.a.j.s.BatchSampleSender: Using batching (client settings) for this run. Thresholds: num=100, time=60000
2024-04-04 05:04:13,648 INFO o.a.j.s.DataStrippingSampleSender: Using DataStrippingSampleSender for this run
2024-04-04 05:04:13,648 INFO o.a.j.r.RmiUtils: Disabling SSL for RMI as server.rmi.ssl.disable is set to 'true'
2024-04-04 05:04:13,648 INFO o.a.j.r.RmiUtils: Disabling SSL for RMI as server.rmi.ssl.disable is set to 'true'
2024-04-04 05:04:13,648 INFO o.a.j.s.BatchSampleSender: Using batching (client settings) for this run. Thresholds: num=100, time=60000
2024-04-04 05:04:13,648 INFO o.a.j.s.DataStrippingSampleSender: Using DataStrippingSampleSender for this run
2024-04-04 05:04:14,545 INFO o.a.j.e.ClientJMeterEngine: sent test to 10.35.0.13 basedir='.'
2024-04-04 05:04:14,546 INFO o.a.j.e.ClientJMeterEngine: Sending properties {}
2024-04-04 05:04:14,611 INFO o.a.j.e.ClientJMeterEngine: sent run command to 10.35.0.13
2024-04-04 05:04:14,611 INFO o.a.j.e.DistributedRunner: Remote engines have been started:[10.35.0.13]
2024-04-04 05:04:15,533 INFO o.a.j.v.b.BackendListener: Backend Listener 1: Starting worker with class: class org.apache.jmeter.visualizers.backend.influxdb.InfluxdbBackendListenerClient and queue capacity: 5000
2024-04-04 05:04:15,534 INFO o.a.j.v.b.BackendListener: Backend Listener 1: Started  worker with class: class org.apache.jmeter.visualizers.backend.influxdb.InfluxdbBackendListenerClient
2024-04-04 05:04:17,139 INFO o.a.j.v.b.BackendListener: Backend Listener 2: Starting worker with class: class rocks.nt.apm.jmeter.JMeterInfluxDBBackendListenerClient and queue capacity: 5000
2024-04-04 05:04:17,219 INFO o.a.j.v.b.BackendListener: Backend Listener 2: Started  worker with class: class rocks.nt.apm.jmeter.JMeterInfluxDBBackendListenerClient
2024-04-04 05:04:18,324 INFO o.a.j.JMeter: Started remote host:  10.35.0.13 (1712207058324)
2024-04-04 05:04:31,034 INFO o.a.j.r.Summariser: summary +    236 in 00:00:13 =   18.6/s Avg:   391 Min:   192 Max:  4615 Err:    36 (15.25%) Active: 10 Started: 10 Finished: 0
2024-04-04 05:05:00,080 INFO o.a.j.r.Summariser: summary +   1401 in 00:00:29 =   48.2/s Avg:   206 Min:   191 Max:   301 Err:   205 (14.63%) Active: 10 Started: 10 Finished: 0
2024-04-04 05:05:00,081 INFO o.a.j.r.Summariser: summary =   1637 in 00:00:42 =   39.2/s Avg:   233 Min:   191 Max:  4615 Err:   241 (14.72%)
2024-04-04 05:05:31,433 INFO o.a.j.r.Summariser: summary +   1476 in 00:00:31 =   47.1/s Avg:   210 Min:   191 Max:  1249 Err:   229 (15.51%) Active: 10 Started: 10 Finished: 0
2024-04-04 05:05:31,433 INFO o.a.j.r.Summariser: summary =   3113 in 00:01:13 =   42.6/s Avg:   222 Min:   191 Max:  4615 Err:   470 (15.10%)
2024-04-04 05:06:00,000 INFO o.a.j.r.Summariser: summary +   1425 in 00:00:29 =   49.9/s Avg:   203 Min:   191 Max:   275 Err:   184 (12.91%) Active: 10 Started: 10 Finished: 0
2024-04-04 05:06:00,001 INFO o.a.j.r.Summariser: summary =   4538 in 00:01:42 =   44.6/s Avg:   216 Min:   191 Max:  4615 Err:   654 (14.41%)
2024-04-04 05:06:31,021 INFO o.a.j.r.Summariser: summary +   1454 in 00:00:31 =   46.9/s Avg:   208 Min:   191 Max:   860 Err:   213 (14.65%) Active: 10 Started: 10 Finished: 0
2024-04-04 05:06:31,021 INFO o.a.j.r.Summariser: summary =   5992 in 00:02:13 =   45.2/s Avg:   214 Min:   191 Max:  4615 Err:   867 (14.47%)
2024-04-04 05:07:00,244 INFO o.a.j.r.Summariser: summary +   1399 in 00:00:29 =   47.9/s Avg:   207 Min:   191 Max:   281 Err:   211 (15.08%) Active: 10 Started: 10 Finished: 0
2024-04-04 05:07:00,244 INFO o.a.j.r.Summariser: summary =   7391 in 00:02:42 =   45.6/s Avg:   213 Min:   191 Max:  4615 Err:  1078 (14.59%)
2024-04-04 05:07:31,489 INFO o.a.j.r.Summariser: summary +   1478 in 00:00:31 =   47.3/s Avg:   210 Min:   191 Max:   772 Err:   218 (14.75%) Active: 10 Started: 10 Finished: 0
2024-04-04 05:07:31,489 INFO o.a.j.r.Summariser: summary =   8869 in 00:03:13 =   45.9/s Avg:   212 Min:   191 Max:  4615 Err:  1296 (14.61%)
2024-04-04 05:08:00,266 INFO o.a.j.r.Summariser: summary +   1400 in 00:00:29 =   48.6/s Avg:   205 Min:   192 Max:   273 Err:   210 (15.00%) Active: 10 Started: 10 Finished: 0
2024-04-04 05:08:00,267 INFO o.a.j.r.Summariser: summary =  10269 in 00:03:42 =   46.3/s Avg:   211 Min:   191 Max:  4615 Err:  1506 (14.67%)
2024-04-04 05:08:30,136 INFO o.a.j.r.Summariser: summary +   1401 in 00:00:30 =   46.9/s Avg:   212 Min:   192 Max:  1136 Err:   221 (15.77%) Active: 10 Started: 10 Finished: 0
2024-04-04 05:08:30,137 INFO o.a.j.r.Summariser: summary =  11670 in 00:04:12 =   46.3/s Avg:   211 Min:   191 Max:  4615 Err:  1727 (14.80%)
