2024-03-27 15:47:18,102 INFO o.a.j.u.JMeterUtils: Setting Locale to en_EN
2024-03-27 15:47:18,297 INFO o.a.j.JMeter: Loading user properties from: user.properties
2024-03-27 15:47:18,297 INFO o.a.j.JMeter: Loading system properties from: system.properties
2024-03-27 15:47:18,297 INFO o.a.j.JMeter: Setting System property: server.rmi.ssl.disable=true
2024-03-27 15:47:18,396 INFO o.a.j.JMeter: Copyright (c) 1998-2021 The Apache Software Foundation
2024-03-27 15:47:18,396 INFO o.a.j.JMeter: Version 5.4.1
2024-03-27 15:47:18,397 INFO o.a.j.JMeter: java.version=16.0.2
2024-03-27 15:47:18,397 INFO o.a.j.JMeter: java.vm.name=OpenJDK 64-Bit Server VM
2024-03-27 15:47:18,397 INFO o.a.j.JMeter: os.name=Linux
2024-03-27 15:47:18,397 INFO o.a.j.JMeter: os.arch=amd64
2024-03-27 15:47:18,397 INFO o.a.j.JMeter: os.version=6.5.0-1016-aws
2024-03-27 15:47:18,397 INFO o.a.j.JMeter: file.encoding=UTF-8
2024-03-27 15:47:18,397 INFO o.a.j.JMeter: java.awt.headless=null
2024-03-27 15:47:18,397 INFO o.a.j.JMeter: Max memory     =1073741824
2024-03-27 15:47:18,398 INFO o.a.j.JMeter: Available Processors =1
2024-03-27 15:47:18,497 INFO o.a.j.JMeter: Default Locale=English (EN)
2024-03-27 15:47:18,497 INFO o.a.j.JMeter: JMeter  Locale=English (EN)
2024-03-27 15:47:18,497 INFO o.a.j.JMeter: JMeterHome=/opt/jmeter/apache-jmeter-5.4.1
2024-03-27 15:47:18,497 INFO o.a.j.JMeter: user.dir  =/opt/jmeter/apache-jmeter-5.4.1/bin
2024-03-27 15:47:18,497 INFO o.a.j.JMeter: PWD       =/opt/jmeter/apache-jmeter-5.4.1/bin
2024-03-27 15:47:18,498 INFO o.a.j.JMeter: IP: 10.35.0.12 Name: jmeter-master03-27-21-16-04-jp5kx FullName: jmeter-master03-27-21-16-04-jp5kx
2024-03-27 15:47:18,504 INFO o.a.j.JMeter: Setting property 'jmeter.reportgenerator.outputdir' to:'/report/report-PetStoreAPIScriptDynamicBuildNumber1.jmx-2024-03-27_154614'
2024-03-27 15:47:18,509 INFO o.a.j.s.FileServer: Default base='/opt/jmeter/apache-jmeter-5.4.1/bin'
2024-03-27 15:47:18,510 INFO o.a.j.s.FileServer: Set new base='/opt/jmeter/apache-jmeter-5.4.1/bin'
2024-03-27 15:47:19,898 INFO o.a.j.s.SaveService: Testplan (JMX) version: 2.2. Testlog (JTL) version: 2.2
2024-03-27 15:47:20,096 INFO o.a.j.s.SaveService: Using SaveService properties version 5.0
2024-03-27 15:47:20,100 INFO o.a.j.s.SaveService: Using SaveService properties file encoding UTF-8
2024-03-27 15:47:20,103 INFO o.a.j.s.SaveService: Loading file: PetStoreAPIScriptDynamicBuildNumber1.jmx
2024-03-27 15:47:20,410 INFO o.a.j.p.h.c.CookieManager: Settings: Delete null: true Check: true Allow variable: true Save: false Prefix: COOKIE_
2024-03-27 15:47:20,597 INFO o.a.j.p.h.s.HTTPSamplerBase: Parser for text/html is org.apache.jmeter.protocol.http.parser.LagartoBasedHtmlParser
2024-03-27 15:47:20,597 INFO o.a.j.p.h.s.HTTPSamplerBase: Parser for application/xhtml+xml is org.apache.jmeter.protocol.http.parser.LagartoBasedHtmlParser
2024-03-27 15:47:20,597 INFO o.a.j.p.h.s.HTTPSamplerBase: Parser for application/xml is org.apache.jmeter.protocol.http.parser.LagartoBasedHtmlParser
2024-03-27 15:47:20,597 INFO o.a.j.p.h.s.HTTPSamplerBase: Parser for text/xml is org.apache.jmeter.protocol.http.parser.LagartoBasedHtmlParser
2024-03-27 15:47:20,597 INFO o.a.j.p.h.s.HTTPSamplerBase: Parser for text/vnd.wap.wml is org.apache.jmeter.protocol.http.parser.RegexpHTMLParser
2024-03-27 15:47:20,597 INFO o.a.j.p.h.s.HTTPSamplerBase: Parser for text/css is org.apache.jmeter.protocol.http.parser.CssParser
2024-03-27 15:47:20,905 INFO o.a.j.s.SampleResult: Note: Sample TimeStamps are START times
2024-03-27 15:47:20,905 INFO o.a.j.s.SampleResult: sampleresult.default.encoding is set to ISO-8859-1
2024-03-27 15:47:20,905 INFO o.a.j.s.SampleResult: sampleresult.useNanoTime=true
2024-03-27 15:47:20,906 INFO o.a.j.s.SampleResult: sampleresult.nanoThreadSleep=5000
2024-03-27 15:47:21,195 INFO o.a.j.JMeter: Creating summariser <summary>
2024-03-27 15:47:21,204 INFO o.a.j.r.d.ReportGenerator: ReportGenerator will use for Parsing the separator: ','
2024-03-27 15:47:21,205 INFO o.a.j.r.d.ReportGenerator: Will generate report at end of test from  results file: /report/PetStoreAPIScriptDynamicBuildNumber1.jmx_2024-03-27_154614.jtl
2024-03-27 15:47:21,205 INFO o.a.j.r.d.ReportGenerator: Reading report generator properties from: /opt/jmeter/apache-jmeter-5.4.1/bin/reportgenerator.properties
2024-03-27 15:47:21,207 INFO o.a.j.r.d.ReportGenerator: Merging with JMeter properties
2024-03-27 15:47:21,299 INFO o.a.j.r.c.ReportGeneratorConfiguration: Property 'jmeter.reportgenerator.temp_dir' not found, using default value 'temp' instead.
2024-03-27 15:47:21,302 INFO o.a.j.r.c.ReportGeneratorConfiguration: Property 'jmeter.reportgenerator.apdex_per_transaction' not found, using default value 'null' instead.
2024-03-27 15:47:21,303 INFO o.a.j.r.c.ReportGeneratorConfiguration: apdex_per_transaction is empty, not APDEX per transaction customization
2024-03-27 15:47:21,303 INFO o.a.j.r.c.ReportGeneratorConfiguration: Property 'jmeter.reportgenerator.sample_filter' not found, using default value 'null' instead.
2024-03-27 15:47:21,303 INFO o.a.j.r.c.ReportGeneratorConfiguration: Property 'jmeter.reportgenerator.report_title' not found, using default value 'null' instead.
2024-03-27 15:47:21,303 INFO o.a.j.r.c.ReportGeneratorConfiguration: Property 'jmeter.reportgenerator.start_date' not found, using default value 'null' instead.
2024-03-27 15:47:21,303 INFO o.a.j.r.c.ReportGeneratorConfiguration: Property 'jmeter.reportgenerator.end_date' not found, using default value 'null' instead.
2024-03-27 15:47:21,303 INFO o.a.j.r.c.ReportGeneratorConfiguration: Property 'jmeter.reportgenerator.date_format' not found, using default value 'null' instead.
2024-03-27 15:47:21,304 INFO o.a.j.r.c.ReportGeneratorConfiguration: Will use date range start date: null, end date: null
2024-03-27 15:47:21,397 INFO o.a.j.r.c.ReportGeneratorConfiguration: Property 'jmeter.reportgenerator.graph.totalTPS.exclude_controllers' not found, using default value 'false' instead.
2024-03-27 15:47:21,397 INFO o.a.j.r.c.ReportGeneratorConfiguration: Property 'jmeter.reportgenerator.graph.activeThreadsOverTime.exclude_controllers' not found, using default value 'false' instead.
2024-03-27 15:47:21,397 INFO o.a.j.r.c.ReportGeneratorConfiguration: Property 'jmeter.reportgenerator.graph.timeVsThreads.exclude_controllers' not found, using default value 'false' instead.
2024-03-27 15:47:21,398 INFO o.a.j.r.c.ReportGeneratorConfiguration: Property 'jmeter.reportgenerator.graph.responseTimeDistribution.exclude_controllers' not found, using default value 'false' instead.
2024-03-27 15:47:21,398 INFO o.a.j.r.c.ReportGeneratorConfiguration: Property 'jmeter.reportgenerator.graph.transactionsPerSecond.exclude_controllers' not found, using default value 'false' instead.
2024-03-27 15:47:21,398 INFO o.a.j.r.c.ReportGeneratorConfiguration: Property 'jmeter.reportgenerator.graph.responseTimePercentiles.exclude_controllers' not found, using default value 'false' instead.
2024-03-27 15:47:21,398 INFO o.a.j.r.c.ReportGeneratorConfiguration: Property 'jmeter.reportgenerator.graph.responseTimePercentilesOverTime.exclude_controllers' not found, using default value 'false' instead.
2024-03-27 15:47:21,398 INFO o.a.j.r.c.ReportGeneratorConfiguration: Property 'jmeter.reportgenerator.graph.responseTimesOverTime.exclude_controllers' not found, using default value 'false' instead.
2024-03-27 15:47:21,399 INFO o.a.j.r.c.ReportGeneratorConfiguration: Property 'jmeter.reportgenerator.graph.connectTimeOverTime.exclude_controllers' not found, using default value 'false' instead.
2024-03-27 15:47:21,399 INFO o.a.j.r.c.ReportGeneratorConfiguration: Property 'jmeter.reportgenerator.graph.latenciesOverTime.exclude_controllers' not found, using default value 'false' instead.
2024-03-27 15:47:21,400 INFO o.a.j.r.c.ReportGeneratorConfiguration: Property 'jmeter.reportgenerator.exporter.json.filters_only_sample_series' not found, using default value 'true' instead.
2024-03-27 15:47:21,400 INFO o.a.j.r.c.ReportGeneratorConfiguration: Property 'jmeter.reportgenerator.exporter.json.series_filter' not found, using default value '' instead.
2024-03-27 15:47:21,400 INFO o.a.j.r.c.ReportGeneratorConfiguration: Property 'jmeter.reportgenerator.exporter.json.show_controllers_only' not found, using default value 'false' instead.
2024-03-27 15:47:21,400 INFO o.a.j.r.c.ReportGeneratorConfiguration: Property 'jmeter.reportgenerator.exporter.html.filters_only_sample_series' not found, using default value 'true' instead.
2024-03-27 15:47:21,401 INFO o.a.j.r.c.ReportGeneratorConfiguration: Property 'jmeter.reportgenerator.exporter.html.series_filter' not found, using default value '' instead.
2024-03-27 15:47:21,401 INFO o.a.j.r.c.ReportGeneratorConfiguration: Property 'jmeter.reportgenerator.exporter.html.show_controllers_only' not found, using default value 'false' instead.
2024-03-27 15:47:21,403 INFO o.a.j.e.DistributedRunner: Configuring remote engine: 10.35.0.13
2024-03-27 15:47:21,495 INFO o.a.j.r.RmiUtils: Disabling SSL for RMI as server.rmi.ssl.disable is set to 'true'
2024-03-27 15:47:21,814 INFO o.a.j.e.DistributedRunner: Starting distributed test with remote engines: [10.35.0.13] @ Wed Mar 27 15:47:21 UTC 2024 (1711554441814)
2024-03-27 15:47:21,814 INFO o.a.j.e.ClientJMeterEngine: running clientengine run method
2024-03-27 15:47:21,900 INFO o.a.j.e.u.CompoundVariable: Note: Function class names must contain the string: '.functions.'
2024-03-27 15:47:21,900 INFO o.a.j.e.u.CompoundVariable: Note: Function class names must not contain the string: '.gui.'
2024-03-27 15:47:22,302 INFO o.a.j.r.RmiUtils: Disabling SSL for RMI as server.rmi.ssl.disable is set to 'true'
2024-03-27 15:47:22,302 INFO o.a.j.r.RmiUtils: Disabling SSL for RMI as server.rmi.ssl.disable is set to 'true'
2024-03-27 15:47:22,396 INFO o.a.j.s.SampleEvent: List of sample_variables: []
2024-03-27 15:47:22,401 INFO o.a.j.s.BatchSampleSender: Using batching (client settings) for this run. Thresholds: num=100, time=60000
2024-03-27 15:47:22,401 INFO o.a.j.s.DataStrippingSampleSender: Using DataStrippingSampleSender for this run
2024-03-27 15:47:22,403 INFO o.a.j.r.RmiUtils: Disabling SSL for RMI as server.rmi.ssl.disable is set to 'true'
2024-03-27 15:47:22,403 INFO o.a.j.r.RmiUtils: Disabling SSL for RMI as server.rmi.ssl.disable is set to 'true'
2024-03-27 15:47:26,406 INFO o.a.j.r.RmiUtils: Disabling SSL for RMI as server.rmi.ssl.disable is set to 'true'
2024-03-27 15:47:26,406 INFO o.a.j.r.RmiUtils: Disabling SSL for RMI as server.rmi.ssl.disable is set to 'true'
2024-03-27 15:47:26,407 INFO o.a.j.r.RmiUtils: Disabling SSL for RMI as server.rmi.ssl.disable is set to 'true'
2024-03-27 15:47:26,407 INFO o.a.j.r.RmiUtils: Disabling SSL for RMI as server.rmi.ssl.disable is set to 'true'
2024-03-27 15:47:26,407 INFO o.a.j.s.BatchSampleSender: Using batching (client settings) for this run. Thresholds: num=100, time=60000
2024-03-27 15:47:26,407 INFO o.a.j.s.DataStrippingSampleSender: Using DataStrippingSampleSender for this run
2024-03-27 15:47:26,407 INFO o.a.j.r.RmiUtils: Disabling SSL for RMI as server.rmi.ssl.disable is set to 'true'
2024-03-27 15:47:26,407 INFO o.a.j.r.RmiUtils: Disabling SSL for RMI as server.rmi.ssl.disable is set to 'true'
2024-03-27 15:47:26,408 INFO o.a.j.s.BatchSampleSender: Using batching (client settings) for this run. Thresholds: num=100, time=60000
2024-03-27 15:47:26,408 INFO o.a.j.s.DataStrippingSampleSender: Using DataStrippingSampleSender for this run
2024-03-27 15:47:26,408 INFO o.a.j.r.RmiUtils: Disabling SSL for RMI as server.rmi.ssl.disable is set to 'true'
2024-03-27 15:47:26,408 INFO o.a.j.r.RmiUtils: Disabling SSL for RMI as server.rmi.ssl.disable is set to 'true'
2024-03-27 15:47:26,408 INFO o.a.j.s.BatchSampleSender: Using batching (client settings) for this run. Thresholds: num=100, time=60000
2024-03-27 15:47:26,408 INFO o.a.j.s.DataStrippingSampleSender: Using DataStrippingSampleSender for this run
2024-03-27 15:47:26,408 INFO o.a.j.r.RmiUtils: Disabling SSL for RMI as server.rmi.ssl.disable is set to 'true'
2024-03-27 15:47:26,408 INFO o.a.j.r.RmiUtils: Disabling SSL for RMI as server.rmi.ssl.disable is set to 'true'
2024-03-27 15:47:26,409 INFO o.a.j.s.BatchSampleSender: Using batching (client settings) for this run. Thresholds: num=100, time=60000
2024-03-27 15:47:26,409 INFO o.a.j.s.DataStrippingSampleSender: Using DataStrippingSampleSender for this run
2024-03-27 15:47:26,409 INFO o.a.j.r.RmiUtils: Disabling SSL for RMI as server.rmi.ssl.disable is set to 'true'
2024-03-27 15:47:26,409 INFO o.a.j.r.RmiUtils: Disabling SSL for RMI as server.rmi.ssl.disable is set to 'true'
2024-03-27 15:47:26,409 INFO o.a.j.s.BatchSampleSender: Using batching (client settings) for this run. Thresholds: num=100, time=60000
2024-03-27 15:47:26,409 INFO o.a.j.s.DataStrippingSampleSender: Using DataStrippingSampleSender for this run
2024-03-27 15:47:27,571 INFO o.a.j.e.ClientJMeterEngine: sent test to 10.35.0.13 basedir='.'
2024-03-27 15:47:27,571 INFO o.a.j.e.ClientJMeterEngine: Sending properties {}
2024-03-27 15:47:27,655 INFO o.a.j.e.ClientJMeterEngine: sent run command to 10.35.0.13
2024-03-27 15:47:27,656 INFO o.a.j.e.DistributedRunner: Remote engines have been started:[10.35.0.13]
2024-03-27 15:47:28,397 INFO o.a.j.v.b.BackendListener: Backend Listener 1: Starting worker with class: class org.apache.jmeter.visualizers.backend.influxdb.InfluxdbBackendListenerClient and queue capacity: 5000
2024-03-27 15:47:28,398 INFO o.a.j.v.b.BackendListener: Backend Listener 1: Started  worker with class: class org.apache.jmeter.visualizers.backend.influxdb.InfluxdbBackendListenerClient
2024-03-27 15:47:29,901 INFO o.a.j.v.b.BackendListener: Backend Listener 2: Starting worker with class: class rocks.nt.apm.jmeter.JMeterInfluxDBBackendListenerClient and queue capacity: 5000
2024-03-27 15:47:29,903 INFO o.a.j.v.b.BackendListener: Backend Listener 2: Started  worker with class: class rocks.nt.apm.jmeter.JMeterInfluxDBBackendListenerClient
2024-03-27 15:47:30,819 INFO o.a.j.JMeter: Started remote host:  10.35.0.13 (1711554450819)
2024-03-27 15:47:35,972 INFO o.a.j.r.Summariser: summary +      1 in 00:00:05 =    0.2/s Avg:  4105 Min:  4105 Max:  4105 Err:     0 (0.00%) Active: 10 Started: 10 Finished: 0
2024-03-27 15:48:00,957 INFO o.a.j.r.Summariser: summary +   1091 in 00:00:25 =   43.7/s Avg:   239 Min:   188 Max:  4400 Err:   137 (12.56%) Active: 10 Started: 10 Finished: 0
2024-03-27 15:48:00,958 INFO o.a.j.r.Summariser: summary =   1092 in 00:00:30 =   36.2/s Avg:   243 Min:   188 Max:  4400 Err:   137 (12.55%)
2024-03-27 15:48:31,315 INFO o.a.j.r.Summariser: summary +   1477 in 00:00:30 =   48.7/s Avg:   204 Min:   188 Max:   299 Err:   205 (13.88%) Active: 10 Started: 10 Finished: 0
2024-03-27 15:48:31,315 INFO o.a.j.r.Summariser: summary =   2569 in 00:01:00 =   42.5/s Avg:   220 Min:   188 Max:  4400 Err:   342 (13.31%)
2024-03-27 15:49:01,426 INFO o.a.j.r.Summariser: summary +   1402 in 00:00:30 =   46.6/s Avg:   214 Min:   188 Max:  1399 Err:   187 (13.34%) Active: 10 Started: 10 Finished: 0
2024-03-27 15:49:01,427 INFO o.a.j.r.Summariser: summary =   3971 in 00:01:31 =   43.8/s Avg:   218 Min:   188 Max:  4400 Err:   529 (13.32%)
2024-03-27 15:49:30,461 INFO o.a.j.r.Summariser: summary +   1399 in 00:00:29 =   48.2/s Avg:   206 Min:   189 Max:   269 Err:   223 (15.94%) Active: 10 Started: 10 Finished: 0
2024-03-27 15:49:30,462 INFO o.a.j.r.Summariser: summary =   5370 in 00:02:00 =   44.9/s Avg:   215 Min:   188 Max:  4400 Err:   752 (14.00%)
2024-03-27 15:50:00,096 INFO o.a.j.r.Summariser: summary +   1400 in 00:00:30 =   47.2/s Avg:   210 Min:   189 Max:   840 Err:   207 (14.79%) Active: 10 Started: 10 Finished: 0
2024-03-27 15:50:00,096 INFO o.a.j.r.Summariser: summary =   6770 in 00:02:29 =   45.4/s Avg:   214 Min:   188 Max:  4400 Err:   959 (14.17%)
2024-03-27 15:50:30,597 INFO o.a.j.r.Summariser: summary +   1478 in 00:00:31 =   48.5/s Avg:   205 Min:   193 Max:   272 Err:   207 (14.01%) Active: 10 Started: 10 Finished: 0
2024-03-27 15:50:30,597 INFO o.a.j.r.Summariser: summary =   8248 in 00:03:00 =   45.9/s Avg:   212 Min:   188 Max:  4400 Err:  1166 (14.14%)
2024-03-27 15:50:31,233 INFO o.a.j.v.b.BackendListener: Worker ended
2024-03-27 15:50:31,235 INFO o.a.j.v.b.i.InfluxdbBackendListenerClient: Sending last metrics to InfluxDB
2024-03-27 15:50:31,236 INFO o.a.j.v.b.i.HttpMetricsSender: Destroying 
2024-03-27 15:50:31,246 INFO o.a.j.v.b.BackendListener: Worker ended
2024-03-27 15:50:31,247 INFO r.n.a.j.JMeterInfluxDBBackendListenerClient: Shutting down influxDB scheduler...
2024-03-27 15:50:31,253 INFO r.n.a.j.JMeterInfluxDBBackendListenerClient: influxDB scheduler terminated!
2024-03-27 15:50:31,297 INFO o.a.j.r.Summariser: summary +    108 in 00:00:01 =  154.5/s Avg:   205 Min:   193 Max:   222 Err:    13 (12.04%) Active: 0 Started: 10 Finished: 10
2024-03-27 15:50:31,297 INFO o.a.j.r.Summariser: summary =   8356 in 00:03:00 =   46.3/s Avg:   212 Min:   188 Max:  4400 Err:  1179 (14.11%)
2024-03-27 15:50:31,297 INFO o.a.j.JMeter: Finished remote host: 10.35.0.13 (1711554631297)
2024-03-27 15:50:31,297 INFO o.a.j.JMeter: All remote engines have ended test, starting RemoteTestStopper thread
2024-03-27 15:50:31,300 INFO o.a.j.e.ClientJMeterEngine: about to exit remote server on 10.35.0.13
2024-03-27 15:50:36,465 INFO o.a.j.JMeter: Interrupting RMI Reaper
2024-03-27 15:50:36,465 INFO o.a.j.JMeter: Generating Dashboard
2024-03-27 15:50:36,465 INFO o.a.j.r.d.ReportGenerator: Flushing result collector before report Generation
2024-03-27 15:50:36,905 INFO o.a.j.r.p.NormalizerSampleConsumer: Using format, 'ms', to parse timeStamp field
2024-03-27 15:50:41,197 INFO o.a.j.r.p.AbstractSampleConsumer: class org.apache.jmeter.report.processor.AggregateConsumer#stopProducing(): beginDate produced 0 samples
2024-03-27 15:50:41,197 INFO o.a.j.r.p.AbstractSampleConsumer: class org.apache.jmeter.report.processor.AggregateConsumer#stopProducing(): endDate produced 0 samples
2024-03-27 15:50:41,201 INFO o.a.j.r.p.AbstractSampleConsumer: class org.apache.jmeter.report.processor.ApdexSummaryConsumer#stopProducing(): apdexSummary produced 0 samples
2024-03-27 15:50:41,201 INFO o.a.j.r.p.AbstractSampleConsumer: class org.apache.jmeter.report.processor.RequestsSummaryConsumer#stopProducing(): requestsSummary produced 0 samples
2024-03-27 15:50:41,202 INFO o.a.j.r.p.AbstractSampleConsumer: class org.apache.jmeter.report.processor.StatisticsSummaryConsumer#stopProducing(): statisticsSummary produced 0 samples
2024-03-27 15:50:41,297 INFO o.a.j.r.p.AbstractSampleConsumer: class org.apache.jmeter.report.processor.Top5ErrorsBySamplerConsumer#stopProducing(): top5ErrorsBySampler produced 0 samples
2024-03-27 15:50:41,297 INFO o.a.j.r.p.AbstractSampleConsumer: class org.apache.jmeter.report.processor.ErrorsSummaryConsumer#stopProducing(): errorsSummary produced 0 samples
2024-03-27 15:50:41,297 INFO o.a.j.r.p.AbstractSampleConsumer: class org.apache.jmeter.report.processor.graph.impl.HitsPerSecondGraphConsumer#stopProducing(): hitsPerSecond produced 0 samples
2024-03-27 15:50:42,203 INFO o.a.j.r.p.AbstractSampleConsumer: class org.apache.jmeter.report.processor.graph.impl.LatencyVSRequestGraphConsumer#stopProducing(): latencyVsRequest produced 0 samples
2024-03-27 15:50:42,204 INFO o.a.j.r.p.AbstractSampleConsumer: class org.apache.jmeter.report.processor.graph.impl.SyntheticResponseTimeDistributionGraphConsumer#stopProducing(): syntheticResponseTimeDistribution produced 0 samples
2024-03-27 15:50:42,204 INFO o.a.j.r.p.AbstractSampleConsumer: class org.apache.jmeter.report.processor.graph.impl.BytesThroughputGraphConsumer#stopProducing(): bytesThroughputOverTime produced 0 samples
2024-03-27 15:50:42,204 INFO o.a.j.r.p.AbstractSampleConsumer: class org.apache.jmeter.report.processor.graph.impl.CodesPerSecondGraphConsumer#stopProducing(): codesPerSecond produced 0 samples
2024-03-27 15:50:42,999 INFO o.a.j.r.p.AbstractSampleConsumer: class org.apache.jmeter.report.processor.graph.impl.ResponseTimeVSRequestGraphConsumer#stopProducing(): responseTimeVsRequest produced 0 samples
2024-03-27 15:50:42,999 INFO o.a.j.r.p.AbstractSampleConsumer: class org.apache.jmeter.report.processor.FilterConsumer#stopProducing(): startIntervalControlerFilter produced 58492 samples
2024-03-27 15:50:42,999 INFO o.a.j.r.p.AbstractSampleConsumer: class org.apache.jmeter.report.processor.graph.impl.TotalTPSGraphConsumer#stopProducing(): totalTPS produced 0 samples
2024-03-27 15:50:43,000 INFO o.a.j.r.p.AbstractSampleConsumer: class org.apache.jmeter.report.processor.graph.impl.ActiveThreadsGraphConsumer#stopProducing(): activeThreadsOverTime produced 0 samples
2024-03-27 15:50:43,000 INFO o.a.j.r.p.AbstractSampleConsumer: class org.apache.jmeter.report.processor.graph.impl.TimeVSThreadGraphConsumer#stopProducing(): timeVsThreads produced 0 samples
2024-03-27 15:50:43,000 INFO o.a.j.r.p.AbstractSampleConsumer: class org.apache.jmeter.report.processor.graph.impl.ResponseTimeDistributionGraphConsumer#stopProducing(): responseTimeDistribution produced 0 samples
2024-03-27 15:50:43,001 INFO o.a.j.r.p.AbstractSampleConsumer: class org.apache.jmeter.report.processor.graph.impl.TransactionsPerSecondGraphConsumer#stopProducing(): transactionsPerSecond produced 0 samples
2024-03-27 15:50:43,001 INFO o.a.j.r.p.AbstractSampleConsumer: class org.apache.jmeter.report.processor.graph.impl.ResponseTimePercentilesGraphConsumer#stopProducing(): responseTimePercentiles produced 0 samples
2024-03-27 15:50:43,005 INFO o.a.j.r.p.AbstractSampleConsumer: class org.apache.jmeter.report.processor.graph.impl.ResponseTimePercentilesOverTimeGraphConsumer#stopProducing(): responseTimePercentilesOverTime produced 0 samples
2024-03-27 15:50:43,005 INFO o.a.j.r.p.AbstractSampleConsumer: class org.apache.jmeter.report.processor.graph.impl.ResponseTimeOverTimeGraphConsumer#stopProducing(): responseTimesOverTime produced 0 samples
2024-03-27 15:50:43,005 INFO o.a.j.r.p.AbstractSampleConsumer: class org.apache.jmeter.report.processor.graph.impl.ConnectTimeOverTimeGraphConsumer#stopProducing(): connectTimeOverTime produced 0 samples
2024-03-27 15:50:43,006 INFO o.a.j.r.p.AbstractSampleConsumer: class org.apache.jmeter.report.processor.graph.impl.LatencyOverTimeGraphConsumer#stopProducing(): latenciesOverTime produced 0 samples
2024-03-27 15:50:43,006 INFO o.a.j.r.p.AbstractSampleConsumer: class org.apache.jmeter.report.processor.FilterConsumer#stopProducing(): nameFilter produced 161130 samples
2024-03-27 15:50:43,006 INFO o.a.j.r.p.AbstractSampleConsumer: class org.apache.jmeter.report.processor.FilterConsumer#stopProducing(): dateRangeFilter produced 32226 samples
2024-03-27 15:50:43,006 INFO o.a.j.r.p.AbstractSampleConsumer: class org.apache.jmeter.report.processor.NormalizerSampleConsumer#stopProducing(): normalizer produced 10742 samples
2024-03-27 15:50:43,006 INFO o.a.j.r.p.CsvFileSampleSource: produce(): 10742 samples produced in 6s 0 ms on channel 0
2024-03-27 15:50:43,006 INFO o.a.j.r.d.ReportGenerator: Exporting data using exporter:'json' of className:'org.apache.jmeter.report.dashboard.JsonExporter'
2024-03-27 15:50:44,112 INFO o.a.j.r.d.JsonExporter: Found data for consumer statisticsSummary in context
2024-03-27 15:50:44,113 INFO o.a.j.r.d.JsonExporter: Creating statistics for overall
2024-03-27 15:50:44,113 INFO o.a.j.r.d.JsonExporter: Creating statistics for other transactions
2024-03-27 15:50:44,113 INFO o.a.j.r.d.JsonExporter: Checking output folder
2024-03-27 15:50:44,114 INFO o.a.j.r.d.JsonExporter: Writing statistics JSON to /report/report-PetStoreAPIScriptDynamicBuildNumber1.jmx-2024-03-27_154614/statistics.json
2024-03-27 15:50:44,306 INFO o.a.j.r.d.ReportGenerator: Exporting data using exporter:'html' of className:'org.apache.jmeter.report.dashboard.HtmlTemplateExporter'
2024-03-27 15:50:44,396 INFO o.a.j.r.d.HtmlTemplateExporter: Will generate dashboard in folder: /report/report-PetStoreAPIScriptDynamicBuildNumber1.jmx-2024-03-27_154614
2024-03-27 15:50:45,303 INFO o.a.j.r.d.HtmlTemplateExporter: Report will be generated in: /report/report-PetStoreAPIScriptDynamicBuildNumber1.jmx-2024-03-27_154614, creating folder structure
2024-03-27 15:50:45,306 INFO o.a.j.r.d.TemplateVisitor: Copying folder from '/opt/jmeter/apache-jmeter-5.4.1/bin/report-template' to '/report/report-PetStoreAPIScriptDynamicBuildNumber1.jmx-2024-03-27_154614', got message: /report/report-PetStoreAPIScriptDynamicBuildNumber1.jmx-2024-03-27_154614, found non empty folder with following content [/report/report-PetStoreAPIScriptDynamicBuildNumber1.jmx-2024-03-27_154614/statistics.json], will be ignored
2024-03-27 15:50:47,496 INFO o.a.j.JMeter: Dashboard generated
