2024-03-29 11:37:54,718 INFO o.a.j.u.JMeterUtils: Setting Locale to en_EN
2024-03-29 11:37:54,913 INFO o.a.j.JMeter: Loading user properties from: user.properties
2024-03-29 11:37:54,914 INFO o.a.j.JMeter: Loading system properties from: system.properties
2024-03-29 11:37:54,914 INFO o.a.j.JMeter: Setting System property: server.rmi.ssl.disable=true
2024-03-29 11:37:55,011 INFO o.a.j.JMeter: Copyright (c) 1998-2021 The Apache Software Foundation
2024-03-29 11:37:55,011 INFO o.a.j.JMeter: Version 5.4.1
2024-03-29 11:37:55,012 INFO o.a.j.JMeter: java.version=16.0.2
2024-03-29 11:37:55,012 INFO o.a.j.JMeter: java.vm.name=OpenJDK 64-Bit Server VM
2024-03-29 11:37:55,012 INFO o.a.j.JMeter: os.name=Linux
2024-03-29 11:37:55,012 INFO o.a.j.JMeter: os.arch=amd64
2024-03-29 11:37:55,012 INFO o.a.j.JMeter: os.version=6.5.0-1016-aws
2024-03-29 11:37:55,012 INFO o.a.j.JMeter: file.encoding=UTF-8
2024-03-29 11:37:55,012 INFO o.a.j.JMeter: java.awt.headless=null
2024-03-29 11:37:55,012 INFO o.a.j.JMeter: Max memory     =1073741824
2024-03-29 11:37:55,013 INFO o.a.j.JMeter: Available Processors =1
2024-03-29 11:37:55,023 INFO o.a.j.JMeter: Default Locale=English (EN)
2024-03-29 11:37:55,109 INFO o.a.j.JMeter: JMeter  Locale=English (EN)
2024-03-29 11:37:55,110 INFO o.a.j.JMeter: JMeterHome=/opt/jmeter/apache-jmeter-5.4.1
2024-03-29 11:37:55,110 INFO o.a.j.JMeter: user.dir  =/opt/jmeter/apache-jmeter-5.4.1/bin
2024-03-29 11:37:55,110 INFO o.a.j.JMeter: PWD       =/opt/jmeter/apache-jmeter-5.4.1/bin
2024-03-29 11:37:55,110 INFO o.a.j.JMeter: IP: 10.35.0.12 Name: jmeter-master03-29-17-06-43-wh4lv FullName: jmeter-master03-29-17-06-43-wh4lv
2024-03-29 11:37:55,114 INFO o.a.j.JMeter: Setting property 'jmeter.reportgenerator.outputdir' to:'/report/report-PetStoreAPIScriptDynamicBuildNumber1.jmx-2024-03-29_113651'
2024-03-29 11:37:55,117 INFO o.a.j.s.FileServer: Default base='/opt/jmeter/apache-jmeter-5.4.1/bin'
2024-03-29 11:37:55,118 INFO o.a.j.s.FileServer: Set new base='/opt/jmeter/apache-jmeter-5.4.1/bin'
2024-03-29 11:37:56,612 INFO o.a.j.s.SaveService: Testplan (JMX) version: 2.2. Testlog (JTL) version: 2.2
2024-03-29 11:37:56,820 INFO o.a.j.s.SaveService: Using SaveService properties version 5.0
2024-03-29 11:37:56,911 INFO o.a.j.s.SaveService: Using SaveService properties file encoding UTF-8
2024-03-29 11:37:56,914 INFO o.a.j.s.SaveService: Loading file: PetStoreAPIScriptDynamicBuildNumber1.jmx
2024-03-29 11:37:57,211 INFO o.a.j.p.h.c.CookieManager: Settings: Delete null: true Check: true Allow variable: true Save: false Prefix: COOKIE_
2024-03-29 11:37:57,313 INFO o.a.j.p.h.s.HTTPSamplerBase: Parser for text/html is org.apache.jmeter.protocol.http.parser.LagartoBasedHtmlParser
2024-03-29 11:37:57,313 INFO o.a.j.p.h.s.HTTPSamplerBase: Parser for application/xhtml+xml is org.apache.jmeter.protocol.http.parser.LagartoBasedHtmlParser
2024-03-29 11:37:57,313 INFO o.a.j.p.h.s.HTTPSamplerBase: Parser for application/xml is org.apache.jmeter.protocol.http.parser.LagartoBasedHtmlParser
2024-03-29 11:37:57,314 INFO o.a.j.p.h.s.HTTPSamplerBase: Parser for text/xml is org.apache.jmeter.protocol.http.parser.LagartoBasedHtmlParser
2024-03-29 11:37:57,314 INFO o.a.j.p.h.s.HTTPSamplerBase: Parser for text/vnd.wap.wml is org.apache.jmeter.protocol.http.parser.RegexpHTMLParser
2024-03-29 11:37:57,314 INFO o.a.j.p.h.s.HTTPSamplerBase: Parser for text/css is org.apache.jmeter.protocol.http.parser.CssParser
2024-03-29 11:37:57,717 INFO o.a.j.s.SampleResult: Note: Sample TimeStamps are START times
2024-03-29 11:37:57,717 INFO o.a.j.s.SampleResult: sampleresult.default.encoding is set to ISO-8859-1
2024-03-29 11:37:57,717 INFO o.a.j.s.SampleResult: sampleresult.useNanoTime=true
2024-03-29 11:37:57,717 INFO o.a.j.s.SampleResult: sampleresult.nanoThreadSleep=5000
2024-03-29 11:37:57,914 INFO o.a.j.JMeter: Creating summariser <summary>
2024-03-29 11:37:57,919 INFO o.a.j.r.d.ReportGenerator: ReportGenerator will use for Parsing the separator: ','
2024-03-29 11:37:57,919 INFO o.a.j.r.d.ReportGenerator: Will generate report at end of test from  results file: /report/PetStoreAPIScriptDynamicBuildNumber1.jmx_2024-03-29_113651.jtl
2024-03-29 11:37:57,919 INFO o.a.j.r.d.ReportGenerator: Reading report generator properties from: /opt/jmeter/apache-jmeter-5.4.1/bin/reportgenerator.properties
2024-03-29 11:37:58,010 INFO o.a.j.r.d.ReportGenerator: Merging with JMeter properties
2024-03-29 11:37:58,015 INFO o.a.j.r.c.ReportGeneratorConfiguration: Property 'jmeter.reportgenerator.temp_dir' not found, using default value 'temp' instead.
2024-03-29 11:37:58,018 INFO o.a.j.r.c.ReportGeneratorConfiguration: Property 'jmeter.reportgenerator.apdex_per_transaction' not found, using default value 'null' instead.
2024-03-29 11:37:58,019 INFO o.a.j.r.c.ReportGeneratorConfiguration: apdex_per_transaction is empty, not APDEX per transaction customization
2024-03-29 11:37:58,019 INFO o.a.j.r.c.ReportGeneratorConfiguration: Property 'jmeter.reportgenerator.sample_filter' not found, using default value 'null' instead.
2024-03-29 11:37:58,019 INFO o.a.j.r.c.ReportGeneratorConfiguration: Property 'jmeter.reportgenerator.report_title' not found, using default value 'null' instead.
2024-03-29 11:37:58,019 INFO o.a.j.r.c.ReportGeneratorConfiguration: Property 'jmeter.reportgenerator.start_date' not found, using default value 'null' instead.
2024-03-29 11:37:58,019 INFO o.a.j.r.c.ReportGeneratorConfiguration: Property 'jmeter.reportgenerator.end_date' not found, using default value 'null' instead.
2024-03-29 11:37:58,019 INFO o.a.j.r.c.ReportGeneratorConfiguration: Property 'jmeter.reportgenerator.date_format' not found, using default value 'null' instead.
2024-03-29 11:37:58,111 INFO o.a.j.r.c.ReportGeneratorConfiguration: Will use date range start date: null, end date: null
2024-03-29 11:37:58,116 INFO o.a.j.r.c.ReportGeneratorConfiguration: Property 'jmeter.reportgenerator.graph.totalTPS.exclude_controllers' not found, using default value 'false' instead.
2024-03-29 11:37:58,116 INFO o.a.j.r.c.ReportGeneratorConfiguration: Property 'jmeter.reportgenerator.graph.activeThreadsOverTime.exclude_controllers' not found, using default value 'false' instead.
2024-03-29 11:37:58,116 INFO o.a.j.r.c.ReportGeneratorConfiguration: Property 'jmeter.reportgenerator.graph.timeVsThreads.exclude_controllers' not found, using default value 'false' instead.
2024-03-29 11:37:58,117 INFO o.a.j.r.c.ReportGeneratorConfiguration: Property 'jmeter.reportgenerator.graph.responseTimeDistribution.exclude_controllers' not found, using default value 'false' instead.
2024-03-29 11:37:58,117 INFO o.a.j.r.c.ReportGeneratorConfiguration: Property 'jmeter.reportgenerator.graph.transactionsPerSecond.exclude_controllers' not found, using default value 'false' instead.
2024-03-29 11:37:58,117 INFO o.a.j.r.c.ReportGeneratorConfiguration: Property 'jmeter.reportgenerator.graph.responseTimePercentiles.exclude_controllers' not found, using default value 'false' instead.
2024-03-29 11:37:58,117 INFO o.a.j.r.c.ReportGeneratorConfiguration: Property 'jmeter.reportgenerator.graph.responseTimePercentilesOverTime.exclude_controllers' not found, using default value 'false' instead.
2024-03-29 11:37:58,117 INFO o.a.j.r.c.ReportGeneratorConfiguration: Property 'jmeter.reportgenerator.graph.responseTimesOverTime.exclude_controllers' not found, using default value 'false' instead.
2024-03-29 11:37:58,118 INFO o.a.j.r.c.ReportGeneratorConfiguration: Property 'jmeter.reportgenerator.graph.connectTimeOverTime.exclude_controllers' not found, using default value 'false' instead.
2024-03-29 11:37:58,118 INFO o.a.j.r.c.ReportGeneratorConfiguration: Property 'jmeter.reportgenerator.graph.latenciesOverTime.exclude_controllers' not found, using default value 'false' instead.
2024-03-29 11:37:58,119 INFO o.a.j.r.c.ReportGeneratorConfiguration: Property 'jmeter.reportgenerator.exporter.json.filters_only_sample_series' not found, using default value 'true' instead.
2024-03-29 11:37:58,119 INFO o.a.j.r.c.ReportGeneratorConfiguration: Property 'jmeter.reportgenerator.exporter.json.series_filter' not found, using default value '' instead.
2024-03-29 11:37:58,119 INFO o.a.j.r.c.ReportGeneratorConfiguration: Property 'jmeter.reportgenerator.exporter.json.show_controllers_only' not found, using default value 'false' instead.
2024-03-29 11:37:58,209 INFO o.a.j.r.c.ReportGeneratorConfiguration: Property 'jmeter.reportgenerator.exporter.html.filters_only_sample_series' not found, using default value 'true' instead.
2024-03-29 11:37:58,210 INFO o.a.j.r.c.ReportGeneratorConfiguration: Property 'jmeter.reportgenerator.exporter.html.series_filter' not found, using default value '' instead.
2024-03-29 11:37:58,210 INFO o.a.j.r.c.ReportGeneratorConfiguration: Property 'jmeter.reportgenerator.exporter.html.show_controllers_only' not found, using default value 'false' instead.
2024-03-29 11:37:58,213 INFO o.a.j.e.DistributedRunner: Configuring remote engine: 10.35.0.13
2024-03-29 11:37:58,215 INFO o.a.j.r.RmiUtils: Disabling SSL for RMI as server.rmi.ssl.disable is set to 'true'
2024-03-29 11:37:58,620 INFO o.a.j.e.DistributedRunner: Starting distributed test with remote engines: [10.35.0.13] @ Fri Mar 29 11:37:58 UTC 2024 (1711712278620)
2024-03-29 11:37:58,620 INFO o.a.j.e.ClientJMeterEngine: running clientengine run method
2024-03-29 11:37:58,625 INFO o.a.j.e.u.CompoundVariable: Note: Function class names must contain the string: '.functions.'
2024-03-29 11:37:58,625 INFO o.a.j.e.u.CompoundVariable: Note: Function class names must not contain the string: '.gui.'
2024-03-29 11:37:59,119 INFO o.a.j.r.RmiUtils: Disabling SSL for RMI as server.rmi.ssl.disable is set to 'true'
2024-03-29 11:37:59,119 INFO o.a.j.r.RmiUtils: Disabling SSL for RMI as server.rmi.ssl.disable is set to 'true'
2024-03-29 11:37:59,121 INFO o.a.j.s.SampleEvent: List of sample_variables: []
2024-03-29 11:37:59,214 INFO o.a.j.s.BatchSampleSender: Using batching (client settings) for this run. Thresholds: num=100, time=60000
2024-03-29 11:37:59,214 INFO o.a.j.s.DataStrippingSampleSender: Using DataStrippingSampleSender for this run
2024-03-29 11:37:59,215 INFO o.a.j.r.RmiUtils: Disabling SSL for RMI as server.rmi.ssl.disable is set to 'true'
2024-03-29 11:37:59,215 INFO o.a.j.r.RmiUtils: Disabling SSL for RMI as server.rmi.ssl.disable is set to 'true'
2024-03-29 11:38:03,715 INFO o.a.j.r.RmiUtils: Disabling SSL for RMI as server.rmi.ssl.disable is set to 'true'
2024-03-29 11:38:03,715 INFO o.a.j.r.RmiUtils: Disabling SSL for RMI as server.rmi.ssl.disable is set to 'true'
2024-03-29 11:38:03,716 INFO o.a.j.r.RmiUtils: Disabling SSL for RMI as server.rmi.ssl.disable is set to 'true'
2024-03-29 11:38:03,716 INFO o.a.j.r.RmiUtils: Disabling SSL for RMI as server.rmi.ssl.disable is set to 'true'
2024-03-29 11:38:03,717 INFO o.a.j.s.BatchSampleSender: Using batching (client settings) for this run. Thresholds: num=100, time=60000
2024-03-29 11:38:03,717 INFO o.a.j.s.DataStrippingSampleSender: Using DataStrippingSampleSender for this run
2024-03-29 11:38:03,717 INFO o.a.j.r.RmiUtils: Disabling SSL for RMI as server.rmi.ssl.disable is set to 'true'
2024-03-29 11:38:03,717 INFO o.a.j.r.RmiUtils: Disabling SSL for RMI as server.rmi.ssl.disable is set to 'true'
2024-03-29 11:38:03,717 INFO o.a.j.s.BatchSampleSender: Using batching (client settings) for this run. Thresholds: num=100, time=60000
2024-03-29 11:38:03,717 INFO o.a.j.s.DataStrippingSampleSender: Using DataStrippingSampleSender for this run
2024-03-29 11:38:03,717 INFO o.a.j.r.RmiUtils: Disabling SSL for RMI as server.rmi.ssl.disable is set to 'true'
2024-03-29 11:38:03,717 INFO o.a.j.r.RmiUtils: Disabling SSL for RMI as server.rmi.ssl.disable is set to 'true'
2024-03-29 11:38:03,718 INFO o.a.j.s.BatchSampleSender: Using batching (client settings) for this run. Thresholds: num=100, time=60000
2024-03-29 11:38:03,718 INFO o.a.j.s.DataStrippingSampleSender: Using DataStrippingSampleSender for this run
2024-03-29 11:38:03,718 INFO o.a.j.r.RmiUtils: Disabling SSL for RMI as server.rmi.ssl.disable is set to 'true'
2024-03-29 11:38:03,718 INFO o.a.j.r.RmiUtils: Disabling SSL for RMI as server.rmi.ssl.disable is set to 'true'
2024-03-29 11:38:03,718 INFO o.a.j.s.BatchSampleSender: Using batching (client settings) for this run. Thresholds: num=100, time=60000
2024-03-29 11:38:03,718 INFO o.a.j.s.DataStrippingSampleSender: Using DataStrippingSampleSender for this run
2024-03-29 11:38:03,718 INFO o.a.j.r.RmiUtils: Disabling SSL for RMI as server.rmi.ssl.disable is set to 'true'
2024-03-29 11:38:03,718 INFO o.a.j.r.RmiUtils: Disabling SSL for RMI as server.rmi.ssl.disable is set to 'true'
2024-03-29 11:38:03,719 INFO o.a.j.s.BatchSampleSender: Using batching (client settings) for this run. Thresholds: num=100, time=60000
2024-03-29 11:38:03,719 INFO o.a.j.s.DataStrippingSampleSender: Using DataStrippingSampleSender for this run
2024-03-29 11:38:04,741 INFO o.a.j.e.ClientJMeterEngine: sent test to 10.35.0.13 basedir='.'
2024-03-29 11:38:04,741 INFO o.a.j.e.ClientJMeterEngine: Sending properties {}
2024-03-29 11:38:04,744 INFO o.a.j.e.ClientJMeterEngine: sent run command to 10.35.0.13
2024-03-29 11:38:04,744 INFO o.a.j.e.DistributedRunner: Remote engines have been started:[10.35.0.13]
2024-03-29 11:38:05,545 INFO o.a.j.v.b.BackendListener: Backend Listener 1: Starting worker with class: class org.apache.jmeter.visualizers.backend.influxdb.InfluxdbBackendListenerClient and queue capacity: 5000
2024-03-29 11:38:05,546 INFO o.a.j.v.b.BackendListener: Backend Listener 1: Started  worker with class: class org.apache.jmeter.visualizers.backend.influxdb.InfluxdbBackendListenerClient
2024-03-29 11:38:07,217 INFO o.a.j.v.b.BackendListener: Backend Listener 2: Starting worker with class: class rocks.nt.apm.jmeter.JMeterInfluxDBBackendListenerClient and queue capacity: 5000
2024-03-29 11:38:07,217 INFO o.a.j.v.b.BackendListener: Backend Listener 2: Started  worker with class: class rocks.nt.apm.jmeter.JMeterInfluxDBBackendListenerClient
2024-03-29 11:38:08,222 INFO o.a.j.JMeter: Started remote host:  10.35.0.13 (1711712288222)
2024-03-29 11:38:31,314 INFO o.a.j.r.Summariser: summary +    703 in 00:00:23 =   30.4/s Avg:   278 Min:   188 Max:  4814 Err:   104 (14.79%) Active: 10 Started: 10 Finished: 0
2024-03-29 11:39:00,914 INFO o.a.j.r.Summariser: summary +   1401 in 00:00:30 =   47.3/s Avg:   209 Min:   188 Max:   285 Err:   195 (13.92%) Active: 10 Started: 10 Finished: 0
2024-03-29 11:39:00,915 INFO o.a.j.r.Summariser: summary =   2104 in 00:00:53 =   39.9/s Avg:   232 Min:   188 Max:  4814 Err:   299 (14.21%)
2024-03-29 11:39:31,324 INFO o.a.j.r.Summariser: summary +   1399 in 00:00:30 =   46.0/s Avg:   216 Min:   188 Max:  1574 Err:   205 (14.65%) Active: 10 Started: 10 Finished: 0
2024-03-29 11:39:31,325 INFO o.a.j.r.Summariser: summary =   3503 in 00:01:23 =   42.2/s Avg:   226 Min:   188 Max:  4814 Err:   504 (14.39%)
2024-03-29 11:40:00,146 INFO o.a.j.r.Summariser: summary +   1400 in 00:00:29 =   48.6/s Avg:   204 Min:   189 Max:   279 Err:   201 (14.36%) Active: 10 Started: 10 Finished: 0
2024-03-29 11:40:00,146 INFO o.a.j.r.Summariser: summary =   4903 in 00:01:52 =   43.8/s Avg:   220 Min:   188 Max:  4814 Err:   705 (14.38%)
2024-03-29 11:40:31,461 INFO o.a.j.r.Summariser: summary +   1478 in 00:00:31 =   47.2/s Avg:   211 Min:   188 Max:  1196 Err:   210 (14.21%) Active: 10 Started: 10 Finished: 0
2024-03-29 11:40:31,462 INFO o.a.j.r.Summariser: summary =   6381 in 00:02:23 =   44.5/s Avg:   218 Min:   188 Max:  4814 Err:   915 (14.34%)
2024-03-29 11:41:00,345 INFO o.a.j.r.Summariser: summary +   1399 in 00:00:29 =   48.4/s Avg:   205 Min:   188 Max:   283 Err:   217 (15.51%) Active: 10 Started: 10 Finished: 0
2024-03-29 11:41:00,345 INFO o.a.j.r.Summariser: summary =   7780 in 00:02:52 =   45.2/s Avg:   215 Min:   188 Max:  4814 Err:  1132 (14.55%)
2024-03-29 11:41:08,788 INFO o.a.j.v.b.BackendListener: Worker ended
2024-03-29 11:41:08,789 INFO o.a.j.v.b.i.InfluxdbBackendListenerClient: Sending last metrics to InfluxDB
2024-03-29 11:41:08,790 INFO o.a.j.v.b.i.HttpMetricsSender: Destroying 
2024-03-29 11:41:08,800 INFO o.a.j.v.b.BackendListener: Worker ended
2024-03-29 11:41:08,801 INFO r.n.a.j.JMeterInfluxDBBackendListenerClient: Shutting down influxDB scheduler...
2024-03-29 11:41:08,807 INFO r.n.a.j.JMeterInfluxDBBackendListenerClient: influxDB scheduler terminated!
2024-03-29 11:41:08,809 INFO o.a.j.r.Summariser: summary +    485 in 00:00:08 =   57.3/s Avg:   204 Min:   188 Max:   225 Err:    65 (13.40%) Active: 0 Started: 10 Finished: 10
2024-03-29 11:41:08,810 INFO o.a.j.r.Summariser: summary =   8265 in 00:03:01 =   45.8/s Avg:   215 Min:   188 Max:  4814 Err:  1197 (14.48%)
2024-03-29 11:41:08,810 INFO o.a.j.JMeter: Finished remote host: 10.35.0.13 (1711712468810)
2024-03-29 11:41:08,810 INFO o.a.j.JMeter: All remote engines have ended test, starting RemoteTestStopper thread
2024-03-29 11:41:08,812 INFO o.a.j.e.ClientJMeterEngine: about to exit remote server on 10.35.0.13
2024-03-29 11:41:14,050 INFO o.a.j.JMeter: Interrupting RMI Reaper
2024-03-29 11:41:14,050 INFO o.a.j.JMeter: Generating Dashboard
2024-03-29 11:41:14,050 INFO o.a.j.r.d.ReportGenerator: Flushing result collector before report Generation
2024-03-29 11:41:14,211 INFO o.a.j.r.p.NormalizerSampleConsumer: Using format, 'ms', to parse timeStamp field
2024-03-29 11:41:18,522 INFO o.a.j.r.p.AbstractSampleConsumer: class org.apache.jmeter.report.processor.AggregateConsumer#stopProducing(): beginDate produced 0 samples
2024-03-29 11:41:18,522 INFO o.a.j.r.p.AbstractSampleConsumer: class org.apache.jmeter.report.processor.AggregateConsumer#stopProducing(): endDate produced 0 samples
2024-03-29 11:41:18,610 INFO o.a.j.r.p.AbstractSampleConsumer: class org.apache.jmeter.report.processor.ApdexSummaryConsumer#stopProducing(): apdexSummary produced 0 samples
2024-03-29 11:41:18,610 INFO o.a.j.r.p.AbstractSampleConsumer: class org.apache.jmeter.report.processor.RequestsSummaryConsumer#stopProducing(): requestsSummary produced 0 samples
2024-03-29 11:41:18,612 INFO o.a.j.r.p.AbstractSampleConsumer: class org.apache.jmeter.report.processor.StatisticsSummaryConsumer#stopProducing(): statisticsSummary produced 0 samples
2024-03-29 11:41:18,617 INFO o.a.j.r.p.AbstractSampleConsumer: class org.apache.jmeter.report.processor.Top5ErrorsBySamplerConsumer#stopProducing(): top5ErrorsBySampler produced 0 samples
2024-03-29 11:41:18,617 INFO o.a.j.r.p.AbstractSampleConsumer: class org.apache.jmeter.report.processor.ErrorsSummaryConsumer#stopProducing(): errorsSummary produced 0 samples
2024-03-29 11:41:18,617 INFO o.a.j.r.p.AbstractSampleConsumer: class org.apache.jmeter.report.processor.graph.impl.HitsPerSecondGraphConsumer#stopProducing(): hitsPerSecond produced 0 samples
2024-03-29 11:41:19,610 INFO o.a.j.r.p.AbstractSampleConsumer: class org.apache.jmeter.report.processor.graph.impl.LatencyVSRequestGraphConsumer#stopProducing(): latencyVsRequest produced 0 samples
2024-03-29 11:41:19,611 INFO o.a.j.r.p.AbstractSampleConsumer: class org.apache.jmeter.report.processor.graph.impl.SyntheticResponseTimeDistributionGraphConsumer#stopProducing(): syntheticResponseTimeDistribution produced 0 samples
2024-03-29 11:41:19,611 INFO o.a.j.r.p.AbstractSampleConsumer: class org.apache.jmeter.report.processor.graph.impl.BytesThroughputGraphConsumer#stopProducing(): bytesThroughputOverTime produced 0 samples
2024-03-29 11:41:19,611 INFO o.a.j.r.p.AbstractSampleConsumer: class org.apache.jmeter.report.processor.graph.impl.CodesPerSecondGraphConsumer#stopProducing(): codesPerSecond produced 0 samples
2024-03-29 11:41:20,312 INFO o.a.j.r.p.AbstractSampleConsumer: class org.apache.jmeter.report.processor.graph.impl.ResponseTimeVSRequestGraphConsumer#stopProducing(): responseTimeVsRequest produced 0 samples
2024-03-29 11:41:20,313 INFO o.a.j.r.p.AbstractSampleConsumer: class org.apache.jmeter.report.processor.FilterConsumer#stopProducing(): startIntervalControlerFilter produced 57855 samples
2024-03-29 11:41:20,313 INFO o.a.j.r.p.AbstractSampleConsumer: class org.apache.jmeter.report.processor.graph.impl.TotalTPSGraphConsumer#stopProducing(): totalTPS produced 0 samples
2024-03-29 11:41:20,313 INFO o.a.j.r.p.AbstractSampleConsumer: class org.apache.jmeter.report.processor.graph.impl.ActiveThreadsGraphConsumer#stopProducing(): activeThreadsOverTime produced 0 samples
2024-03-29 11:41:20,313 INFO o.a.j.r.p.AbstractSampleConsumer: class org.apache.jmeter.report.processor.graph.impl.TimeVSThreadGraphConsumer#stopProducing(): timeVsThreads produced 0 samples
2024-03-29 11:41:20,314 INFO o.a.j.r.p.AbstractSampleConsumer: class org.apache.jmeter.report.processor.graph.impl.ResponseTimeDistributionGraphConsumer#stopProducing(): responseTimeDistribution produced 0 samples
2024-03-29 11:41:20,314 INFO o.a.j.r.p.AbstractSampleConsumer: class org.apache.jmeter.report.processor.graph.impl.TransactionsPerSecondGraphConsumer#stopProducing(): transactionsPerSecond produced 0 samples
2024-03-29 11:41:20,314 INFO o.a.j.r.p.AbstractSampleConsumer: class org.apache.jmeter.report.processor.graph.impl.ResponseTimePercentilesGraphConsumer#stopProducing(): responseTimePercentiles produced 0 samples
2024-03-29 11:41:20,413 INFO o.a.j.r.p.AbstractSampleConsumer: class org.apache.jmeter.report.processor.graph.impl.ResponseTimePercentilesOverTimeGraphConsumer#stopProducing(): responseTimePercentilesOverTime produced 0 samples
2024-03-29 11:41:20,414 INFO o.a.j.r.p.AbstractSampleConsumer: class org.apache.jmeter.report.processor.graph.impl.ResponseTimeOverTimeGraphConsumer#stopProducing(): responseTimesOverTime produced 0 samples
2024-03-29 11:41:20,414 INFO o.a.j.r.p.AbstractSampleConsumer: class org.apache.jmeter.report.processor.graph.impl.ConnectTimeOverTimeGraphConsumer#stopProducing(): connectTimeOverTime produced 0 samples
2024-03-29 11:41:20,414 INFO o.a.j.r.p.AbstractSampleConsumer: class org.apache.jmeter.report.processor.graph.impl.LatencyOverTimeGraphConsumer#stopProducing(): latenciesOverTime produced 0 samples
2024-03-29 11:41:20,415 INFO o.a.j.r.p.AbstractSampleConsumer: class org.apache.jmeter.report.processor.FilterConsumer#stopProducing(): nameFilter produced 159405 samples
2024-03-29 11:41:20,415 INFO o.a.j.r.p.AbstractSampleConsumer: class org.apache.jmeter.report.processor.FilterConsumer#stopProducing(): dateRangeFilter produced 31881 samples
2024-03-29 11:41:20,415 INFO o.a.j.r.p.AbstractSampleConsumer: class org.apache.jmeter.report.processor.NormalizerSampleConsumer#stopProducing(): normalizer produced 10627 samples
2024-03-29 11:41:20,415 INFO o.a.j.r.p.CsvFileSampleSource: produce(): 10627 samples produced in 6s 105 ms on channel 0
2024-03-29 11:41:20,415 INFO o.a.j.r.d.ReportGenerator: Exporting data using exporter:'json' of className:'org.apache.jmeter.report.dashboard.JsonExporter'
2024-03-29 11:41:21,316 INFO o.a.j.r.d.JsonExporter: Found data for consumer statisticsSummary in context
2024-03-29 11:41:21,317 INFO o.a.j.r.d.JsonExporter: Creating statistics for overall
2024-03-29 11:41:21,317 INFO o.a.j.r.d.JsonExporter: Creating statistics for other transactions
2024-03-29 11:41:21,318 INFO o.a.j.r.d.JsonExporter: Checking output folder
2024-03-29 11:41:21,318 INFO o.a.j.r.d.JsonExporter: Writing statistics JSON to /report/report-PetStoreAPIScriptDynamicBuildNumber1.jmx-2024-03-29_113651/statistics.json
2024-03-29 11:41:21,714 INFO o.a.j.r.d.ReportGenerator: Exporting data using exporter:'html' of className:'org.apache.jmeter.report.dashboard.HtmlTemplateExporter'
2024-03-29 11:41:21,810 INFO o.a.j.r.d.HtmlTemplateExporter: Will generate dashboard in folder: /report/report-PetStoreAPIScriptDynamicBuildNumber1.jmx-2024-03-29_113651
2024-03-29 11:41:22,614 INFO o.a.j.r.d.HtmlTemplateExporter: Report will be generated in: /report/report-PetStoreAPIScriptDynamicBuildNumber1.jmx-2024-03-29_113651, creating folder structure
2024-03-29 11:41:22,617 INFO o.a.j.r.d.TemplateVisitor: Copying folder from '/opt/jmeter/apache-jmeter-5.4.1/bin/report-template' to '/report/report-PetStoreAPIScriptDynamicBuildNumber1.jmx-2024-03-29_113651', got message: /report/report-PetStoreAPIScriptDynamicBuildNumber1.jmx-2024-03-29_113651, found non empty folder with following content [/report/report-PetStoreAPIScriptDynamicBuildNumber1.jmx-2024-03-29_113651/statistics.json], will be ignored
2024-03-29 11:41:24,314 INFO o.a.j.JMeter: Dashboard generated
