2024-04-03 08:47:40,253 INFO o.a.j.u.JMeterUtils: Setting Locale to en_EN
2024-04-03 08:47:40,543 INFO o.a.j.JMeter: Loading user properties from: user.properties
2024-04-03 08:47:40,543 INFO o.a.j.JMeter: Loading system properties from: system.properties
2024-04-03 08:47:40,543 INFO o.a.j.JMeter: Setting System property: server.rmi.ssl.disable=true
2024-04-03 08:47:40,550 INFO o.a.j.JMeter: Copyright (c) 1998-2021 The Apache Software Foundation
2024-04-03 08:47:40,550 INFO o.a.j.JMeter: Version 5.4.1
2024-04-03 08:47:40,550 INFO o.a.j.JMeter: java.version=16.0.2
2024-04-03 08:47:40,550 INFO o.a.j.JMeter: java.vm.name=OpenJDK 64-Bit Server VM
2024-04-03 08:47:40,550 INFO o.a.j.JMeter: os.name=Linux
2024-04-03 08:47:40,550 INFO o.a.j.JMeter: os.arch=amd64
2024-04-03 08:47:40,550 INFO o.a.j.JMeter: os.version=6.5.0-1016-aws
2024-04-03 08:47:40,550 INFO o.a.j.JMeter: file.encoding=UTF-8
2024-04-03 08:47:40,551 INFO o.a.j.JMeter: java.awt.headless=null
2024-04-03 08:47:40,551 INFO o.a.j.JMeter: Max memory     =1073741824
2024-04-03 08:47:40,551 INFO o.a.j.JMeter: Available Processors =1
2024-04-03 08:47:40,745 INFO o.a.j.JMeter: Default Locale=English (EN)
2024-04-03 08:47:40,746 INFO o.a.j.JMeter: JMeter  Locale=English (EN)
2024-04-03 08:47:40,746 INFO o.a.j.JMeter: JMeterHome=/opt/jmeter/apache-jmeter-5.4.1
2024-04-03 08:47:40,746 INFO o.a.j.JMeter: user.dir  =/opt/jmeter/apache-jmeter-5.4.1/bin
2024-04-03 08:47:40,746 INFO o.a.j.JMeter: PWD       =/opt/jmeter/apache-jmeter-5.4.1/bin
2024-04-03 08:47:40,747 INFO o.a.j.JMeter: IP: 10.35.0.14 Name: jmeter-master04-03-14-16-29-rlkk7 FullName: jmeter-master04-03-14-16-29-rlkk7
2024-04-03 08:47:40,750 INFO o.a.j.JMeter: Setting property 'jmeter.reportgenerator.outputdir' to:'/report/report-PetStoreAPIScriptDynamicBuildNumber1.jmx-2024-04-03_084636'
2024-04-03 08:47:40,753 INFO o.a.j.s.FileServer: Default base='/opt/jmeter/apache-jmeter-5.4.1/bin'
2024-04-03 08:47:40,753 INFO o.a.j.s.FileServer: Set new base='/opt/jmeter/apache-jmeter-5.4.1/bin'
2024-04-03 08:47:42,246 INFO o.a.j.s.SaveService: Testplan (JMX) version: 2.2. Testlog (JTL) version: 2.2
2024-04-03 08:47:42,451 INFO o.a.j.s.SaveService: Using SaveService properties version 5.0
2024-04-03 08:47:42,454 INFO o.a.j.s.SaveService: Using SaveService properties file encoding UTF-8
2024-04-03 08:47:42,545 INFO o.a.j.s.SaveService: Loading file: PetStoreAPIScriptDynamicBuildNumber1.jmx
2024-04-03 08:47:42,851 INFO o.a.j.p.h.c.CookieManager: Settings: Delete null: true Check: true Allow variable: true Save: false Prefix: COOKIE_
2024-04-03 08:47:42,952 INFO o.a.j.p.h.s.HTTPSamplerBase: Parser for text/html is org.apache.jmeter.protocol.http.parser.LagartoBasedHtmlParser
2024-04-03 08:47:42,952 INFO o.a.j.p.h.s.HTTPSamplerBase: Parser for application/xhtml+xml is org.apache.jmeter.protocol.http.parser.LagartoBasedHtmlParser
2024-04-03 08:47:42,952 INFO o.a.j.p.h.s.HTTPSamplerBase: Parser for application/xml is org.apache.jmeter.protocol.http.parser.LagartoBasedHtmlParser
2024-04-03 08:47:42,952 INFO o.a.j.p.h.s.HTTPSamplerBase: Parser for text/xml is org.apache.jmeter.protocol.http.parser.LagartoBasedHtmlParser
2024-04-03 08:47:42,953 INFO o.a.j.p.h.s.HTTPSamplerBase: Parser for text/vnd.wap.wml is org.apache.jmeter.protocol.http.parser.RegexpHTMLParser
2024-04-03 08:47:42,953 INFO o.a.j.p.h.s.HTTPSamplerBase: Parser for text/css is org.apache.jmeter.protocol.http.parser.CssParser
2024-04-03 08:47:43,347 INFO o.a.j.s.SampleResult: Note: Sample TimeStamps are START times
2024-04-03 08:47:43,348 INFO o.a.j.s.SampleResult: sampleresult.default.encoding is set to ISO-8859-1
2024-04-03 08:47:43,348 INFO o.a.j.s.SampleResult: sampleresult.useNanoTime=true
2024-04-03 08:47:43,348 INFO o.a.j.s.SampleResult: sampleresult.nanoThreadSleep=5000
2024-04-03 08:47:43,454 INFO o.a.j.JMeter: Creating summariser <summary>
2024-04-03 08:47:43,546 INFO o.a.j.r.d.ReportGenerator: ReportGenerator will use for Parsing the separator: ','
2024-04-03 08:47:43,546 INFO o.a.j.r.d.ReportGenerator: Will generate report at end of test from  results file: /report/PetStoreAPIScriptDynamicBuildNumber1.jmx_2024-04-03_084636.jtl
2024-04-03 08:47:43,546 INFO o.a.j.r.d.ReportGenerator: Reading report generator properties from: /opt/jmeter/apache-jmeter-5.4.1/bin/reportgenerator.properties
2024-04-03 08:47:43,547 INFO o.a.j.r.d.ReportGenerator: Merging with JMeter properties
2024-04-03 08:47:43,630 INFO o.a.j.r.c.ReportGeneratorConfiguration: Property 'jmeter.reportgenerator.temp_dir' not found, using default value 'temp' instead.
2024-04-03 08:47:43,645 INFO o.a.j.r.c.ReportGeneratorConfiguration: Property 'jmeter.reportgenerator.apdex_per_transaction' not found, using default value 'null' instead.
2024-04-03 08:47:43,645 INFO o.a.j.r.c.ReportGeneratorConfiguration: apdex_per_transaction is empty, not APDEX per transaction customization
2024-04-03 08:47:43,645 INFO o.a.j.r.c.ReportGeneratorConfiguration: Property 'jmeter.reportgenerator.sample_filter' not found, using default value 'null' instead.
2024-04-03 08:47:43,645 INFO o.a.j.r.c.ReportGeneratorConfiguration: Property 'jmeter.reportgenerator.report_title' not found, using default value 'null' instead.
2024-04-03 08:47:43,645 INFO o.a.j.r.c.ReportGeneratorConfiguration: Property 'jmeter.reportgenerator.start_date' not found, using default value 'null' instead.
2024-04-03 08:47:43,645 INFO o.a.j.r.c.ReportGeneratorConfiguration: Property 'jmeter.reportgenerator.end_date' not found, using default value 'null' instead.
2024-04-03 08:47:43,645 INFO o.a.j.r.c.ReportGeneratorConfiguration: Property 'jmeter.reportgenerator.date_format' not found, using default value 'null' instead.
2024-04-03 08:47:43,646 INFO o.a.j.r.c.ReportGeneratorConfiguration: Will use date range start date: null, end date: null
2024-04-03 08:47:43,650 INFO o.a.j.r.c.ReportGeneratorConfiguration: Property 'jmeter.reportgenerator.graph.totalTPS.exclude_controllers' not found, using default value 'false' instead.
2024-04-03 08:47:43,650 INFO o.a.j.r.c.ReportGeneratorConfiguration: Property 'jmeter.reportgenerator.graph.activeThreadsOverTime.exclude_controllers' not found, using default value 'false' instead.
2024-04-03 08:47:43,651 INFO o.a.j.r.c.ReportGeneratorConfiguration: Property 'jmeter.reportgenerator.graph.timeVsThreads.exclude_controllers' not found, using default value 'false' instead.
2024-04-03 08:47:43,651 INFO o.a.j.r.c.ReportGeneratorConfiguration: Property 'jmeter.reportgenerator.graph.responseTimeDistribution.exclude_controllers' not found, using default value 'false' instead.
2024-04-03 08:47:43,651 INFO o.a.j.r.c.ReportGeneratorConfiguration: Property 'jmeter.reportgenerator.graph.transactionsPerSecond.exclude_controllers' not found, using default value 'false' instead.
2024-04-03 08:47:43,651 INFO o.a.j.r.c.ReportGeneratorConfiguration: Property 'jmeter.reportgenerator.graph.responseTimePercentiles.exclude_controllers' not found, using default value 'false' instead.
2024-04-03 08:47:43,651 INFO o.a.j.r.c.ReportGeneratorConfiguration: Property 'jmeter.reportgenerator.graph.responseTimePercentilesOverTime.exclude_controllers' not found, using default value 'false' instead.
2024-04-03 08:47:43,652 INFO o.a.j.r.c.ReportGeneratorConfiguration: Property 'jmeter.reportgenerator.graph.responseTimesOverTime.exclude_controllers' not found, using default value 'false' instead.
2024-04-03 08:47:43,730 INFO o.a.j.r.c.ReportGeneratorConfiguration: Property 'jmeter.reportgenerator.graph.connectTimeOverTime.exclude_controllers' not found, using default value 'false' instead.
2024-04-03 08:47:43,730 INFO o.a.j.r.c.ReportGeneratorConfiguration: Property 'jmeter.reportgenerator.graph.latenciesOverTime.exclude_controllers' not found, using default value 'false' instead.
2024-04-03 08:47:43,743 INFO o.a.j.r.c.ReportGeneratorConfiguration: Property 'jmeter.reportgenerator.exporter.json.filters_only_sample_series' not found, using default value 'true' instead.
2024-04-03 08:47:43,743 INFO o.a.j.r.c.ReportGeneratorConfiguration: Property 'jmeter.reportgenerator.exporter.json.series_filter' not found, using default value '' instead.
2024-04-03 08:47:43,743 INFO o.a.j.r.c.ReportGeneratorConfiguration: Property 'jmeter.reportgenerator.exporter.json.show_controllers_only' not found, using default value 'false' instead.
2024-04-03 08:47:43,743 INFO o.a.j.r.c.ReportGeneratorConfiguration: Property 'jmeter.reportgenerator.exporter.html.filters_only_sample_series' not found, using default value 'true' instead.
2024-04-03 08:47:43,744 INFO o.a.j.r.c.ReportGeneratorConfiguration: Property 'jmeter.reportgenerator.exporter.html.series_filter' not found, using default value '' instead.
2024-04-03 08:47:43,744 INFO o.a.j.r.c.ReportGeneratorConfiguration: Property 'jmeter.reportgenerator.exporter.html.show_controllers_only' not found, using default value 'false' instead.
2024-04-03 08:47:43,746 INFO o.a.j.e.DistributedRunner: Configuring remote engine: 10.35.0.15
2024-04-03 08:47:43,748 INFO o.a.j.r.RmiUtils: Disabling SSL for RMI as server.rmi.ssl.disable is set to 'true'
2024-04-03 08:47:44,160 INFO o.a.j.e.DistributedRunner: Starting distributed test with remote engines: [10.35.0.15] @ Wed Apr 03 08:47:44 UTC 2024 (1712134064160)
2024-04-03 08:47:44,160 INFO o.a.j.e.ClientJMeterEngine: running clientengine run method
2024-04-03 08:47:44,165 INFO o.a.j.e.u.CompoundVariable: Note: Function class names must contain the string: '.functions.'
2024-04-03 08:47:44,165 INFO o.a.j.e.u.CompoundVariable: Note: Function class names must not contain the string: '.gui.'
2024-04-03 08:47:44,645 INFO o.a.j.r.RmiUtils: Disabling SSL for RMI as server.rmi.ssl.disable is set to 'true'
2024-04-03 08:47:44,645 INFO o.a.j.r.RmiUtils: Disabling SSL for RMI as server.rmi.ssl.disable is set to 'true'
2024-04-03 08:47:44,648 INFO o.a.j.s.SampleEvent: List of sample_variables: []
2024-04-03 08:47:44,744 INFO o.a.j.s.BatchSampleSender: Using batching (client settings) for this run. Thresholds: num=100, time=60000
2024-04-03 08:47:44,745 INFO o.a.j.s.DataStrippingSampleSender: Using DataStrippingSampleSender for this run
2024-04-03 08:47:44,746 INFO o.a.j.r.RmiUtils: Disabling SSL for RMI as server.rmi.ssl.disable is set to 'true'
2024-04-03 08:47:44,746 INFO o.a.j.r.RmiUtils: Disabling SSL for RMI as server.rmi.ssl.disable is set to 'true'
2024-04-03 08:47:48,656 INFO o.a.j.r.RmiUtils: Disabling SSL for RMI as server.rmi.ssl.disable is set to 'true'
2024-04-03 08:47:48,657 INFO o.a.j.r.RmiUtils: Disabling SSL for RMI as server.rmi.ssl.disable is set to 'true'
2024-04-03 08:47:48,657 INFO o.a.j.r.RmiUtils: Disabling SSL for RMI as server.rmi.ssl.disable is set to 'true'
2024-04-03 08:47:48,658 INFO o.a.j.r.RmiUtils: Disabling SSL for RMI as server.rmi.ssl.disable is set to 'true'
2024-04-03 08:47:48,658 INFO o.a.j.s.BatchSampleSender: Using batching (client settings) for this run. Thresholds: num=100, time=60000
2024-04-03 08:47:48,658 INFO o.a.j.s.DataStrippingSampleSender: Using DataStrippingSampleSender for this run
2024-04-03 08:47:48,658 INFO o.a.j.r.RmiUtils: Disabling SSL for RMI as server.rmi.ssl.disable is set to 'true'
2024-04-03 08:47:48,658 INFO o.a.j.r.RmiUtils: Disabling SSL for RMI as server.rmi.ssl.disable is set to 'true'
2024-04-03 08:47:48,658 INFO o.a.j.s.BatchSampleSender: Using batching (client settings) for this run. Thresholds: num=100, time=60000
2024-04-03 08:47:48,658 INFO o.a.j.s.DataStrippingSampleSender: Using DataStrippingSampleSender for this run
2024-04-03 08:47:48,659 INFO o.a.j.r.RmiUtils: Disabling SSL for RMI as server.rmi.ssl.disable is set to 'true'
2024-04-03 08:47:48,659 INFO o.a.j.r.RmiUtils: Disabling SSL for RMI as server.rmi.ssl.disable is set to 'true'
2024-04-03 08:47:48,659 INFO o.a.j.s.BatchSampleSender: Using batching (client settings) for this run. Thresholds: num=100, time=60000
2024-04-03 08:47:48,659 INFO o.a.j.s.DataStrippingSampleSender: Using DataStrippingSampleSender for this run
2024-04-03 08:47:48,659 INFO o.a.j.r.RmiUtils: Disabling SSL for RMI as server.rmi.ssl.disable is set to 'true'
2024-04-03 08:47:48,659 INFO o.a.j.r.RmiUtils: Disabling SSL for RMI as server.rmi.ssl.disable is set to 'true'
2024-04-03 08:47:48,660 INFO o.a.j.s.BatchSampleSender: Using batching (client settings) for this run. Thresholds: num=100, time=60000
2024-04-03 08:47:48,660 INFO o.a.j.s.DataStrippingSampleSender: Using DataStrippingSampleSender for this run
2024-04-03 08:47:48,660 INFO o.a.j.r.RmiUtils: Disabling SSL for RMI as server.rmi.ssl.disable is set to 'true'
2024-04-03 08:47:48,660 INFO o.a.j.r.RmiUtils: Disabling SSL for RMI as server.rmi.ssl.disable is set to 'true'
2024-04-03 08:47:48,660 INFO o.a.j.s.BatchSampleSender: Using batching (client settings) for this run. Thresholds: num=100, time=60000
2024-04-03 08:47:48,660 INFO o.a.j.s.DataStrippingSampleSender: Using DataStrippingSampleSender for this run
2024-04-03 08:47:49,627 INFO o.a.j.e.ClientJMeterEngine: sent test to 10.35.0.15 basedir='.'
2024-04-03 08:47:49,627 INFO o.a.j.e.ClientJMeterEngine: Sending properties {}
2024-04-03 08:47:49,630 INFO o.a.j.e.ClientJMeterEngine: sent run command to 10.35.0.15
2024-04-03 08:47:49,630 INFO o.a.j.e.DistributedRunner: Remote engines have been started:[10.35.0.15]
2024-04-03 08:47:50,248 INFO o.a.j.v.b.BackendListener: Backend Listener 1: Starting worker with class: class org.apache.jmeter.visualizers.backend.influxdb.InfluxdbBackendListenerClient and queue capacity: 5000
2024-04-03 08:47:50,250 INFO o.a.j.v.b.BackendListener: Backend Listener 1: Started  worker with class: class org.apache.jmeter.visualizers.backend.influxdb.InfluxdbBackendListenerClient
2024-04-03 08:47:51,946 INFO o.a.j.v.b.BackendListener: Backend Listener 2: Starting worker with class: class rocks.nt.apm.jmeter.JMeterInfluxDBBackendListenerClient and queue capacity: 5000
2024-04-03 08:47:51,946 INFO o.a.j.v.b.BackendListener: Backend Listener 2: Started  worker with class: class rocks.nt.apm.jmeter.JMeterInfluxDBBackendListenerClient
2024-04-03 08:47:52,934 INFO o.a.j.JMeter: Started remote host:  10.35.0.15 (1712134072934)
2024-04-03 08:48:00,049 INFO o.a.j.r.Summariser: summary +      2 in 00:00:07 =    0.3/s Avg:  3765 Min:  3765 Max:  3766 Err:     0 (0.00%) Active: 10 Started: 10 Finished: 0
2024-04-03 08:48:30,844 INFO o.a.j.r.Summariser: summary +   1478 in 00:00:31 =   48.0/s Avg:   226 Min:   189 Max:  3871 Err:   196 (13.26%) Active: 10 Started: 10 Finished: 0
2024-04-03 08:48:30,845 INFO o.a.j.r.Summariser: summary =   1480 in 00:00:38 =   39.0/s Avg:   231 Min:   189 Max:  3871 Err:   196 (13.24%)
2024-04-03 08:49:00,583 INFO o.a.j.r.Summariser: summary +   1400 in 00:00:30 =   47.1/s Avg:   211 Min:   189 Max:  1053 Err:   202 (14.43%) Active: 10 Started: 10 Finished: 0
2024-04-03 08:49:00,642 INFO o.a.j.r.Summariser: summary =   2880 in 00:01:08 =   42.6/s Avg:   221 Min:   189 Max:  3871 Err:   398 (13.82%)
2024-04-03 08:49:31,268 INFO o.a.j.r.Summariser: summary +   1477 in 00:00:31 =   48.1/s Avg:   206 Min:   190 Max:   258 Err:   216 (14.62%) Active: 10 Started: 10 Finished: 0
2024-04-03 08:49:31,270 INFO o.a.j.r.Summariser: summary =   4357 in 00:01:38 =   44.3/s Avg:   216 Min:   189 Max:  3871 Err:   614 (14.09%)
2024-04-03 08:50:01,246 INFO o.a.j.r.Summariser: summary +   1401 in 00:00:30 =   46.7/s Avg:   213 Min:   190 Max:  1360 Err:   193 (13.78%) Active: 10 Started: 10 Finished: 0
2024-04-03 08:50:01,246 INFO o.a.j.r.Summariser: summary =   5758 in 00:02:08 =   44.9/s Avg:   215 Min:   189 Max:  3871 Err:   807 (14.02%)
2024-04-03 08:50:31,509 INFO o.a.j.r.Summariser: summary +   1478 in 00:00:30 =   48.8/s Avg:   204 Min:   190 Max:   253 Err:   192 (12.99%) Active: 10 Started: 10 Finished: 0
2024-04-03 08:50:31,509 INFO o.a.j.r.Summariser: summary =   7236 in 00:02:39 =   45.6/s Avg:   213 Min:   189 Max:  3871 Err:   999 (13.81%)
2024-04-03 08:50:53,469 INFO o.a.j.v.b.BackendListener: Worker ended
2024-04-03 08:50:53,470 INFO o.a.j.v.b.i.InfluxdbBackendListenerClient: Sending last metrics to InfluxDB
2024-04-03 08:50:53,472 INFO o.a.j.v.b.i.HttpMetricsSender: Destroying 
2024-04-03 08:50:53,490 INFO o.a.j.v.b.BackendListener: Worker ended
2024-04-03 08:50:53,491 INFO r.n.a.j.JMeterInfluxDBBackendListenerClient: Shutting down influxDB scheduler...
2024-04-03 08:50:53,542 INFO r.n.a.j.JMeterInfluxDBBackendListenerClient: influxDB scheduler terminated!
2024-04-03 08:50:53,547 INFO o.a.j.r.Summariser: summary +   1145 in 00:00:22 =   52.0/s Avg:   204 Min:   190 Max:   275 Err:   176 (15.37%) Active: 0 Started: 10 Finished: 10
2024-04-03 08:50:53,547 INFO o.a.j.r.Summariser: summary =   8381 in 00:03:01 =   46.4/s Avg:   212 Min:   189 Max:  3871 Err:  1175 (14.02%)
2024-04-03 08:50:53,547 INFO o.a.j.JMeter: Finished remote host: 10.35.0.15 (1712134253547)
2024-04-03 08:50:53,547 INFO o.a.j.JMeter: All remote engines have ended test, starting RemoteTestStopper thread
2024-04-03 08:50:53,549 INFO o.a.j.e.ClientJMeterEngine: about to exit remote server on 10.35.0.15
2024-04-03 08:50:58,740 INFO o.a.j.JMeter: Interrupting RMI Reaper
2024-04-03 08:50:58,740 INFO o.a.j.JMeter: Generating Dashboard
2024-04-03 08:50:58,740 INFO o.a.j.r.d.ReportGenerator: Flushing result collector before report Generation
2024-04-03 08:50:58,852 INFO o.a.j.r.p.NormalizerSampleConsumer: Using format, 'ms', to parse timeStamp field
2024-04-03 08:51:02,858 INFO o.a.j.r.p.AbstractSampleConsumer: class org.apache.jmeter.report.processor.AggregateConsumer#stopProducing(): beginDate produced 0 samples
2024-04-03 08:51:02,858 INFO o.a.j.r.p.AbstractSampleConsumer: class org.apache.jmeter.report.processor.AggregateConsumer#stopProducing(): endDate produced 0 samples
2024-04-03 08:51:02,943 INFO o.a.j.r.p.AbstractSampleConsumer: class org.apache.jmeter.report.processor.ApdexSummaryConsumer#stopProducing(): apdexSummary produced 0 samples
2024-04-03 08:51:02,944 INFO o.a.j.r.p.AbstractSampleConsumer: class org.apache.jmeter.report.processor.RequestsSummaryConsumer#stopProducing(): requestsSummary produced 0 samples
2024-04-03 08:51:02,945 INFO o.a.j.r.p.AbstractSampleConsumer: class org.apache.jmeter.report.processor.StatisticsSummaryConsumer#stopProducing(): statisticsSummary produced 0 samples
2024-04-03 08:51:02,950 INFO o.a.j.r.p.AbstractSampleConsumer: class org.apache.jmeter.report.processor.Top5ErrorsBySamplerConsumer#stopProducing(): top5ErrorsBySampler produced 0 samples
2024-04-03 08:51:02,950 INFO o.a.j.r.p.AbstractSampleConsumer: class org.apache.jmeter.report.processor.ErrorsSummaryConsumer#stopProducing(): errorsSummary produced 0 samples
2024-04-03 08:51:02,950 INFO o.a.j.r.p.AbstractSampleConsumer: class org.apache.jmeter.report.processor.graph.impl.HitsPerSecondGraphConsumer#stopProducing(): hitsPerSecond produced 0 samples
2024-04-03 08:51:03,843 INFO o.a.j.r.p.AbstractSampleConsumer: class org.apache.jmeter.report.processor.graph.impl.LatencyVSRequestGraphConsumer#stopProducing(): latencyVsRequest produced 0 samples
2024-04-03 08:51:03,843 INFO o.a.j.r.p.AbstractSampleConsumer: class org.apache.jmeter.report.processor.graph.impl.SyntheticResponseTimeDistributionGraphConsumer#stopProducing(): syntheticResponseTimeDistribution produced 0 samples
2024-04-03 08:51:03,844 INFO o.a.j.r.p.AbstractSampleConsumer: class org.apache.jmeter.report.processor.graph.impl.BytesThroughputGraphConsumer#stopProducing(): bytesThroughputOverTime produced 0 samples
2024-04-03 08:51:03,844 INFO o.a.j.r.p.AbstractSampleConsumer: class org.apache.jmeter.report.processor.graph.impl.CodesPerSecondGraphConsumer#stopProducing(): codesPerSecond produced 0 samples
2024-04-03 08:51:04,349 INFO o.a.j.r.p.AbstractSampleConsumer: class org.apache.jmeter.report.processor.graph.impl.ResponseTimeVSRequestGraphConsumer#stopProducing(): responseTimeVsRequest produced 0 samples
2024-04-03 08:51:04,350 INFO o.a.j.r.p.AbstractSampleConsumer: class org.apache.jmeter.report.processor.FilterConsumer#stopProducing(): startIntervalControlerFilter produced 58667 samples
2024-04-03 08:51:04,350 INFO o.a.j.r.p.AbstractSampleConsumer: class org.apache.jmeter.report.processor.graph.impl.TotalTPSGraphConsumer#stopProducing(): totalTPS produced 0 samples
2024-04-03 08:51:04,350 INFO o.a.j.r.p.AbstractSampleConsumer: class org.apache.jmeter.report.processor.graph.impl.ActiveThreadsGraphConsumer#stopProducing(): activeThreadsOverTime produced 0 samples
2024-04-03 08:51:04,350 INFO o.a.j.r.p.AbstractSampleConsumer: class org.apache.jmeter.report.processor.graph.impl.TimeVSThreadGraphConsumer#stopProducing(): timeVsThreads produced 0 samples
2024-04-03 08:51:04,351 INFO o.a.j.r.p.AbstractSampleConsumer: class org.apache.jmeter.report.processor.graph.impl.ResponseTimeDistributionGraphConsumer#stopProducing(): responseTimeDistribution produced 0 samples
2024-04-03 08:51:04,351 INFO o.a.j.r.p.AbstractSampleConsumer: class org.apache.jmeter.report.processor.graph.impl.TransactionsPerSecondGraphConsumer#stopProducing(): transactionsPerSecond produced 0 samples
2024-04-03 08:51:04,351 INFO o.a.j.r.p.AbstractSampleConsumer: class org.apache.jmeter.report.processor.graph.impl.ResponseTimePercentilesGraphConsumer#stopProducing(): responseTimePercentiles produced 0 samples
2024-04-03 08:51:04,355 INFO o.a.j.r.p.AbstractSampleConsumer: class org.apache.jmeter.report.processor.graph.impl.ResponseTimePercentilesOverTimeGraphConsumer#stopProducing(): responseTimePercentilesOverTime produced 0 samples
2024-04-03 08:51:04,355 INFO o.a.j.r.p.AbstractSampleConsumer: class org.apache.jmeter.report.processor.graph.impl.ResponseTimeOverTimeGraphConsumer#stopProducing(): responseTimesOverTime produced 0 samples
2024-04-03 08:51:04,355 INFO o.a.j.r.p.AbstractSampleConsumer: class org.apache.jmeter.report.processor.graph.impl.ConnectTimeOverTimeGraphConsumer#stopProducing(): connectTimeOverTime produced 0 samples
2024-04-03 08:51:04,356 INFO o.a.j.r.p.AbstractSampleConsumer: class org.apache.jmeter.report.processor.graph.impl.LatencyOverTimeGraphConsumer#stopProducing(): latenciesOverTime produced 0 samples
2024-04-03 08:51:04,356 INFO o.a.j.r.p.AbstractSampleConsumer: class org.apache.jmeter.report.processor.FilterConsumer#stopProducing(): nameFilter produced 161640 samples
2024-04-03 08:51:04,356 INFO o.a.j.r.p.AbstractSampleConsumer: class org.apache.jmeter.report.processor.FilterConsumer#stopProducing(): dateRangeFilter produced 32328 samples
2024-04-03 08:51:04,356 INFO o.a.j.r.p.AbstractSampleConsumer: class org.apache.jmeter.report.processor.NormalizerSampleConsumer#stopProducing(): normalizer produced 10776 samples
2024-04-03 08:51:04,356 INFO o.a.j.r.p.CsvFileSampleSource: produce(): 10776 samples produced in 5s 403 ms on channel 0
2024-04-03 08:51:04,356 INFO o.a.j.r.d.ReportGenerator: Exporting data using exporter:'json' of className:'org.apache.jmeter.report.dashboard.JsonExporter'
2024-04-03 08:51:05,349 INFO o.a.j.r.d.JsonExporter: Found data for consumer statisticsSummary in context
2024-04-03 08:51:05,349 INFO o.a.j.r.d.JsonExporter: Creating statistics for overall
2024-04-03 08:51:05,349 INFO o.a.j.r.d.JsonExporter: Creating statistics for other transactions
2024-04-03 08:51:05,350 INFO o.a.j.r.d.JsonExporter: Checking output folder
2024-04-03 08:51:05,350 INFO o.a.j.r.d.JsonExporter: Writing statistics JSON to /report/report-PetStoreAPIScriptDynamicBuildNumber1.jmx-2024-04-03_084636/statistics.json
2024-04-03 08:51:05,543 INFO o.a.j.r.d.ReportGenerator: Exporting data using exporter:'html' of className:'org.apache.jmeter.report.dashboard.HtmlTemplateExporter'
2024-04-03 08:51:05,545 INFO o.a.j.r.d.HtmlTemplateExporter: Will generate dashboard in folder: /report/report-PetStoreAPIScriptDynamicBuildNumber1.jmx-2024-04-03_084636
2024-04-03 08:51:06,342 INFO o.a.j.r.d.HtmlTemplateExporter: Report will be generated in: /report/report-PetStoreAPIScriptDynamicBuildNumber1.jmx-2024-04-03_084636, creating folder structure
2024-04-03 08:51:06,345 INFO o.a.j.r.d.TemplateVisitor: Copying folder from '/opt/jmeter/apache-jmeter-5.4.1/bin/report-template' to '/report/report-PetStoreAPIScriptDynamicBuildNumber1.jmx-2024-04-03_084636', got message: /report/report-PetStoreAPIScriptDynamicBuildNumber1.jmx-2024-04-03_084636, found non empty folder with following content [/report/report-PetStoreAPIScriptDynamicBuildNumber1.jmx-2024-04-03_084636/statistics.json], will be ignored
2024-04-03 08:51:08,052 INFO o.a.j.JMeter: Dashboard generated
