2024-03-21 08:03:30,477 INFO o.a.j.u.JMeterUtils: Setting Locale to en_EN
2024-03-21 08:03:30,584 INFO o.a.j.JMeter: Loading user properties from: user.properties
2024-03-21 08:03:30,584 INFO o.a.j.JMeter: Loading system properties from: system.properties
2024-03-21 08:03:30,585 INFO o.a.j.JMeter: Setting System property: server.rmi.ssl.disable=true
2024-03-21 08:03:30,681 INFO o.a.j.JMeter: Copyright (c) 1998-2021 The Apache Software Foundation
2024-03-21 08:03:30,681 INFO o.a.j.JMeter: Version 5.4.1
2024-03-21 08:03:30,681 INFO o.a.j.JMeter: java.version=16.0.2
2024-03-21 08:03:30,681 INFO o.a.j.JMeter: java.vm.name=OpenJDK 64-Bit Server VM
2024-03-21 08:03:30,681 INFO o.a.j.JMeter: os.name=Linux
2024-03-21 08:03:30,682 INFO o.a.j.JMeter: os.arch=amd64
2024-03-21 08:03:30,682 INFO o.a.j.JMeter: os.version=6.5.0-1015-aws
2024-03-21 08:03:30,682 INFO o.a.j.JMeter: file.encoding=UTF-8
2024-03-21 08:03:30,682 INFO o.a.j.JMeter: java.awt.headless=null
2024-03-21 08:03:30,682 INFO o.a.j.JMeter: Max memory     =1073741824
2024-03-21 08:03:30,682 INFO o.a.j.JMeter: Available Processors =1
2024-03-21 08:03:30,778 INFO o.a.j.JMeter: Default Locale=English (EN)
2024-03-21 08:03:30,778 INFO o.a.j.JMeter: JMeter  Locale=English (EN)
2024-03-21 08:03:30,779 INFO o.a.j.JMeter: JMeterHome=/opt/jmeter/apache-jmeter-5.4.1
2024-03-21 08:03:30,779 INFO o.a.j.JMeter: user.dir  =/opt/jmeter/apache-jmeter-5.4.1/bin
2024-03-21 08:03:30,779 INFO o.a.j.JMeter: PWD       =/opt/jmeter/apache-jmeter-5.4.1/bin
2024-03-21 08:03:30,779 INFO o.a.j.JMeter: IP: 10.35.0.12 Name: jmeter-master03-21-13-32-16-t58vd FullName: jmeter-master03-21-13-32-16-t58vd
2024-03-21 08:03:30,783 INFO o.a.j.JMeter: Setting property 'jmeter.reportgenerator.outputdir' to:'/report/report-wiremock.jmx-2024-03-21_080226'
2024-03-21 08:03:30,785 INFO o.a.j.s.FileServer: Default base='/opt/jmeter/apache-jmeter-5.4.1/bin'
2024-03-21 08:03:30,786 INFO o.a.j.s.FileServer: Set new base='/opt/jmeter/apache-jmeter-5.4.1/bin'
2024-03-21 08:03:32,476 INFO o.a.j.s.SaveService: Testplan (JMX) version: 2.2. Testlog (JTL) version: 2.2
2024-03-21 08:03:32,587 INFO o.a.j.s.SaveService: Using SaveService properties version 5.0
2024-03-21 08:03:32,680 INFO o.a.j.s.SaveService: Using SaveService properties file encoding UTF-8
2024-03-21 08:03:32,776 INFO o.a.j.s.SaveService: Loading file: wiremock.jmx
2024-03-21 08:03:33,082 INFO o.a.j.p.h.c.CookieManager: Settings: Delete null: true Check: true Allow variable: true Save: false Prefix: COOKIE_
2024-03-21 08:03:33,179 INFO o.a.j.p.h.s.HTTPSamplerBase: Parser for text/html is org.apache.jmeter.protocol.http.parser.LagartoBasedHtmlParser
2024-03-21 08:03:33,179 INFO o.a.j.p.h.s.HTTPSamplerBase: Parser for application/xhtml+xml is org.apache.jmeter.protocol.http.parser.LagartoBasedHtmlParser
2024-03-21 08:03:33,180 INFO o.a.j.p.h.s.HTTPSamplerBase: Parser for application/xml is org.apache.jmeter.protocol.http.parser.LagartoBasedHtmlParser
2024-03-21 08:03:33,180 INFO o.a.j.p.h.s.HTTPSamplerBase: Parser for text/xml is org.apache.jmeter.protocol.http.parser.LagartoBasedHtmlParser
2024-03-21 08:03:33,180 INFO o.a.j.p.h.s.HTTPSamplerBase: Parser for text/vnd.wap.wml is org.apache.jmeter.protocol.http.parser.RegexpHTMLParser
2024-03-21 08:03:33,180 INFO o.a.j.p.h.s.HTTPSamplerBase: Parser for text/css is org.apache.jmeter.protocol.http.parser.CssParser
2024-03-21 08:03:33,475 INFO o.a.j.s.SampleResult: Note: Sample TimeStamps are START times
2024-03-21 08:03:33,476 INFO o.a.j.s.SampleResult: sampleresult.default.encoding is set to ISO-8859-1
2024-03-21 08:03:33,476 INFO o.a.j.s.SampleResult: sampleresult.useNanoTime=true
2024-03-21 08:03:33,476 INFO o.a.j.s.SampleResult: sampleresult.nanoThreadSleep=5000
2024-03-21 08:03:33,586 INFO o.a.j.JMeter: Creating summariser <summary>
2024-03-21 08:03:33,680 INFO o.a.j.r.d.ReportGenerator: ReportGenerator will use for Parsing the separator: ','
2024-03-21 08:03:33,681 INFO o.a.j.r.d.ReportGenerator: Will generate report at end of test from  results file: /report/wiremock.jmx_2024-03-21_080226.jtl
2024-03-21 08:03:33,681 INFO o.a.j.r.d.ReportGenerator: Reading report generator properties from: /opt/jmeter/apache-jmeter-5.4.1/bin/reportgenerator.properties
2024-03-21 08:03:33,682 INFO o.a.j.r.d.ReportGenerator: Merging with JMeter properties
2024-03-21 08:03:33,686 INFO o.a.j.r.c.ReportGeneratorConfiguration: Property 'jmeter.reportgenerator.temp_dir' not found, using default value 'temp' instead.
2024-03-21 08:03:33,689 INFO o.a.j.r.c.ReportGeneratorConfiguration: Property 'jmeter.reportgenerator.apdex_per_transaction' not found, using default value 'null' instead.
2024-03-21 08:03:33,689 INFO o.a.j.r.c.ReportGeneratorConfiguration: apdex_per_transaction is empty, not APDEX per transaction customization
2024-03-21 08:03:33,690 INFO o.a.j.r.c.ReportGeneratorConfiguration: Property 'jmeter.reportgenerator.sample_filter' not found, using default value 'null' instead.
2024-03-21 08:03:33,690 INFO o.a.j.r.c.ReportGeneratorConfiguration: Property 'jmeter.reportgenerator.report_title' not found, using default value 'null' instead.
2024-03-21 08:03:33,690 INFO o.a.j.r.c.ReportGeneratorConfiguration: Property 'jmeter.reportgenerator.start_date' not found, using default value 'null' instead.
2024-03-21 08:03:33,690 INFO o.a.j.r.c.ReportGeneratorConfiguration: Property 'jmeter.reportgenerator.end_date' not found, using default value 'null' instead.
2024-03-21 08:03:33,690 INFO o.a.j.r.c.ReportGeneratorConfiguration: Property 'jmeter.reportgenerator.date_format' not found, using default value 'null' instead.
2024-03-21 08:03:33,691 INFO o.a.j.r.c.ReportGeneratorConfiguration: Will use date range start date: null, end date: null
2024-03-21 08:03:33,694 INFO o.a.j.r.c.ReportGeneratorConfiguration: Property 'jmeter.reportgenerator.graph.totalTPS.exclude_controllers' not found, using default value 'false' instead.
2024-03-21 08:03:33,694 INFO o.a.j.r.c.ReportGeneratorConfiguration: Property 'jmeter.reportgenerator.graph.activeThreadsOverTime.exclude_controllers' not found, using default value 'false' instead.
2024-03-21 08:03:33,695 INFO o.a.j.r.c.ReportGeneratorConfiguration: Property 'jmeter.reportgenerator.graph.timeVsThreads.exclude_controllers' not found, using default value 'false' instead.
2024-03-21 08:03:33,695 INFO o.a.j.r.c.ReportGeneratorConfiguration: Property 'jmeter.reportgenerator.graph.responseTimeDistribution.exclude_controllers' not found, using default value 'false' instead.
2024-03-21 08:03:33,695 INFO o.a.j.r.c.ReportGeneratorConfiguration: Property 'jmeter.reportgenerator.graph.transactionsPerSecond.exclude_controllers' not found, using default value 'false' instead.
2024-03-21 08:03:33,776 INFO o.a.j.r.c.ReportGeneratorConfiguration: Property 'jmeter.reportgenerator.graph.responseTimePercentiles.exclude_controllers' not found, using default value 'false' instead.
2024-03-21 08:03:33,776 INFO o.a.j.r.c.ReportGeneratorConfiguration: Property 'jmeter.reportgenerator.graph.responseTimePercentilesOverTime.exclude_controllers' not found, using default value 'false' instead.
2024-03-21 08:03:33,776 INFO o.a.j.r.c.ReportGeneratorConfiguration: Property 'jmeter.reportgenerator.graph.responseTimesOverTime.exclude_controllers' not found, using default value 'false' instead.
2024-03-21 08:03:33,776 INFO o.a.j.r.c.ReportGeneratorConfiguration: Property 'jmeter.reportgenerator.graph.connectTimeOverTime.exclude_controllers' not found, using default value 'false' instead.
2024-03-21 08:03:33,777 INFO o.a.j.r.c.ReportGeneratorConfiguration: Property 'jmeter.reportgenerator.graph.latenciesOverTime.exclude_controllers' not found, using default value 'false' instead.
2024-03-21 08:03:33,778 INFO o.a.j.r.c.ReportGeneratorConfiguration: Property 'jmeter.reportgenerator.exporter.json.filters_only_sample_series' not found, using default value 'true' instead.
2024-03-21 08:03:33,778 INFO o.a.j.r.c.ReportGeneratorConfiguration: Property 'jmeter.reportgenerator.exporter.json.series_filter' not found, using default value '' instead.
2024-03-21 08:03:33,778 INFO o.a.j.r.c.ReportGeneratorConfiguration: Property 'jmeter.reportgenerator.exporter.json.show_controllers_only' not found, using default value 'false' instead.
2024-03-21 08:03:33,778 INFO o.a.j.r.c.ReportGeneratorConfiguration: Property 'jmeter.reportgenerator.exporter.html.filters_only_sample_series' not found, using default value 'true' instead.
2024-03-21 08:03:33,778 INFO o.a.j.r.c.ReportGeneratorConfiguration: Property 'jmeter.reportgenerator.exporter.html.series_filter' not found, using default value '' instead.
2024-03-21 08:03:33,779 INFO o.a.j.r.c.ReportGeneratorConfiguration: Property 'jmeter.reportgenerator.exporter.html.show_controllers_only' not found, using default value 'false' instead.
2024-03-21 08:03:33,781 INFO o.a.j.e.DistributedRunner: Configuring remote engine: 10.35.0.13
2024-03-21 08:03:33,877 INFO o.a.j.r.RmiUtils: Disabling SSL for RMI as server.rmi.ssl.disable is set to 'true'
2024-03-21 08:03:34,381 INFO o.a.j.e.DistributedRunner: Starting distributed test with remote engines: [10.35.0.13] @ Thu Mar 21 08:03:34 UTC 2024 (1711008214381)
2024-03-21 08:03:34,381 INFO o.a.j.e.ClientJMeterEngine: running clientengine run method
2024-03-21 08:03:34,387 INFO o.a.j.e.u.CompoundVariable: Note: Function class names must contain the string: '.functions.'
2024-03-21 08:03:34,387 INFO o.a.j.e.u.CompoundVariable: Note: Function class names must not contain the string: '.gui.'
2024-03-21 08:03:34,883 INFO o.a.j.r.RmiUtils: Disabling SSL for RMI as server.rmi.ssl.disable is set to 'true'
2024-03-21 08:03:34,883 INFO o.a.j.r.RmiUtils: Disabling SSL for RMI as server.rmi.ssl.disable is set to 'true'
2024-03-21 08:03:34,978 INFO o.a.j.s.SampleEvent: List of sample_variables: []
2024-03-21 08:03:34,983 INFO o.a.j.s.BatchSampleSender: Using batching (client settings) for this run. Thresholds: num=100, time=60000
2024-03-21 08:03:34,983 INFO o.a.j.s.DataStrippingSampleSender: Using DataStrippingSampleSender for this run
2024-03-21 08:03:34,984 INFO o.a.j.r.RmiUtils: Disabling SSL for RMI as server.rmi.ssl.disable is set to 'true'
2024-03-21 08:03:34,985 INFO o.a.j.r.RmiUtils: Disabling SSL for RMI as server.rmi.ssl.disable is set to 'true'
2024-03-21 08:03:39,695 INFO o.a.j.r.RmiUtils: Disabling SSL for RMI as server.rmi.ssl.disable is set to 'true'
2024-03-21 08:03:39,696 INFO o.a.j.r.RmiUtils: Disabling SSL for RMI as server.rmi.ssl.disable is set to 'true'
2024-03-21 08:03:39,696 INFO o.a.j.r.RmiUtils: Disabling SSL for RMI as server.rmi.ssl.disable is set to 'true'
2024-03-21 08:03:39,697 INFO o.a.j.r.RmiUtils: Disabling SSL for RMI as server.rmi.ssl.disable is set to 'true'
2024-03-21 08:03:39,697 INFO o.a.j.s.BatchSampleSender: Using batching (client settings) for this run. Thresholds: num=100, time=60000
2024-03-21 08:03:39,697 INFO o.a.j.s.DataStrippingSampleSender: Using DataStrippingSampleSender for this run
2024-03-21 08:03:39,697 INFO o.a.j.r.RmiUtils: Disabling SSL for RMI as server.rmi.ssl.disable is set to 'true'
2024-03-21 08:03:39,697 INFO o.a.j.r.RmiUtils: Disabling SSL for RMI as server.rmi.ssl.disable is set to 'true'
2024-03-21 08:03:39,697 INFO o.a.j.s.BatchSampleSender: Using batching (client settings) for this run. Thresholds: num=100, time=60000
2024-03-21 08:03:39,697 INFO o.a.j.s.DataStrippingSampleSender: Using DataStrippingSampleSender for this run
2024-03-21 08:03:39,697 INFO o.a.j.r.RmiUtils: Disabling SSL for RMI as server.rmi.ssl.disable is set to 'true'
2024-03-21 08:03:39,698 INFO o.a.j.r.RmiUtils: Disabling SSL for RMI as server.rmi.ssl.disable is set to 'true'
2024-03-21 08:03:39,698 INFO o.a.j.s.BatchSampleSender: Using batching (client settings) for this run. Thresholds: num=100, time=60000
2024-03-21 08:03:39,698 INFO o.a.j.s.DataStrippingSampleSender: Using DataStrippingSampleSender for this run
2024-03-21 08:03:39,698 INFO o.a.j.r.RmiUtils: Disabling SSL for RMI as server.rmi.ssl.disable is set to 'true'
2024-03-21 08:03:39,698 INFO o.a.j.r.RmiUtils: Disabling SSL for RMI as server.rmi.ssl.disable is set to 'true'
2024-03-21 08:03:39,698 INFO o.a.j.s.BatchSampleSender: Using batching (client settings) for this run. Thresholds: num=100, time=60000
2024-03-21 08:03:39,698 INFO o.a.j.s.DataStrippingSampleSender: Using DataStrippingSampleSender for this run
2024-03-21 08:03:39,698 INFO o.a.j.r.RmiUtils: Disabling SSL for RMI as server.rmi.ssl.disable is set to 'true'
2024-03-21 08:03:39,699 INFO o.a.j.r.RmiUtils: Disabling SSL for RMI as server.rmi.ssl.disable is set to 'true'
2024-03-21 08:03:39,699 INFO o.a.j.s.BatchSampleSender: Using batching (client settings) for this run. Thresholds: num=100, time=60000
2024-03-21 08:03:39,699 INFO o.a.j.s.DataStrippingSampleSender: Using DataStrippingSampleSender for this run
2024-03-21 08:03:40,467 INFO o.a.j.e.ClientJMeterEngine: sent test to 10.35.0.13 basedir='.'
2024-03-21 08:03:40,467 INFO o.a.j.e.ClientJMeterEngine: Sending properties {}
2024-03-21 08:03:40,470 INFO o.a.j.e.ClientJMeterEngine: sent run command to 10.35.0.13
2024-03-21 08:03:40,471 INFO o.a.j.e.DistributedRunner: Remote engines have been started:[10.35.0.13]
2024-03-21 08:03:41,082 INFO o.a.j.v.b.BackendListener: Backend Listener 1: Starting worker with class: class org.apache.jmeter.visualizers.backend.influxdb.InfluxdbBackendListenerClient and queue capacity: 5000
2024-03-21 08:03:41,084 INFO o.a.j.v.b.BackendListener: Backend Listener 1: Started  worker with class: class org.apache.jmeter.visualizers.backend.influxdb.InfluxdbBackendListenerClient
2024-03-21 08:03:42,875 INFO o.a.j.v.b.BackendListener: Backend Listener 2: Starting worker with class: class rocks.nt.apm.jmeter.JMeterInfluxDBBackendListenerClient and queue capacity: 5000
2024-03-21 08:03:42,875 INFO o.a.j.v.b.BackendListener: Backend Listener 2: Started  worker with class: class rocks.nt.apm.jmeter.JMeterInfluxDBBackendListenerClient
2024-03-21 08:03:44,069 INFO o.a.j.JMeter: Started remote host:  10.35.0.13 (1711008224068)
2024-03-21 08:04:00,379 INFO o.a.j.r.Summariser: summary +   1605 in 00:00:16 =   98.4/s Avg:   590 Min:    52 Max:  1502 Err:     0 (0.00%) Active: 123 Started: 123 Finished: 0
2024-03-21 08:04:30,263 INFO o.a.j.r.Summariser: summary +   7707 in 00:00:30 =  257.9/s Avg:   595 Min:    51 Max:  3835 Err:     0 (0.00%) Active: 223 Started: 223 Finished: 0
2024-03-21 08:04:30,264 INFO o.a.j.r.Summariser: summary =   9312 in 00:00:46 =  201.6/s Avg:   594 Min:    51 Max:  3835 Err:     0 (0.00%)
2024-03-21 08:05:00,071 INFO o.a.j.r.Summariser: summary +   9702 in 00:00:30 =  325.5/s Avg:   614 Min:    51 Max:  5143 Err:     0 (0.00%) Active: 277 Started: 277 Finished: 0
2024-03-21 08:05:00,072 INFO o.a.j.r.Summariser: summary =  19014 in 00:01:16 =  250.2/s Avg:   604 Min:    51 Max:  5143 Err:     0 (0.00%)
2024-03-21 08:05:30,102 INFO o.a.j.r.Summariser: summary +  11758 in 00:00:30 =  391.5/s Avg:   613 Min:    51 Max:  3961 Err:     0 (0.00%) Active: 343 Started: 343 Finished: 0
2024-03-21 08:05:30,102 INFO o.a.j.r.Summariser: summary =  30772 in 00:01:46 =  290.2/s Avg:   608 Min:    51 Max:  5143 Err:     0 (0.00%)
2024-03-21 08:06:00,162 INFO o.a.j.r.Summariser: summary +  12646 in 00:00:30 =  420.7/s Avg:   633 Min:    51 Max:  4306 Err:     0 (0.00%) Active: 420 Started: 420 Finished: 0
2024-03-21 08:06:00,162 INFO o.a.j.r.Summariser: summary =  43418 in 00:02:16 =  319.0/s Avg:   615 Min:    51 Max:  5143 Err:     0 (0.00%)
2024-03-21 08:06:30,108 INFO o.a.j.r.Summariser: summary +  11943 in 00:00:30 =  398.8/s Avg:   641 Min:    51 Max:  3792 Err:     0 (0.00%) Active: 472 Started: 472 Finished: 0
2024-03-21 08:06:30,109 INFO o.a.j.r.Summariser: summary =  55361 in 00:02:46 =  333.4/s Avg:   621 Min:    51 Max:  5143 Err:     0 (0.00%)
2024-03-21 08:07:00,078 INFO o.a.j.r.Summariser: summary +  13305 in 00:00:30 =  444.0/s Avg:   661 Min:     0 Max:  4308 Err:   251 (1.89%) Active: 536 Started: 536 Finished: 0
2024-03-21 08:07:00,078 INFO o.a.j.r.Summariser: summary =  68666 in 00:03:16 =  350.3/s Avg:   628 Min:     0 Max:  5143 Err:   251 (0.37%)
2024-03-21 08:07:30,205 INFO o.a.j.r.Summariser: summary +  11999 in 00:00:30 =  398.3/s Avg:   666 Min:    51 Max:  8645 Err:     0 (0.00%) Active: 603 Started: 603 Finished: 0
2024-03-21 08:07:30,208 INFO o.a.j.r.Summariser: summary =  80665 in 00:03:46 =  356.7/s Avg:   634 Min:     0 Max:  8645 Err:   251 (0.31%)
2024-03-21 08:08:00,277 INFO o.a.j.r.Summariser: summary +  10784 in 00:00:30 =  358.6/s Avg:   705 Min:    51 Max:  5397 Err:     0 (0.00%) Active: 702 Started: 702 Finished: 0
2024-03-21 08:08:00,278 INFO o.a.j.r.Summariser: summary =  91449 in 00:04:16 =  356.9/s Avg:   642 Min:     0 Max:  8645 Err:   251 (0.27%)
2024-03-21 08:08:30,004 INFO o.a.j.r.Summariser: summary +   6139 in 00:00:30 =  206.5/s Avg:  1614 Min:     0 Max: 19800 Err:  1541 (25.10%) Active: 1972 Started: 1972 Finished: 0
2024-03-21 08:08:30,004 INFO o.a.j.r.Summariser: summary =  97588 in 00:04:46 =  341.3/s Avg:   704 Min:     0 Max: 19800 Err:  1792 (1.84%)
2024-03-21 08:09:00,504 INFO o.a.j.r.Summariser: summary +   8022 in 00:00:31 =  263.0/s Avg:  2783 Min:     1 Max: 22559 Err:   742 (9.25%) Active: 2085 Started: 2085 Finished: 0
2024-03-21 08:09:00,518 INFO o.a.j.r.Summariser: summary = 105610 in 00:05:16 =  333.7/s Avg:   862 Min:     0 Max: 22559 Err:  2534 (2.40%)
2024-03-21 08:09:30,007 INFO o.a.j.r.Summariser: summary +   8181 in 00:00:30 =  277.3/s Avg:   813 Min:     1 Max: 11395 Err:     9 (0.11%) Active: 2131 Started: 2131 Finished: 0
2024-03-21 08:09:30,007 INFO o.a.j.r.Summariser: summary = 113791 in 00:05:46 =  328.9/s Avg:   858 Min:     0 Max: 22559 Err:  2543 (2.23%)
2024-03-21 08:10:00,305 INFO o.a.j.r.Summariser: summary +  10742 in 00:00:30 =  354.5/s Avg:   711 Min:    51 Max:  3839 Err:     0 (0.00%) Active: 2251 Started: 2251 Finished: 0
2024-03-21 08:10:00,305 INFO o.a.j.r.Summariser: summary = 124533 in 00:06:16 =  331.0/s Avg:   845 Min:     0 Max: 22559 Err:  2543 (2.04%)
2024-03-21 08:10:30,003 INFO o.a.j.r.Summariser: summary +   9106 in 00:00:30 =  306.6/s Avg:   779 Min:    51 Max:  7200 Err:     2 (0.02%) Active: 2346 Started: 2346 Finished: 0
2024-03-21 08:10:30,005 INFO o.a.j.r.Summariser: summary = 133639 in 00:06:46 =  329.2/s Avg:   841 Min:     0 Max: 22559 Err:  2545 (1.90%)
2024-03-21 08:11:00,002 INFO o.a.j.r.Summariser: summary +   8378 in 00:00:30 =  279.3/s Avg:   782 Min:    51 Max:  3699 Err:     1 (0.01%) Active: 2449 Started: 2449 Finished: 0
2024-03-21 08:11:00,003 INFO o.a.j.r.Summariser: summary = 142017 in 00:07:16 =  325.8/s Avg:   837 Min:     0 Max: 22559 Err:  2546 (1.79%)
2024-03-21 08:11:30,099 INFO o.a.j.r.Summariser: summary +   9469 in 00:00:30 =  314.6/s Avg:   783 Min:     8 Max:  4356 Err:    14 (0.15%) Active: 2560 Started: 2560 Finished: 0
2024-03-21 08:11:30,101 INFO o.a.j.r.Summariser: summary = 151486 in 00:07:46 =  325.1/s Avg:   834 Min:     0 Max: 22559 Err:  2560 (1.69%)
2024-03-21 08:12:00,063 INFO o.a.j.r.Summariser: summary +   7667 in 00:00:30 =  255.9/s Avg:   876 Min:    51 Max:  5940 Err:     5 (0.07%) Active: 2634 Started: 2634 Finished: 0
2024-03-21 08:12:00,064 INFO o.a.j.r.Summariser: summary = 159153 in 00:08:16 =  320.9/s Avg:   836 Min:     0 Max: 22559 Err:  2565 (1.61%)
2024-03-21 08:12:30,203 INFO o.a.j.r.Summariser: summary +   9974 in 00:00:30 =  330.9/s Avg:   780 Min:     0 Max:  5854 Err:   171 (1.71%) Active: 2809 Started: 2809 Finished: 0
2024-03-21 08:12:30,206 INFO o.a.j.r.Summariser: summary = 169127 in 00:08:46 =  321.5/s Avg:   833 Min:     0 Max: 22559 Err:  2736 (1.62%)
2024-03-21 08:13:00,064 INFO o.a.j.r.Summariser: summary +   8547 in 00:00:30 =  286.2/s Avg:   812 Min:     0 Max:  4404 Err:   119 (1.39%) Active: 2884 Started: 2884 Finished: 0
2024-03-21 08:13:00,064 INFO o.a.j.r.Summariser: summary = 177674 in 00:09:16 =  319.6/s Avg:   832 Min:     0 Max: 22559 Err:  2855 (1.61%)
2024-03-21 08:13:30,109 INFO o.a.j.r.Summariser: summary +   7492 in 00:00:30 =  249.4/s Avg:   949 Min:     0 Max:  4440 Err:   355 (4.74%) Active: 2972 Started: 2972 Finished: 0
2024-03-21 08:13:30,113 INFO o.a.j.r.Summariser: summary = 185166 in 00:09:46 =  316.0/s Avg:   836 Min:     0 Max: 22559 Err:  3210 (1.73%)
2024-03-21 08:14:00,107 INFO o.a.j.r.Summariser: summary +  10062 in 00:00:30 =  335.4/s Avg:   751 Min:     0 Max:  4702 Err:   118 (1.17%) Active: 3119 Started: 3119 Finished: 0
2024-03-21 08:14:00,108 INFO o.a.j.r.Summariser: summary = 195228 in 00:10:16 =  316.9/s Avg:   832 Min:     0 Max: 22559 Err:  3328 (1.70%)
2024-03-21 08:14:30,100 INFO o.a.j.r.Summariser: summary +  10491 in 00:00:30 =  349.8/s Avg:   726 Min:    51 Max:  3600 Err:    25 (0.24%) Active: 3238 Started: 3238 Finished: 0
2024-03-21 08:14:30,100 INFO o.a.j.r.Summariser: summary = 205719 in 00:10:46 =  318.4/s Avg:   827 Min:     0 Max: 22559 Err:  3353 (1.63%)
2024-03-21 08:15:00,203 INFO o.a.j.r.Summariser: summary +   9272 in 00:00:30 =  308.0/s Avg:   735 Min:    51 Max:  6194 Err:    11 (0.12%) Active: 3399 Started: 3399 Finished: 0
2024-03-21 08:15:00,206 INFO o.a.j.r.Summariser: summary = 214991 in 00:11:16 =  318.0/s Avg:   823 Min:     0 Max: 22559 Err:  3364 (1.56%)
2024-03-21 08:15:30,003 INFO o.a.j.r.Summariser: summary +   9840 in 00:00:30 =  330.2/s Avg:   807 Min:    51 Max:  6290 Err:     4 (0.04%) Active: 3479 Started: 3479 Finished: 0
2024-03-21 08:15:30,005 INFO o.a.j.r.Summariser: summary = 224831 in 00:11:46 =  318.5/s Avg:   822 Min:     0 Max: 22559 Err:  3368 (1.50%)
2024-03-21 08:16:00,104 INFO o.a.j.r.Summariser: summary +   9406 in 00:00:30 =  312.5/s Avg:   856 Min:    51 Max:  6597 Err:     6 (0.06%) Active: 3523 Started: 3523 Finished: 0
2024-03-21 08:16:00,105 INFO o.a.j.r.Summariser: summary = 234237 in 00:12:16 =  318.2/s Avg:   823 Min:     0 Max: 22559 Err:  3374 (1.44%)
2024-03-21 08:16:30,160 INFO o.a.j.r.Summariser: summary +   7596 in 00:00:30 =  252.7/s Avg:   895 Min:    51 Max:  5459 Err:     6 (0.08%) Active: 3579 Started: 3579 Finished: 0
2024-03-21 08:16:30,160 INFO o.a.j.r.Summariser: summary = 241833 in 00:12:46 =  315.7/s Avg:   826 Min:     0 Max: 22559 Err:  3380 (1.40%)
2024-03-21 08:17:00,001 INFO o.a.j.r.Summariser: summary +   8600 in 00:00:30 =  288.2/s Avg:   777 Min:     0 Max:  6210 Err:   657 (7.64%) Active: 3892 Started: 3892 Finished: 0
2024-03-21 08:17:00,002 INFO o.a.j.r.Summariser: summary = 250433 in 00:13:16 =  314.6/s Avg:   824 Min:     0 Max: 22559 Err:  4037 (1.61%)
2024-03-21 08:17:31,306 INFO o.a.j.r.Summariser: summary +   3669 in 00:00:31 =  117.2/s Avg:  7415 Min:     0 Max: 26504 Err:  1239 (33.77%) Active: 5519 Started: 5519 Finished: 0
2024-03-21 08:17:31,307 INFO o.a.j.r.Summariser: summary = 254102 in 00:13:47 =  307.2/s Avg:   919 Min:     0 Max: 26504 Err:  5276 (2.08%)
2024-03-21 08:18:00,713 INFO o.a.j.r.Summariser: summary +   7108 in 00:00:29 =  241.7/s Avg:  9249 Min:     1 Max: 37700 Err:  1522 (21.41%) Active: 5583 Started: 5583 Finished: 0
2024-03-21 08:18:00,713 INFO o.a.j.r.Summariser: summary = 261210 in 00:14:17 =  304.9/s Avg:  1146 Min:     0 Max: 37700 Err:  6798 (2.60%)
2024-03-21 08:18:30,165 INFO o.a.j.r.Summariser: summary +   7302 in 00:00:29 =  247.9/s Avg:  2707 Min:    39 Max: 71224 Err:   159 (2.18%) Active: 5654 Started: 5654 Finished: 0
2024-03-21 08:18:30,165 INFO o.a.j.r.Summariser: summary = 268512 in 00:14:46 =  303.0/s Avg:  1188 Min:     0 Max: 71224 Err:  6957 (2.59%)
2024-03-21 08:19:00,014 INFO o.a.j.r.Summariser: summary +   8678 in 00:00:30 =  290.7/s Avg:   973 Min:    52 Max: 70965 Err:     8 (0.09%) Active: 5733 Started: 5733 Finished: 0
2024-03-21 08:19:00,015 INFO o.a.j.r.Summariser: summary = 277190 in 00:15:16 =  302.6/s Avg:  1182 Min:     0 Max: 71224 Err:  6965 (2.51%)
2024-03-21 08:19:30,202 INFO o.a.j.r.Summariser: summary +   8918 in 00:00:30 =  295.4/s Avg:  1041 Min:    51 Max: 68516 Err:    24 (0.27%) Active: 5821 Started: 5821 Finished: 0
2024-03-21 08:19:30,203 INFO o.a.j.r.Summariser: summary = 286108 in 00:15:46 =  302.4/s Avg:  1177 Min:     0 Max: 71224 Err:  6989 (2.44%)
2024-03-21 08:20:00,103 INFO o.a.j.r.Summariser: summary +   8480 in 00:00:30 =  283.6/s Avg:   817 Min:    51 Max:  4842 Err:     2 (0.02%) Active: 5892 Started: 5892 Finished: 0
2024-03-21 08:20:00,104 INFO o.a.j.r.Summariser: summary = 294588 in 00:16:16 =  301.8/s Avg:  1167 Min:     0 Max: 71224 Err:  6991 (2.37%)
2024-03-21 08:20:30,460 INFO o.a.j.r.Summariser: summary +   7018 in 00:00:30 =  231.2/s Avg:   804 Min:     0 Max:  4895 Err:   146 (2.08%) Active: 5985 Started: 5985 Finished: 0
2024-03-21 08:20:30,461 INFO o.a.j.r.Summariser: summary = 301606 in 00:16:46 =  299.7/s Avg:  1158 Min:     0 Max: 71224 Err:  7137 (2.37%)
2024-03-21 08:21:00,003 INFO o.a.j.r.Summariser: summary +   6431 in 00:00:30 =  217.7/s Avg:  1362 Min:     0 Max: 14791 Err:  1102 (17.14%) Active: 6172 Started: 6172 Finished: 0
2024-03-21 08:21:00,010 INFO o.a.j.r.Summariser: summary = 308037 in 00:17:16 =  297.4/s Avg:  1163 Min:     0 Max: 71224 Err:  8239 (2.67%)
2024-03-21 08:21:30,106 INFO o.a.j.r.Summariser: summary +   6453 in 00:00:30 =  214.4/s Avg:  1031 Min:     0 Max: 15040 Err:   158 (2.45%) Active: 6254 Started: 6254 Finished: 0
2024-03-21 08:21:30,108 INFO o.a.j.r.Summariser: summary = 314490 in 00:17:46 =  295.0/s Avg:  1160 Min:     0 Max: 71224 Err:  8397 (2.67%)
2024-03-21 08:22:00,404 INFO o.a.j.r.Summariser: summary +   8253 in 00:00:30 =  272.4/s Avg:  2207 Min:     5 Max: 14860 Err:  1580 (19.14%) Active: 6353 Started: 6353 Finished: 0
2024-03-21 08:22:00,412 INFO o.a.j.r.Summariser: summary = 322743 in 00:18:16 =  294.4/s Avg:  1187 Min:     0 Max: 71224 Err:  9977 (3.09%)
2024-03-21 08:22:30,305 INFO o.a.j.r.Summariser: summary +   8032 in 00:00:30 =  268.6/s Avg:   866 Min:     0 Max:  4894 Err:    97 (1.21%) Active: 6425 Started: 6425 Finished: 0
2024-03-21 08:22:30,306 INFO o.a.j.r.Summariser: summary = 330775 in 00:18:46 =  293.7/s Avg:  1179 Min:     0 Max: 71224 Err: 10074 (3.05%)
2024-03-21 08:23:00,211 INFO o.a.j.r.Summariser: summary +   8427 in 00:00:30 =  281.8/s Avg:   833 Min:     0 Max:  4557 Err:    92 (1.09%) Active: 6503 Started: 6503 Finished: 0
2024-03-21 08:23:00,212 INFO o.a.j.r.Summariser: summary = 339202 in 00:19:16 =  293.4/s Avg:  1170 Min:     0 Max: 71224 Err: 10166 (3.00%)
2024-03-21 08:23:30,305 INFO o.a.j.r.Summariser: summary +   8891 in 00:00:30 =  295.4/s Avg:   830 Min:     1 Max:  5701 Err:    92 (1.03%) Active: 6633 Started: 6633 Finished: 0
2024-03-21 08:23:30,307 INFO o.a.j.r.Summariser: summary = 348093 in 00:19:46 =  293.4/s Avg:  1162 Min:     0 Max: 71224 Err: 10258 (2.95%)
2024-03-21 08:24:00,215 INFO o.a.j.r.Summariser: summary +   7987 in 00:00:30 =  267.0/s Avg:   768 Min:     0 Max:  3193 Err:   130 (1.63%) Active: 6703 Started: 6710 Finished: 7
2024-03-21 08:24:00,216 INFO o.a.j.r.Summariser: summary = 356080 in 00:20:16 =  292.8/s Avg:  1153 Min:     0 Max: 71224 Err: 10388 (2.92%)
2024-03-21 08:24:30,108 INFO o.a.j.r.Summariser: summary +   8219 in 00:00:30 =  274.9/s Avg:   812 Min:     1 Max:  3800 Err:    33 (0.40%) Active: 6731 Started: 6811 Finished: 80
2024-03-21 08:24:30,108 INFO o.a.j.r.Summariser: summary = 364299 in 00:20:46 =  292.4/s Avg:  1145 Min:     0 Max: 71224 Err: 10421 (2.86%)
2024-03-21 08:25:00,104 INFO o.a.j.r.Summariser: summary +   7926 in 00:00:30 =  264.2/s Avg:   808 Min:     0 Max:  3341 Err:   233 (2.94%) Active: 6744 Started: 6901 Finished: 157
2024-03-21 08:25:00,105 INFO o.a.j.r.Summariser: summary = 372225 in 00:21:16 =  291.7/s Avg:  1138 Min:     0 Max: 71224 Err: 10654 (2.86%)
2024-03-21 08:25:34,606 INFO o.a.j.r.Summariser: summary +   8684 in 00:00:35 =  251.7/s Avg:   796 Min:    51 Max:  3954 Err:     2 (0.02%) Active: 6765 Started: 7008 Finished: 243
2024-03-21 08:25:34,607 INFO o.a.j.r.Summariser: summary = 380909 in 00:21:51 =  290.7/s Avg:  1130 Min:     0 Max: 71224 Err: 10656 (2.80%)
2024-03-21 08:26:00,902 INFO o.a.j.r.Summariser: summary +   7527 in 00:00:26 =  286.2/s Avg:   881 Min:    51 Max:  6989 Err:     2 (0.03%) Active: 6771 Started: 7069 Finished: 298
2024-03-21 08:26:00,902 INFO o.a.j.r.Summariser: summary = 388436 in 00:22:17 =  290.6/s Avg:  1125 Min:     0 Max: 71224 Err: 10658 (2.74%)
