2024-04-03 09:55:23,031 INFO o.a.j.u.JMeterUtils: Setting Locale to en_EN
2024-04-03 09:55:23,326 INFO o.a.j.JMeter: Loading user properties from: user.properties
2024-04-03 09:55:23,327 INFO o.a.j.JMeter: Loading system properties from: system.properties
2024-04-03 09:55:23,327 INFO o.a.j.JMeter: Setting System property: server.rmi.ssl.disable=true
2024-04-03 09:55:23,334 INFO o.a.j.JMeter: Copyright (c) 1998-2021 The Apache Software Foundation
2024-04-03 09:55:23,334 INFO o.a.j.JMeter: Version 5.4.1
2024-04-03 09:55:23,334 INFO o.a.j.JMeter: java.version=16.0.2
2024-04-03 09:55:23,334 INFO o.a.j.JMeter: java.vm.name=OpenJDK 64-Bit Server VM
2024-04-03 09:55:23,335 INFO o.a.j.JMeter: os.name=Linux
2024-04-03 09:55:23,335 INFO o.a.j.JMeter: os.arch=amd64
2024-04-03 09:55:23,335 INFO o.a.j.JMeter: os.version=6.5.0-1016-aws
2024-04-03 09:55:23,335 INFO o.a.j.JMeter: file.encoding=UTF-8
2024-04-03 09:55:23,423 INFO o.a.j.JMeter: java.awt.headless=null
2024-04-03 09:55:23,424 INFO o.a.j.JMeter: Max memory     =1073741824
2024-04-03 09:55:23,424 INFO o.a.j.JMeter: Available Processors =1
2024-04-03 09:55:23,527 INFO o.a.j.JMeter: Default Locale=English (EN)
2024-04-03 09:55:23,527 INFO o.a.j.JMeter: JMeter  Locale=English (EN)
2024-04-03 09:55:23,527 INFO o.a.j.JMeter: JMeterHome=/opt/jmeter/apache-jmeter-5.4.1
2024-04-03 09:55:23,527 INFO o.a.j.JMeter: user.dir  =/opt/jmeter/apache-jmeter-5.4.1/bin
2024-04-03 09:55:23,527 INFO o.a.j.JMeter: PWD       =/opt/jmeter/apache-jmeter-5.4.1/bin
2024-04-03 09:55:23,528 INFO o.a.j.JMeter: IP: 10.35.0.16 Name: jmeter-master04-03-15-24-12-b9hhv FullName: jmeter-master04-03-15-24-12-b9hhv
2024-04-03 09:55:23,531 INFO o.a.j.JMeter: Setting property 'jmeter.reportgenerator.outputdir' to:'/report/report-PetStoreAPIScriptDynamicBuildNumber1.jmx-2024-04-03_095420'
2024-04-03 09:55:23,538 INFO o.a.j.s.FileServer: Default base='/opt/jmeter/apache-jmeter-5.4.1/bin'
2024-04-03 09:55:23,623 INFO o.a.j.s.FileServer: Set new base='/opt/jmeter/apache-jmeter-5.4.1/bin'
2024-04-03 09:55:25,207 INFO o.a.j.s.SaveService: Testplan (JMX) version: 2.2. Testlog (JTL) version: 2.2
2024-04-03 09:55:25,424 INFO o.a.j.s.SaveService: Using SaveService properties version 5.0
2024-04-03 09:55:25,428 INFO o.a.j.s.SaveService: Using SaveService properties file encoding UTF-8
2024-04-03 09:55:25,431 INFO o.a.j.s.SaveService: Loading file: PetStoreAPIScriptDynamicBuildNumber1.jmx
2024-04-03 09:55:25,732 INFO o.a.j.p.h.c.CookieManager: Settings: Delete null: true Check: true Allow variable: true Save: false Prefix: COOKIE_
2024-04-03 09:55:25,925 INFO o.a.j.p.h.s.HTTPSamplerBase: Parser for text/html is org.apache.jmeter.protocol.http.parser.LagartoBasedHtmlParser
2024-04-03 09:55:25,925 INFO o.a.j.p.h.s.HTTPSamplerBase: Parser for application/xhtml+xml is org.apache.jmeter.protocol.http.parser.LagartoBasedHtmlParser
2024-04-03 09:55:25,925 INFO o.a.j.p.h.s.HTTPSamplerBase: Parser for application/xml is org.apache.jmeter.protocol.http.parser.LagartoBasedHtmlParser
2024-04-03 09:55:25,925 INFO o.a.j.p.h.s.HTTPSamplerBase: Parser for text/xml is org.apache.jmeter.protocol.http.parser.LagartoBasedHtmlParser
2024-04-03 09:55:25,925 INFO o.a.j.p.h.s.HTTPSamplerBase: Parser for text/vnd.wap.wml is org.apache.jmeter.protocol.http.parser.RegexpHTMLParser
2024-04-03 09:55:25,926 INFO o.a.j.p.h.s.HTTPSamplerBase: Parser for text/css is org.apache.jmeter.protocol.http.parser.CssParser
2024-04-03 09:55:26,327 INFO o.a.j.s.SampleResult: Note: Sample TimeStamps are START times
2024-04-03 09:55:26,327 INFO o.a.j.s.SampleResult: sampleresult.default.encoding is set to ISO-8859-1
2024-04-03 09:55:26,327 INFO o.a.j.s.SampleResult: sampleresult.useNanoTime=true
2024-04-03 09:55:26,327 INFO o.a.j.s.SampleResult: sampleresult.nanoThreadSleep=5000
2024-04-03 09:55:26,523 INFO o.a.j.JMeter: Creating summariser <summary>
2024-04-03 09:55:26,529 INFO o.a.j.r.d.ReportGenerator: ReportGenerator will use for Parsing the separator: ','
2024-04-03 09:55:26,529 INFO o.a.j.r.d.ReportGenerator: Will generate report at end of test from  results file: /report/PetStoreAPIScriptDynamicBuildNumber1.jmx_2024-04-03_095420.jtl
2024-04-03 09:55:26,529 INFO o.a.j.r.d.ReportGenerator: Reading report generator properties from: /opt/jmeter/apache-jmeter-5.4.1/bin/reportgenerator.properties
2024-04-03 09:55:26,530 INFO o.a.j.r.d.ReportGenerator: Merging with JMeter properties
2024-04-03 09:55:26,535 INFO o.a.j.r.c.ReportGeneratorConfiguration: Property 'jmeter.reportgenerator.temp_dir' not found, using default value 'temp' instead.
2024-04-03 09:55:26,624 INFO o.a.j.r.c.ReportGeneratorConfiguration: Property 'jmeter.reportgenerator.apdex_per_transaction' not found, using default value 'null' instead.
2024-04-03 09:55:26,624 INFO o.a.j.r.c.ReportGeneratorConfiguration: apdex_per_transaction is empty, not APDEX per transaction customization
2024-04-03 09:55:26,625 INFO o.a.j.r.c.ReportGeneratorConfiguration: Property 'jmeter.reportgenerator.sample_filter' not found, using default value 'null' instead.
2024-04-03 09:55:26,625 INFO o.a.j.r.c.ReportGeneratorConfiguration: Property 'jmeter.reportgenerator.report_title' not found, using default value 'null' instead.
2024-04-03 09:55:26,625 INFO o.a.j.r.c.ReportGeneratorConfiguration: Property 'jmeter.reportgenerator.start_date' not found, using default value 'null' instead.
2024-04-03 09:55:26,625 INFO o.a.j.r.c.ReportGeneratorConfiguration: Property 'jmeter.reportgenerator.end_date' not found, using default value 'null' instead.
2024-04-03 09:55:26,625 INFO o.a.j.r.c.ReportGeneratorConfiguration: Property 'jmeter.reportgenerator.date_format' not found, using default value 'null' instead.
2024-04-03 09:55:26,626 INFO o.a.j.r.c.ReportGeneratorConfiguration: Will use date range start date: null, end date: null
2024-04-03 09:55:26,630 INFO o.a.j.r.c.ReportGeneratorConfiguration: Property 'jmeter.reportgenerator.graph.totalTPS.exclude_controllers' not found, using default value 'false' instead.
2024-04-03 09:55:26,630 INFO o.a.j.r.c.ReportGeneratorConfiguration: Property 'jmeter.reportgenerator.graph.activeThreadsOverTime.exclude_controllers' not found, using default value 'false' instead.
2024-04-03 09:55:26,630 INFO o.a.j.r.c.ReportGeneratorConfiguration: Property 'jmeter.reportgenerator.graph.timeVsThreads.exclude_controllers' not found, using default value 'false' instead.
2024-04-03 09:55:26,631 INFO o.a.j.r.c.ReportGeneratorConfiguration: Property 'jmeter.reportgenerator.graph.responseTimeDistribution.exclude_controllers' not found, using default value 'false' instead.
2024-04-03 09:55:26,631 INFO o.a.j.r.c.ReportGeneratorConfiguration: Property 'jmeter.reportgenerator.graph.transactionsPerSecond.exclude_controllers' not found, using default value 'false' instead.
2024-04-03 09:55:26,631 INFO o.a.j.r.c.ReportGeneratorConfiguration: Property 'jmeter.reportgenerator.graph.responseTimePercentiles.exclude_controllers' not found, using default value 'false' instead.
2024-04-03 09:55:26,631 INFO o.a.j.r.c.ReportGeneratorConfiguration: Property 'jmeter.reportgenerator.graph.responseTimePercentilesOverTime.exclude_controllers' not found, using default value 'false' instead.
2024-04-03 09:55:26,631 INFO o.a.j.r.c.ReportGeneratorConfiguration: Property 'jmeter.reportgenerator.graph.responseTimesOverTime.exclude_controllers' not found, using default value 'false' instead.
2024-04-03 09:55:26,632 INFO o.a.j.r.c.ReportGeneratorConfiguration: Property 'jmeter.reportgenerator.graph.connectTimeOverTime.exclude_controllers' not found, using default value 'false' instead.
2024-04-03 09:55:26,632 INFO o.a.j.r.c.ReportGeneratorConfiguration: Property 'jmeter.reportgenerator.graph.latenciesOverTime.exclude_controllers' not found, using default value 'false' instead.
2024-04-03 09:55:26,633 INFO o.a.j.r.c.ReportGeneratorConfiguration: Property 'jmeter.reportgenerator.exporter.json.filters_only_sample_series' not found, using default value 'true' instead.
2024-04-03 09:55:26,633 INFO o.a.j.r.c.ReportGeneratorConfiguration: Property 'jmeter.reportgenerator.exporter.json.series_filter' not found, using default value '' instead.
2024-04-03 09:55:26,633 INFO o.a.j.r.c.ReportGeneratorConfiguration: Property 'jmeter.reportgenerator.exporter.json.show_controllers_only' not found, using default value 'false' instead.
2024-04-03 09:55:26,634 INFO o.a.j.r.c.ReportGeneratorConfiguration: Property 'jmeter.reportgenerator.exporter.html.filters_only_sample_series' not found, using default value 'true' instead.
2024-04-03 09:55:26,634 INFO o.a.j.r.c.ReportGeneratorConfiguration: Property 'jmeter.reportgenerator.exporter.html.series_filter' not found, using default value '' instead.
2024-04-03 09:55:26,634 INFO o.a.j.r.c.ReportGeneratorConfiguration: Property 'jmeter.reportgenerator.exporter.html.show_controllers_only' not found, using default value 'false' instead.
2024-04-03 09:55:26,726 INFO o.a.j.e.DistributedRunner: Configuring remote engine: 10.35.0.17
2024-04-03 09:55:26,728 INFO o.a.j.r.RmiUtils: Disabling SSL for RMI as server.rmi.ssl.disable is set to 'true'
2024-04-03 09:55:27,132 INFO o.a.j.e.DistributedRunner: Starting distributed test with remote engines: [10.35.0.17] @ Wed Apr 03 09:55:27 UTC 2024 (1712138127132)
2024-04-03 09:55:27,133 INFO o.a.j.e.ClientJMeterEngine: running clientengine run method
2024-04-03 09:55:27,228 INFO o.a.j.e.u.CompoundVariable: Note: Function class names must contain the string: '.functions.'
2024-04-03 09:55:27,229 INFO o.a.j.e.u.CompoundVariable: Note: Function class names must not contain the string: '.gui.'
2024-04-03 09:55:27,625 INFO o.a.j.r.RmiUtils: Disabling SSL for RMI as server.rmi.ssl.disable is set to 'true'
2024-04-03 09:55:27,625 INFO o.a.j.r.RmiUtils: Disabling SSL for RMI as server.rmi.ssl.disable is set to 'true'
2024-04-03 09:55:27,628 INFO o.a.j.s.SampleEvent: List of sample_variables: []
2024-04-03 09:55:27,633 INFO o.a.j.s.BatchSampleSender: Using batching (client settings) for this run. Thresholds: num=100, time=60000
2024-04-03 09:55:27,633 INFO o.a.j.s.DataStrippingSampleSender: Using DataStrippingSampleSender for this run
2024-04-03 09:55:27,635 INFO o.a.j.r.RmiUtils: Disabling SSL for RMI as server.rmi.ssl.disable is set to 'true'
2024-04-03 09:55:27,635 INFO o.a.j.r.RmiUtils: Disabling SSL for RMI as server.rmi.ssl.disable is set to 'true'
2024-04-03 09:55:31,828 INFO o.a.j.r.RmiUtils: Disabling SSL for RMI as server.rmi.ssl.disable is set to 'true'
2024-04-03 09:55:31,829 INFO o.a.j.r.RmiUtils: Disabling SSL for RMI as server.rmi.ssl.disable is set to 'true'
2024-04-03 09:55:31,829 INFO o.a.j.r.RmiUtils: Disabling SSL for RMI as server.rmi.ssl.disable is set to 'true'
2024-04-03 09:55:31,830 INFO o.a.j.r.RmiUtils: Disabling SSL for RMI as server.rmi.ssl.disable is set to 'true'
2024-04-03 09:55:31,830 INFO o.a.j.s.BatchSampleSender: Using batching (client settings) for this run. Thresholds: num=100, time=60000
2024-04-03 09:55:31,830 INFO o.a.j.s.DataStrippingSampleSender: Using DataStrippingSampleSender for this run
2024-04-03 09:55:31,830 INFO o.a.j.r.RmiUtils: Disabling SSL for RMI as server.rmi.ssl.disable is set to 'true'
2024-04-03 09:55:31,830 INFO o.a.j.r.RmiUtils: Disabling SSL for RMI as server.rmi.ssl.disable is set to 'true'
2024-04-03 09:55:31,830 INFO o.a.j.s.BatchSampleSender: Using batching (client settings) for this run. Thresholds: num=100, time=60000
2024-04-03 09:55:31,830 INFO o.a.j.s.DataStrippingSampleSender: Using DataStrippingSampleSender for this run
2024-04-03 09:55:31,830 INFO o.a.j.r.RmiUtils: Disabling SSL for RMI as server.rmi.ssl.disable is set to 'true'
2024-04-03 09:55:31,831 INFO o.a.j.r.RmiUtils: Disabling SSL for RMI as server.rmi.ssl.disable is set to 'true'
2024-04-03 09:55:31,831 INFO o.a.j.s.BatchSampleSender: Using batching (client settings) for this run. Thresholds: num=100, time=60000
2024-04-03 09:55:31,831 INFO o.a.j.s.DataStrippingSampleSender: Using DataStrippingSampleSender for this run
2024-04-03 09:55:31,831 INFO o.a.j.r.RmiUtils: Disabling SSL for RMI as server.rmi.ssl.disable is set to 'true'
2024-04-03 09:55:31,831 INFO o.a.j.r.RmiUtils: Disabling SSL for RMI as server.rmi.ssl.disable is set to 'true'
2024-04-03 09:55:31,831 INFO o.a.j.s.BatchSampleSender: Using batching (client settings) for this run. Thresholds: num=100, time=60000
2024-04-03 09:55:31,832 INFO o.a.j.s.DataStrippingSampleSender: Using DataStrippingSampleSender for this run
2024-04-03 09:55:31,832 INFO o.a.j.r.RmiUtils: Disabling SSL for RMI as server.rmi.ssl.disable is set to 'true'
2024-04-03 09:55:31,832 INFO o.a.j.r.RmiUtils: Disabling SSL for RMI as server.rmi.ssl.disable is set to 'true'
2024-04-03 09:55:31,832 INFO o.a.j.s.BatchSampleSender: Using batching (client settings) for this run. Thresholds: num=100, time=60000
2024-04-03 09:55:31,832 INFO o.a.j.s.DataStrippingSampleSender: Using DataStrippingSampleSender for this run
2024-04-03 09:55:32,780 INFO o.a.j.e.ClientJMeterEngine: sent test to 10.35.0.17 basedir='.'
2024-04-03 09:55:32,781 INFO o.a.j.e.ClientJMeterEngine: Sending properties {}
2024-04-03 09:55:32,785 INFO o.a.j.e.ClientJMeterEngine: sent run command to 10.35.0.17
2024-04-03 09:55:32,785 INFO o.a.j.e.DistributedRunner: Remote engines have been started:[10.35.0.17]
2024-04-03 09:55:33,425 INFO o.a.j.v.b.BackendListener: Backend Listener 1: Starting worker with class: class org.apache.jmeter.visualizers.backend.influxdb.InfluxdbBackendListenerClient and queue capacity: 5000
2024-04-03 09:55:33,426 INFO o.a.j.v.b.BackendListener: Backend Listener 1: Started  worker with class: class org.apache.jmeter.visualizers.backend.influxdb.InfluxdbBackendListenerClient
2024-04-03 09:55:35,125 INFO o.a.j.v.b.BackendListener: Backend Listener 2: Starting worker with class: class rocks.nt.apm.jmeter.JMeterInfluxDBBackendListenerClient and queue capacity: 5000
2024-04-03 09:55:35,125 INFO o.a.j.v.b.BackendListener: Backend Listener 2: Started  worker with class: class rocks.nt.apm.jmeter.JMeterInfluxDBBackendListenerClient
2024-04-03 09:55:35,941 INFO o.a.j.JMeter: Started remote host:  10.35.0.17 (1712138135941)
2024-04-03 09:56:00,327 INFO o.a.j.r.Summariser: summary +    780 in 00:00:24 =   32.0/s Avg:   263 Min:   191 Max:  4396 Err:   103 (13.21%) Active: 10 Started: 10 Finished: 0
2024-04-03 09:56:30,877 INFO o.a.j.r.Summariser: summary +   1479 in 00:00:31 =   48.4/s Avg:   205 Min:   190 Max:   284 Err:   207 (14.00%) Active: 10 Started: 10 Finished: 0
2024-04-03 09:56:30,878 INFO o.a.j.r.Summariser: summary =   2259 in 00:00:55 =   41.1/s Avg:   225 Min:   190 Max:  4396 Err:   310 (13.72%)
2024-04-03 09:57:00,424 INFO o.a.j.r.Summariser: summary +   1400 in 00:00:30 =   47.4/s Avg:   209 Min:   191 Max:   816 Err:   191 (13.64%) Active: 10 Started: 10 Finished: 0
2024-04-03 09:57:00,424 INFO o.a.j.r.Summariser: summary =   3659 in 00:01:24 =   43.3/s Avg:   219 Min:   190 Max:  4396 Err:   501 (13.69%)
2024-04-03 09:57:30,828 INFO o.a.j.r.Summariser: summary +   1477 in 00:00:30 =   48.6/s Avg:   205 Min:   191 Max:   276 Err:   202 (13.68%) Active: 10 Started: 10 Finished: 0
2024-04-03 09:57:30,829 INFO o.a.j.r.Summariser: summary =   5136 in 00:01:55 =   44.7/s Avg:   215 Min:   190 Max:  4396 Err:   703 (13.69%)
2024-04-03 09:58:00,457 INFO o.a.j.r.Summariser: summary +   1401 in 00:00:30 =   47.3/s Avg:   210 Min:   190 Max:   733 Err:   195 (13.92%) Active: 10 Started: 10 Finished: 0
2024-04-03 09:58:00,457 INFO o.a.j.r.Summariser: summary =   6537 in 00:02:25 =   45.2/s Avg:   214 Min:   190 Max:  4396 Err:   898 (13.74%)
2024-04-03 09:58:31,220 INFO o.a.j.r.Summariser: summary +   1478 in 00:00:31 =   48.0/s Avg:   207 Min:   190 Max:   284 Err:   195 (13.19%) Active: 10 Started: 10 Finished: 0
2024-04-03 09:58:31,220 INFO o.a.j.r.Summariser: summary =   8015 in 00:02:55 =   45.7/s Avg:   213 Min:   190 Max:  4396 Err:  1093 (13.64%)
2024-04-03 09:59:00,295 INFO o.a.j.r.Summariser: summary +   1400 in 00:00:29 =   48.2/s Avg:   207 Min:   190 Max:   955 Err:   212 (15.14%) Active: 10 Started: 10 Finished: 0
2024-04-03 09:59:00,296 INFO o.a.j.r.Summariser: summary =   9415 in 00:03:24 =   46.1/s Avg:   212 Min:   190 Max:  4396 Err:  1305 (13.86%)
2024-04-03 09:59:30,185 INFO o.a.j.r.Summariser: summary +   1477 in 00:00:30 =   49.4/s Avg:   201 Min:   190 Max:   271 Err:   219 (14.83%) Active: 10 Started: 10 Finished: 0
2024-04-03 09:59:30,185 INFO o.a.j.r.Summariser: summary =  10892 in 00:03:54 =   46.5/s Avg:   210 Min:   190 Max:  4396 Err:  1524 (13.99%)
2024-04-03 10:00:00,044 INFO o.a.j.r.Summariser: summary +   1399 in 00:00:30 =   46.9/s Avg:   212 Min:   190 Max:  1121 Err:   198 (14.15%) Active: 10 Started: 10 Finished: 0
2024-04-03 10:00:00,045 INFO o.a.j.r.Summariser: summary =  12291 in 00:04:24 =   46.5/s Avg:   210 Min:   190 Max:  4396 Err:  1722 (14.01%)
2024-04-03 10:00:31,004 INFO o.a.j.r.Summariser: summary +   1478 in 00:00:31 =   47.7/s Avg:   209 Min:   191 Max:   642 Err:   224 (15.16%) Active: 10 Started: 10 Finished: 0
2024-04-03 10:00:31,004 INFO o.a.j.r.Summariser: summary =  13769 in 00:04:55 =   46.7/s Avg:   210 Min:   190 Max:  4396 Err:  1946 (14.13%)
2024-04-03 10:01:00,852 INFO o.a.j.r.Summariser: summary +   1403 in 00:00:30 =   47.0/s Avg:   212 Min:   190 Max:  1118 Err:   198 (14.11%) Active: 10 Started: 10 Finished: 0
2024-04-03 10:01:00,853 INFO o.a.j.r.Summariser: summary =  15172 in 00:05:25 =   46.7/s Avg:   210 Min:   190 Max:  4396 Err:  2144 (14.13%)
2024-04-03 10:01:31,462 INFO o.a.j.r.Summariser: summary +   1476 in 00:00:31 =   48.2/s Avg:   206 Min:   190 Max:   232 Err:   225 (15.24%) Active: 10 Started: 10 Finished: 0
2024-04-03 10:01:31,463 INFO o.a.j.r.Summariser: summary =  16648 in 00:05:56 =   46.8/s Avg:   210 Min:   190 Max:  4396 Err:  2369 (14.23%)
2024-04-03 10:02:01,557 INFO o.a.j.r.Summariser: summary +   1398 in 00:00:30 =   46.5/s Avg:   214 Min:   190 Max:  1112 Err:   193 (13.81%) Active: 10 Started: 10 Finished: 0
2024-04-03 10:02:01,558 INFO o.a.j.r.Summariser: summary =  18046 in 00:06:26 =   46.8/s Avg:   210 Min:   190 Max:  4396 Err:  2562 (14.20%)
2024-04-03 10:02:31,037 INFO o.a.j.r.Summariser: summary +   1401 in 00:00:29 =   47.5/s Avg:   210 Min:   191 Max:   225 Err:   220 (15.70%) Active: 10 Started: 10 Finished: 0
2024-04-03 10:02:31,037 INFO o.a.j.r.Summariser: summary =  19447 in 00:06:55 =   46.8/s Avg:   210 Min:   190 Max:  4396 Err:  2782 (14.31%)
2024-04-03 10:03:00,589 INFO o.a.j.r.Summariser: summary +   1399 in 00:00:30 =   47.3/s Avg:   210 Min:   190 Max:   752 Err:   202 (14.44%) Active: 10 Started: 10 Finished: 0
2024-04-03 10:03:00,589 INFO o.a.j.r.Summariser: summary =  20846 in 00:07:25 =   46.9/s Avg:   210 Min:   190 Max:  4396 Err:  2984 (14.31%)
2024-04-03 10:03:31,161 INFO o.a.j.r.Summariser: summary +   1479 in 00:00:31 =   48.4/s Avg:   206 Min:   190 Max:   234 Err:   204 (13.79%) Active: 10 Started: 10 Finished: 0
2024-04-03 10:03:31,161 INFO o.a.j.r.Summariser: summary =  22325 in 00:07:55 =   47.0/s Avg:   210 Min:   190 Max:  4396 Err:  3188 (14.28%)
2024-04-03 10:04:00,343 INFO o.a.j.r.Summariser: summary +   1400 in 00:00:29 =   48.0/s Avg:   207 Min:   190 Max:   726 Err:   202 (14.43%) Active: 10 Started: 10 Finished: 0
2024-04-03 10:04:00,343 INFO o.a.j.r.Summariser: summary =  23725 in 00:08:24 =   47.0/s Avg:   210 Min:   190 Max:  4396 Err:  3390 (14.29%)
2024-04-03 10:04:30,536 INFO o.a.j.r.Summariser: summary +   1478 in 00:00:30 =   49.0/s Avg:   204 Min:   190 Max:   230 Err:   214 (14.48%) Active: 10 Started: 10 Finished: 0
2024-04-03 10:04:30,536 INFO o.a.j.r.Summariser: summary =  25203 in 00:08:55 =   47.1/s Avg:   210 Min:   190 Max:  4396 Err:  3604 (14.30%)
2024-04-03 10:05:00,425 INFO o.a.j.r.Summariser: summary +   1401 in 00:00:30 =   46.9/s Avg:   212 Min:   189 Max:   706 Err:   201 (14.35%) Active: 10 Started: 10 Finished: 0
2024-04-03 10:05:00,425 INFO o.a.j.r.Summariser: summary =  26604 in 00:09:24 =   47.1/s Avg:   210 Min:   189 Max:  4396 Err:  3805 (14.30%)
2024-04-03 10:05:30,062 INFO o.a.j.r.Summariser: summary +   1398 in 00:00:30 =   47.2/s Avg:   211 Min:   193 Max:   231 Err:   224 (16.02%) Active: 10 Started: 10 Finished: 0
2024-04-03 10:05:30,062 INFO o.a.j.r.Summariser: summary =  28002 in 00:09:54 =   47.1/s Avg:   210 Min:   189 Max:  4396 Err:  4029 (14.39%)
2024-04-03 10:06:00,381 INFO o.a.j.r.Summariser: summary +   1480 in 00:00:30 =   48.8/s Avg:   204 Min:   188 Max:   938 Err:   215 (14.53%) Active: 10 Started: 10 Finished: 0
2024-04-03 10:06:00,382 INFO o.a.j.r.Summariser: summary =  29482 in 00:10:24 =   47.2/s Avg:   210 Min:   188 Max:  4396 Err:  4244 (14.40%)
2024-04-03 10:06:30,889 INFO o.a.j.r.Summariser: summary +   1556 in 00:00:31 =   51.0/s Avg:   195 Min:   188 Max:   212 Err:   221 (14.20%) Active: 10 Started: 10 Finished: 0
2024-04-03 10:06:30,890 INFO o.a.j.r.Summariser: summary =  31038 in 00:10:55 =   47.4/s Avg:   209 Min:   188 Max:  4396 Err:  4465 (14.39%)
2024-04-03 10:07:00,241 INFO o.a.j.r.Summariser: summary +   1398 in 00:00:29 =   47.6/s Avg:   208 Min:   189 Max:  1013 Err:   207 (14.81%) Active: 10 Started: 10 Finished: 0
2024-04-03 10:07:00,242 INFO o.a.j.r.Summariser: summary =  32436 in 00:11:24 =   47.4/s Avg:   209 Min:   188 Max:  4396 Err:  4672 (14.40%)
2024-04-03 10:07:30,974 INFO o.a.j.r.Summariser: summary +   1479 in 00:00:31 =   48.1/s Avg:   207 Min:   191 Max:   227 Err:   235 (15.89%) Active: 10 Started: 10 Finished: 0
2024-04-03 10:07:30,974 INFO o.a.j.r.Summariser: summary =  33915 in 00:11:55 =   47.4/s Avg:   209 Min:   188 Max:  4396 Err:  4907 (14.47%)
2024-04-03 10:08:00,467 INFO o.a.j.r.Summariser: summary +   1399 in 00:00:29 =   47.4/s Avg:   210 Min:   190 Max:   956 Err:   190 (13.58%) Active: 10 Started: 10 Finished: 0
2024-04-03 10:08:00,468 INFO o.a.j.r.Summariser: summary =  35314 in 00:12:25 =   47.4/s Avg:   209 Min:   188 Max:  4396 Err:  5097 (14.43%)
2024-04-03 10:08:30,751 INFO o.a.j.r.Summariser: summary +   1479 in 00:00:30 =   48.8/s Avg:   204 Min:   191 Max:   285 Err:   189 (12.78%) Active: 10 Started: 10 Finished: 0
2024-04-03 10:08:30,752 INFO o.a.j.r.Summariser: summary =  36793 in 00:12:55 =   47.5/s Avg:   209 Min:   188 Max:  4396 Err:  5286 (14.37%)
2024-04-03 10:09:01,582 INFO o.a.j.r.Summariser: summary +   1476 in 00:00:31 =   47.9/s Avg:   208 Min:   190 Max:   670 Err:   200 (13.55%) Active: 10 Started: 10 Finished: 0
2024-04-03 10:09:01,582 INFO o.a.j.r.Summariser: summary =  38269 in 00:13:26 =   47.5/s Avg:   209 Min:   188 Max:  4396 Err:  5486 (14.34%)
2024-04-03 10:09:30,469 INFO o.a.j.r.Summariser: summary +   1401 in 00:00:29 =   48.5/s Avg:   205 Min:   190 Max:   224 Err:   202 (14.42%) Active: 10 Started: 10 Finished: 0
2024-04-03 10:09:30,469 INFO o.a.j.r.Summariser: summary =  39670 in 00:13:55 =   47.5/s Avg:   208 Min:   188 Max:  4396 Err:  5688 (14.34%)
2024-04-03 10:10:00,992 INFO o.a.j.r.Summariser: summary +   1478 in 00:00:31 =   48.4/s Avg:   206 Min:   188 Max:   715 Err:   203 (13.73%) Active: 10 Started: 10 Finished: 0
2024-04-03 10:10:00,992 INFO o.a.j.r.Summariser: summary =  41148 in 00:14:25 =   47.6/s Avg:   208 Min:   188 Max:  4396 Err:  5891 (14.32%)
2024-04-03 10:10:30,862 INFO o.a.j.r.Summariser: summary +   1476 in 00:00:30 =   49.4/s Avg:   202 Min:   188 Max:   225 Err:   235 (15.92%) Active: 10 Started: 10 Finished: 0
2024-04-03 10:10:30,863 INFO o.a.j.r.Summariser: summary =  42624 in 00:14:55 =   47.6/s Avg:   208 Min:   188 Max:  4396 Err:  6126 (14.37%)
