2024-04-04 05:17:12,400 INFO o.a.j.u.JMeterUtils: Setting Locale to en_EN
2024-04-04 05:17:12,499 INFO o.a.j.JMeter: Loading user properties from: user.properties
2024-04-04 05:17:12,500 INFO o.a.j.JMeter: Loading system properties from: system.properties
2024-04-04 05:17:12,500 INFO o.a.j.JMeter: Setting System property: server.rmi.ssl.disable=true
2024-04-04 05:17:12,597 INFO o.a.j.JMeter: Copyright (c) 1998-2021 The Apache Software Foundation
2024-04-04 05:17:12,598 INFO o.a.j.JMeter: Version 5.4.1
2024-04-04 05:17:12,598 INFO o.a.j.JMeter: java.version=16.0.2
2024-04-04 05:17:12,599 INFO o.a.j.JMeter: java.vm.name=OpenJDK 64-Bit Server VM
2024-04-04 05:17:12,599 INFO o.a.j.JMeter: os.name=Linux
2024-04-04 05:17:12,599 INFO o.a.j.JMeter: os.arch=amd64
2024-04-04 05:17:12,599 INFO o.a.j.JMeter: os.version=6.5.0-1016-aws
2024-04-04 05:17:12,600 INFO o.a.j.JMeter: file.encoding=UTF-8
2024-04-04 05:17:12,600 INFO o.a.j.JMeter: java.awt.headless=null
2024-04-04 05:17:12,600 INFO o.a.j.JMeter: Max memory     =1073741824
2024-04-04 05:17:12,600 INFO o.a.j.JMeter: Available Processors =1
2024-04-04 05:17:12,624 INFO o.a.j.JMeter: Default Locale=English (EN)
2024-04-04 05:17:12,625 INFO o.a.j.JMeter: JMeter  Locale=English (EN)
2024-04-04 05:17:12,625 INFO o.a.j.JMeter: JMeterHome=/opt/jmeter/apache-jmeter-5.4.1
2024-04-04 05:17:12,625 INFO o.a.j.JMeter: user.dir  =/opt/jmeter/apache-jmeter-5.4.1/bin
2024-04-04 05:17:12,625 INFO o.a.j.JMeter: PWD       =/opt/jmeter/apache-jmeter-5.4.1/bin
2024-04-04 05:17:12,625 INFO o.a.j.JMeter: IP: 10.35.0.13 Name: jmeter-master04-04-10-45-59-7hld9 FullName: jmeter-master04-04-10-45-59-7hld9
2024-04-04 05:17:12,694 INFO o.a.j.JMeter: Setting property 'jmeter.reportgenerator.outputdir' to:'/report/report-PetStoreAPIScriptDynamicBuildNumber1.jmx-2024-04-04_051608'
2024-04-04 05:17:12,717 INFO o.a.j.s.FileServer: Default base='/opt/jmeter/apache-jmeter-5.4.1/bin'
2024-04-04 05:17:12,718 INFO o.a.j.s.FileServer: Set new base='/opt/jmeter/apache-jmeter-5.4.1/bin'
2024-04-04 05:17:14,395 INFO o.a.j.s.SaveService: Testplan (JMX) version: 2.2. Testlog (JTL) version: 2.2
2024-04-04 05:17:14,592 INFO o.a.j.s.SaveService: Using SaveService properties version 5.0
2024-04-04 05:17:14,596 INFO o.a.j.s.SaveService: Using SaveService properties file encoding UTF-8
2024-04-04 05:17:14,599 INFO o.a.j.s.SaveService: Loading file: PetStoreAPIScriptDynamicBuildNumber1.jmx
2024-04-04 05:17:14,993 INFO o.a.j.p.h.c.CookieManager: Settings: Delete null: true Check: true Allow variable: true Save: false Prefix: COOKIE_
2024-04-04 05:17:15,098 INFO o.a.j.p.h.s.HTTPSamplerBase: Parser for text/html is org.apache.jmeter.protocol.http.parser.LagartoBasedHtmlParser
2024-04-04 05:17:15,103 INFO o.a.j.p.h.s.HTTPSamplerBase: Parser for application/xhtml+xml is org.apache.jmeter.protocol.http.parser.LagartoBasedHtmlParser
2024-04-04 05:17:15,103 INFO o.a.j.p.h.s.HTTPSamplerBase: Parser for application/xml is org.apache.jmeter.protocol.http.parser.LagartoBasedHtmlParser
2024-04-04 05:17:15,103 INFO o.a.j.p.h.s.HTTPSamplerBase: Parser for text/xml is org.apache.jmeter.protocol.http.parser.LagartoBasedHtmlParser
2024-04-04 05:17:15,104 INFO o.a.j.p.h.s.HTTPSamplerBase: Parser for text/vnd.wap.wml is org.apache.jmeter.protocol.http.parser.RegexpHTMLParser
2024-04-04 05:17:15,104 INFO o.a.j.p.h.s.HTTPSamplerBase: Parser for text/css is org.apache.jmeter.protocol.http.parser.CssParser
2024-04-04 05:17:15,495 INFO o.a.j.s.SampleResult: Note: Sample TimeStamps are START times
2024-04-04 05:17:15,495 INFO o.a.j.s.SampleResult: sampleresult.default.encoding is set to ISO-8859-1
2024-04-04 05:17:15,495 INFO o.a.j.s.SampleResult: sampleresult.useNanoTime=true
2024-04-04 05:17:15,495 INFO o.a.j.s.SampleResult: sampleresult.nanoThreadSleep=5000
2024-04-04 05:17:15,822 INFO o.a.j.JMeter: Creating summariser <summary>
2024-04-04 05:17:15,891 INFO o.a.j.r.d.ReportGenerator: ReportGenerator will use for Parsing the separator: ','
2024-04-04 05:17:15,891 INFO o.a.j.r.d.ReportGenerator: Will generate report at end of test from  results file: /report/PetStoreAPIScriptDynamicBuildNumber1.jmx_2024-04-04_051608.jtl
2024-04-04 05:17:15,891 INFO o.a.j.r.d.ReportGenerator: Reading report generator properties from: /opt/jmeter/apache-jmeter-5.4.1/bin/reportgenerator.properties
2024-04-04 05:17:15,892 INFO o.a.j.r.d.ReportGenerator: Merging with JMeter properties
2024-04-04 05:17:15,921 INFO o.a.j.r.c.ReportGeneratorConfiguration: Property 'jmeter.reportgenerator.temp_dir' not found, using default value 'temp' instead.
2024-04-04 05:17:15,925 INFO o.a.j.r.c.ReportGeneratorConfiguration: Property 'jmeter.reportgenerator.apdex_per_transaction' not found, using default value 'null' instead.
2024-04-04 05:17:15,925 INFO o.a.j.r.c.ReportGeneratorConfiguration: apdex_per_transaction is empty, not APDEX per transaction customization
2024-04-04 05:17:15,925 INFO o.a.j.r.c.ReportGeneratorConfiguration: Property 'jmeter.reportgenerator.sample_filter' not found, using default value 'null' instead.
2024-04-04 05:17:15,925 INFO o.a.j.r.c.ReportGeneratorConfiguration: Property 'jmeter.reportgenerator.report_title' not found, using default value 'null' instead.
2024-04-04 05:17:15,925 INFO o.a.j.r.c.ReportGeneratorConfiguration: Property 'jmeter.reportgenerator.start_date' not found, using default value 'null' instead.
2024-04-04 05:17:15,925 INFO o.a.j.r.c.ReportGeneratorConfiguration: Property 'jmeter.reportgenerator.end_date' not found, using default value 'null' instead.
2024-04-04 05:17:15,925 INFO o.a.j.r.c.ReportGeneratorConfiguration: Property 'jmeter.reportgenerator.date_format' not found, using default value 'null' instead.
2024-04-04 05:17:15,926 INFO o.a.j.r.c.ReportGeneratorConfiguration: Will use date range start date: null, end date: null
2024-04-04 05:17:15,929 INFO o.a.j.r.c.ReportGeneratorConfiguration: Property 'jmeter.reportgenerator.graph.totalTPS.exclude_controllers' not found, using default value 'false' instead.
2024-04-04 05:17:15,930 INFO o.a.j.r.c.ReportGeneratorConfiguration: Property 'jmeter.reportgenerator.graph.activeThreadsOverTime.exclude_controllers' not found, using default value 'false' instead.
2024-04-04 05:17:15,930 INFO o.a.j.r.c.ReportGeneratorConfiguration: Property 'jmeter.reportgenerator.graph.timeVsThreads.exclude_controllers' not found, using default value 'false' instead.
2024-04-04 05:17:15,930 INFO o.a.j.r.c.ReportGeneratorConfiguration: Property 'jmeter.reportgenerator.graph.responseTimeDistribution.exclude_controllers' not found, using default value 'false' instead.
2024-04-04 05:17:15,930 INFO o.a.j.r.c.ReportGeneratorConfiguration: Property 'jmeter.reportgenerator.graph.transactionsPerSecond.exclude_controllers' not found, using default value 'false' instead.
2024-04-04 05:17:15,930 INFO o.a.j.r.c.ReportGeneratorConfiguration: Property 'jmeter.reportgenerator.graph.responseTimePercentiles.exclude_controllers' not found, using default value 'false' instead.
2024-04-04 05:17:15,931 INFO o.a.j.r.c.ReportGeneratorConfiguration: Property 'jmeter.reportgenerator.graph.responseTimePercentilesOverTime.exclude_controllers' not found, using default value 'false' instead.
2024-04-04 05:17:15,931 INFO o.a.j.r.c.ReportGeneratorConfiguration: Property 'jmeter.reportgenerator.graph.responseTimesOverTime.exclude_controllers' not found, using default value 'false' instead.
2024-04-04 05:17:15,991 INFO o.a.j.r.c.ReportGeneratorConfiguration: Property 'jmeter.reportgenerator.graph.connectTimeOverTime.exclude_controllers' not found, using default value 'false' instead.
2024-04-04 05:17:15,991 INFO o.a.j.r.c.ReportGeneratorConfiguration: Property 'jmeter.reportgenerator.graph.latenciesOverTime.exclude_controllers' not found, using default value 'false' instead.
2024-04-04 05:17:15,992 INFO o.a.j.r.c.ReportGeneratorConfiguration: Property 'jmeter.reportgenerator.exporter.json.filters_only_sample_series' not found, using default value 'true' instead.
2024-04-04 05:17:15,992 INFO o.a.j.r.c.ReportGeneratorConfiguration: Property 'jmeter.reportgenerator.exporter.json.series_filter' not found, using default value '' instead.
2024-04-04 05:17:15,992 INFO o.a.j.r.c.ReportGeneratorConfiguration: Property 'jmeter.reportgenerator.exporter.json.show_controllers_only' not found, using default value 'false' instead.
2024-04-04 05:17:15,993 INFO o.a.j.r.c.ReportGeneratorConfiguration: Property 'jmeter.reportgenerator.exporter.html.filters_only_sample_series' not found, using default value 'true' instead.
2024-04-04 05:17:15,993 INFO o.a.j.r.c.ReportGeneratorConfiguration: Property 'jmeter.reportgenerator.exporter.html.series_filter' not found, using default value '' instead.
2024-04-04 05:17:15,993 INFO o.a.j.r.c.ReportGeneratorConfiguration: Property 'jmeter.reportgenerator.exporter.html.show_controllers_only' not found, using default value 'false' instead.
2024-04-04 05:17:16,020 INFO o.a.j.e.DistributedRunner: Configuring remote engine: 10.35.0.14
2024-04-04 05:17:16,028 INFO o.a.j.r.RmiUtils: Disabling SSL for RMI as server.rmi.ssl.disable is set to 'true'
2024-04-04 05:17:16,430 INFO o.a.j.e.DistributedRunner: Starting distributed test with remote engines: [10.35.0.14] @ Thu Apr 04 05:17:16 UTC 2024 (1712207836429)
2024-04-04 05:17:16,430 INFO o.a.j.e.ClientJMeterEngine: running clientengine run method
2024-04-04 05:17:16,516 INFO o.a.j.e.u.CompoundVariable: Note: Function class names must contain the string: '.functions.'
2024-04-04 05:17:16,517 INFO o.a.j.e.u.CompoundVariable: Note: Function class names must not contain the string: '.gui.'
2024-04-04 05:17:16,920 INFO o.a.j.r.RmiUtils: Disabling SSL for RMI as server.rmi.ssl.disable is set to 'true'
2024-04-04 05:17:16,920 INFO o.a.j.r.RmiUtils: Disabling SSL for RMI as server.rmi.ssl.disable is set to 'true'
2024-04-04 05:17:16,991 INFO o.a.j.s.SampleEvent: List of sample_variables: []
2024-04-04 05:17:17,021 INFO o.a.j.s.BatchSampleSender: Using batching (client settings) for this run. Thresholds: num=100, time=60000
2024-04-04 05:17:17,021 INFO o.a.j.s.DataStrippingSampleSender: Using DataStrippingSampleSender for this run
2024-04-04 05:17:17,023 INFO o.a.j.r.RmiUtils: Disabling SSL for RMI as server.rmi.ssl.disable is set to 'true'
2024-04-04 05:17:17,023 INFO o.a.j.r.RmiUtils: Disabling SSL for RMI as server.rmi.ssl.disable is set to 'true'
2024-04-04 05:17:21,419 INFO o.a.j.r.RmiUtils: Disabling SSL for RMI as server.rmi.ssl.disable is set to 'true'
2024-04-04 05:17:21,421 INFO o.a.j.r.RmiUtils: Disabling SSL for RMI as server.rmi.ssl.disable is set to 'true'
2024-04-04 05:17:21,423 INFO o.a.j.r.RmiUtils: Disabling SSL for RMI as server.rmi.ssl.disable is set to 'true'
2024-04-04 05:17:21,424 INFO o.a.j.r.RmiUtils: Disabling SSL for RMI as server.rmi.ssl.disable is set to 'true'
2024-04-04 05:17:21,427 INFO o.a.j.s.BatchSampleSender: Using batching (client settings) for this run. Thresholds: num=100, time=60000
2024-04-04 05:17:21,427 INFO o.a.j.s.DataStrippingSampleSender: Using DataStrippingSampleSender for this run
2024-04-04 05:17:21,427 INFO o.a.j.r.RmiUtils: Disabling SSL for RMI as server.rmi.ssl.disable is set to 'true'
2024-04-04 05:17:21,427 INFO o.a.j.r.RmiUtils: Disabling SSL for RMI as server.rmi.ssl.disable is set to 'true'
2024-04-04 05:17:21,428 INFO o.a.j.s.BatchSampleSender: Using batching (client settings) for this run. Thresholds: num=100, time=60000
2024-04-04 05:17:21,428 INFO o.a.j.s.DataStrippingSampleSender: Using DataStrippingSampleSender for this run
2024-04-04 05:17:21,428 INFO o.a.j.r.RmiUtils: Disabling SSL for RMI as server.rmi.ssl.disable is set to 'true'
2024-04-04 05:17:21,428 INFO o.a.j.r.RmiUtils: Disabling SSL for RMI as server.rmi.ssl.disable is set to 'true'
2024-04-04 05:17:21,430 INFO o.a.j.s.BatchSampleSender: Using batching (client settings) for this run. Thresholds: num=100, time=60000
2024-04-04 05:17:21,430 INFO o.a.j.s.DataStrippingSampleSender: Using DataStrippingSampleSender for this run
2024-04-04 05:17:21,430 INFO o.a.j.r.RmiUtils: Disabling SSL for RMI as server.rmi.ssl.disable is set to 'true'
2024-04-04 05:17:21,430 INFO o.a.j.r.RmiUtils: Disabling SSL for RMI as server.rmi.ssl.disable is set to 'true'
2024-04-04 05:17:21,431 INFO o.a.j.s.BatchSampleSender: Using batching (client settings) for this run. Thresholds: num=100, time=60000
2024-04-04 05:17:21,431 INFO o.a.j.s.DataStrippingSampleSender: Using DataStrippingSampleSender for this run
2024-04-04 05:17:21,431 INFO o.a.j.r.RmiUtils: Disabling SSL for RMI as server.rmi.ssl.disable is set to 'true'
2024-04-04 05:17:21,431 INFO o.a.j.r.RmiUtils: Disabling SSL for RMI as server.rmi.ssl.disable is set to 'true'
2024-04-04 05:17:21,432 INFO o.a.j.s.BatchSampleSender: Using batching (client settings) for this run. Thresholds: num=100, time=60000
2024-04-04 05:17:21,432 INFO o.a.j.s.DataStrippingSampleSender: Using DataStrippingSampleSender for this run
2024-04-04 05:17:22,416 INFO o.a.j.e.ClientJMeterEngine: sent test to 10.35.0.14 basedir='.'
2024-04-04 05:17:22,416 INFO o.a.j.e.ClientJMeterEngine: Sending properties {}
2024-04-04 05:17:22,423 INFO o.a.j.e.ClientJMeterEngine: sent run command to 10.35.0.14
2024-04-04 05:17:22,423 INFO o.a.j.e.DistributedRunner: Remote engines have been started:[10.35.0.14]
2024-04-04 05:17:23,117 INFO o.a.j.v.b.BackendListener: Backend Listener 1: Starting worker with class: class org.apache.jmeter.visualizers.backend.influxdb.InfluxdbBackendListenerClient and queue capacity: 5000
2024-04-04 05:17:23,125 INFO o.a.j.v.b.BackendListener: Backend Listener 1: Started  worker with class: class org.apache.jmeter.visualizers.backend.influxdb.InfluxdbBackendListenerClient
2024-04-04 05:17:24,821 INFO o.a.j.v.b.BackendListener: Backend Listener 2: Starting worker with class: class rocks.nt.apm.jmeter.JMeterInfluxDBBackendListenerClient and queue capacity: 5000
2024-04-04 05:17:24,822 INFO o.a.j.v.b.BackendListener: Backend Listener 2: Started  worker with class: class rocks.nt.apm.jmeter.JMeterInfluxDBBackendListenerClient
2024-04-04 05:17:26,018 INFO o.a.j.JMeter: Started remote host:  10.35.0.14 (1712207846018)
2024-04-04 05:17:30,919 INFO o.a.j.r.Summariser: summary +      1 in 00:00:05 =    0.2/s Avg:  3700 Min:  3700 Max:  3700 Err:     0 (0.00%) Active: 10 Started: 10 Finished: 0
2024-04-04 05:18:01,122 INFO o.a.j.r.Summariser: summary +   1324 in 00:00:30 =   43.8/s Avg:   234 Min:   194 Max:  3905 Err:   188 (14.20%) Active: 10 Started: 10 Finished: 0
2024-04-04 05:18:01,123 INFO o.a.j.r.Summariser: summary =   1325 in 00:00:35 =   37.7/s Avg:   237 Min:   194 Max:  3905 Err:   188 (14.19%)
2024-04-04 05:18:30,220 INFO o.a.j.r.Summariser: summary +   1323 in 00:00:29 =   45.5/s Avg:   209 Min:   192 Max:  1003 Err:   185 (13.98%) Active: 10 Started: 10 Finished: 0
2024-04-04 05:18:30,223 INFO o.a.j.r.Summariser: summary =   2648 in 00:01:04 =   41.2/s Avg:   223 Min:   192 Max:  3905 Err:   373 (14.09%)
2024-04-04 05:19:01,160 INFO o.a.j.r.Summariser: summary +   1477 in 00:00:31 =   47.7/s Avg:   215 Min:   193 Max:  1531 Err:   196 (13.27%) Active: 10 Started: 10 Finished: 0
2024-04-04 05:19:01,161 INFO o.a.j.r.Summariser: summary =   4125 in 00:01:35 =   43.4/s Avg:   220 Min:   192 Max:  3905 Err:   569 (13.79%)
2024-04-04 05:19:31,029 INFO o.a.j.r.Summariser: summary +   1402 in 00:00:30 =   46.9/s Avg:   212 Min:   193 Max:   773 Err:   189 (13.48%) Active: 10 Started: 10 Finished: 0
2024-04-04 05:19:31,030 INFO o.a.j.r.Summariser: summary =   5527 in 00:02:05 =   44.2/s Avg:   218 Min:   192 Max:  3905 Err:   758 (13.71%)
2024-04-04 05:20:00,280 INFO o.a.j.r.Summariser: summary +   1398 in 00:00:29 =   47.8/s Avg:   208 Min:   204 Max:   276 Err:   201 (14.38%) Active: 10 Started: 10 Finished: 0
2024-04-04 05:20:00,280 INFO o.a.j.r.Summariser: summary =   6925 in 00:02:34 =   44.9/s Avg:   216 Min:   192 Max:  3905 Err:   959 (13.85%)
2024-04-04 05:20:30,451 INFO o.a.j.r.Summariser: summary +   1399 in 00:00:30 =   46.4/s Avg:   214 Min:   194 Max:  1083 Err:   218 (15.58%) Active: 10 Started: 10 Finished: 0
2024-04-04 05:20:30,452 INFO o.a.j.r.Summariser: summary =   8324 in 00:03:04 =   45.1/s Avg:   216 Min:   192 Max:  3905 Err:  1177 (14.14%)
2024-04-04 05:21:00,742 INFO o.a.j.r.Summariser: summary +   1477 in 00:00:30 =   48.8/s Avg:   205 Min:   192 Max:   980 Err:   215 (14.56%) Active: 10 Started: 10 Finished: 0
2024-04-04 05:21:00,743 INFO o.a.j.r.Summariser: summary =   9801 in 00:03:35 =   45.6/s Avg:   214 Min:   192 Max:  3905 Err:  1392 (14.20%)
2024-04-04 05:21:30,177 INFO o.a.j.r.Summariser: summary +   1400 in 00:00:29 =   47.6/s Avg:   203 Min:   192 Max:   280 Err:   207 (14.79%) Active: 10 Started: 10 Finished: 0
2024-04-04 05:21:30,177 INFO o.a.j.r.Summariser: summary =  11201 in 00:04:04 =   45.9/s Avg:   213 Min:   192 Max:  3905 Err:  1599 (14.28%)
