2024-03-27 05:26:05,276 INFO o.a.j.u.JMeterUtils: Setting Locale to en_EN
2024-03-27 05:26:05,474 INFO o.a.j.JMeter: Loading user properties from: user.properties
2024-03-27 05:26:05,475 INFO o.a.j.JMeter: Loading system properties from: system.properties
2024-03-27 05:26:05,475 INFO o.a.j.JMeter: Setting System property: server.rmi.ssl.disable=true
2024-03-27 05:26:05,571 INFO o.a.j.JMeter: Copyright (c) 1998-2021 The Apache Software Foundation
2024-03-27 05:26:05,571 INFO o.a.j.JMeter: Version 5.4.1
2024-03-27 05:26:05,571 INFO o.a.j.JMeter: java.version=16.0.2
2024-03-27 05:26:05,571 INFO o.a.j.JMeter: java.vm.name=OpenJDK 64-Bit Server VM
2024-03-27 05:26:05,572 INFO o.a.j.JMeter: os.name=Linux
2024-03-27 05:26:05,572 INFO o.a.j.JMeter: os.arch=amd64
2024-03-27 05:26:05,572 INFO o.a.j.JMeter: os.version=6.5.0-1015-aws
2024-03-27 05:26:05,572 INFO o.a.j.JMeter: file.encoding=UTF-8
2024-03-27 05:26:05,572 INFO o.a.j.JMeter: java.awt.headless=null
2024-03-27 05:26:05,572 INFO o.a.j.JMeter: Max memory     =1073741824
2024-03-27 05:26:05,572 INFO o.a.j.JMeter: Available Processors =1
2024-03-27 05:26:05,674 INFO o.a.j.JMeter: Default Locale=English (EN)
2024-03-27 05:26:05,674 INFO o.a.j.JMeter: JMeter  Locale=English (EN)
2024-03-27 05:26:05,674 INFO o.a.j.JMeter: JMeterHome=/opt/jmeter/apache-jmeter-5.4.1
2024-03-27 05:26:05,675 INFO o.a.j.JMeter: user.dir  =/opt/jmeter/apache-jmeter-5.4.1/bin
2024-03-27 05:26:05,675 INFO o.a.j.JMeter: PWD       =/opt/jmeter/apache-jmeter-5.4.1/bin
2024-03-27 05:26:05,675 INFO o.a.j.JMeter: IP: 10.35.0.12 Name: jmeter-master03-27-10-54-44-npp5z FullName: jmeter-master03-27-10-54-44-npp5z
2024-03-27 05:26:05,729 INFO o.a.j.JMeter: Setting property 'jmeter.reportgenerator.outputdir' to:'/report/report-PetStoreAPIScriptDynamicBuildNumber1.jmx-2024-03-27_052457'
2024-03-27 05:26:05,772 INFO o.a.j.s.FileServer: Default base='/opt/jmeter/apache-jmeter-5.4.1/bin'
2024-03-27 05:26:05,773 INFO o.a.j.s.FileServer: Set new base='/opt/jmeter/apache-jmeter-5.4.1/bin'
2024-03-27 05:26:07,130 INFO o.a.j.s.SaveService: Testplan (JMX) version: 2.2. Testlog (JTL) version: 2.2
2024-03-27 05:26:07,330 INFO o.a.j.s.SaveService: Using SaveService properties version 5.0
2024-03-27 05:26:07,375 INFO o.a.j.s.SaveService: Using SaveService properties file encoding UTF-8
2024-03-27 05:26:07,378 INFO o.a.j.s.SaveService: Loading file: PetStoreAPIScriptDynamicBuildNumber1.jmx
2024-03-27 05:26:07,677 INFO o.a.j.p.h.c.CookieManager: Settings: Delete null: true Check: true Allow variable: true Save: false Prefix: COOKIE_
2024-03-27 05:26:07,828 INFO o.a.j.p.h.s.HTTPSamplerBase: Parser for text/html is org.apache.jmeter.protocol.http.parser.LagartoBasedHtmlParser
2024-03-27 05:26:07,828 INFO o.a.j.p.h.s.HTTPSamplerBase: Parser for application/xhtml+xml is org.apache.jmeter.protocol.http.parser.LagartoBasedHtmlParser
2024-03-27 05:26:07,828 INFO o.a.j.p.h.s.HTTPSamplerBase: Parser for application/xml is org.apache.jmeter.protocol.http.parser.LagartoBasedHtmlParser
2024-03-27 05:26:07,828 INFO o.a.j.p.h.s.HTTPSamplerBase: Parser for text/xml is org.apache.jmeter.protocol.http.parser.LagartoBasedHtmlParser
2024-03-27 05:26:07,828 INFO o.a.j.p.h.s.HTTPSamplerBase: Parser for text/vnd.wap.wml is org.apache.jmeter.protocol.http.parser.RegexpHTMLParser
2024-03-27 05:26:07,829 INFO o.a.j.p.h.s.HTTPSamplerBase: Parser for text/css is org.apache.jmeter.protocol.http.parser.CssParser
2024-03-27 05:26:08,180 INFO o.a.j.s.SampleResult: Note: Sample TimeStamps are START times
2024-03-27 05:26:08,180 INFO o.a.j.s.SampleResult: sampleresult.default.encoding is set to ISO-8859-1
2024-03-27 05:26:08,180 INFO o.a.j.s.SampleResult: sampleresult.useNanoTime=true
2024-03-27 05:26:08,180 INFO o.a.j.s.SampleResult: sampleresult.nanoThreadSleep=5000
2024-03-27 05:26:08,372 INFO o.a.j.JMeter: Creating summariser <summary>
2024-03-27 05:26:08,429 INFO o.a.j.r.d.ReportGenerator: ReportGenerator will use for Parsing the separator: ','
2024-03-27 05:26:08,430 INFO o.a.j.r.d.ReportGenerator: Will generate report at end of test from  results file: /report/PetStoreAPIScriptDynamicBuildNumber1.jmx_2024-03-27_052457.jtl
2024-03-27 05:26:08,430 INFO o.a.j.r.d.ReportGenerator: Reading report generator properties from: /opt/jmeter/apache-jmeter-5.4.1/bin/reportgenerator.properties
2024-03-27 05:26:08,432 INFO o.a.j.r.d.ReportGenerator: Merging with JMeter properties
2024-03-27 05:26:08,473 INFO o.a.j.r.c.ReportGeneratorConfiguration: Property 'jmeter.reportgenerator.temp_dir' not found, using default value 'temp' instead.
2024-03-27 05:26:08,476 INFO o.a.j.r.c.ReportGeneratorConfiguration: Property 'jmeter.reportgenerator.apdex_per_transaction' not found, using default value 'null' instead.
2024-03-27 05:26:08,476 INFO o.a.j.r.c.ReportGeneratorConfiguration: apdex_per_transaction is empty, not APDEX per transaction customization
2024-03-27 05:26:08,476 INFO o.a.j.r.c.ReportGeneratorConfiguration: Property 'jmeter.reportgenerator.sample_filter' not found, using default value 'null' instead.
2024-03-27 05:26:08,476 INFO o.a.j.r.c.ReportGeneratorConfiguration: Property 'jmeter.reportgenerator.report_title' not found, using default value 'null' instead.
2024-03-27 05:26:08,476 INFO o.a.j.r.c.ReportGeneratorConfiguration: Property 'jmeter.reportgenerator.start_date' not found, using default value 'null' instead.
2024-03-27 05:26:08,477 INFO o.a.j.r.c.ReportGeneratorConfiguration: Property 'jmeter.reportgenerator.end_date' not found, using default value 'null' instead.
2024-03-27 05:26:08,477 INFO o.a.j.r.c.ReportGeneratorConfiguration: Property 'jmeter.reportgenerator.date_format' not found, using default value 'null' instead.
2024-03-27 05:26:08,477 INFO o.a.j.r.c.ReportGeneratorConfiguration: Will use date range start date: null, end date: null
2024-03-27 05:26:08,574 INFO o.a.j.r.c.ReportGeneratorConfiguration: Property 'jmeter.reportgenerator.graph.totalTPS.exclude_controllers' not found, using default value 'false' instead.
2024-03-27 05:26:08,574 INFO o.a.j.r.c.ReportGeneratorConfiguration: Property 'jmeter.reportgenerator.graph.activeThreadsOverTime.exclude_controllers' not found, using default value 'false' instead.
2024-03-27 05:26:08,574 INFO o.a.j.r.c.ReportGeneratorConfiguration: Property 'jmeter.reportgenerator.graph.timeVsThreads.exclude_controllers' not found, using default value 'false' instead.
2024-03-27 05:26:08,574 INFO o.a.j.r.c.ReportGeneratorConfiguration: Property 'jmeter.reportgenerator.graph.responseTimeDistribution.exclude_controllers' not found, using default value 'false' instead.
2024-03-27 05:26:08,574 INFO o.a.j.r.c.ReportGeneratorConfiguration: Property 'jmeter.reportgenerator.graph.transactionsPerSecond.exclude_controllers' not found, using default value 'false' instead.
2024-03-27 05:26:08,575 INFO o.a.j.r.c.ReportGeneratorConfiguration: Property 'jmeter.reportgenerator.graph.responseTimePercentiles.exclude_controllers' not found, using default value 'false' instead.
2024-03-27 05:26:08,575 INFO o.a.j.r.c.ReportGeneratorConfiguration: Property 'jmeter.reportgenerator.graph.responseTimePercentilesOverTime.exclude_controllers' not found, using default value 'false' instead.
2024-03-27 05:26:08,575 INFO o.a.j.r.c.ReportGeneratorConfiguration: Property 'jmeter.reportgenerator.graph.responseTimesOverTime.exclude_controllers' not found, using default value 'false' instead.
2024-03-27 05:26:08,575 INFO o.a.j.r.c.ReportGeneratorConfiguration: Property 'jmeter.reportgenerator.graph.connectTimeOverTime.exclude_controllers' not found, using default value 'false' instead.
2024-03-27 05:26:08,576 INFO o.a.j.r.c.ReportGeneratorConfiguration: Property 'jmeter.reportgenerator.graph.latenciesOverTime.exclude_controllers' not found, using default value 'false' instead.
2024-03-27 05:26:08,576 INFO o.a.j.r.c.ReportGeneratorConfiguration: Property 'jmeter.reportgenerator.exporter.json.filters_only_sample_series' not found, using default value 'true' instead.
2024-03-27 05:26:08,577 INFO o.a.j.r.c.ReportGeneratorConfiguration: Property 'jmeter.reportgenerator.exporter.json.series_filter' not found, using default value '' instead.
2024-03-27 05:26:08,577 INFO o.a.j.r.c.ReportGeneratorConfiguration: Property 'jmeter.reportgenerator.exporter.json.show_controllers_only' not found, using default value 'false' instead.
2024-03-27 05:26:08,577 INFO o.a.j.r.c.ReportGeneratorConfiguration: Property 'jmeter.reportgenerator.exporter.html.filters_only_sample_series' not found, using default value 'true' instead.
2024-03-27 05:26:08,577 INFO o.a.j.r.c.ReportGeneratorConfiguration: Property 'jmeter.reportgenerator.exporter.html.series_filter' not found, using default value '' instead.
2024-03-27 05:26:08,577 INFO o.a.j.r.c.ReportGeneratorConfiguration: Property 'jmeter.reportgenerator.exporter.html.show_controllers_only' not found, using default value 'false' instead.
2024-03-27 05:26:08,629 INFO o.a.j.e.DistributedRunner: Configuring remote engine: 10.35.0.13
2024-03-27 05:26:08,669 INFO o.a.j.r.RmiUtils: Disabling SSL for RMI as server.rmi.ssl.disable is set to 'true'
2024-03-27 05:26:09,169 INFO o.a.j.e.DistributedRunner: Starting distributed test with remote engines: [10.35.0.13] @ Wed Mar 27 05:26:09 UTC 2024 (1711517169169)
2024-03-27 05:26:09,169 INFO o.a.j.e.ClientJMeterEngine: running clientengine run method
2024-03-27 05:26:09,229 INFO o.a.j.e.u.CompoundVariable: Note: Function class names must contain the string: '.functions.'
2024-03-27 05:26:09,229 INFO o.a.j.e.u.CompoundVariable: Note: Function class names must not contain the string: '.gui.'
2024-03-27 05:26:09,829 INFO o.a.j.r.RmiUtils: Disabling SSL for RMI as server.rmi.ssl.disable is set to 'true'
2024-03-27 05:26:09,829 INFO o.a.j.r.RmiUtils: Disabling SSL for RMI as server.rmi.ssl.disable is set to 'true'
2024-03-27 05:26:09,832 INFO o.a.j.s.SampleEvent: List of sample_variables: []
2024-03-27 05:26:09,874 INFO o.a.j.s.BatchSampleSender: Using batching (client settings) for this run. Thresholds: num=100, time=60000
2024-03-27 05:26:09,874 INFO o.a.j.s.DataStrippingSampleSender: Using DataStrippingSampleSender for this run
2024-03-27 05:26:09,928 INFO o.a.j.r.RmiUtils: Disabling SSL for RMI as server.rmi.ssl.disable is set to 'true'
2024-03-27 05:26:09,928 INFO o.a.j.r.RmiUtils: Disabling SSL for RMI as server.rmi.ssl.disable is set to 'true'
2024-03-27 05:26:14,480 INFO o.a.j.r.RmiUtils: Disabling SSL for RMI as server.rmi.ssl.disable is set to 'true'
2024-03-27 05:26:14,480 INFO o.a.j.r.RmiUtils: Disabling SSL for RMI as server.rmi.ssl.disable is set to 'true'
2024-03-27 05:26:14,481 INFO o.a.j.r.RmiUtils: Disabling SSL for RMI as server.rmi.ssl.disable is set to 'true'
2024-03-27 05:26:14,481 INFO o.a.j.r.RmiUtils: Disabling SSL for RMI as server.rmi.ssl.disable is set to 'true'
2024-03-27 05:26:14,481 INFO o.a.j.s.BatchSampleSender: Using batching (client settings) for this run. Thresholds: num=100, time=60000
2024-03-27 05:26:14,482 INFO o.a.j.s.DataStrippingSampleSender: Using DataStrippingSampleSender for this run
2024-03-27 05:26:14,482 INFO o.a.j.r.RmiUtils: Disabling SSL for RMI as server.rmi.ssl.disable is set to 'true'
2024-03-27 05:26:14,482 INFO o.a.j.r.RmiUtils: Disabling SSL for RMI as server.rmi.ssl.disable is set to 'true'
2024-03-27 05:26:14,482 INFO o.a.j.s.BatchSampleSender: Using batching (client settings) for this run. Thresholds: num=100, time=60000
2024-03-27 05:26:14,482 INFO o.a.j.s.DataStrippingSampleSender: Using DataStrippingSampleSender for this run
2024-03-27 05:26:14,482 INFO o.a.j.r.RmiUtils: Disabling SSL for RMI as server.rmi.ssl.disable is set to 'true'
2024-03-27 05:26:14,482 INFO o.a.j.r.RmiUtils: Disabling SSL for RMI as server.rmi.ssl.disable is set to 'true'
2024-03-27 05:26:14,528 INFO o.a.j.s.BatchSampleSender: Using batching (client settings) for this run. Thresholds: num=100, time=60000
2024-03-27 05:26:14,528 INFO o.a.j.s.DataStrippingSampleSender: Using DataStrippingSampleSender for this run
2024-03-27 05:26:14,528 INFO o.a.j.r.RmiUtils: Disabling SSL for RMI as server.rmi.ssl.disable is set to 'true'
2024-03-27 05:26:14,528 INFO o.a.j.r.RmiUtils: Disabling SSL for RMI as server.rmi.ssl.disable is set to 'true'
2024-03-27 05:26:14,528 INFO o.a.j.s.BatchSampleSender: Using batching (client settings) for this run. Thresholds: num=100, time=60000
2024-03-27 05:26:14,528 INFO o.a.j.s.DataStrippingSampleSender: Using DataStrippingSampleSender for this run
2024-03-27 05:26:14,528 INFO o.a.j.r.RmiUtils: Disabling SSL for RMI as server.rmi.ssl.disable is set to 'true'
2024-03-27 05:26:14,528 INFO o.a.j.r.RmiUtils: Disabling SSL for RMI as server.rmi.ssl.disable is set to 'true'
2024-03-27 05:26:14,529 INFO o.a.j.s.BatchSampleSender: Using batching (client settings) for this run. Thresholds: num=100, time=60000
2024-03-27 05:26:14,529 INFO o.a.j.s.DataStrippingSampleSender: Using DataStrippingSampleSender for this run
2024-03-27 05:26:15,316 INFO o.a.j.e.ClientJMeterEngine: sent test to 10.35.0.13 basedir='.'
2024-03-27 05:26:15,316 INFO o.a.j.e.ClientJMeterEngine: Sending properties {}
2024-03-27 05:26:15,320 INFO o.a.j.e.ClientJMeterEngine: sent run command to 10.35.0.13
2024-03-27 05:26:15,320 INFO o.a.j.e.DistributedRunner: Remote engines have been started:[10.35.0.13]
2024-03-27 05:26:16,029 INFO o.a.j.v.b.BackendListener: Backend Listener 1: Starting worker with class: class org.apache.jmeter.visualizers.backend.influxdb.InfluxdbBackendListenerClient and queue capacity: 5000
2024-03-27 05:26:16,031 INFO o.a.j.v.b.BackendListener: Backend Listener 1: Started  worker with class: class org.apache.jmeter.visualizers.backend.influxdb.InfluxdbBackendListenerClient
2024-03-27 05:26:17,738 INFO o.a.j.v.b.BackendListener: Backend Listener 2: Starting worker with class: class rocks.nt.apm.jmeter.JMeterInfluxDBBackendListenerClient and queue capacity: 5000
2024-03-27 05:26:17,768 INFO o.a.j.v.b.BackendListener: Backend Listener 2: Started  worker with class: class rocks.nt.apm.jmeter.JMeterInfluxDBBackendListenerClient
2024-03-27 05:26:18,833 INFO o.a.j.JMeter: Started remote host:  10.35.0.13 (1711517178833)
2024-03-27 05:26:30,328 INFO o.a.j.r.Summariser: summary +    157 in 00:00:11 =   13.7/s Avg:   508 Min:   193 Max:  4934 Err:    12 (7.64%) Active: 10 Started: 10 Finished: 0
2024-03-27 05:27:00,195 INFO o.a.j.r.Summariser: summary +   1404 in 00:00:30 =   47.0/s Avg:   212 Min:   192 Max:   286 Err:   212 (15.10%) Active: 10 Started: 10 Finished: 0
2024-03-27 05:27:00,196 INFO o.a.j.r.Summariser: summary =   1561 in 00:00:41 =   37.7/s Avg:   242 Min:   192 Max:  4934 Err:   224 (14.35%)
2024-03-27 05:27:30,744 INFO o.a.j.r.Summariser: summary +   1398 in 00:00:31 =   45.8/s Avg:   217 Min:   188 Max:  1334 Err:   207 (14.81%) Active: 10 Started: 10 Finished: 0
2024-03-27 05:27:30,744 INFO o.a.j.r.Summariser: summary =   2959 in 00:01:12 =   41.1/s Avg:   230 Min:   188 Max:  4934 Err:   431 (14.57%)
2024-03-27 05:28:00,332 INFO o.a.j.r.Summariser: summary +   1400 in 00:00:30 =   47.3/s Avg:   209 Min:   188 Max:   273 Err:   206 (14.71%) Active: 10 Started: 10 Finished: 0
2024-03-27 05:28:00,332 INFO o.a.j.r.Summariser: summary =   4359 in 00:01:42 =   42.9/s Avg:   223 Min:   188 Max:  4934 Err:   637 (14.61%)
2024-03-27 05:28:30,158 INFO o.a.j.r.Summariser: summary +   1399 in 00:00:30 =   46.9/s Avg:   213 Min:   188 Max:   924 Err:   197 (14.08%) Active: 10 Started: 10 Finished: 0
2024-03-27 05:28:30,159 INFO o.a.j.r.Summariser: summary =   5758 in 00:02:11 =   43.8/s Avg:   221 Min:   188 Max:  4934 Err:   834 (14.48%)
2024-03-27 05:29:00,824 INFO o.a.j.r.Summariser: summary +   1477 in 00:00:31 =   48.2/s Avg:   206 Min:   189 Max:   272 Err:   216 (14.62%) Active: 10 Started: 10 Finished: 0
2024-03-27 05:29:00,825 INFO o.a.j.r.Summariser: summary =   7235 in 00:02:42 =   44.7/s Avg:   218 Min:   188 Max:  4934 Err:  1050 (14.51%)
2024-03-27 05:29:19,338 INFO o.a.j.v.b.BackendListener: Worker ended
2024-03-27 05:29:19,339 INFO o.a.j.v.b.i.InfluxdbBackendListenerClient: Sending last metrics to InfluxDB
2024-03-27 05:29:19,340 INFO o.a.j.v.b.i.HttpMetricsSender: Destroying 
2024-03-27 05:29:19,350 INFO o.a.j.v.b.BackendListener: Worker ended
2024-03-27 05:29:19,351 INFO r.n.a.j.JMeterInfluxDBBackendListenerClient: Shutting down influxDB scheduler...
2024-03-27 05:29:19,357 INFO r.n.a.j.JMeterInfluxDBBackendListenerClient: influxDB scheduler terminated!
2024-03-27 05:29:19,369 INFO o.a.j.r.Summariser: summary +    964 in 00:00:19 =   52.0/s Avg:   207 Min:   190 Max:   290 Err:   139 (14.42%) Active: 0 Started: 10 Finished: 10
2024-03-27 05:29:19,369 INFO o.a.j.r.Summariser: summary =   8199 in 00:03:01 =   45.4/s Avg:   217 Min:   188 Max:  4934 Err:  1189 (14.50%)
2024-03-27 05:29:19,371 INFO o.a.j.JMeter: Finished remote host: 10.35.0.13 (1711517359371)
2024-03-27 05:29:19,371 INFO o.a.j.JMeter: All remote engines have ended test, starting RemoteTestStopper thread
2024-03-27 05:29:19,430 INFO o.a.j.e.ClientJMeterEngine: about to exit remote server on 10.35.0.13
2024-03-27 05:29:24,623 INFO o.a.j.JMeter: Interrupting RMI Reaper
2024-03-27 05:29:24,624 INFO o.a.j.JMeter: Generating Dashboard
2024-03-27 05:29:24,624 INFO o.a.j.r.d.ReportGenerator: Flushing result collector before report Generation
2024-03-27 05:29:25,071 INFO o.a.j.r.p.NormalizerSampleConsumer: Using format, 'ms', to parse timeStamp field
2024-03-27 05:29:29,370 INFO o.a.j.r.p.AbstractSampleConsumer: class org.apache.jmeter.report.processor.AggregateConsumer#stopProducing(): beginDate produced 0 samples
2024-03-27 05:29:29,370 INFO o.a.j.r.p.AbstractSampleConsumer: class org.apache.jmeter.report.processor.AggregateConsumer#stopProducing(): endDate produced 0 samples
2024-03-27 05:29:29,374 INFO o.a.j.r.p.AbstractSampleConsumer: class org.apache.jmeter.report.processor.ApdexSummaryConsumer#stopProducing(): apdexSummary produced 0 samples
2024-03-27 05:29:29,374 INFO o.a.j.r.p.AbstractSampleConsumer: class org.apache.jmeter.report.processor.RequestsSummaryConsumer#stopProducing(): requestsSummary produced 0 samples
2024-03-27 05:29:29,376 INFO o.a.j.r.p.AbstractSampleConsumer: class org.apache.jmeter.report.processor.StatisticsSummaryConsumer#stopProducing(): statisticsSummary produced 0 samples
2024-03-27 05:29:29,473 INFO o.a.j.r.p.AbstractSampleConsumer: class org.apache.jmeter.report.processor.Top5ErrorsBySamplerConsumer#stopProducing(): top5ErrorsBySampler produced 0 samples
2024-03-27 05:29:29,473 INFO o.a.j.r.p.AbstractSampleConsumer: class org.apache.jmeter.report.processor.ErrorsSummaryConsumer#stopProducing(): errorsSummary produced 0 samples
2024-03-27 05:29:29,473 INFO o.a.j.r.p.AbstractSampleConsumer: class org.apache.jmeter.report.processor.graph.impl.HitsPerSecondGraphConsumer#stopProducing(): hitsPerSecond produced 0 samples
2024-03-27 05:29:30,378 INFO o.a.j.r.p.AbstractSampleConsumer: class org.apache.jmeter.report.processor.graph.impl.LatencyVSRequestGraphConsumer#stopProducing(): latencyVsRequest produced 0 samples
2024-03-27 05:29:30,378 INFO o.a.j.r.p.AbstractSampleConsumer: class org.apache.jmeter.report.processor.graph.impl.SyntheticResponseTimeDistributionGraphConsumer#stopProducing(): syntheticResponseTimeDistribution produced 0 samples
2024-03-27 05:29:30,378 INFO o.a.j.r.p.AbstractSampleConsumer: class org.apache.jmeter.report.processor.graph.impl.BytesThroughputGraphConsumer#stopProducing(): bytesThroughputOverTime produced 0 samples
2024-03-27 05:29:30,379 INFO o.a.j.r.p.AbstractSampleConsumer: class org.apache.jmeter.report.processor.graph.impl.CodesPerSecondGraphConsumer#stopProducing(): codesPerSecond produced 0 samples
2024-03-27 05:29:30,969 INFO o.a.j.r.p.AbstractSampleConsumer: class org.apache.jmeter.report.processor.graph.impl.ResponseTimeVSRequestGraphConsumer#stopProducing(): responseTimeVsRequest produced 0 samples
2024-03-27 05:29:30,969 INFO o.a.j.r.p.AbstractSampleConsumer: class org.apache.jmeter.report.processor.FilterConsumer#stopProducing(): startIntervalControlerFilter produced 57393 samples
2024-03-27 05:29:30,970 INFO o.a.j.r.p.AbstractSampleConsumer: class org.apache.jmeter.report.processor.graph.impl.TotalTPSGraphConsumer#stopProducing(): totalTPS produced 0 samples
2024-03-27 05:29:30,970 INFO o.a.j.r.p.AbstractSampleConsumer: class org.apache.jmeter.report.processor.graph.impl.ActiveThreadsGraphConsumer#stopProducing(): activeThreadsOverTime produced 0 samples
2024-03-27 05:29:30,970 INFO o.a.j.r.p.AbstractSampleConsumer: class org.apache.jmeter.report.processor.graph.impl.TimeVSThreadGraphConsumer#stopProducing(): timeVsThreads produced 0 samples
2024-03-27 05:29:30,970 INFO o.a.j.r.p.AbstractSampleConsumer: class org.apache.jmeter.report.processor.graph.impl.ResponseTimeDistributionGraphConsumer#stopProducing(): responseTimeDistribution produced 0 samples
2024-03-27 05:29:30,971 INFO o.a.j.r.p.AbstractSampleConsumer: class org.apache.jmeter.report.processor.graph.impl.TransactionsPerSecondGraphConsumer#stopProducing(): transactionsPerSecond produced 0 samples
2024-03-27 05:29:30,971 INFO o.a.j.r.p.AbstractSampleConsumer: class org.apache.jmeter.report.processor.graph.impl.ResponseTimePercentilesGraphConsumer#stopProducing(): responseTimePercentiles produced 0 samples
2024-03-27 05:29:30,974 INFO o.a.j.r.p.AbstractSampleConsumer: class org.apache.jmeter.report.processor.graph.impl.ResponseTimePercentilesOverTimeGraphConsumer#stopProducing(): responseTimePercentilesOverTime produced 0 samples
2024-03-27 05:29:30,975 INFO o.a.j.r.p.AbstractSampleConsumer: class org.apache.jmeter.report.processor.graph.impl.ResponseTimeOverTimeGraphConsumer#stopProducing(): responseTimesOverTime produced 0 samples
2024-03-27 05:29:30,975 INFO o.a.j.r.p.AbstractSampleConsumer: class org.apache.jmeter.report.processor.graph.impl.ConnectTimeOverTimeGraphConsumer#stopProducing(): connectTimeOverTime produced 0 samples
2024-03-27 05:29:30,975 INFO o.a.j.r.p.AbstractSampleConsumer: class org.apache.jmeter.report.processor.graph.impl.LatencyOverTimeGraphConsumer#stopProducing(): latenciesOverTime produced 0 samples
2024-03-27 05:29:30,975 INFO o.a.j.r.p.AbstractSampleConsumer: class org.apache.jmeter.report.processor.FilterConsumer#stopProducing(): nameFilter produced 158100 samples
2024-03-27 05:29:30,976 INFO o.a.j.r.p.AbstractSampleConsumer: class org.apache.jmeter.report.processor.FilterConsumer#stopProducing(): dateRangeFilter produced 31620 samples
2024-03-27 05:29:30,976 INFO o.a.j.r.p.AbstractSampleConsumer: class org.apache.jmeter.report.processor.NormalizerSampleConsumer#stopProducing(): normalizer produced 10540 samples
2024-03-27 05:29:30,976 INFO o.a.j.r.p.CsvFileSampleSource: produce(): 10540 samples produced in 5s 806 ms on channel 0
2024-03-27 05:29:30,976 INFO o.a.j.r.d.ReportGenerator: Exporting data using exporter:'json' of className:'org.apache.jmeter.report.dashboard.JsonExporter'
2024-03-27 05:29:32,174 INFO o.a.j.r.d.JsonExporter: Found data for consumer statisticsSummary in context
2024-03-27 05:29:32,174 INFO o.a.j.r.d.JsonExporter: Creating statistics for overall
2024-03-27 05:29:32,174 INFO o.a.j.r.d.JsonExporter: Creating statistics for other transactions
2024-03-27 05:29:32,175 INFO o.a.j.r.d.JsonExporter: Checking output folder
2024-03-27 05:29:32,175 INFO o.a.j.r.d.JsonExporter: Writing statistics JSON to /report/report-PetStoreAPIScriptDynamicBuildNumber1.jmx-2024-03-27_052457/statistics.json
2024-03-27 05:29:32,475 INFO o.a.j.r.d.ReportGenerator: Exporting data using exporter:'html' of className:'org.apache.jmeter.report.dashboard.HtmlTemplateExporter'
2024-03-27 05:29:32,477 INFO o.a.j.r.d.HtmlTemplateExporter: Will generate dashboard in folder: /report/report-PetStoreAPIScriptDynamicBuildNumber1.jmx-2024-03-27_052457
2024-03-27 05:29:33,472 INFO o.a.j.r.d.HtmlTemplateExporter: Report will be generated in: /report/report-PetStoreAPIScriptDynamicBuildNumber1.jmx-2024-03-27_052457, creating folder structure
2024-03-27 05:29:33,474 INFO o.a.j.r.d.TemplateVisitor: Copying folder from '/opt/jmeter/apache-jmeter-5.4.1/bin/report-template' to '/report/report-PetStoreAPIScriptDynamicBuildNumber1.jmx-2024-03-27_052457', got message: /report/report-PetStoreAPIScriptDynamicBuildNumber1.jmx-2024-03-27_052457, found non empty folder with following content [/report/report-PetStoreAPIScriptDynamicBuildNumber1.jmx-2024-03-27_052457/statistics.json], will be ignored
2024-03-27 05:29:35,771 INFO o.a.j.JMeter: Dashboard generated
