2024-04-03 08:39:41,413 INFO o.a.j.u.JMeterUtils: Setting Locale to en_EN
2024-04-03 08:39:41,611 INFO o.a.j.JMeter: Loading user properties from: user.properties
2024-04-03 08:39:41,611 INFO o.a.j.JMeter: Loading system properties from: system.properties
2024-04-03 08:39:41,612 INFO o.a.j.JMeter: Setting System property: server.rmi.ssl.disable=true
2024-04-03 08:39:41,702 INFO o.a.j.JMeter: Copyright (c) 1998-2021 The Apache Software Foundation
2024-04-03 08:39:41,702 INFO o.a.j.JMeter: Version 5.4.1
2024-04-03 08:39:41,702 INFO o.a.j.JMeter: java.version=16.0.2
2024-04-03 08:39:41,702 INFO o.a.j.JMeter: java.vm.name=OpenJDK 64-Bit Server VM
2024-04-03 08:39:41,702 INFO o.a.j.JMeter: os.name=Linux
2024-04-03 08:39:41,702 INFO o.a.j.JMeter: os.arch=amd64
2024-04-03 08:39:41,703 INFO o.a.j.JMeter: os.version=6.5.0-1016-aws
2024-04-03 08:39:41,703 INFO o.a.j.JMeter: file.encoding=UTF-8
2024-04-03 08:39:41,703 INFO o.a.j.JMeter: java.awt.headless=null
2024-04-03 08:39:41,703 INFO o.a.j.JMeter: Max memory     =1073741824
2024-04-03 08:39:41,705 INFO o.a.j.JMeter: Available Processors =1
2024-04-03 08:39:41,808 INFO o.a.j.JMeter: Default Locale=English (EN)
2024-04-03 08:39:41,809 INFO o.a.j.JMeter: JMeter  Locale=English (EN)
2024-04-03 08:39:41,809 INFO o.a.j.JMeter: JMeterHome=/opt/jmeter/apache-jmeter-5.4.1
2024-04-03 08:39:41,809 INFO o.a.j.JMeter: user.dir  =/opt/jmeter/apache-jmeter-5.4.1/bin
2024-04-03 08:39:41,809 INFO o.a.j.JMeter: PWD       =/opt/jmeter/apache-jmeter-5.4.1/bin
2024-04-03 08:39:41,810 INFO o.a.j.JMeter: IP: 10.35.0.12 Name: jmeter-master04-03-14-08-30-cctfb FullName: jmeter-master04-03-14-08-30-cctfb
2024-04-03 08:39:41,817 INFO o.a.j.JMeter: Setting property 'jmeter.reportgenerator.outputdir' to:'/report/report-PetStoreAPIScriptDynamicBuildNumber1.jmx-2024-04-03_083839'
2024-04-03 08:39:41,909 INFO o.a.j.s.FileServer: Default base='/opt/jmeter/apache-jmeter-5.4.1/bin'
2024-04-03 08:39:41,910 INFO o.a.j.s.FileServer: Set new base='/opt/jmeter/apache-jmeter-5.4.1/bin'
2024-04-03 08:39:43,317 INFO o.a.j.s.SaveService: Testplan (JMX) version: 2.2. Testlog (JTL) version: 2.2
2024-04-03 08:39:43,611 INFO o.a.j.s.SaveService: Using SaveService properties version 5.0
2024-04-03 08:39:43,616 INFO o.a.j.s.SaveService: Using SaveService properties file encoding UTF-8
2024-04-03 08:39:43,708 INFO o.a.j.s.SaveService: Loading file: PetStoreAPIScriptDynamicBuildNumber1.jmx
2024-04-03 08:39:44,108 INFO o.a.j.p.h.c.CookieManager: Settings: Delete null: true Check: true Allow variable: true Save: false Prefix: COOKIE_
2024-04-03 08:39:44,119 INFO o.a.j.p.h.s.HTTPSamplerBase: Parser for text/html is org.apache.jmeter.protocol.http.parser.LagartoBasedHtmlParser
2024-04-03 08:39:44,119 INFO o.a.j.p.h.s.HTTPSamplerBase: Parser for application/xhtml+xml is org.apache.jmeter.protocol.http.parser.LagartoBasedHtmlParser
2024-04-03 08:39:44,119 INFO o.a.j.p.h.s.HTTPSamplerBase: Parser for application/xml is org.apache.jmeter.protocol.http.parser.LagartoBasedHtmlParser
2024-04-03 08:39:44,119 INFO o.a.j.p.h.s.HTTPSamplerBase: Parser for text/xml is org.apache.jmeter.protocol.http.parser.LagartoBasedHtmlParser
2024-04-03 08:39:44,119 INFO o.a.j.p.h.s.HTTPSamplerBase: Parser for text/vnd.wap.wml is org.apache.jmeter.protocol.http.parser.RegexpHTMLParser
2024-04-03 08:39:44,119 INFO o.a.j.p.h.s.HTTPSamplerBase: Parser for text/css is org.apache.jmeter.protocol.http.parser.CssParser
2024-04-03 08:39:44,514 INFO o.a.j.s.SampleResult: Note: Sample TimeStamps are START times
2024-04-03 08:39:44,514 INFO o.a.j.s.SampleResult: sampleresult.default.encoding is set to ISO-8859-1
2024-04-03 08:39:44,514 INFO o.a.j.s.SampleResult: sampleresult.useNanoTime=true
2024-04-03 08:39:44,514 INFO o.a.j.s.SampleResult: sampleresult.nanoThreadSleep=5000
2024-04-03 08:39:44,717 INFO o.a.j.JMeter: Creating summariser <summary>
2024-04-03 08:39:44,813 INFO o.a.j.r.d.ReportGenerator: ReportGenerator will use for Parsing the separator: ','
2024-04-03 08:39:44,814 INFO o.a.j.r.d.ReportGenerator: Will generate report at end of test from  results file: /report/PetStoreAPIScriptDynamicBuildNumber1.jmx_2024-04-03_083839.jtl
2024-04-03 08:39:44,814 INFO o.a.j.r.d.ReportGenerator: Reading report generator properties from: /opt/jmeter/apache-jmeter-5.4.1/bin/reportgenerator.properties
2024-04-03 08:39:44,816 INFO o.a.j.r.d.ReportGenerator: Merging with JMeter properties
2024-04-03 08:39:44,823 INFO o.a.j.r.c.ReportGeneratorConfiguration: Property 'jmeter.reportgenerator.temp_dir' not found, using default value 'temp' instead.
2024-04-03 08:39:44,909 INFO o.a.j.r.c.ReportGeneratorConfiguration: Property 'jmeter.reportgenerator.apdex_per_transaction' not found, using default value 'null' instead.
2024-04-03 08:39:44,909 INFO o.a.j.r.c.ReportGeneratorConfiguration: apdex_per_transaction is empty, not APDEX per transaction customization
2024-04-03 08:39:44,909 INFO o.a.j.r.c.ReportGeneratorConfiguration: Property 'jmeter.reportgenerator.sample_filter' not found, using default value 'null' instead.
2024-04-03 08:39:44,909 INFO o.a.j.r.c.ReportGeneratorConfiguration: Property 'jmeter.reportgenerator.report_title' not found, using default value 'null' instead.
2024-04-03 08:39:44,909 INFO o.a.j.r.c.ReportGeneratorConfiguration: Property 'jmeter.reportgenerator.start_date' not found, using default value 'null' instead.
2024-04-03 08:39:44,909 INFO o.a.j.r.c.ReportGeneratorConfiguration: Property 'jmeter.reportgenerator.end_date' not found, using default value 'null' instead.
2024-04-03 08:39:44,909 INFO o.a.j.r.c.ReportGeneratorConfiguration: Property 'jmeter.reportgenerator.date_format' not found, using default value 'null' instead.
2024-04-03 08:39:44,910 INFO o.a.j.r.c.ReportGeneratorConfiguration: Will use date range start date: null, end date: null
2024-04-03 08:39:44,916 INFO o.a.j.r.c.ReportGeneratorConfiguration: Property 'jmeter.reportgenerator.graph.totalTPS.exclude_controllers' not found, using default value 'false' instead.
2024-04-03 08:39:44,917 INFO o.a.j.r.c.ReportGeneratorConfiguration: Property 'jmeter.reportgenerator.graph.activeThreadsOverTime.exclude_controllers' not found, using default value 'false' instead.
2024-04-03 08:39:44,917 INFO o.a.j.r.c.ReportGeneratorConfiguration: Property 'jmeter.reportgenerator.graph.timeVsThreads.exclude_controllers' not found, using default value 'false' instead.
2024-04-03 08:39:44,917 INFO o.a.j.r.c.ReportGeneratorConfiguration: Property 'jmeter.reportgenerator.graph.responseTimeDistribution.exclude_controllers' not found, using default value 'false' instead.
2024-04-03 08:39:44,917 INFO o.a.j.r.c.ReportGeneratorConfiguration: Property 'jmeter.reportgenerator.graph.transactionsPerSecond.exclude_controllers' not found, using default value 'false' instead.
2024-04-03 08:39:44,917 INFO o.a.j.r.c.ReportGeneratorConfiguration: Property 'jmeter.reportgenerator.graph.responseTimePercentiles.exclude_controllers' not found, using default value 'false' instead.
2024-04-03 08:39:44,918 INFO o.a.j.r.c.ReportGeneratorConfiguration: Property 'jmeter.reportgenerator.graph.responseTimePercentilesOverTime.exclude_controllers' not found, using default value 'false' instead.
2024-04-03 08:39:44,918 INFO o.a.j.r.c.ReportGeneratorConfiguration: Property 'jmeter.reportgenerator.graph.responseTimesOverTime.exclude_controllers' not found, using default value 'false' instead.
2024-04-03 08:39:44,918 INFO o.a.j.r.c.ReportGeneratorConfiguration: Property 'jmeter.reportgenerator.graph.connectTimeOverTime.exclude_controllers' not found, using default value 'false' instead.
2024-04-03 08:39:44,918 INFO o.a.j.r.c.ReportGeneratorConfiguration: Property 'jmeter.reportgenerator.graph.latenciesOverTime.exclude_controllers' not found, using default value 'false' instead.
2024-04-03 08:39:44,919 INFO o.a.j.r.c.ReportGeneratorConfiguration: Property 'jmeter.reportgenerator.exporter.json.filters_only_sample_series' not found, using default value 'true' instead.
2024-04-03 08:39:44,919 INFO o.a.j.r.c.ReportGeneratorConfiguration: Property 'jmeter.reportgenerator.exporter.json.series_filter' not found, using default value '' instead.
2024-04-03 08:39:44,920 INFO o.a.j.r.c.ReportGeneratorConfiguration: Property 'jmeter.reportgenerator.exporter.json.show_controllers_only' not found, using default value 'false' instead.
2024-04-03 08:39:44,920 INFO o.a.j.r.c.ReportGeneratorConfiguration: Property 'jmeter.reportgenerator.exporter.html.filters_only_sample_series' not found, using default value 'true' instead.
2024-04-03 08:39:44,920 INFO o.a.j.r.c.ReportGeneratorConfiguration: Property 'jmeter.reportgenerator.exporter.html.series_filter' not found, using default value '' instead.
2024-04-03 08:39:44,920 INFO o.a.j.r.c.ReportGeneratorConfiguration: Property 'jmeter.reportgenerator.exporter.html.show_controllers_only' not found, using default value 'false' instead.
2024-04-03 08:39:44,923 INFO o.a.j.e.DistributedRunner: Configuring remote engine: 10.35.0.13
2024-04-03 08:39:45,007 INFO o.a.j.r.RmiUtils: Disabling SSL for RMI as server.rmi.ssl.disable is set to 'true'
2024-04-03 08:39:45,421 INFO o.a.j.e.DistributedRunner: Starting distributed test with remote engines: [10.35.0.13] @ Wed Apr 03 08:39:45 UTC 2024 (1712133585421)
2024-04-03 08:39:45,421 INFO o.a.j.e.ClientJMeterEngine: running clientengine run method
2024-04-03 08:39:45,426 INFO o.a.j.e.u.CompoundVariable: Note: Function class names must contain the string: '.functions.'
2024-04-03 08:39:45,426 INFO o.a.j.e.u.CompoundVariable: Note: Function class names must not contain the string: '.gui.'
2024-04-03 08:39:45,813 INFO o.a.j.r.RmiUtils: Disabling SSL for RMI as server.rmi.ssl.disable is set to 'true'
2024-04-03 08:39:45,813 INFO o.a.j.r.RmiUtils: Disabling SSL for RMI as server.rmi.ssl.disable is set to 'true'
2024-04-03 08:39:45,905 INFO o.a.j.s.SampleEvent: List of sample_variables: []
2024-04-03 08:39:45,911 INFO o.a.j.s.BatchSampleSender: Using batching (client settings) for this run. Thresholds: num=100, time=60000
2024-04-03 08:39:45,911 INFO o.a.j.s.DataStrippingSampleSender: Using DataStrippingSampleSender for this run
2024-04-03 08:39:45,912 INFO o.a.j.r.RmiUtils: Disabling SSL for RMI as server.rmi.ssl.disable is set to 'true'
2024-04-03 08:39:45,912 INFO o.a.j.r.RmiUtils: Disabling SSL for RMI as server.rmi.ssl.disable is set to 'true'
2024-04-03 08:39:50,008 INFO o.a.j.r.RmiUtils: Disabling SSL for RMI as server.rmi.ssl.disable is set to 'true'
2024-04-03 08:39:50,008 INFO o.a.j.r.RmiUtils: Disabling SSL for RMI as server.rmi.ssl.disable is set to 'true'
2024-04-03 08:39:50,010 INFO o.a.j.r.RmiUtils: Disabling SSL for RMI as server.rmi.ssl.disable is set to 'true'
2024-04-03 08:39:50,011 INFO o.a.j.r.RmiUtils: Disabling SSL for RMI as server.rmi.ssl.disable is set to 'true'
2024-04-03 08:39:50,013 INFO o.a.j.s.BatchSampleSender: Using batching (client settings) for this run. Thresholds: num=100, time=60000
2024-04-03 08:39:50,013 INFO o.a.j.s.DataStrippingSampleSender: Using DataStrippingSampleSender for this run
2024-04-03 08:39:50,014 INFO o.a.j.r.RmiUtils: Disabling SSL for RMI as server.rmi.ssl.disable is set to 'true'
2024-04-03 08:39:50,014 INFO o.a.j.r.RmiUtils: Disabling SSL for RMI as server.rmi.ssl.disable is set to 'true'
2024-04-03 08:39:50,014 INFO o.a.j.s.BatchSampleSender: Using batching (client settings) for this run. Thresholds: num=100, time=60000
2024-04-03 08:39:50,014 INFO o.a.j.s.DataStrippingSampleSender: Using DataStrippingSampleSender for this run
2024-04-03 08:39:50,014 INFO o.a.j.r.RmiUtils: Disabling SSL for RMI as server.rmi.ssl.disable is set to 'true'
2024-04-03 08:39:50,014 INFO o.a.j.r.RmiUtils: Disabling SSL for RMI as server.rmi.ssl.disable is set to 'true'
2024-04-03 08:39:50,015 INFO o.a.j.s.BatchSampleSender: Using batching (client settings) for this run. Thresholds: num=100, time=60000
2024-04-03 08:39:50,015 INFO o.a.j.s.DataStrippingSampleSender: Using DataStrippingSampleSender for this run
2024-04-03 08:39:50,015 INFO o.a.j.r.RmiUtils: Disabling SSL for RMI as server.rmi.ssl.disable is set to 'true'
2024-04-03 08:39:50,015 INFO o.a.j.r.RmiUtils: Disabling SSL for RMI as server.rmi.ssl.disable is set to 'true'
2024-04-03 08:39:50,016 INFO o.a.j.s.BatchSampleSender: Using batching (client settings) for this run. Thresholds: num=100, time=60000
2024-04-03 08:39:50,016 INFO o.a.j.s.DataStrippingSampleSender: Using DataStrippingSampleSender for this run
2024-04-03 08:39:50,016 INFO o.a.j.r.RmiUtils: Disabling SSL for RMI as server.rmi.ssl.disable is set to 'true'
2024-04-03 08:39:50,016 INFO o.a.j.r.RmiUtils: Disabling SSL for RMI as server.rmi.ssl.disable is set to 'true'
2024-04-03 08:39:50,016 INFO o.a.j.s.BatchSampleSender: Using batching (client settings) for this run. Thresholds: num=100, time=60000
2024-04-03 08:39:50,016 INFO o.a.j.s.DataStrippingSampleSender: Using DataStrippingSampleSender for this run
2024-04-03 08:39:50,989 INFO o.a.j.e.ClientJMeterEngine: sent test to 10.35.0.13 basedir='.'
2024-04-03 08:39:50,990 INFO o.a.j.e.ClientJMeterEngine: Sending properties {}
2024-04-03 08:39:50,993 INFO o.a.j.e.ClientJMeterEngine: sent run command to 10.35.0.13
2024-04-03 08:39:50,993 INFO o.a.j.e.DistributedRunner: Remote engines have been started:[10.35.0.13]
2024-04-03 08:39:51,716 INFO o.a.j.v.b.BackendListener: Backend Listener 1: Starting worker with class: class org.apache.jmeter.visualizers.backend.influxdb.InfluxdbBackendListenerClient and queue capacity: 5000
2024-04-03 08:39:51,717 INFO o.a.j.v.b.BackendListener: Backend Listener 1: Started  worker with class: class org.apache.jmeter.visualizers.backend.influxdb.InfluxdbBackendListenerClient
2024-04-03 08:39:53,419 INFO o.a.j.v.b.BackendListener: Backend Listener 2: Starting worker with class: class rocks.nt.apm.jmeter.JMeterInfluxDBBackendListenerClient and queue capacity: 5000
2024-04-03 08:39:53,506 INFO o.a.j.v.b.BackendListener: Backend Listener 2: Started  worker with class: class rocks.nt.apm.jmeter.JMeterInfluxDBBackendListenerClient
2024-04-03 08:39:54,605 INFO o.a.j.JMeter: Started remote host:  10.35.0.13 (1712133594605)
2024-04-03 08:40:01,613 INFO o.a.j.r.Summariser: summary +      2 in 00:00:07 =    0.3/s Avg:  3647 Min:  3591 Max:  3703 Err:     0 (0.00%) Active: 10 Started: 10 Finished: 0
2024-04-03 08:40:30,107 INFO o.a.j.r.Summariser: summary +   1400 in 00:00:28 =   49.1/s Avg:   222 Min:   189 Max:  3998 Err:   202 (14.43%) Active: 10 Started: 10 Finished: 0
2024-04-03 08:40:30,107 INFO o.a.j.r.Summariser: summary =   1402 in 00:00:36 =   39.5/s Avg:   227 Min:   189 Max:  3998 Err:   202 (14.41%)
2024-04-03 08:41:01,134 INFO o.a.j.r.Summariser: summary +   1480 in 00:00:31 =   47.7/s Avg:   208 Min:   189 Max:  1408 Err:   206 (13.92%) Active: 10 Started: 10 Finished: 0
2024-04-03 08:41:01,205 INFO o.a.j.r.Summariser: summary =   2882 in 00:01:07 =   43.3/s Avg:   217 Min:   189 Max:  3998 Err:   408 (14.16%)
2024-04-03 08:41:30,710 INFO o.a.j.r.Summariser: summary +   1399 in 00:00:30 =   47.3/s Avg:   210 Min:   194 Max:   267 Err:   214 (15.30%) Active: 10 Started: 10 Finished: 0
2024-04-03 08:41:30,711 INFO o.a.j.r.Summariser: summary =   4281 in 00:01:36 =   44.5/s Avg:   215 Min:   189 Max:  3998 Err:   622 (14.53%)
