2024-04-03 08:40:38,849 INFO o.a.j.u.JMeterUtils: Setting Locale to en_EN
2024-04-03 08:40:39,047 INFO o.a.j.JMeter: Loading user properties from: user.properties
2024-04-03 08:40:39,048 INFO o.a.j.JMeter: Loading system properties from: system.properties
2024-04-03 08:40:39,048 INFO o.a.j.JMeter: Setting System property: server.rmi.ssl.disable=true
2024-04-03 08:40:39,126 INFO o.a.j.JMeter: Copyright (c) 1998-2021 The Apache Software Foundation
2024-04-03 08:40:39,127 INFO o.a.j.JMeter: Version 5.4.1
2024-04-03 08:40:39,127 INFO o.a.j.JMeter: java.version=16.0.2
2024-04-03 08:40:39,127 INFO o.a.j.JMeter: java.vm.name=OpenJDK 64-Bit Server VM
2024-04-03 08:40:39,127 INFO o.a.j.JMeter: os.name=Linux
2024-04-03 08:40:39,127 INFO o.a.j.JMeter: os.arch=amd64
2024-04-03 08:40:39,146 INFO o.a.j.JMeter: os.version=6.5.0-1016-aws
2024-04-03 08:40:39,146 INFO o.a.j.JMeter: file.encoding=UTF-8
2024-04-03 08:40:39,146 INFO o.a.j.JMeter: java.awt.headless=null
2024-04-03 08:40:39,146 INFO o.a.j.JMeter: Max memory     =1073741824
2024-04-03 08:40:39,146 INFO o.a.j.JMeter: Available Processors =1
2024-04-03 08:40:39,249 INFO o.a.j.JMeter: Default Locale=English (EN)
2024-04-03 08:40:39,249 INFO o.a.j.JMeter: JMeter  Locale=English (EN)
2024-04-03 08:40:39,250 INFO o.a.j.JMeter: JMeterHome=/opt/jmeter/apache-jmeter-5.4.1
2024-04-03 08:40:39,250 INFO o.a.j.JMeter: user.dir  =/opt/jmeter/apache-jmeter-5.4.1/bin
2024-04-03 08:40:39,250 INFO o.a.j.JMeter: PWD       =/opt/jmeter/apache-jmeter-5.4.1/bin
2024-04-03 08:40:39,250 INFO o.a.j.JMeter: IP: 10.35.0.14 Name: jmeter-master04-03-14-09-28-bf5jv FullName: jmeter-master04-03-14-09-28-bf5jv
2024-04-03 08:40:39,254 INFO o.a.j.JMeter: Setting property 'jmeter.reportgenerator.outputdir' to:'/report/report-PetStoreAPIScriptDynamicBuildNumber1.jmx-2024-04-03_083935'
2024-04-03 08:40:39,257 INFO o.a.j.s.FileServer: Default base='/opt/jmeter/apache-jmeter-5.4.1/bin'
2024-04-03 08:40:39,258 INFO o.a.j.s.FileServer: Set new base='/opt/jmeter/apache-jmeter-5.4.1/bin'
2024-04-03 08:40:40,751 INFO o.a.j.s.SaveService: Testplan (JMX) version: 2.2. Testlog (JTL) version: 2.2
2024-04-03 08:40:40,930 INFO o.a.j.s.SaveService: Using SaveService properties version 5.0
2024-04-03 08:40:41,026 INFO o.a.j.s.SaveService: Using SaveService properties file encoding UTF-8
2024-04-03 08:40:41,048 INFO o.a.j.s.SaveService: Loading file: PetStoreAPIScriptDynamicBuildNumber1.jmx
2024-04-03 08:40:41,349 INFO o.a.j.p.h.c.CookieManager: Settings: Delete null: true Check: true Allow variable: true Save: false Prefix: COOKIE_
2024-04-03 08:40:41,449 INFO o.a.j.p.h.s.HTTPSamplerBase: Parser for text/html is org.apache.jmeter.protocol.http.parser.LagartoBasedHtmlParser
2024-04-03 08:40:41,449 INFO o.a.j.p.h.s.HTTPSamplerBase: Parser for application/xhtml+xml is org.apache.jmeter.protocol.http.parser.LagartoBasedHtmlParser
2024-04-03 08:40:41,449 INFO o.a.j.p.h.s.HTTPSamplerBase: Parser for application/xml is org.apache.jmeter.protocol.http.parser.LagartoBasedHtmlParser
2024-04-03 08:40:41,449 INFO o.a.j.p.h.s.HTTPSamplerBase: Parser for text/xml is org.apache.jmeter.protocol.http.parser.LagartoBasedHtmlParser
2024-04-03 08:40:41,449 INFO o.a.j.p.h.s.HTTPSamplerBase: Parser for text/vnd.wap.wml is org.apache.jmeter.protocol.http.parser.RegexpHTMLParser
2024-04-03 08:40:41,449 INFO o.a.j.p.h.s.HTTPSamplerBase: Parser for text/css is org.apache.jmeter.protocol.http.parser.CssParser
2024-04-03 08:40:41,753 INFO o.a.j.s.SampleResult: Note: Sample TimeStamps are START times
2024-04-03 08:40:41,753 INFO o.a.j.s.SampleResult: sampleresult.default.encoding is set to ISO-8859-1
2024-04-03 08:40:41,753 INFO o.a.j.s.SampleResult: sampleresult.useNanoTime=true
2024-04-03 08:40:41,753 INFO o.a.j.s.SampleResult: sampleresult.nanoThreadSleep=5000
2024-04-03 08:40:42,024 INFO o.a.j.JMeter: Creating summariser <summary>
2024-04-03 08:40:42,029 INFO o.a.j.r.d.ReportGenerator: ReportGenerator will use for Parsing the separator: ','
2024-04-03 08:40:42,046 INFO o.a.j.r.d.ReportGenerator: Will generate report at end of test from  results file: /report/PetStoreAPIScriptDynamicBuildNumber1.jmx_2024-04-03_083935.jtl
2024-04-03 08:40:42,046 INFO o.a.j.r.d.ReportGenerator: Reading report generator properties from: /opt/jmeter/apache-jmeter-5.4.1/bin/reportgenerator.properties
2024-04-03 08:40:42,047 INFO o.a.j.r.d.ReportGenerator: Merging with JMeter properties
2024-04-03 08:40:42,053 INFO o.a.j.r.c.ReportGeneratorConfiguration: Property 'jmeter.reportgenerator.temp_dir' not found, using default value 'temp' instead.
2024-04-03 08:40:42,147 INFO o.a.j.r.c.ReportGeneratorConfiguration: Property 'jmeter.reportgenerator.apdex_per_transaction' not found, using default value 'null' instead.
2024-04-03 08:40:42,147 INFO o.a.j.r.c.ReportGeneratorConfiguration: apdex_per_transaction is empty, not APDEX per transaction customization
2024-04-03 08:40:42,147 INFO o.a.j.r.c.ReportGeneratorConfiguration: Property 'jmeter.reportgenerator.sample_filter' not found, using default value 'null' instead.
2024-04-03 08:40:42,147 INFO o.a.j.r.c.ReportGeneratorConfiguration: Property 'jmeter.reportgenerator.report_title' not found, using default value 'null' instead.
2024-04-03 08:40:42,147 INFO o.a.j.r.c.ReportGeneratorConfiguration: Property 'jmeter.reportgenerator.start_date' not found, using default value 'null' instead.
2024-04-03 08:40:42,147 INFO o.a.j.r.c.ReportGeneratorConfiguration: Property 'jmeter.reportgenerator.end_date' not found, using default value 'null' instead.
2024-04-03 08:40:42,148 INFO o.a.j.r.c.ReportGeneratorConfiguration: Property 'jmeter.reportgenerator.date_format' not found, using default value 'null' instead.
2024-04-03 08:40:42,148 INFO o.a.j.r.c.ReportGeneratorConfiguration: Will use date range start date: null, end date: null
2024-04-03 08:40:42,247 INFO o.a.j.r.c.ReportGeneratorConfiguration: Property 'jmeter.reportgenerator.graph.totalTPS.exclude_controllers' not found, using default value 'false' instead.
2024-04-03 08:40:42,247 INFO o.a.j.r.c.ReportGeneratorConfiguration: Property 'jmeter.reportgenerator.graph.activeThreadsOverTime.exclude_controllers' not found, using default value 'false' instead.
2024-04-03 08:40:42,248 INFO o.a.j.r.c.ReportGeneratorConfiguration: Property 'jmeter.reportgenerator.graph.timeVsThreads.exclude_controllers' not found, using default value 'false' instead.
2024-04-03 08:40:42,248 INFO o.a.j.r.c.ReportGeneratorConfiguration: Property 'jmeter.reportgenerator.graph.responseTimeDistribution.exclude_controllers' not found, using default value 'false' instead.
2024-04-03 08:40:42,248 INFO o.a.j.r.c.ReportGeneratorConfiguration: Property 'jmeter.reportgenerator.graph.transactionsPerSecond.exclude_controllers' not found, using default value 'false' instead.
2024-04-03 08:40:42,248 INFO o.a.j.r.c.ReportGeneratorConfiguration: Property 'jmeter.reportgenerator.graph.responseTimePercentiles.exclude_controllers' not found, using default value 'false' instead.
2024-04-03 08:40:42,248 INFO o.a.j.r.c.ReportGeneratorConfiguration: Property 'jmeter.reportgenerator.graph.responseTimePercentilesOverTime.exclude_controllers' not found, using default value 'false' instead.
2024-04-03 08:40:42,249 INFO o.a.j.r.c.ReportGeneratorConfiguration: Property 'jmeter.reportgenerator.graph.responseTimesOverTime.exclude_controllers' not found, using default value 'false' instead.
2024-04-03 08:40:42,249 INFO o.a.j.r.c.ReportGeneratorConfiguration: Property 'jmeter.reportgenerator.graph.connectTimeOverTime.exclude_controllers' not found, using default value 'false' instead.
2024-04-03 08:40:42,249 INFO o.a.j.r.c.ReportGeneratorConfiguration: Property 'jmeter.reportgenerator.graph.latenciesOverTime.exclude_controllers' not found, using default value 'false' instead.
2024-04-03 08:40:42,250 INFO o.a.j.r.c.ReportGeneratorConfiguration: Property 'jmeter.reportgenerator.exporter.json.filters_only_sample_series' not found, using default value 'true' instead.
2024-04-03 08:40:42,250 INFO o.a.j.r.c.ReportGeneratorConfiguration: Property 'jmeter.reportgenerator.exporter.json.series_filter' not found, using default value '' instead.
2024-04-03 08:40:42,250 INFO o.a.j.r.c.ReportGeneratorConfiguration: Property 'jmeter.reportgenerator.exporter.json.show_controllers_only' not found, using default value 'false' instead.
2024-04-03 08:40:42,251 INFO o.a.j.r.c.ReportGeneratorConfiguration: Property 'jmeter.reportgenerator.exporter.html.filters_only_sample_series' not found, using default value 'true' instead.
2024-04-03 08:40:42,251 INFO o.a.j.r.c.ReportGeneratorConfiguration: Property 'jmeter.reportgenerator.exporter.html.series_filter' not found, using default value '' instead.
2024-04-03 08:40:42,251 INFO o.a.j.r.c.ReportGeneratorConfiguration: Property 'jmeter.reportgenerator.exporter.html.show_controllers_only' not found, using default value 'false' instead.
2024-04-03 08:40:42,254 INFO o.a.j.e.DistributedRunner: Configuring remote engine: 10.35.0.15
2024-04-03 08:40:42,346 INFO o.a.j.r.RmiUtils: Disabling SSL for RMI as server.rmi.ssl.disable is set to 'true'
2024-04-03 08:40:42,846 INFO o.a.j.e.DistributedRunner: Starting distributed test with remote engines: [10.35.0.15] @ Wed Apr 03 08:40:42 UTC 2024 (1712133642846)
2024-04-03 08:40:42,846 INFO o.a.j.e.ClientJMeterEngine: running clientengine run method
2024-04-03 08:40:42,852 INFO o.a.j.e.u.CompoundVariable: Note: Function class names must contain the string: '.functions.'
2024-04-03 08:40:42,852 INFO o.a.j.e.u.CompoundVariable: Note: Function class names must not contain the string: '.gui.'
2024-04-03 08:40:43,247 INFO o.a.j.r.RmiUtils: Disabling SSL for RMI as server.rmi.ssl.disable is set to 'true'
2024-04-03 08:40:43,247 INFO o.a.j.r.RmiUtils: Disabling SSL for RMI as server.rmi.ssl.disable is set to 'true'
2024-04-03 08:40:43,250 INFO o.a.j.s.SampleEvent: List of sample_variables: []
2024-04-03 08:40:43,347 INFO o.a.j.s.BatchSampleSender: Using batching (client settings) for this run. Thresholds: num=100, time=60000
2024-04-03 08:40:43,347 INFO o.a.j.s.DataStrippingSampleSender: Using DataStrippingSampleSender for this run
2024-04-03 08:40:43,348 INFO o.a.j.r.RmiUtils: Disabling SSL for RMI as server.rmi.ssl.disable is set to 'true'
2024-04-03 08:40:43,348 INFO o.a.j.r.RmiUtils: Disabling SSL for RMI as server.rmi.ssl.disable is set to 'true'
2024-04-03 08:40:47,855 INFO o.a.j.r.RmiUtils: Disabling SSL for RMI as server.rmi.ssl.disable is set to 'true'
2024-04-03 08:40:47,855 INFO o.a.j.r.RmiUtils: Disabling SSL for RMI as server.rmi.ssl.disable is set to 'true'
2024-04-03 08:40:47,856 INFO o.a.j.r.RmiUtils: Disabling SSL for RMI as server.rmi.ssl.disable is set to 'true'
2024-04-03 08:40:47,856 INFO o.a.j.r.RmiUtils: Disabling SSL for RMI as server.rmi.ssl.disable is set to 'true'
2024-04-03 08:40:47,856 INFO o.a.j.s.BatchSampleSender: Using batching (client settings) for this run. Thresholds: num=100, time=60000
2024-04-03 08:40:47,857 INFO o.a.j.s.DataStrippingSampleSender: Using DataStrippingSampleSender for this run
2024-04-03 08:40:47,857 INFO o.a.j.r.RmiUtils: Disabling SSL for RMI as server.rmi.ssl.disable is set to 'true'
2024-04-03 08:40:47,857 INFO o.a.j.r.RmiUtils: Disabling SSL for RMI as server.rmi.ssl.disable is set to 'true'
2024-04-03 08:40:47,857 INFO o.a.j.s.BatchSampleSender: Using batching (client settings) for this run. Thresholds: num=100, time=60000
2024-04-03 08:40:47,857 INFO o.a.j.s.DataStrippingSampleSender: Using DataStrippingSampleSender for this run
2024-04-03 08:40:47,857 INFO o.a.j.r.RmiUtils: Disabling SSL for RMI as server.rmi.ssl.disable is set to 'true'
2024-04-03 08:40:47,857 INFO o.a.j.r.RmiUtils: Disabling SSL for RMI as server.rmi.ssl.disable is set to 'true'
2024-04-03 08:40:47,857 INFO o.a.j.s.BatchSampleSender: Using batching (client settings) for this run. Thresholds: num=100, time=60000
2024-04-03 08:40:47,857 INFO o.a.j.s.DataStrippingSampleSender: Using DataStrippingSampleSender for this run
2024-04-03 08:40:47,858 INFO o.a.j.r.RmiUtils: Disabling SSL for RMI as server.rmi.ssl.disable is set to 'true'
2024-04-03 08:40:47,858 INFO o.a.j.r.RmiUtils: Disabling SSL for RMI as server.rmi.ssl.disable is set to 'true'
2024-04-03 08:40:47,858 INFO o.a.j.s.BatchSampleSender: Using batching (client settings) for this run. Thresholds: num=100, time=60000
2024-04-03 08:40:47,858 INFO o.a.j.s.DataStrippingSampleSender: Using DataStrippingSampleSender for this run
2024-04-03 08:40:47,858 INFO o.a.j.r.RmiUtils: Disabling SSL for RMI as server.rmi.ssl.disable is set to 'true'
2024-04-03 08:40:47,858 INFO o.a.j.r.RmiUtils: Disabling SSL for RMI as server.rmi.ssl.disable is set to 'true'
2024-04-03 08:40:47,858 INFO o.a.j.s.BatchSampleSender: Using batching (client settings) for this run. Thresholds: num=100, time=60000
2024-04-03 08:40:47,858 INFO o.a.j.s.DataStrippingSampleSender: Using DataStrippingSampleSender for this run
2024-04-03 08:40:48,801 INFO o.a.j.e.ClientJMeterEngine: sent test to 10.35.0.15 basedir='.'
2024-04-03 08:40:48,801 INFO o.a.j.e.ClientJMeterEngine: Sending properties {}
2024-04-03 08:40:48,804 INFO o.a.j.e.ClientJMeterEngine: sent run command to 10.35.0.15
2024-04-03 08:40:48,804 INFO o.a.j.e.DistributedRunner: Remote engines have been started:[10.35.0.15]
2024-04-03 08:40:49,554 INFO o.a.j.v.b.BackendListener: Backend Listener 1: Starting worker with class: class org.apache.jmeter.visualizers.backend.influxdb.InfluxdbBackendListenerClient and queue capacity: 5000
2024-04-03 08:40:49,555 INFO o.a.j.v.b.BackendListener: Backend Listener 1: Started  worker with class: class org.apache.jmeter.visualizers.backend.influxdb.InfluxdbBackendListenerClient
2024-04-03 08:40:51,347 INFO o.a.j.v.b.BackendListener: Backend Listener 2: Starting worker with class: class rocks.nt.apm.jmeter.JMeterInfluxDBBackendListenerClient and queue capacity: 5000
2024-04-03 08:40:51,348 INFO o.a.j.v.b.BackendListener: Backend Listener 2: Started  worker with class: class rocks.nt.apm.jmeter.JMeterInfluxDBBackendListenerClient
2024-04-03 08:40:52,547 INFO o.a.j.JMeter: Started remote host:  10.35.0.15 (1712133652547)
2024-04-03 08:41:00,151 INFO o.a.j.r.Summariser: summary +      2 in 00:00:08 =    0.3/s Avg:  4299 Min:  4299 Max:  4299 Err:     0 (0.00%) Active: 10 Started: 10 Finished: 0
2024-04-03 08:41:30,147 INFO o.a.j.r.Summariser: summary +   1477 in 00:00:30 =   49.2/s Avg:   223 Min:   189 Max:  4370 Err:   218 (14.76%) Active: 10 Started: 10 Finished: 0
2024-04-03 08:41:30,148 INFO o.a.j.r.Summariser: summary =   1479 in 00:00:38 =   39.3/s Avg:   229 Min:   189 Max:  4370 Err:   218 (14.74%)
2024-04-03 08:42:01,324 INFO o.a.j.r.Summariser: summary +   1479 in 00:00:31 =   47.4/s Avg:   208 Min:   189 Max:  1315 Err:   214 (14.47%) Active: 10 Started: 10 Finished: 0
2024-04-03 08:42:01,325 INFO o.a.j.r.Summariser: summary =   2958 in 00:01:09 =   43.0/s Avg:   218 Min:   189 Max:  4370 Err:   432 (14.60%)
2024-04-03 08:42:30,530 INFO o.a.j.r.Summariser: summary +   1399 in 00:00:29 =   47.9/s Avg:   208 Min:   190 Max:   267 Err:   187 (13.37%) Active: 10 Started: 10 Finished: 0
2024-04-03 08:42:30,530 INFO o.a.j.r.Summariser: summary =   4357 in 00:01:38 =   44.5/s Avg:   215 Min:   189 Max:  4370 Err:   619 (14.21%)
2024-04-03 08:43:00,383 INFO o.a.j.r.Summariser: summary +   1402 in 00:00:30 =   47.0/s Avg:   212 Min:   190 Max:   831 Err:   231 (16.48%) Active: 10 Started: 10 Finished: 0
2024-04-03 08:43:00,384 INFO o.a.j.r.Summariser: summary =   5759 in 00:02:08 =   45.0/s Avg:   214 Min:   189 Max:  4370 Err:   850 (14.76%)
2024-04-03 08:43:30,492 INFO o.a.j.r.Summariser: summary +   1477 in 00:00:30 =   49.1/s Avg:   203 Min:   190 Max:   249 Err:   200 (13.54%) Active: 10 Started: 10 Finished: 0
2024-04-03 08:43:30,493 INFO o.a.j.r.Summariser: summary =   7236 in 00:02:38 =   45.8/s Avg:   212 Min:   189 Max:  4370 Err:  1050 (14.51%)
2024-04-03 08:43:53,119 INFO o.a.j.v.b.BackendListener: Worker ended
2024-04-03 08:43:53,120 INFO o.a.j.v.b.i.InfluxdbBackendListenerClient: Sending last metrics to InfluxDB
2024-04-03 08:43:53,121 INFO o.a.j.v.b.i.HttpMetricsSender: Destroying 
2024-04-03 08:43:53,131 INFO o.a.j.v.b.BackendListener: Worker ended
2024-04-03 08:43:53,132 INFO r.n.a.j.JMeterInfluxDBBackendListenerClient: Shutting down influxDB scheduler...
2024-04-03 08:43:53,137 INFO r.n.a.j.JMeterInfluxDBBackendListenerClient: influxDB scheduler terminated!
2024-04-03 08:43:53,140 INFO o.a.j.r.Summariser: summary +   1176 in 00:00:23 =   51.9/s Avg:   203 Min:   190 Max:   283 Err:   144 (12.24%) Active: 0 Started: 10 Finished: 10
2024-04-03 08:43:53,140 INFO o.a.j.r.Summariser: summary =   8412 in 00:03:01 =   46.6/s Avg:   211 Min:   189 Max:  4370 Err:  1194 (14.19%)
2024-04-03 08:43:53,141 INFO o.a.j.JMeter: Finished remote host: 10.35.0.15 (1712133833141)
2024-04-03 08:43:53,141 INFO o.a.j.JMeter: All remote engines have ended test, starting RemoteTestStopper thread
2024-04-03 08:43:53,143 INFO o.a.j.e.ClientJMeterEngine: about to exit remote server on 10.35.0.15
2024-04-03 08:43:58,319 INFO o.a.j.JMeter: Interrupting RMI Reaper
2024-04-03 08:43:58,320 INFO o.a.j.JMeter: Generating Dashboard
2024-04-03 08:43:58,320 INFO o.a.j.r.d.ReportGenerator: Flushing result collector before report Generation
2024-04-03 08:43:58,749 INFO o.a.j.r.p.NormalizerSampleConsumer: Using format, 'ms', to parse timeStamp field
2024-04-03 08:44:02,724 INFO o.a.j.r.p.AbstractSampleConsumer: class org.apache.jmeter.report.processor.AggregateConsumer#stopProducing(): beginDate produced 0 samples
2024-04-03 08:44:02,724 INFO o.a.j.r.p.AbstractSampleConsumer: class org.apache.jmeter.report.processor.AggregateConsumer#stopProducing(): endDate produced 0 samples
2024-04-03 08:44:02,749 INFO o.a.j.r.p.AbstractSampleConsumer: class org.apache.jmeter.report.processor.ApdexSummaryConsumer#stopProducing(): apdexSummary produced 0 samples
2024-04-03 08:44:02,749 INFO o.a.j.r.p.AbstractSampleConsumer: class org.apache.jmeter.report.processor.RequestsSummaryConsumer#stopProducing(): requestsSummary produced 0 samples
2024-04-03 08:44:02,750 INFO o.a.j.r.p.AbstractSampleConsumer: class org.apache.jmeter.report.processor.StatisticsSummaryConsumer#stopProducing(): statisticsSummary produced 0 samples
2024-04-03 08:44:02,826 INFO o.a.j.r.p.AbstractSampleConsumer: class org.apache.jmeter.report.processor.Top5ErrorsBySamplerConsumer#stopProducing(): top5ErrorsBySampler produced 0 samples
2024-04-03 08:44:02,826 INFO o.a.j.r.p.AbstractSampleConsumer: class org.apache.jmeter.report.processor.ErrorsSummaryConsumer#stopProducing(): errorsSummary produced 0 samples
2024-04-03 08:44:02,826 INFO o.a.j.r.p.AbstractSampleConsumer: class org.apache.jmeter.report.processor.graph.impl.HitsPerSecondGraphConsumer#stopProducing(): hitsPerSecond produced 0 samples
2024-04-03 08:44:03,651 INFO o.a.j.r.p.AbstractSampleConsumer: class org.apache.jmeter.report.processor.graph.impl.LatencyVSRequestGraphConsumer#stopProducing(): latencyVsRequest produced 0 samples
2024-04-03 08:44:03,652 INFO o.a.j.r.p.AbstractSampleConsumer: class org.apache.jmeter.report.processor.graph.impl.SyntheticResponseTimeDistributionGraphConsumer#stopProducing(): syntheticResponseTimeDistribution produced 0 samples
2024-04-03 08:44:03,652 INFO o.a.j.r.p.AbstractSampleConsumer: class org.apache.jmeter.report.processor.graph.impl.BytesThroughputGraphConsumer#stopProducing(): bytesThroughputOverTime produced 0 samples
2024-04-03 08:44:03,652 INFO o.a.j.r.p.AbstractSampleConsumer: class org.apache.jmeter.report.processor.graph.impl.CodesPerSecondGraphConsumer#stopProducing(): codesPerSecond produced 0 samples
2024-04-03 08:44:04,451 INFO o.a.j.r.p.AbstractSampleConsumer: class org.apache.jmeter.report.processor.graph.impl.ResponseTimeVSRequestGraphConsumer#stopProducing(): responseTimeVsRequest produced 0 samples
2024-04-03 08:44:04,452 INFO o.a.j.r.p.AbstractSampleConsumer: class org.apache.jmeter.report.processor.FilterConsumer#stopProducing(): startIntervalControlerFilter produced 58884 samples
2024-04-03 08:44:04,452 INFO o.a.j.r.p.AbstractSampleConsumer: class org.apache.jmeter.report.processor.graph.impl.TotalTPSGraphConsumer#stopProducing(): totalTPS produced 0 samples
2024-04-03 08:44:04,452 INFO o.a.j.r.p.AbstractSampleConsumer: class org.apache.jmeter.report.processor.graph.impl.ActiveThreadsGraphConsumer#stopProducing(): activeThreadsOverTime produced 0 samples
2024-04-03 08:44:04,452 INFO o.a.j.r.p.AbstractSampleConsumer: class org.apache.jmeter.report.processor.graph.impl.TimeVSThreadGraphConsumer#stopProducing(): timeVsThreads produced 0 samples
2024-04-03 08:44:04,453 INFO o.a.j.r.p.AbstractSampleConsumer: class org.apache.jmeter.report.processor.graph.impl.ResponseTimeDistributionGraphConsumer#stopProducing(): responseTimeDistribution produced 0 samples
2024-04-03 08:44:04,453 INFO o.a.j.r.p.AbstractSampleConsumer: class org.apache.jmeter.report.processor.graph.impl.TransactionsPerSecondGraphConsumer#stopProducing(): transactionsPerSecond produced 0 samples
2024-04-03 08:44:04,453 INFO o.a.j.r.p.AbstractSampleConsumer: class org.apache.jmeter.report.processor.graph.impl.ResponseTimePercentilesGraphConsumer#stopProducing(): responseTimePercentiles produced 0 samples
2024-04-03 08:44:04,548 INFO o.a.j.r.p.AbstractSampleConsumer: class org.apache.jmeter.report.processor.graph.impl.ResponseTimePercentilesOverTimeGraphConsumer#stopProducing(): responseTimePercentilesOverTime produced 0 samples
2024-04-03 08:44:04,548 INFO o.a.j.r.p.AbstractSampleConsumer: class org.apache.jmeter.report.processor.graph.impl.ResponseTimeOverTimeGraphConsumer#stopProducing(): responseTimesOverTime produced 0 samples
2024-04-03 08:44:04,549 INFO o.a.j.r.p.AbstractSampleConsumer: class org.apache.jmeter.report.processor.graph.impl.ConnectTimeOverTimeGraphConsumer#stopProducing(): connectTimeOverTime produced 0 samples
2024-04-03 08:44:04,549 INFO o.a.j.r.p.AbstractSampleConsumer: class org.apache.jmeter.report.processor.graph.impl.LatencyOverTimeGraphConsumer#stopProducing(): latenciesOverTime produced 0 samples
2024-04-03 08:44:04,549 INFO o.a.j.r.p.AbstractSampleConsumer: class org.apache.jmeter.report.processor.FilterConsumer#stopProducing(): nameFilter produced 162180 samples
2024-04-03 08:44:04,549 INFO o.a.j.r.p.AbstractSampleConsumer: class org.apache.jmeter.report.processor.FilterConsumer#stopProducing(): dateRangeFilter produced 32436 samples
2024-04-03 08:44:04,549 INFO o.a.j.r.p.AbstractSampleConsumer: class org.apache.jmeter.report.processor.NormalizerSampleConsumer#stopProducing(): normalizer produced 10812 samples
2024-04-03 08:44:04,549 INFO o.a.j.r.p.CsvFileSampleSource: produce(): 10812 samples produced in 5s 698 ms on channel 0
2024-04-03 08:44:04,549 INFO o.a.j.r.d.ReportGenerator: Exporting data using exporter:'json' of className:'org.apache.jmeter.report.dashboard.JsonExporter'
2024-04-03 08:44:05,653 INFO o.a.j.r.d.JsonExporter: Found data for consumer statisticsSummary in context
2024-04-03 08:44:05,653 INFO o.a.j.r.d.JsonExporter: Creating statistics for overall
2024-04-03 08:44:05,653 INFO o.a.j.r.d.JsonExporter: Creating statistics for other transactions
2024-04-03 08:44:05,654 INFO o.a.j.r.d.JsonExporter: Checking output folder
2024-04-03 08:44:05,654 INFO o.a.j.r.d.JsonExporter: Writing statistics JSON to /report/report-PetStoreAPIScriptDynamicBuildNumber1.jmx-2024-04-03_083935/statistics.json
2024-04-03 08:44:06,047 INFO o.a.j.r.d.ReportGenerator: Exporting data using exporter:'html' of className:'org.apache.jmeter.report.dashboard.HtmlTemplateExporter'
2024-04-03 08:44:06,049 INFO o.a.j.r.d.HtmlTemplateExporter: Will generate dashboard in folder: /report/report-PetStoreAPIScriptDynamicBuildNumber1.jmx-2024-04-03_083935
2024-04-03 08:44:07,054 INFO o.a.j.r.d.HtmlTemplateExporter: Report will be generated in: /report/report-PetStoreAPIScriptDynamicBuildNumber1.jmx-2024-04-03_083935, creating folder structure
2024-04-03 08:44:07,056 INFO o.a.j.r.d.TemplateVisitor: Copying folder from '/opt/jmeter/apache-jmeter-5.4.1/bin/report-template' to '/report/report-PetStoreAPIScriptDynamicBuildNumber1.jmx-2024-04-03_083935', got message: /report/report-PetStoreAPIScriptDynamicBuildNumber1.jmx-2024-04-03_083935, found non empty folder with following content [/report/report-PetStoreAPIScriptDynamicBuildNumber1.jmx-2024-04-03_083935/statistics.json], will be ignored
2024-04-03 08:44:08,848 INFO o.a.j.JMeter: Dashboard generated
