2024-04-04 10:52:03,805 INFO o.a.j.u.JMeterUtils: Setting Locale to en_EN
2024-04-04 10:52:04,006 INFO o.a.j.JMeter: Loading user properties from: user.properties
2024-04-04 10:52:04,006 INFO o.a.j.JMeter: Loading system properties from: system.properties
2024-04-04 10:52:04,006 INFO o.a.j.JMeter: Setting System property: server.rmi.ssl.disable=true
2024-04-04 10:52:04,100 INFO o.a.j.JMeter: Copyright (c) 1998-2021 The Apache Software Foundation
2024-04-04 10:52:04,101 INFO o.a.j.JMeter: Version 5.4.1
2024-04-04 10:52:04,101 INFO o.a.j.JMeter: java.version=16.0.2
2024-04-04 10:52:04,101 INFO o.a.j.JMeter: java.vm.name=OpenJDK 64-Bit Server VM
2024-04-04 10:52:04,101 INFO o.a.j.JMeter: os.name=Linux
2024-04-04 10:52:04,101 INFO o.a.j.JMeter: os.arch=amd64
2024-04-04 10:52:04,101 INFO o.a.j.JMeter: os.version=6.5.0-1016-aws
2024-04-04 10:52:04,101 INFO o.a.j.JMeter: file.encoding=UTF-8
2024-04-04 10:52:04,101 INFO o.a.j.JMeter: java.awt.headless=null
2024-04-04 10:52:04,102 INFO o.a.j.JMeter: Max memory     =1073741824
2024-04-04 10:52:04,102 INFO o.a.j.JMeter: Available Processors =1
2024-04-04 10:52:04,200 INFO o.a.j.JMeter: Default Locale=English (EN)
2024-04-04 10:52:04,200 INFO o.a.j.JMeter: JMeter  Locale=English (EN)
2024-04-04 10:52:04,201 INFO o.a.j.JMeter: JMeterHome=/opt/jmeter/apache-jmeter-5.4.1
2024-04-04 10:52:04,201 INFO o.a.j.JMeter: user.dir  =/opt/jmeter/apache-jmeter-5.4.1/bin
2024-04-04 10:52:04,201 INFO o.a.j.JMeter: PWD       =/opt/jmeter/apache-jmeter-5.4.1/bin
2024-04-04 10:52:04,201 INFO o.a.j.JMeter: IP: 10.35.0.12 Name: jmeter-master04-04-16-20-53-qqxvg FullName: jmeter-master04-04-16-20-53-qqxvg
2024-04-04 10:52:04,296 INFO o.a.j.JMeter: Setting property 'jmeter.reportgenerator.outputdir' to:'/report/report-PetStoreAPIScriptDynamicBuildNumber.jmx-2024-04-04_105101'
2024-04-04 10:52:04,302 INFO o.a.j.s.FileServer: Default base='/opt/jmeter/apache-jmeter-5.4.1/bin'
2024-04-04 10:52:04,303 INFO o.a.j.s.FileServer: Set new base='/opt/jmeter/apache-jmeter-5.4.1/bin'
2024-04-04 10:52:05,596 INFO o.a.j.s.SaveService: Testplan (JMX) version: 2.2. Testlog (JTL) version: 2.2
2024-04-04 10:52:05,795 INFO o.a.j.s.SaveService: Using SaveService properties version 5.0
2024-04-04 10:52:05,799 INFO o.a.j.s.SaveService: Using SaveService properties file encoding UTF-8
2024-04-04 10:52:05,802 INFO o.a.j.s.SaveService: Loading file: PetStoreAPIScriptDynamicBuildNumber.jmx
2024-04-04 10:52:06,107 INFO o.a.j.p.h.c.CookieManager: Settings: Delete null: true Check: true Allow variable: true Save: false Prefix: COOKIE_
2024-04-04 10:52:06,295 INFO o.a.j.p.h.s.HTTPSamplerBase: Parser for text/html is org.apache.jmeter.protocol.http.parser.LagartoBasedHtmlParser
2024-04-04 10:52:06,295 INFO o.a.j.p.h.s.HTTPSamplerBase: Parser for application/xhtml+xml is org.apache.jmeter.protocol.http.parser.LagartoBasedHtmlParser
2024-04-04 10:52:06,295 INFO o.a.j.p.h.s.HTTPSamplerBase: Parser for application/xml is org.apache.jmeter.protocol.http.parser.LagartoBasedHtmlParser
2024-04-04 10:52:06,296 INFO o.a.j.p.h.s.HTTPSamplerBase: Parser for text/xml is org.apache.jmeter.protocol.http.parser.LagartoBasedHtmlParser
2024-04-04 10:52:06,296 INFO o.a.j.p.h.s.HTTPSamplerBase: Parser for text/vnd.wap.wml is org.apache.jmeter.protocol.http.parser.RegexpHTMLParser
2024-04-04 10:52:06,296 INFO o.a.j.p.h.s.HTTPSamplerBase: Parser for text/css is org.apache.jmeter.protocol.http.parser.CssParser
2024-04-04 10:52:06,698 INFO o.a.j.s.SampleResult: Note: Sample TimeStamps are START times
2024-04-04 10:52:06,698 INFO o.a.j.s.SampleResult: sampleresult.default.encoding is set to ISO-8859-1
2024-04-04 10:52:06,698 INFO o.a.j.s.SampleResult: sampleresult.useNanoTime=true
2024-04-04 10:52:06,698 INFO o.a.j.s.SampleResult: sampleresult.nanoThreadSleep=5000
2024-04-04 10:52:06,808 INFO o.a.j.JMeter: Creating summariser <summary>
2024-04-04 10:52:06,896 INFO o.a.j.r.d.ReportGenerator: ReportGenerator will use for Parsing the separator: ','
2024-04-04 10:52:06,896 INFO o.a.j.r.d.ReportGenerator: Will generate report at end of test from  results file: /report/PetStoreAPIScriptDynamicBuildNumber.jmx_2024-04-04_105101.jtl
2024-04-04 10:52:06,897 INFO o.a.j.r.d.ReportGenerator: Reading report generator properties from: /opt/jmeter/apache-jmeter-5.4.1/bin/reportgenerator.properties
2024-04-04 10:52:06,897 INFO o.a.j.r.d.ReportGenerator: Merging with JMeter properties
2024-04-04 10:52:06,902 INFO o.a.j.r.c.ReportGeneratorConfiguration: Property 'jmeter.reportgenerator.temp_dir' not found, using default value 'temp' instead.
2024-04-04 10:52:06,905 INFO o.a.j.r.c.ReportGeneratorConfiguration: Property 'jmeter.reportgenerator.apdex_per_transaction' not found, using default value 'null' instead.
2024-04-04 10:52:06,905 INFO o.a.j.r.c.ReportGeneratorConfiguration: apdex_per_transaction is empty, not APDEX per transaction customization
2024-04-04 10:52:06,905 INFO o.a.j.r.c.ReportGeneratorConfiguration: Property 'jmeter.reportgenerator.sample_filter' not found, using default value 'null' instead.
2024-04-04 10:52:06,905 INFO o.a.j.r.c.ReportGeneratorConfiguration: Property 'jmeter.reportgenerator.report_title' not found, using default value 'null' instead.
2024-04-04 10:52:06,994 INFO o.a.j.r.c.ReportGeneratorConfiguration: Property 'jmeter.reportgenerator.start_date' not found, using default value 'null' instead.
2024-04-04 10:52:06,994 INFO o.a.j.r.c.ReportGeneratorConfiguration: Property 'jmeter.reportgenerator.end_date' not found, using default value 'null' instead.
2024-04-04 10:52:06,994 INFO o.a.j.r.c.ReportGeneratorConfiguration: Property 'jmeter.reportgenerator.date_format' not found, using default value 'null' instead.
2024-04-04 10:52:06,995 INFO o.a.j.r.c.ReportGeneratorConfiguration: Will use date range start date: null, end date: null
2024-04-04 10:52:06,999 INFO o.a.j.r.c.ReportGeneratorConfiguration: Property 'jmeter.reportgenerator.graph.totalTPS.exclude_controllers' not found, using default value 'false' instead.
2024-04-04 10:52:06,999 INFO o.a.j.r.c.ReportGeneratorConfiguration: Property 'jmeter.reportgenerator.graph.activeThreadsOverTime.exclude_controllers' not found, using default value 'false' instead.
2024-04-04 10:52:07,000 INFO o.a.j.r.c.ReportGeneratorConfiguration: Property 'jmeter.reportgenerator.graph.timeVsThreads.exclude_controllers' not found, using default value 'false' instead.
2024-04-04 10:52:07,000 INFO o.a.j.r.c.ReportGeneratorConfiguration: Property 'jmeter.reportgenerator.graph.responseTimeDistribution.exclude_controllers' not found, using default value 'false' instead.
2024-04-04 10:52:07,000 INFO o.a.j.r.c.ReportGeneratorConfiguration: Property 'jmeter.reportgenerator.graph.transactionsPerSecond.exclude_controllers' not found, using default value 'false' instead.
2024-04-04 10:52:07,000 INFO o.a.j.r.c.ReportGeneratorConfiguration: Property 'jmeter.reportgenerator.graph.responseTimePercentiles.exclude_controllers' not found, using default value 'false' instead.
2024-04-04 10:52:07,000 INFO o.a.j.r.c.ReportGeneratorConfiguration: Property 'jmeter.reportgenerator.graph.responseTimePercentilesOverTime.exclude_controllers' not found, using default value 'false' instead.
2024-04-04 10:52:07,001 INFO o.a.j.r.c.ReportGeneratorConfiguration: Property 'jmeter.reportgenerator.graph.responseTimesOverTime.exclude_controllers' not found, using default value 'false' instead.
2024-04-04 10:52:07,001 INFO o.a.j.r.c.ReportGeneratorConfiguration: Property 'jmeter.reportgenerator.graph.connectTimeOverTime.exclude_controllers' not found, using default value 'false' instead.
2024-04-04 10:52:07,001 INFO o.a.j.r.c.ReportGeneratorConfiguration: Property 'jmeter.reportgenerator.graph.latenciesOverTime.exclude_controllers' not found, using default value 'false' instead.
2024-04-04 10:52:07,002 INFO o.a.j.r.c.ReportGeneratorConfiguration: Property 'jmeter.reportgenerator.exporter.json.filters_only_sample_series' not found, using default value 'true' instead.
2024-04-04 10:52:07,094 INFO o.a.j.r.c.ReportGeneratorConfiguration: Property 'jmeter.reportgenerator.exporter.json.series_filter' not found, using default value '' instead.
2024-04-04 10:52:07,094 INFO o.a.j.r.c.ReportGeneratorConfiguration: Property 'jmeter.reportgenerator.exporter.json.show_controllers_only' not found, using default value 'false' instead.
2024-04-04 10:52:07,095 INFO o.a.j.r.c.ReportGeneratorConfiguration: Property 'jmeter.reportgenerator.exporter.html.filters_only_sample_series' not found, using default value 'true' instead.
2024-04-04 10:52:07,095 INFO o.a.j.r.c.ReportGeneratorConfiguration: Property 'jmeter.reportgenerator.exporter.html.series_filter' not found, using default value '' instead.
2024-04-04 10:52:07,095 INFO o.a.j.r.c.ReportGeneratorConfiguration: Property 'jmeter.reportgenerator.exporter.html.show_controllers_only' not found, using default value 'false' instead.
2024-04-04 10:52:07,098 INFO o.a.j.e.DistributedRunner: Configuring remote engine: 10.35.0.13
2024-04-04 10:52:07,100 INFO o.a.j.r.RmiUtils: Disabling SSL for RMI as server.rmi.ssl.disable is set to 'true'
2024-04-04 10:52:07,597 INFO o.a.j.e.DistributedRunner: Starting distributed test with remote engines: [10.35.0.13] @ Thu Apr 04 10:52:07 UTC 2024 (1712227927597)
2024-04-04 10:52:07,598 INFO o.a.j.e.ClientJMeterEngine: running clientengine run method
2024-04-04 10:52:07,603 INFO o.a.j.e.u.CompoundVariable: Note: Function class names must contain the string: '.functions.'
2024-04-04 10:52:07,603 INFO o.a.j.e.u.CompoundVariable: Note: Function class names must not contain the string: '.gui.'
2024-04-04 10:52:08,103 INFO o.a.j.r.RmiUtils: Disabling SSL for RMI as server.rmi.ssl.disable is set to 'true'
2024-04-04 10:52:08,194 INFO o.a.j.r.RmiUtils: Disabling SSL for RMI as server.rmi.ssl.disable is set to 'true'
2024-04-04 10:52:08,197 INFO o.a.j.s.SampleEvent: List of sample_variables: []
2024-04-04 10:52:08,202 INFO o.a.j.s.BatchSampleSender: Using batching (client settings) for this run. Thresholds: num=100, time=60000
2024-04-04 10:52:08,202 INFO o.a.j.s.DataStrippingSampleSender: Using DataStrippingSampleSender for this run
2024-04-04 10:52:08,203 INFO o.a.j.r.RmiUtils: Disabling SSL for RMI as server.rmi.ssl.disable is set to 'true'
2024-04-04 10:52:08,203 INFO o.a.j.r.RmiUtils: Disabling SSL for RMI as server.rmi.ssl.disable is set to 'true'
2024-04-04 10:52:12,994 INFO o.a.j.r.RmiUtils: Disabling SSL for RMI as server.rmi.ssl.disable is set to 'true'
2024-04-04 10:52:12,994 INFO o.a.j.r.RmiUtils: Disabling SSL for RMI as server.rmi.ssl.disable is set to 'true'
2024-04-04 10:52:12,995 INFO o.a.j.r.RmiUtils: Disabling SSL for RMI as server.rmi.ssl.disable is set to 'true'
2024-04-04 10:52:12,995 INFO o.a.j.r.RmiUtils: Disabling SSL for RMI as server.rmi.ssl.disable is set to 'true'
2024-04-04 10:52:12,996 INFO o.a.j.s.BatchSampleSender: Using batching (client settings) for this run. Thresholds: num=100, time=60000
2024-04-04 10:52:12,996 INFO o.a.j.s.DataStrippingSampleSender: Using DataStrippingSampleSender for this run
2024-04-04 10:52:12,996 INFO o.a.j.r.RmiUtils: Disabling SSL for RMI as server.rmi.ssl.disable is set to 'true'
2024-04-04 10:52:12,996 INFO o.a.j.r.RmiUtils: Disabling SSL for RMI as server.rmi.ssl.disable is set to 'true'
2024-04-04 10:52:12,996 INFO o.a.j.s.BatchSampleSender: Using batching (client settings) for this run. Thresholds: num=100, time=60000
2024-04-04 10:52:12,996 INFO o.a.j.s.DataStrippingSampleSender: Using DataStrippingSampleSender for this run
2024-04-04 10:52:12,996 INFO o.a.j.r.RmiUtils: Disabling SSL for RMI as server.rmi.ssl.disable is set to 'true'
2024-04-04 10:52:12,996 INFO o.a.j.r.RmiUtils: Disabling SSL for RMI as server.rmi.ssl.disable is set to 'true'
2024-04-04 10:52:12,997 INFO o.a.j.s.BatchSampleSender: Using batching (client settings) for this run. Thresholds: num=100, time=60000
2024-04-04 10:52:12,997 INFO o.a.j.s.DataStrippingSampleSender: Using DataStrippingSampleSender for this run
2024-04-04 10:52:12,997 INFO o.a.j.r.RmiUtils: Disabling SSL for RMI as server.rmi.ssl.disable is set to 'true'
2024-04-04 10:52:12,997 INFO o.a.j.r.RmiUtils: Disabling SSL for RMI as server.rmi.ssl.disable is set to 'true'
2024-04-04 10:52:12,997 INFO o.a.j.s.BatchSampleSender: Using batching (client settings) for this run. Thresholds: num=100, time=60000
2024-04-04 10:52:12,997 INFO o.a.j.s.DataStrippingSampleSender: Using DataStrippingSampleSender for this run
2024-04-04 10:52:12,997 INFO o.a.j.r.RmiUtils: Disabling SSL for RMI as server.rmi.ssl.disable is set to 'true'
2024-04-04 10:52:12,997 INFO o.a.j.r.RmiUtils: Disabling SSL for RMI as server.rmi.ssl.disable is set to 'true'
2024-04-04 10:52:12,998 INFO o.a.j.s.BatchSampleSender: Using batching (client settings) for this run. Thresholds: num=100, time=60000
2024-04-04 10:52:12,998 INFO o.a.j.s.DataStrippingSampleSender: Using DataStrippingSampleSender for this run
2024-04-04 10:52:13,758 INFO o.a.j.e.ClientJMeterEngine: sent test to 10.35.0.13 basedir='.'
2024-04-04 10:52:13,758 INFO o.a.j.e.ClientJMeterEngine: Sending properties {}
2024-04-04 10:52:13,761 INFO o.a.j.e.ClientJMeterEngine: sent run command to 10.35.0.13
2024-04-04 10:52:13,761 INFO o.a.j.e.DistributedRunner: Remote engines have been started:[10.35.0.13]
2024-04-04 10:52:14,471 INFO o.a.j.v.b.BackendListener: Backend Listener 1: Starting worker with class: class org.apache.jmeter.visualizers.backend.influxdb.InfluxdbBackendListenerClient and queue capacity: 5000
2024-04-04 10:52:14,495 INFO o.a.j.v.b.BackendListener: Backend Listener 1: Started  worker with class: class org.apache.jmeter.visualizers.backend.influxdb.InfluxdbBackendListenerClient
2024-04-04 10:52:16,195 INFO o.a.j.v.b.BackendListener: Backend Listener 2: Starting worker with class: class rocks.nt.apm.jmeter.JMeterInfluxDBBackendListenerClient and queue capacity: 5000
2024-04-04 10:52:16,197 INFO o.a.j.v.b.BackendListener: Backend Listener 2: Started  worker with class: class rocks.nt.apm.jmeter.JMeterInfluxDBBackendListenerClient
2024-04-04 10:52:17,195 INFO o.a.j.JMeter: Started remote host:  10.35.0.13 (1712227937195)
2024-04-04 10:52:31,601 INFO o.a.j.r.Summariser: summary +    317 in 00:00:14 =   22.0/s Avg:   341 Min:   191 Max:  4493 Err:    47 (14.83%) Active: 10 Started: 10 Finished: 0
2024-04-04 10:53:00,498 INFO o.a.j.r.Summariser: summary +   1396 in 00:00:29 =   48.3/s Avg:   205 Min:   190 Max:   283 Err:   209 (14.97%) Active: 10 Started: 10 Finished: 0
2024-04-04 10:53:00,498 INFO o.a.j.r.Summariser: summary =   1713 in 00:00:43 =   39.6/s Avg:   230 Min:   190 Max:  4493 Err:   256 (14.94%)
2024-04-04 10:53:30,217 INFO o.a.j.r.Summariser: summary +   1402 in 00:00:30 =   47.2/s Avg:   211 Min:   190 Max:  1276 Err:   208 (14.84%) Active: 10 Started: 10 Finished: 0
2024-04-04 10:53:30,218 INFO o.a.j.r.Summariser: summary =   3115 in 00:01:13 =   42.7/s Avg:   222 Min:   190 Max:  4493 Err:   464 (14.90%)
2024-04-04 10:54:00,197 INFO o.a.j.r.Summariser: summary +   1478 in 00:00:30 =   49.3/s Avg:   201 Min:   191 Max:   271 Err:   218 (14.75%) Active: 10 Started: 10 Finished: 0
2024-04-04 10:54:00,198 INFO o.a.j.r.Summariser: summary =   4593 in 00:01:43 =   44.6/s Avg:   215 Min:   190 Max:  4493 Err:   682 (14.85%)
2024-04-04 10:54:17,665 INFO o.a.j.v.b.BackendListener: Worker ended
2024-04-04 10:54:17,666 INFO o.a.j.v.b.i.InfluxdbBackendListenerClient: Sending last metrics to InfluxDB
2024-04-04 10:54:17,669 INFO o.a.j.v.b.i.HttpMetricsSender: Destroying 
2024-04-04 10:54:17,749 INFO o.a.j.v.b.BackendListener: Worker ended
2024-04-04 10:54:17,749 INFO r.n.a.j.JMeterInfluxDBBackendListenerClient: Shutting down influxDB scheduler...
2024-04-04 10:54:17,755 INFO r.n.a.j.JMeterInfluxDBBackendListenerClient: influxDB scheduler terminated!
2024-04-04 10:54:17,758 INFO o.a.j.r.Summariser: summary +    940 in 00:00:18 =   53.5/s Avg:   201 Min:   191 Max:   281 Err:   162 (17.23%) Active: 0 Started: 10 Finished: 10
2024-04-04 10:54:17,758 INFO o.a.j.r.Summariser: summary =   5533 in 00:02:01 =   45.9/s Avg:   213 Min:   190 Max:  4493 Err:   844 (15.25%)
2024-04-04 10:54:17,758 INFO o.a.j.JMeter: Finished remote host: 10.35.0.13 (1712228057758)
2024-04-04 10:54:17,758 INFO o.a.j.JMeter: All remote engines have ended test, starting RemoteTestStopper thread
2024-04-04 10:54:17,760 INFO o.a.j.e.ClientJMeterEngine: about to exit remote server on 10.35.0.13
2024-04-04 10:54:23,152 INFO o.a.j.JMeter: Interrupting RMI Reaper
2024-04-04 10:54:23,152 INFO o.a.j.JMeter: Generating Dashboard
2024-04-04 10:54:23,152 INFO o.a.j.r.d.ReportGenerator: Flushing result collector before report Generation
2024-04-04 10:54:23,208 INFO o.a.j.r.p.NormalizerSampleConsumer: Using format, 'ms', to parse timeStamp field
2024-04-04 10:54:26,899 INFO o.a.j.r.p.AbstractSampleConsumer: class org.apache.jmeter.report.processor.AggregateConsumer#stopProducing(): beginDate produced 0 samples
2024-04-04 10:54:26,900 INFO o.a.j.r.p.AbstractSampleConsumer: class org.apache.jmeter.report.processor.AggregateConsumer#stopProducing(): endDate produced 0 samples
2024-04-04 10:54:26,901 INFO o.a.j.r.p.AbstractSampleConsumer: class org.apache.jmeter.report.processor.ApdexSummaryConsumer#stopProducing(): apdexSummary produced 0 samples
2024-04-04 10:54:26,901 INFO o.a.j.r.p.AbstractSampleConsumer: class org.apache.jmeter.report.processor.RequestsSummaryConsumer#stopProducing(): requestsSummary produced 0 samples
2024-04-04 10:54:26,903 INFO o.a.j.r.p.AbstractSampleConsumer: class org.apache.jmeter.report.processor.StatisticsSummaryConsumer#stopProducing(): statisticsSummary produced 0 samples
2024-04-04 10:54:26,999 INFO o.a.j.r.p.AbstractSampleConsumer: class org.apache.jmeter.report.processor.Top5ErrorsBySamplerConsumer#stopProducing(): top5ErrorsBySampler produced 0 samples
2024-04-04 10:54:26,999 INFO o.a.j.r.p.AbstractSampleConsumer: class org.apache.jmeter.report.processor.ErrorsSummaryConsumer#stopProducing(): errorsSummary produced 0 samples
2024-04-04 10:54:26,999 INFO o.a.j.r.p.AbstractSampleConsumer: class org.apache.jmeter.report.processor.graph.impl.HitsPerSecondGraphConsumer#stopProducing(): hitsPerSecond produced 0 samples
2024-04-04 10:54:27,501 INFO o.a.j.r.p.AbstractSampleConsumer: class org.apache.jmeter.report.processor.graph.impl.LatencyVSRequestGraphConsumer#stopProducing(): latencyVsRequest produced 0 samples
2024-04-04 10:54:27,502 INFO o.a.j.r.p.AbstractSampleConsumer: class org.apache.jmeter.report.processor.graph.impl.SyntheticResponseTimeDistributionGraphConsumer#stopProducing(): syntheticResponseTimeDistribution produced 0 samples
2024-04-04 10:54:27,502 INFO o.a.j.r.p.AbstractSampleConsumer: class org.apache.jmeter.report.processor.graph.impl.BytesThroughputGraphConsumer#stopProducing(): bytesThroughputOverTime produced 0 samples
2024-04-04 10:54:27,502 INFO o.a.j.r.p.AbstractSampleConsumer: class org.apache.jmeter.report.processor.graph.impl.CodesPerSecondGraphConsumer#stopProducing(): codesPerSecond produced 0 samples
2024-04-04 10:54:28,202 INFO o.a.j.r.p.AbstractSampleConsumer: class org.apache.jmeter.report.processor.graph.impl.ResponseTimeVSRequestGraphConsumer#stopProducing(): responseTimeVsRequest produced 0 samples
2024-04-04 10:54:28,202 INFO o.a.j.r.p.AbstractSampleConsumer: class org.apache.jmeter.report.processor.FilterConsumer#stopProducing(): startIntervalControlerFilter produced 38731 samples
2024-04-04 10:54:28,202 INFO o.a.j.r.p.AbstractSampleConsumer: class org.apache.jmeter.report.processor.graph.impl.TotalTPSGraphConsumer#stopProducing(): totalTPS produced 0 samples
2024-04-04 10:54:28,203 INFO o.a.j.r.p.AbstractSampleConsumer: class org.apache.jmeter.report.processor.graph.impl.ActiveThreadsGraphConsumer#stopProducing(): activeThreadsOverTime produced 0 samples
2024-04-04 10:54:28,203 INFO o.a.j.r.p.AbstractSampleConsumer: class org.apache.jmeter.report.processor.graph.impl.TimeVSThreadGraphConsumer#stopProducing(): timeVsThreads produced 0 samples
2024-04-04 10:54:28,203 INFO o.a.j.r.p.AbstractSampleConsumer: class org.apache.jmeter.report.processor.graph.impl.ResponseTimeDistributionGraphConsumer#stopProducing(): responseTimeDistribution produced 0 samples
2024-04-04 10:54:28,204 INFO o.a.j.r.p.AbstractSampleConsumer: class org.apache.jmeter.report.processor.graph.impl.TransactionsPerSecondGraphConsumer#stopProducing(): transactionsPerSecond produced 0 samples
2024-04-04 10:54:28,204 INFO o.a.j.r.p.AbstractSampleConsumer: class org.apache.jmeter.report.processor.graph.impl.ResponseTimePercentilesGraphConsumer#stopProducing(): responseTimePercentiles produced 0 samples
2024-04-04 10:54:28,296 INFO o.a.j.r.p.AbstractSampleConsumer: class org.apache.jmeter.report.processor.graph.impl.ResponseTimePercentilesOverTimeGraphConsumer#stopProducing(): responseTimePercentilesOverTime produced 0 samples
2024-04-04 10:54:28,296 INFO o.a.j.r.p.AbstractSampleConsumer: class org.apache.jmeter.report.processor.graph.impl.ResponseTimeOverTimeGraphConsumer#stopProducing(): responseTimesOverTime produced 0 samples
2024-04-04 10:54:28,297 INFO o.a.j.r.p.AbstractSampleConsumer: class org.apache.jmeter.report.processor.graph.impl.ConnectTimeOverTimeGraphConsumer#stopProducing(): connectTimeOverTime produced 0 samples
2024-04-04 10:54:28,297 INFO o.a.j.r.p.AbstractSampleConsumer: class org.apache.jmeter.report.processor.graph.impl.LatencyOverTimeGraphConsumer#stopProducing(): latenciesOverTime produced 0 samples
2024-04-04 10:54:28,297 INFO o.a.j.r.p.AbstractSampleConsumer: class org.apache.jmeter.report.processor.FilterConsumer#stopProducing(): nameFilter produced 106650 samples
2024-04-04 10:54:28,297 INFO o.a.j.r.p.AbstractSampleConsumer: class org.apache.jmeter.report.processor.FilterConsumer#stopProducing(): dateRangeFilter produced 21330 samples
2024-04-04 10:54:28,297 INFO o.a.j.r.p.AbstractSampleConsumer: class org.apache.jmeter.report.processor.NormalizerSampleConsumer#stopProducing(): normalizer produced 7110 samples
2024-04-04 10:54:28,297 INFO o.a.j.r.p.CsvFileSampleSource: produce(): 7110 samples produced in 4s 993 ms on channel 0
2024-04-04 10:54:28,297 INFO o.a.j.r.d.ReportGenerator: Exporting data using exporter:'json' of className:'org.apache.jmeter.report.dashboard.JsonExporter'
2024-04-04 10:54:29,200 INFO o.a.j.r.d.JsonExporter: Found data for consumer statisticsSummary in context
2024-04-04 10:54:29,200 INFO o.a.j.r.d.JsonExporter: Creating statistics for overall
2024-04-04 10:54:29,200 INFO o.a.j.r.d.JsonExporter: Creating statistics for other transactions
2024-04-04 10:54:29,201 INFO o.a.j.r.d.JsonExporter: Checking output folder
2024-04-04 10:54:29,201 INFO o.a.j.r.d.JsonExporter: Writing statistics JSON to /report/report-PetStoreAPIScriptDynamicBuildNumber.jmx-2024-04-04_105101/statistics.json
2024-04-04 10:54:29,499 INFO o.a.j.r.d.ReportGenerator: Exporting data using exporter:'html' of className:'org.apache.jmeter.report.dashboard.HtmlTemplateExporter'
2024-04-04 10:54:29,501 INFO o.a.j.r.d.HtmlTemplateExporter: Will generate dashboard in folder: /report/report-PetStoreAPIScriptDynamicBuildNumber.jmx-2024-04-04_105101
2024-04-04 10:54:30,497 INFO o.a.j.r.d.HtmlTemplateExporter: Report will be generated in: /report/report-PetStoreAPIScriptDynamicBuildNumber.jmx-2024-04-04_105101, creating folder structure
2024-04-04 10:54:30,500 INFO o.a.j.r.d.TemplateVisitor: Copying folder from '/opt/jmeter/apache-jmeter-5.4.1/bin/report-template' to '/report/report-PetStoreAPIScriptDynamicBuildNumber.jmx-2024-04-04_105101', got message: /report/report-PetStoreAPIScriptDynamicBuildNumber.jmx-2024-04-04_105101, found non empty folder with following content [/report/report-PetStoreAPIScriptDynamicBuildNumber.jmx-2024-04-04_105101/statistics.json], will be ignored
2024-04-04 10:54:32,399 INFO o.a.j.JMeter: Dashboard generated
