2024-03-22 08:56:08,428 INFO o.j.r.PluginManagerCMD: Command is: install-for-jmx
2024-03-22 08:56:09,028 INFO o.j.r.JARSourceHTTP: Requesting https://jmeter-plugins.org/repo/?installID=linux-ad415f0eeae2c93a3dfca896ce0d559b-nongui
2024-03-22 08:56:15,565 INFO o.j.r.PluginManager: Plugins Status: [jpgc-plugins-manager=plugin-manager, jmeter-core=5.4.1, jmeter-ftp=5.4.1, jmeter-http=5.4.1, jmeter-jdbc=5.4.1, jmeter-jms=5.4.1, jmeter-junit=5.4.1, jmeter-java=5.4.1, jmeter-ldap=5.4.1, jmeter-mail=5.4.1, jmeter-mongodb=5.4.1, jmeter-native=5.4.1, jmeter-tcp=5.4.1, jmeter-components=5.4.1]
2024-03-22 08:56:15,566 INFO o.j.r.PluginManagerCMD: Params line is: wiremock.jmx
2024-03-22 08:56:18,057 INFO o.a.j.s.SaveService: Testplan (JMX) version: 2.2. Testlog (JTL) version: 2.2
2024-03-22 08:56:18,158 INFO o.a.j.s.SaveService: Using SaveService properties version 5.0
2024-03-22 08:56:18,162 INFO o.a.j.s.SaveService: Using SaveService properties file encoding UTF-8
2024-03-22 08:56:18,367 INFO o.a.j.p.h.c.CookieManager: Settings: Delete null: true Check: true Allow variable: true Save: false Prefix: COOKIE_
2024-03-22 08:56:18,467 INFO o.a.j.p.h.s.HTTPSamplerBase: Parser for text/html is org.apache.jmeter.protocol.http.parser.LagartoBasedHtmlParser
2024-03-22 08:56:18,554 INFO o.a.j.p.h.s.HTTPSamplerBase: Parser for application/xhtml+xml is org.apache.jmeter.protocol.http.parser.LagartoBasedHtmlParser
2024-03-22 08:56:18,554 INFO o.a.j.p.h.s.HTTPSamplerBase: Parser for application/xml is org.apache.jmeter.protocol.http.parser.LagartoBasedHtmlParser
2024-03-22 08:56:18,555 INFO o.a.j.p.h.s.HTTPSamplerBase: Parser for text/xml is org.apache.jmeter.protocol.http.parser.LagartoBasedHtmlParser
2024-03-22 08:56:18,555 INFO o.a.j.p.h.s.HTTPSamplerBase: Parser for text/vnd.wap.wml is org.apache.jmeter.protocol.http.parser.RegexpHTMLParser
2024-03-22 08:56:18,555 INFO o.a.j.p.h.s.HTTPSamplerBase: Parser for text/css is org.apache.jmeter.protocol.http.parser.CssParser
2024-03-22 08:56:19,068 INFO o.a.j.s.SampleResult: Note: Sample TimeStamps are START times
2024-03-22 08:56:19,068 INFO o.a.j.s.SampleResult: sampleresult.default.encoding is set to ISO-8859-1
2024-03-22 08:56:19,068 INFO o.a.j.s.SampleResult: sampleresult.useNanoTime=true
2024-03-22 08:56:19,068 INFO o.a.j.s.SampleResult: sampleresult.nanoThreadSleep=5000
2024-03-22 08:56:19,158 INFO o.j.r.JARSourceHTTP: Downloading: http://search.maven.org/remotecontent?filepath=net/sf/json-lib/json-lib/2.4/json-lib-2.4-jdk15.jar
2024-03-22 08:56:19,159 INFO o.j.r.PluginManagerCMD: Downloading json-lib...
2024-03-22 08:56:20,955 INFO o.j.r.PluginManagerCMD: Downloaded json-lib...
2024-03-22 08:56:20,959 INFO o.j.r.PluginManager: Plugins manager will apply some modifications
2024-03-22 08:56:20,961 INFO o.j.r.PluginManager: Starting JMeter Plugins modifications
