2024-03-22 08:59:12,194 INFO o.a.j.u.JMeterUtils: Setting Locale to en_EN
2024-03-22 08:59:12,302 INFO o.a.j.JMeter: Loading user properties from: user.properties
2024-03-22 08:59:12,302 INFO o.a.j.JMeter: Loading system properties from: system.properties
2024-03-22 08:59:12,303 INFO o.a.j.JMeter: Setting System property: server.rmi.ssl.disable=true
2024-03-22 08:59:12,394 INFO o.a.j.JMeter: Copyright (c) 1998-2021 The Apache Software Foundation
2024-03-22 08:59:12,394 INFO o.a.j.JMeter: Version 5.4.1
2024-03-22 08:59:12,394 INFO o.a.j.JMeter: java.version=16.0.2
2024-03-22 08:59:12,394 INFO o.a.j.JMeter: java.vm.name=OpenJDK 64-Bit Server VM
2024-03-22 08:59:12,395 INFO o.a.j.JMeter: os.name=Linux
2024-03-22 08:59:12,395 INFO o.a.j.JMeter: os.arch=amd64
2024-03-22 08:59:12,395 INFO o.a.j.JMeter: os.version=6.5.0-1015-aws
2024-03-22 08:59:12,395 INFO o.a.j.JMeter: file.encoding=UTF-8
2024-03-22 08:59:12,395 INFO o.a.j.JMeter: java.awt.headless=null
2024-03-22 08:59:12,395 INFO o.a.j.JMeter: Max memory     =1073741824
2024-03-22 08:59:12,396 INFO o.a.j.JMeter: Available Processors =1
2024-03-22 08:59:12,500 INFO o.a.j.JMeter: Default Locale=English (EN)
2024-03-22 08:59:12,500 INFO o.a.j.JMeter: JMeter  Locale=English (EN)
2024-03-22 08:59:12,500 INFO o.a.j.JMeter: JMeterHome=/opt/jmeter/apache-jmeter-5.4.1
2024-03-22 08:59:12,500 INFO o.a.j.JMeter: user.dir  =/opt/jmeter/apache-jmeter-5.4.1/bin
2024-03-22 08:59:12,500 INFO o.a.j.JMeter: PWD       =/opt/jmeter/apache-jmeter-5.4.1/bin
2024-03-22 08:59:12,501 INFO o.a.j.JMeter: IP: 10.35.0.13 Name: jmeter-master03-22-14-27-52-x6g92 FullName: jmeter-master03-22-14-27-52-x6g92
2024-03-22 08:59:12,591 INFO o.a.j.JMeter: Setting property 'jmeter.reportgenerator.outputdir' to:'/report/report-wiremock.jmx-2024-03-22_085802'
2024-03-22 08:59:12,594 INFO o.a.j.s.FileServer: Default base='/opt/jmeter/apache-jmeter-5.4.1/bin'
2024-03-22 08:59:12,596 INFO o.a.j.s.FileServer: Set new base='/opt/jmeter/apache-jmeter-5.4.1/bin'
2024-03-22 08:59:14,194 INFO o.a.j.s.SaveService: Testplan (JMX) version: 2.2. Testlog (JTL) version: 2.2
2024-03-22 08:59:14,394 INFO o.a.j.s.SaveService: Using SaveService properties version 5.0
2024-03-22 08:59:14,397 INFO o.a.j.s.SaveService: Using SaveService properties file encoding UTF-8
2024-03-22 08:59:14,400 INFO o.a.j.s.SaveService: Loading file: wiremock.jmx
2024-03-22 08:59:14,706 INFO o.a.j.p.h.c.CookieManager: Settings: Delete null: true Check: true Allow variable: true Save: false Prefix: COOKIE_
2024-03-22 08:59:14,895 INFO o.a.j.p.h.s.HTTPSamplerBase: Parser for text/html is org.apache.jmeter.protocol.http.parser.LagartoBasedHtmlParser
2024-03-22 08:59:14,895 INFO o.a.j.p.h.s.HTTPSamplerBase: Parser for application/xhtml+xml is org.apache.jmeter.protocol.http.parser.LagartoBasedHtmlParser
2024-03-22 08:59:14,895 INFO o.a.j.p.h.s.HTTPSamplerBase: Parser for application/xml is org.apache.jmeter.protocol.http.parser.LagartoBasedHtmlParser
2024-03-22 08:59:14,895 INFO o.a.j.p.h.s.HTTPSamplerBase: Parser for text/xml is org.apache.jmeter.protocol.http.parser.LagartoBasedHtmlParser
2024-03-22 08:59:14,895 INFO o.a.j.p.h.s.HTTPSamplerBase: Parser for text/vnd.wap.wml is org.apache.jmeter.protocol.http.parser.RegexpHTMLParser
2024-03-22 08:59:14,895 INFO o.a.j.p.h.s.HTTPSamplerBase: Parser for text/css is org.apache.jmeter.protocol.http.parser.CssParser
2024-03-22 08:59:15,099 INFO o.a.j.s.SampleResult: Note: Sample TimeStamps are START times
2024-03-22 08:59:15,100 INFO o.a.j.s.SampleResult: sampleresult.default.encoding is set to ISO-8859-1
2024-03-22 08:59:15,100 INFO o.a.j.s.SampleResult: sampleresult.useNanoTime=true
2024-03-22 08:59:15,100 INFO o.a.j.s.SampleResult: sampleresult.nanoThreadSleep=5000
2024-03-22 08:59:15,300 INFO o.a.j.JMeter: Creating summariser <summary>
2024-03-22 08:59:15,304 INFO o.a.j.r.d.ReportGenerator: ReportGenerator will use for Parsing the separator: ','
2024-03-22 08:59:15,391 INFO o.a.j.r.d.ReportGenerator: Will generate report at end of test from  results file: /report/wiremock.jmx_2024-03-22_085802.jtl
2024-03-22 08:59:15,391 INFO o.a.j.r.d.ReportGenerator: Reading report generator properties from: /opt/jmeter/apache-jmeter-5.4.1/bin/reportgenerator.properties
2024-03-22 08:59:15,394 INFO o.a.j.r.d.ReportGenerator: Merging with JMeter properties
2024-03-22 08:59:15,398 INFO o.a.j.r.c.ReportGeneratorConfiguration: Property 'jmeter.reportgenerator.temp_dir' not found, using default value 'temp' instead.
2024-03-22 08:59:15,401 INFO o.a.j.r.c.ReportGeneratorConfiguration: Property 'jmeter.reportgenerator.apdex_per_transaction' not found, using default value 'null' instead.
2024-03-22 08:59:15,402 INFO o.a.j.r.c.ReportGeneratorConfiguration: apdex_per_transaction is empty, not APDEX per transaction customization
2024-03-22 08:59:15,402 INFO o.a.j.r.c.ReportGeneratorConfiguration: Property 'jmeter.reportgenerator.sample_filter' not found, using default value 'null' instead.
2024-03-22 08:59:15,402 INFO o.a.j.r.c.ReportGeneratorConfiguration: Property 'jmeter.reportgenerator.report_title' not found, using default value 'null' instead.
2024-03-22 08:59:15,402 INFO o.a.j.r.c.ReportGeneratorConfiguration: Property 'jmeter.reportgenerator.start_date' not found, using default value 'null' instead.
2024-03-22 08:59:15,402 INFO o.a.j.r.c.ReportGeneratorConfiguration: Property 'jmeter.reportgenerator.end_date' not found, using default value 'null' instead.
2024-03-22 08:59:15,402 INFO o.a.j.r.c.ReportGeneratorConfiguration: Property 'jmeter.reportgenerator.date_format' not found, using default value 'null' instead.
2024-03-22 08:59:15,403 INFO o.a.j.r.c.ReportGeneratorConfiguration: Will use date range start date: null, end date: null
2024-03-22 08:59:15,495 INFO o.a.j.r.c.ReportGeneratorConfiguration: Property 'jmeter.reportgenerator.graph.totalTPS.exclude_controllers' not found, using default value 'false' instead.
2024-03-22 08:59:15,496 INFO o.a.j.r.c.ReportGeneratorConfiguration: Property 'jmeter.reportgenerator.graph.activeThreadsOverTime.exclude_controllers' not found, using default value 'false' instead.
2024-03-22 08:59:15,496 INFO o.a.j.r.c.ReportGeneratorConfiguration: Property 'jmeter.reportgenerator.graph.timeVsThreads.exclude_controllers' not found, using default value 'false' instead.
2024-03-22 08:59:15,496 INFO o.a.j.r.c.ReportGeneratorConfiguration: Property 'jmeter.reportgenerator.graph.responseTimeDistribution.exclude_controllers' not found, using default value 'false' instead.
2024-03-22 08:59:15,496 INFO o.a.j.r.c.ReportGeneratorConfiguration: Property 'jmeter.reportgenerator.graph.transactionsPerSecond.exclude_controllers' not found, using default value 'false' instead.
2024-03-22 08:59:15,496 INFO o.a.j.r.c.ReportGeneratorConfiguration: Property 'jmeter.reportgenerator.graph.responseTimePercentiles.exclude_controllers' not found, using default value 'false' instead.
2024-03-22 08:59:15,497 INFO o.a.j.r.c.ReportGeneratorConfiguration: Property 'jmeter.reportgenerator.graph.responseTimePercentilesOverTime.exclude_controllers' not found, using default value 'false' instead.
2024-03-22 08:59:15,497 INFO o.a.j.r.c.ReportGeneratorConfiguration: Property 'jmeter.reportgenerator.graph.responseTimesOverTime.exclude_controllers' not found, using default value 'false' instead.
2024-03-22 08:59:15,497 INFO o.a.j.r.c.ReportGeneratorConfiguration: Property 'jmeter.reportgenerator.graph.connectTimeOverTime.exclude_controllers' not found, using default value 'false' instead.
2024-03-22 08:59:15,497 INFO o.a.j.r.c.ReportGeneratorConfiguration: Property 'jmeter.reportgenerator.graph.latenciesOverTime.exclude_controllers' not found, using default value 'false' instead.
2024-03-22 08:59:15,498 INFO o.a.j.r.c.ReportGeneratorConfiguration: Property 'jmeter.reportgenerator.exporter.json.filters_only_sample_series' not found, using default value 'true' instead.
2024-03-22 08:59:15,498 INFO o.a.j.r.c.ReportGeneratorConfiguration: Property 'jmeter.reportgenerator.exporter.json.series_filter' not found, using default value '' instead.
2024-03-22 08:59:15,498 INFO o.a.j.r.c.ReportGeneratorConfiguration: Property 'jmeter.reportgenerator.exporter.json.show_controllers_only' not found, using default value 'false' instead.
2024-03-22 08:59:15,499 INFO o.a.j.r.c.ReportGeneratorConfiguration: Property 'jmeter.reportgenerator.exporter.html.filters_only_sample_series' not found, using default value 'true' instead.
2024-03-22 08:59:15,499 INFO o.a.j.r.c.ReportGeneratorConfiguration: Property 'jmeter.reportgenerator.exporter.html.series_filter' not found, using default value '' instead.
2024-03-22 08:59:15,499 INFO o.a.j.r.c.ReportGeneratorConfiguration: Property 'jmeter.reportgenerator.exporter.html.show_controllers_only' not found, using default value 'false' instead.
2024-03-22 08:59:15,502 INFO o.a.j.e.DistributedRunner: Configuring remote engine: 10.35.0.14
2024-03-22 08:59:15,593 INFO o.a.j.r.RmiUtils: Disabling SSL for RMI as server.rmi.ssl.disable is set to 'true'
2024-03-22 08:59:16,196 INFO o.a.j.e.DistributedRunner: Starting distributed test with remote engines: [10.35.0.14] @ Fri Mar 22 08:59:16 UTC 2024 (1711097956196)
2024-03-22 08:59:16,197 INFO o.a.j.e.ClientJMeterEngine: running clientengine run method
2024-03-22 08:59:16,202 INFO o.a.j.e.u.CompoundVariable: Note: Function class names must contain the string: '.functions.'
2024-03-22 08:59:16,202 INFO o.a.j.e.u.CompoundVariable: Note: Function class names must not contain the string: '.gui.'
2024-03-22 08:59:16,601 INFO o.a.j.r.RmiUtils: Disabling SSL for RMI as server.rmi.ssl.disable is set to 'true'
2024-03-22 08:59:16,601 INFO o.a.j.r.RmiUtils: Disabling SSL for RMI as server.rmi.ssl.disable is set to 'true'
2024-03-22 08:59:16,692 INFO o.a.j.s.SampleEvent: List of sample_variables: []
2024-03-22 08:59:16,698 INFO o.a.j.s.BatchSampleSender: Using batching (client settings) for this run. Thresholds: num=100, time=60000
2024-03-22 08:59:16,698 INFO o.a.j.s.DataStrippingSampleSender: Using DataStrippingSampleSender for this run
2024-03-22 08:59:16,700 INFO o.a.j.r.RmiUtils: Disabling SSL for RMI as server.rmi.ssl.disable is set to 'true'
2024-03-22 08:59:16,700 INFO o.a.j.r.RmiUtils: Disabling SSL for RMI as server.rmi.ssl.disable is set to 'true'
2024-03-22 08:59:21,194 INFO o.a.j.r.RmiUtils: Disabling SSL for RMI as server.rmi.ssl.disable is set to 'true'
2024-03-22 08:59:21,194 INFO o.a.j.r.RmiUtils: Disabling SSL for RMI as server.rmi.ssl.disable is set to 'true'
2024-03-22 08:59:21,195 INFO o.a.j.r.RmiUtils: Disabling SSL for RMI as server.rmi.ssl.disable is set to 'true'
2024-03-22 08:59:21,195 INFO o.a.j.r.RmiUtils: Disabling SSL for RMI as server.rmi.ssl.disable is set to 'true'
2024-03-22 08:59:21,195 INFO o.a.j.s.BatchSampleSender: Using batching (client settings) for this run. Thresholds: num=100, time=60000
2024-03-22 08:59:21,195 INFO o.a.j.s.DataStrippingSampleSender: Using DataStrippingSampleSender for this run
2024-03-22 08:59:21,195 INFO o.a.j.r.RmiUtils: Disabling SSL for RMI as server.rmi.ssl.disable is set to 'true'
2024-03-22 08:59:21,196 INFO o.a.j.r.RmiUtils: Disabling SSL for RMI as server.rmi.ssl.disable is set to 'true'
2024-03-22 08:59:21,196 INFO o.a.j.s.BatchSampleSender: Using batching (client settings) for this run. Thresholds: num=100, time=60000
2024-03-22 08:59:21,196 INFO o.a.j.s.DataStrippingSampleSender: Using DataStrippingSampleSender for this run
2024-03-22 08:59:21,196 INFO o.a.j.r.RmiUtils: Disabling SSL for RMI as server.rmi.ssl.disable is set to 'true'
2024-03-22 08:59:21,196 INFO o.a.j.r.RmiUtils: Disabling SSL for RMI as server.rmi.ssl.disable is set to 'true'
2024-03-22 08:59:21,196 INFO o.a.j.s.BatchSampleSender: Using batching (client settings) for this run. Thresholds: num=100, time=60000
2024-03-22 08:59:21,196 INFO o.a.j.s.DataStrippingSampleSender: Using DataStrippingSampleSender for this run
2024-03-22 08:59:21,197 INFO o.a.j.r.RmiUtils: Disabling SSL for RMI as server.rmi.ssl.disable is set to 'true'
2024-03-22 08:59:21,197 INFO o.a.j.r.RmiUtils: Disabling SSL for RMI as server.rmi.ssl.disable is set to 'true'
2024-03-22 08:59:21,197 INFO o.a.j.s.BatchSampleSender: Using batching (client settings) for this run. Thresholds: num=100, time=60000
2024-03-22 08:59:21,197 INFO o.a.j.s.DataStrippingSampleSender: Using DataStrippingSampleSender for this run
2024-03-22 08:59:21,197 INFO o.a.j.r.RmiUtils: Disabling SSL for RMI as server.rmi.ssl.disable is set to 'true'
2024-03-22 08:59:21,197 INFO o.a.j.r.RmiUtils: Disabling SSL for RMI as server.rmi.ssl.disable is set to 'true'
2024-03-22 08:59:21,198 INFO o.a.j.s.BatchSampleSender: Using batching (client settings) for this run. Thresholds: num=100, time=60000
2024-03-22 08:59:21,198 INFO o.a.j.s.DataStrippingSampleSender: Using DataStrippingSampleSender for this run
2024-03-22 08:59:22,207 INFO o.a.j.e.ClientJMeterEngine: sent test to 10.35.0.14 basedir='.'
2024-03-22 08:59:22,207 INFO o.a.j.e.ClientJMeterEngine: Sending properties {}
2024-03-22 08:59:22,255 INFO o.a.j.e.ClientJMeterEngine: sent run command to 10.35.0.14
2024-03-22 08:59:22,256 INFO o.a.j.e.DistributedRunner: Remote engines have been started:[10.35.0.14]
2024-03-22 08:59:22,927 INFO o.a.j.v.b.BackendListener: Backend Listener 1: Starting worker with class: class org.apache.jmeter.visualizers.backend.influxdb.InfluxdbBackendListenerClient and queue capacity: 5000
2024-03-22 08:59:22,928 INFO o.a.j.v.b.BackendListener: Backend Listener 1: Started  worker with class: class org.apache.jmeter.visualizers.backend.influxdb.InfluxdbBackendListenerClient
2024-03-22 08:59:24,597 INFO o.a.j.v.b.BackendListener: Backend Listener 2: Starting worker with class: class rocks.nt.apm.jmeter.JMeterInfluxDBBackendListenerClient and queue capacity: 5000
2024-03-22 08:59:24,598 INFO o.a.j.v.b.BackendListener: Backend Listener 2: Started  worker with class: class rocks.nt.apm.jmeter.JMeterInfluxDBBackendListenerClient
2024-03-22 08:59:25,603 INFO o.a.j.JMeter: Started remote host:  10.35.0.14 (1711097965603)
2024-03-22 08:59:30,597 INFO o.a.j.r.Summariser: summary +    153 in 00:00:05 =   30.6/s Avg:   596 Min:    54 Max:  1250 Err:     0 (0.00%) Active: 80 Started: 80 Finished: 0
2024-03-22 09:00:01,596 INFO o.a.j.r.Summariser: summary +   3613 in 00:00:31 =  116.6/s Avg:   565 Min:    51 Max:  1394 Err:     0 (0.00%) Active: 463 Started: 463 Finished: 0
2024-03-22 09:00:01,895 INFO o.a.j.r.Summariser: summary =   3766 in 00:00:36 =  104.6/s Avg:   566 Min:    51 Max:  1394 Err:     0 (0.00%)
2024-03-22 09:00:30,094 INFO o.a.j.r.Summariser: summary +   5863 in 00:00:28 =  205.7/s Avg:   582 Min:    51 Max:  1702 Err:     0 (0.00%) Active: 800 Started: 800 Finished: 0
2024-03-22 09:00:30,095 INFO o.a.j.r.Summariser: summary =   9629 in 00:01:04 =  149.3/s Avg:   576 Min:    51 Max:  1702 Err:     0 (0.00%)
