2024-04-04 05:17:53,366 INFO o.a.j.u.JMeterUtils: Setting Locale to en_EN
2024-04-04 05:17:53,474 INFO o.a.j.JMeter: Loading user properties from: user.properties
2024-04-04 05:17:53,475 INFO o.a.j.JMeter: Loading system properties from: system.properties
2024-04-04 05:17:53,475 INFO o.a.j.JMeter: Setting System property: server.rmi.ssl.disable=true
2024-04-04 05:17:53,565 INFO o.a.j.JMeter: Copyright (c) 1998-2021 The Apache Software Foundation
2024-04-04 05:17:53,565 INFO o.a.j.JMeter: Version 5.4.1
2024-04-04 05:17:53,565 INFO o.a.j.JMeter: java.version=16.0.2
2024-04-04 05:17:53,566 INFO o.a.j.JMeter: java.vm.name=OpenJDK 64-Bit Server VM
2024-04-04 05:17:53,566 INFO o.a.j.JMeter: os.name=Linux
2024-04-04 05:17:53,566 INFO o.a.j.JMeter: os.arch=amd64
2024-04-04 05:17:53,566 INFO o.a.j.JMeter: os.version=6.5.0-1016-aws
2024-04-04 05:17:53,566 INFO o.a.j.JMeter: file.encoding=UTF-8
2024-04-04 05:17:53,566 INFO o.a.j.JMeter: java.awt.headless=null
2024-04-04 05:17:53,566 INFO o.a.j.JMeter: Max memory     =1073741824
2024-04-04 05:17:53,566 INFO o.a.j.JMeter: Available Processors =1
2024-04-04 05:17:53,672 INFO o.a.j.JMeter: Default Locale=English (EN)
2024-04-04 05:17:53,672 INFO o.a.j.JMeter: JMeter  Locale=English (EN)
2024-04-04 05:17:53,673 INFO o.a.j.JMeter: JMeterHome=/opt/jmeter/apache-jmeter-5.4.1
2024-04-04 05:17:53,673 INFO o.a.j.JMeter: user.dir  =/opt/jmeter/apache-jmeter-5.4.1/bin
2024-04-04 05:17:53,673 INFO o.a.j.JMeter: PWD       =/opt/jmeter/apache-jmeter-5.4.1/bin
2024-04-04 05:17:53,674 INFO o.a.j.JMeter: IP: 10.35.0.21 Name: jmeter-master04-04-10-46-38-2nnp8 FullName: jmeter-master04-04-10-46-38-2nnp8
2024-04-04 05:17:53,677 INFO o.a.j.JMeter: Setting property 'jmeter.reportgenerator.outputdir' to:'/report/report-PetStoreAPIScriptDynamicBuildNumber1.jmx-2024-04-04_051645'
2024-04-04 05:17:53,763 INFO o.a.j.s.FileServer: Default base='/opt/jmeter/apache-jmeter-5.4.1/bin'
2024-04-04 05:17:53,764 INFO o.a.j.s.FileServer: Set new base='/opt/jmeter/apache-jmeter-5.4.1/bin'
2024-04-04 05:17:55,166 INFO o.a.j.s.SaveService: Testplan (JMX) version: 2.2. Testlog (JTL) version: 2.2
2024-04-04 05:17:55,287 INFO o.a.j.s.SaveService: Using SaveService properties version 5.0
2024-04-04 05:17:55,366 INFO o.a.j.s.SaveService: Using SaveService properties file encoding UTF-8
2024-04-04 05:17:55,370 INFO o.a.j.s.SaveService: Loading file: PetStoreAPIScriptDynamicBuildNumber1.jmx
2024-04-04 05:17:55,669 INFO o.a.j.p.h.c.CookieManager: Settings: Delete null: true Check: true Allow variable: true Save: false Prefix: COOKIE_
2024-04-04 05:17:55,771 INFO o.a.j.p.h.s.HTTPSamplerBase: Parser for text/html is org.apache.jmeter.protocol.http.parser.LagartoBasedHtmlParser
2024-04-04 05:17:55,771 INFO o.a.j.p.h.s.HTTPSamplerBase: Parser for application/xhtml+xml is org.apache.jmeter.protocol.http.parser.LagartoBasedHtmlParser
2024-04-04 05:17:55,771 INFO o.a.j.p.h.s.HTTPSamplerBase: Parser for application/xml is org.apache.jmeter.protocol.http.parser.LagartoBasedHtmlParser
2024-04-04 05:17:55,772 INFO o.a.j.p.h.s.HTTPSamplerBase: Parser for text/xml is org.apache.jmeter.protocol.http.parser.LagartoBasedHtmlParser
2024-04-04 05:17:55,772 INFO o.a.j.p.h.s.HTTPSamplerBase: Parser for text/vnd.wap.wml is org.apache.jmeter.protocol.http.parser.RegexpHTMLParser
2024-04-04 05:17:55,772 INFO o.a.j.p.h.s.HTTPSamplerBase: Parser for text/css is org.apache.jmeter.protocol.http.parser.CssParser
2024-04-04 05:17:56,076 INFO o.a.j.s.SampleResult: Note: Sample TimeStamps are START times
2024-04-04 05:17:56,076 INFO o.a.j.s.SampleResult: sampleresult.default.encoding is set to ISO-8859-1
2024-04-04 05:17:56,076 INFO o.a.j.s.SampleResult: sampleresult.useNanoTime=true
2024-04-04 05:17:56,076 INFO o.a.j.s.SampleResult: sampleresult.nanoThreadSleep=5000
2024-04-04 05:17:56,364 INFO o.a.j.JMeter: Creating summariser <summary>
2024-04-04 05:17:56,369 INFO o.a.j.r.d.ReportGenerator: ReportGenerator will use for Parsing the separator: ','
2024-04-04 05:17:56,369 INFO o.a.j.r.d.ReportGenerator: Will generate report at end of test from  results file: /report/PetStoreAPIScriptDynamicBuildNumber1.jmx_2024-04-04_051645.jtl
2024-04-04 05:17:56,370 INFO o.a.j.r.d.ReportGenerator: Reading report generator properties from: /opt/jmeter/apache-jmeter-5.4.1/bin/reportgenerator.properties
2024-04-04 05:17:56,371 INFO o.a.j.r.d.ReportGenerator: Merging with JMeter properties
2024-04-04 05:17:56,467 INFO o.a.j.r.c.ReportGeneratorConfiguration: Property 'jmeter.reportgenerator.temp_dir' not found, using default value 'temp' instead.
2024-04-04 05:17:56,474 INFO o.a.j.r.c.ReportGeneratorConfiguration: Property 'jmeter.reportgenerator.apdex_per_transaction' not found, using default value 'null' instead.
2024-04-04 05:17:56,474 INFO o.a.j.r.c.ReportGeneratorConfiguration: apdex_per_transaction is empty, not APDEX per transaction customization
2024-04-04 05:17:56,474 INFO o.a.j.r.c.ReportGeneratorConfiguration: Property 'jmeter.reportgenerator.sample_filter' not found, using default value 'null' instead.
2024-04-04 05:17:56,475 INFO o.a.j.r.c.ReportGeneratorConfiguration: Property 'jmeter.reportgenerator.report_title' not found, using default value 'null' instead.
2024-04-04 05:17:56,475 INFO o.a.j.r.c.ReportGeneratorConfiguration: Property 'jmeter.reportgenerator.start_date' not found, using default value 'null' instead.
2024-04-04 05:17:56,475 INFO o.a.j.r.c.ReportGeneratorConfiguration: Property 'jmeter.reportgenerator.end_date' not found, using default value 'null' instead.
2024-04-04 05:17:56,476 INFO o.a.j.r.c.ReportGeneratorConfiguration: Property 'jmeter.reportgenerator.date_format' not found, using default value 'null' instead.
2024-04-04 05:17:56,476 INFO o.a.j.r.c.ReportGeneratorConfiguration: Will use date range start date: null, end date: null
2024-04-04 05:17:56,565 INFO o.a.j.r.c.ReportGeneratorConfiguration: Property 'jmeter.reportgenerator.graph.totalTPS.exclude_controllers' not found, using default value 'false' instead.
2024-04-04 05:17:56,565 INFO o.a.j.r.c.ReportGeneratorConfiguration: Property 'jmeter.reportgenerator.graph.activeThreadsOverTime.exclude_controllers' not found, using default value 'false' instead.
2024-04-04 05:17:56,565 INFO o.a.j.r.c.ReportGeneratorConfiguration: Property 'jmeter.reportgenerator.graph.timeVsThreads.exclude_controllers' not found, using default value 'false' instead.
2024-04-04 05:17:56,566 INFO o.a.j.r.c.ReportGeneratorConfiguration: Property 'jmeter.reportgenerator.graph.responseTimeDistribution.exclude_controllers' not found, using default value 'false' instead.
2024-04-04 05:17:56,566 INFO o.a.j.r.c.ReportGeneratorConfiguration: Property 'jmeter.reportgenerator.graph.transactionsPerSecond.exclude_controllers' not found, using default value 'false' instead.
2024-04-04 05:17:56,566 INFO o.a.j.r.c.ReportGeneratorConfiguration: Property 'jmeter.reportgenerator.graph.responseTimePercentiles.exclude_controllers' not found, using default value 'false' instead.
2024-04-04 05:17:56,566 INFO o.a.j.r.c.ReportGeneratorConfiguration: Property 'jmeter.reportgenerator.graph.responseTimePercentilesOverTime.exclude_controllers' not found, using default value 'false' instead.
2024-04-04 05:17:56,566 INFO o.a.j.r.c.ReportGeneratorConfiguration: Property 'jmeter.reportgenerator.graph.responseTimesOverTime.exclude_controllers' not found, using default value 'false' instead.
2024-04-04 05:17:56,567 INFO o.a.j.r.c.ReportGeneratorConfiguration: Property 'jmeter.reportgenerator.graph.connectTimeOverTime.exclude_controllers' not found, using default value 'false' instead.
2024-04-04 05:17:56,567 INFO o.a.j.r.c.ReportGeneratorConfiguration: Property 'jmeter.reportgenerator.graph.latenciesOverTime.exclude_controllers' not found, using default value 'false' instead.
2024-04-04 05:17:56,571 INFO o.a.j.r.c.ReportGeneratorConfiguration: Property 'jmeter.reportgenerator.exporter.json.filters_only_sample_series' not found, using default value 'true' instead.
2024-04-04 05:17:56,571 INFO o.a.j.r.c.ReportGeneratorConfiguration: Property 'jmeter.reportgenerator.exporter.json.series_filter' not found, using default value '' instead.
2024-04-04 05:17:56,571 INFO o.a.j.r.c.ReportGeneratorConfiguration: Property 'jmeter.reportgenerator.exporter.json.show_controllers_only' not found, using default value 'false' instead.
2024-04-04 05:17:56,572 INFO o.a.j.r.c.ReportGeneratorConfiguration: Property 'jmeter.reportgenerator.exporter.html.filters_only_sample_series' not found, using default value 'true' instead.
2024-04-04 05:17:56,572 INFO o.a.j.r.c.ReportGeneratorConfiguration: Property 'jmeter.reportgenerator.exporter.html.series_filter' not found, using default value '' instead.
2024-04-04 05:17:56,572 INFO o.a.j.r.c.ReportGeneratorConfiguration: Property 'jmeter.reportgenerator.exporter.html.show_controllers_only' not found, using default value 'false' instead.
2024-04-04 05:17:56,575 INFO o.a.j.e.DistributedRunner: Configuring remote engine: 10.35.0.20
2024-04-04 05:17:56,577 INFO o.a.j.r.RmiUtils: Disabling SSL for RMI as server.rmi.ssl.disable is set to 'true'
2024-04-04 05:17:56,897 INFO o.a.j.e.DistributedRunner: Starting distributed test with remote engines: [10.35.0.20] @ Thu Apr 04 05:17:56 UTC 2024 (1712207876897)
2024-04-04 05:17:56,898 INFO o.a.j.e.ClientJMeterEngine: running clientengine run method
2024-04-04 05:17:56,967 INFO o.a.j.e.u.CompoundVariable: Note: Function class names must contain the string: '.functions.'
2024-04-04 05:17:56,967 INFO o.a.j.e.u.CompoundVariable: Note: Function class names must not contain the string: '.gui.'
2024-04-04 05:17:57,373 INFO o.a.j.r.RmiUtils: Disabling SSL for RMI as server.rmi.ssl.disable is set to 'true'
2024-04-04 05:17:57,373 INFO o.a.j.r.RmiUtils: Disabling SSL for RMI as server.rmi.ssl.disable is set to 'true'
2024-04-04 05:17:57,464 INFO o.a.j.s.SampleEvent: List of sample_variables: []
2024-04-04 05:17:57,472 INFO o.a.j.s.BatchSampleSender: Using batching (client settings) for this run. Thresholds: num=100, time=60000
2024-04-04 05:17:57,473 INFO o.a.j.s.DataStrippingSampleSender: Using DataStrippingSampleSender for this run
2024-04-04 05:17:57,475 INFO o.a.j.r.RmiUtils: Disabling SSL for RMI as server.rmi.ssl.disable is set to 'true'
2024-04-04 05:17:57,475 INFO o.a.j.r.RmiUtils: Disabling SSL for RMI as server.rmi.ssl.disable is set to 'true'
2024-04-04 05:18:02,165 INFO o.a.j.r.RmiUtils: Disabling SSL for RMI as server.rmi.ssl.disable is set to 'true'
2024-04-04 05:18:02,166 INFO o.a.j.r.RmiUtils: Disabling SSL for RMI as server.rmi.ssl.disable is set to 'true'
2024-04-04 05:18:02,166 INFO o.a.j.r.RmiUtils: Disabling SSL for RMI as server.rmi.ssl.disable is set to 'true'
2024-04-04 05:18:02,166 INFO o.a.j.r.RmiUtils: Disabling SSL for RMI as server.rmi.ssl.disable is set to 'true'
2024-04-04 05:18:02,167 INFO o.a.j.s.BatchSampleSender: Using batching (client settings) for this run. Thresholds: num=100, time=60000
2024-04-04 05:18:02,167 INFO o.a.j.s.DataStrippingSampleSender: Using DataStrippingSampleSender for this run
2024-04-04 05:18:02,167 INFO o.a.j.r.RmiUtils: Disabling SSL for RMI as server.rmi.ssl.disable is set to 'true'
2024-04-04 05:18:02,167 INFO o.a.j.r.RmiUtils: Disabling SSL for RMI as server.rmi.ssl.disable is set to 'true'
2024-04-04 05:18:02,167 INFO o.a.j.s.BatchSampleSender: Using batching (client settings) for this run. Thresholds: num=100, time=60000
2024-04-04 05:18:02,167 INFO o.a.j.s.DataStrippingSampleSender: Using DataStrippingSampleSender for this run
2024-04-04 05:18:02,167 INFO o.a.j.r.RmiUtils: Disabling SSL for RMI as server.rmi.ssl.disable is set to 'true'
2024-04-04 05:18:02,168 INFO o.a.j.r.RmiUtils: Disabling SSL for RMI as server.rmi.ssl.disable is set to 'true'
2024-04-04 05:18:02,168 INFO o.a.j.s.BatchSampleSender: Using batching (client settings) for this run. Thresholds: num=100, time=60000
2024-04-04 05:18:02,168 INFO o.a.j.s.DataStrippingSampleSender: Using DataStrippingSampleSender for this run
2024-04-04 05:18:02,168 INFO o.a.j.r.RmiUtils: Disabling SSL for RMI as server.rmi.ssl.disable is set to 'true'
2024-04-04 05:18:02,168 INFO o.a.j.r.RmiUtils: Disabling SSL for RMI as server.rmi.ssl.disable is set to 'true'
2024-04-04 05:18:02,168 INFO o.a.j.s.BatchSampleSender: Using batching (client settings) for this run. Thresholds: num=100, time=60000
2024-04-04 05:18:02,168 INFO o.a.j.s.DataStrippingSampleSender: Using DataStrippingSampleSender for this run
2024-04-04 05:18:02,168 INFO o.a.j.r.RmiUtils: Disabling SSL for RMI as server.rmi.ssl.disable is set to 'true'
2024-04-04 05:18:02,169 INFO o.a.j.r.RmiUtils: Disabling SSL for RMI as server.rmi.ssl.disable is set to 'true'
2024-04-04 05:18:02,169 INFO o.a.j.s.BatchSampleSender: Using batching (client settings) for this run. Thresholds: num=100, time=60000
2024-04-04 05:18:02,169 INFO o.a.j.s.DataStrippingSampleSender: Using DataStrippingSampleSender for this run
2024-04-04 05:18:03,174 INFO o.a.j.e.ClientJMeterEngine: sent test to 10.35.0.20 basedir='.'
2024-04-04 05:18:03,175 INFO o.a.j.e.ClientJMeterEngine: Sending properties {}
2024-04-04 05:18:03,178 INFO o.a.j.e.ClientJMeterEngine: sent run command to 10.35.0.20
2024-04-04 05:18:03,179 INFO o.a.j.e.DistributedRunner: Remote engines have been started:[10.35.0.20]
2024-04-04 05:18:03,822 INFO o.a.j.v.b.BackendListener: Backend Listener 1: Starting worker with class: class org.apache.jmeter.visualizers.backend.influxdb.InfluxdbBackendListenerClient and queue capacity: 5000
2024-04-04 05:18:03,865 INFO o.a.j.v.b.BackendListener: Backend Listener 1: Started  worker with class: class org.apache.jmeter.visualizers.backend.influxdb.InfluxdbBackendListenerClient
2024-04-04 05:18:05,473 INFO o.a.j.v.b.BackendListener: Backend Listener 2: Starting worker with class: class rocks.nt.apm.jmeter.JMeterInfluxDBBackendListenerClient and queue capacity: 5000
2024-04-04 05:18:05,563 INFO o.a.j.v.b.BackendListener: Backend Listener 2: Started  worker with class: class rocks.nt.apm.jmeter.JMeterInfluxDBBackendListenerClient
2024-04-04 05:18:06,664 INFO o.a.j.JMeter: Started remote host:  10.35.0.20 (1712207886663)
2024-04-04 05:18:30,866 INFO o.a.j.r.Summariser: summary +    779 in 00:00:24 =   32.2/s Avg:   264 Min:   191 Max:  4474 Err:    97 (12.45%) Active: 10 Started: 10 Finished: 0
2024-04-04 05:19:00,262 INFO o.a.j.r.Summariser: summary +   1402 in 00:00:29 =   47.7/s Avg:   208 Min:   191 Max:   291 Err:   206 (14.69%) Active: 10 Started: 10 Finished: 0
2024-04-04 05:19:00,263 INFO o.a.j.r.Summariser: summary =   2181 in 00:00:54 =   40.7/s Avg:   228 Min:   191 Max:  4474 Err:   303 (13.89%)
2024-04-04 05:19:31,647 INFO o.a.j.r.Summariser: summary +   1476 in 00:00:31 =   47.0/s Avg:   210 Min:   190 Max:  1232 Err:   221 (14.97%) Active: 10 Started: 10 Finished: 0
2024-04-04 05:19:31,648 INFO o.a.j.r.Summariser: summary =   3657 in 00:01:25 =   43.0/s Avg:   221 Min:   190 Max:  4474 Err:   524 (14.33%)
2024-04-04 05:20:00,123 INFO o.a.j.r.Summariser: summary +   1402 in 00:00:28 =   49.2/s Avg:   202 Min:   190 Max:   245 Err:   188 (13.41%) Active: 10 Started: 10 Finished: 0
2024-04-04 05:20:00,123 INFO o.a.j.r.Summariser: summary =   5059 in 00:01:53 =   44.6/s Avg:   216 Min:   190 Max:  4474 Err:   712 (14.07%)
2024-04-04 05:20:30,603 INFO o.a.j.r.Summariser: summary +   1400 in 00:00:30 =   45.9/s Avg:   215 Min:   190 Max:  1324 Err:   202 (14.43%) Active: 10 Started: 10 Finished: 0
2024-04-04 05:20:30,605 INFO o.a.j.r.Summariser: summary =   6459 in 00:02:24 =   44.9/s Avg:   215 Min:   190 Max:  4474 Err:   914 (14.15%)
2024-04-04 05:21:00,248 INFO o.a.j.r.Summariser: summary +   1399 in 00:00:30 =   47.2/s Avg:   212 Min:   204 Max:   304 Err:   191 (13.65%) Active: 10 Started: 10 Finished: 0
2024-04-04 05:21:00,248 INFO o.a.j.r.Summariser: summary =   7858 in 00:02:54 =   45.3/s Avg:   215 Min:   190 Max:  4474 Err:  1105 (14.06%)
2024-04-04 05:21:30,432 INFO o.a.j.r.Summariser: summary +   1401 in 00:00:30 =   46.4/s Avg:   214 Min:   193 Max:   898 Err:   196 (13.99%) Active: 10 Started: 10 Finished: 0
2024-04-04 05:21:30,433 INFO o.a.j.r.Summariser: summary =   9259 in 00:03:24 =   45.4/s Avg:   215 Min:   190 Max:  4474 Err:  1301 (14.05%)
2024-04-04 05:22:01,572 INFO o.a.j.r.Summariser: summary +   1477 in 00:00:31 =   47.4/s Avg:   210 Min:   193 Max:   233 Err:   217 (14.69%) Active: 10 Started: 10 Finished: 0
2024-04-04 05:22:01,572 INFO o.a.j.r.Summariser: summary =  10736 in 00:03:55 =   45.7/s Avg:   214 Min:   190 Max:  4474 Err:  1518 (14.14%)
2024-04-04 05:22:31,197 INFO o.a.j.r.Summariser: summary +   1400 in 00:00:30 =   47.3/s Avg:   211 Min:   193 Max:   813 Err:   189 (13.50%) Active: 10 Started: 10 Finished: 0
2024-04-04 05:22:31,198 INFO o.a.j.r.Summariser: summary =  12136 in 00:04:25 =   45.9/s Avg:   214 Min:   190 Max:  4474 Err:  1707 (14.07%)
