2024-04-04 05:17:18,207 INFO o.a.j.u.JMeterUtils: Setting Locale to en_EN
2024-04-04 05:17:18,411 INFO o.a.j.JMeter: Loading user properties from: user.properties
2024-04-04 05:17:18,411 INFO o.a.j.JMeter: Loading system properties from: system.properties
2024-04-04 05:17:18,412 INFO o.a.j.JMeter: Setting System property: server.rmi.ssl.disable=true
2024-04-04 05:17:18,511 INFO o.a.j.JMeter: Copyright (c) 1998-2021 The Apache Software Foundation
2024-04-04 05:17:18,511 INFO o.a.j.JMeter: Version 5.4.1
2024-04-04 05:17:18,511 INFO o.a.j.JMeter: java.version=16.0.2
2024-04-04 05:17:18,512 INFO o.a.j.JMeter: java.vm.name=OpenJDK 64-Bit Server VM
2024-04-04 05:17:18,512 INFO o.a.j.JMeter: os.name=Linux
2024-04-04 05:17:18,512 INFO o.a.j.JMeter: os.arch=amd64
2024-04-04 05:17:18,512 INFO o.a.j.JMeter: os.version=6.5.0-1016-aws
2024-04-04 05:17:18,512 INFO o.a.j.JMeter: file.encoding=UTF-8
2024-04-04 05:17:18,512 INFO o.a.j.JMeter: java.awt.headless=null
2024-04-04 05:17:18,512 INFO o.a.j.JMeter: Max memory     =1073741824
2024-04-04 05:17:18,513 INFO o.a.j.JMeter: Available Processors =1
2024-04-04 05:17:18,612 INFO o.a.j.JMeter: Default Locale=English (EN)
2024-04-04 05:17:18,612 INFO o.a.j.JMeter: JMeter  Locale=English (EN)
2024-04-04 05:17:18,613 INFO o.a.j.JMeter: JMeterHome=/opt/jmeter/apache-jmeter-5.4.1
2024-04-04 05:17:18,613 INFO o.a.j.JMeter: user.dir  =/opt/jmeter/apache-jmeter-5.4.1/bin
2024-04-04 05:17:18,613 INFO o.a.j.JMeter: PWD       =/opt/jmeter/apache-jmeter-5.4.1/bin
2024-04-04 05:17:18,613 INFO o.a.j.JMeter: IP: 10.35.0.12 Name: jmeter-master04-04-10-46-08-ss2df FullName: jmeter-master04-04-10-46-08-ss2df
2024-04-04 05:17:18,701 INFO o.a.j.JMeter: Setting property 'jmeter.reportgenerator.outputdir' to:'/report/report-PetStoreAPIScriptDynamicBuildNumber1.jmx-2024-04-04_051615'
2024-04-04 05:17:18,707 INFO o.a.j.s.FileServer: Default base='/opt/jmeter/apache-jmeter-5.4.1/bin'
2024-04-04 05:17:18,708 INFO o.a.j.s.FileServer: Set new base='/opt/jmeter/apache-jmeter-5.4.1/bin'
2024-04-04 05:17:20,218 INFO o.a.j.s.SaveService: Testplan (JMX) version: 2.2. Testlog (JTL) version: 2.2
2024-04-04 05:17:20,412 INFO o.a.j.s.SaveService: Using SaveService properties version 5.0
2024-04-04 05:17:20,508 INFO o.a.j.s.SaveService: Using SaveService properties file encoding UTF-8
2024-04-04 05:17:20,511 INFO o.a.j.s.SaveService: Loading file: PetStoreAPIScriptDynamicBuildNumber1.jmx
2024-04-04 05:17:20,912 INFO o.a.j.p.h.c.CookieManager: Settings: Delete null: true Check: true Allow variable: true Save: false Prefix: COOKIE_
2024-04-04 05:17:21,012 INFO o.a.j.p.h.s.HTTPSamplerBase: Parser for text/html is org.apache.jmeter.protocol.http.parser.LagartoBasedHtmlParser
2024-04-04 05:17:21,012 INFO o.a.j.p.h.s.HTTPSamplerBase: Parser for application/xhtml+xml is org.apache.jmeter.protocol.http.parser.LagartoBasedHtmlParser
2024-04-04 05:17:21,013 INFO o.a.j.p.h.s.HTTPSamplerBase: Parser for application/xml is org.apache.jmeter.protocol.http.parser.LagartoBasedHtmlParser
2024-04-04 05:17:21,013 INFO o.a.j.p.h.s.HTTPSamplerBase: Parser for text/xml is org.apache.jmeter.protocol.http.parser.LagartoBasedHtmlParser
2024-04-04 05:17:21,013 INFO o.a.j.p.h.s.HTTPSamplerBase: Parser for text/vnd.wap.wml is org.apache.jmeter.protocol.http.parser.RegexpHTMLParser
2024-04-04 05:17:21,013 INFO o.a.j.p.h.s.HTTPSamplerBase: Parser for text/css is org.apache.jmeter.protocol.http.parser.CssParser
2024-04-04 05:17:21,410 INFO o.a.j.s.SampleResult: Note: Sample TimeStamps are START times
2024-04-04 05:17:21,410 INFO o.a.j.s.SampleResult: sampleresult.default.encoding is set to ISO-8859-1
2024-04-04 05:17:21,410 INFO o.a.j.s.SampleResult: sampleresult.useNanoTime=true
2024-04-04 05:17:21,410 INFO o.a.j.s.SampleResult: sampleresult.nanoThreadSleep=5000
2024-04-04 05:17:21,609 INFO o.a.j.JMeter: Creating summariser <summary>
2024-04-04 05:17:21,616 INFO o.a.j.r.d.ReportGenerator: ReportGenerator will use for Parsing the separator: ','
2024-04-04 05:17:21,617 INFO o.a.j.r.d.ReportGenerator: Will generate report at end of test from  results file: /report/PetStoreAPIScriptDynamicBuildNumber1.jmx_2024-04-04_051615.jtl
2024-04-04 05:17:21,617 INFO o.a.j.r.d.ReportGenerator: Reading report generator properties from: /opt/jmeter/apache-jmeter-5.4.1/bin/reportgenerator.properties
2024-04-04 05:17:21,618 INFO o.a.j.r.d.ReportGenerator: Merging with JMeter properties
2024-04-04 05:17:21,700 INFO o.a.j.r.c.ReportGeneratorConfiguration: Property 'jmeter.reportgenerator.temp_dir' not found, using default value 'temp' instead.
2024-04-04 05:17:21,713 INFO o.a.j.r.c.ReportGeneratorConfiguration: Property 'jmeter.reportgenerator.apdex_per_transaction' not found, using default value 'null' instead.
2024-04-04 05:17:21,713 INFO o.a.j.r.c.ReportGeneratorConfiguration: apdex_per_transaction is empty, not APDEX per transaction customization
2024-04-04 05:17:21,713 INFO o.a.j.r.c.ReportGeneratorConfiguration: Property 'jmeter.reportgenerator.sample_filter' not found, using default value 'null' instead.
2024-04-04 05:17:21,713 INFO o.a.j.r.c.ReportGeneratorConfiguration: Property 'jmeter.reportgenerator.report_title' not found, using default value 'null' instead.
2024-04-04 05:17:21,721 INFO o.a.j.r.c.ReportGeneratorConfiguration: Property 'jmeter.reportgenerator.start_date' not found, using default value 'null' instead.
2024-04-04 05:17:21,721 INFO o.a.j.r.c.ReportGeneratorConfiguration: Property 'jmeter.reportgenerator.end_date' not found, using default value 'null' instead.
2024-04-04 05:17:21,722 INFO o.a.j.r.c.ReportGeneratorConfiguration: Property 'jmeter.reportgenerator.date_format' not found, using default value 'null' instead.
2024-04-04 05:17:21,722 INFO o.a.j.r.c.ReportGeneratorConfiguration: Will use date range start date: null, end date: null
2024-04-04 05:17:21,726 INFO o.a.j.r.c.ReportGeneratorConfiguration: Property 'jmeter.reportgenerator.graph.totalTPS.exclude_controllers' not found, using default value 'false' instead.
2024-04-04 05:17:21,726 INFO o.a.j.r.c.ReportGeneratorConfiguration: Property 'jmeter.reportgenerator.graph.activeThreadsOverTime.exclude_controllers' not found, using default value 'false' instead.
2024-04-04 05:17:21,727 INFO o.a.j.r.c.ReportGeneratorConfiguration: Property 'jmeter.reportgenerator.graph.timeVsThreads.exclude_controllers' not found, using default value 'false' instead.
2024-04-04 05:17:21,727 INFO o.a.j.r.c.ReportGeneratorConfiguration: Property 'jmeter.reportgenerator.graph.responseTimeDistribution.exclude_controllers' not found, using default value 'false' instead.
2024-04-04 05:17:21,727 INFO o.a.j.r.c.ReportGeneratorConfiguration: Property 'jmeter.reportgenerator.graph.transactionsPerSecond.exclude_controllers' not found, using default value 'false' instead.
2024-04-04 05:17:21,730 INFO o.a.j.r.c.ReportGeneratorConfiguration: Property 'jmeter.reportgenerator.graph.responseTimePercentiles.exclude_controllers' not found, using default value 'false' instead.
2024-04-04 05:17:21,730 INFO o.a.j.r.c.ReportGeneratorConfiguration: Property 'jmeter.reportgenerator.graph.responseTimePercentilesOverTime.exclude_controllers' not found, using default value 'false' instead.
2024-04-04 05:17:21,730 INFO o.a.j.r.c.ReportGeneratorConfiguration: Property 'jmeter.reportgenerator.graph.responseTimesOverTime.exclude_controllers' not found, using default value 'false' instead.
2024-04-04 05:17:21,730 INFO o.a.j.r.c.ReportGeneratorConfiguration: Property 'jmeter.reportgenerator.graph.connectTimeOverTime.exclude_controllers' not found, using default value 'false' instead.
2024-04-04 05:17:21,731 INFO o.a.j.r.c.ReportGeneratorConfiguration: Property 'jmeter.reportgenerator.graph.latenciesOverTime.exclude_controllers' not found, using default value 'false' instead.
2024-04-04 05:17:21,800 INFO o.a.j.r.c.ReportGeneratorConfiguration: Property 'jmeter.reportgenerator.exporter.json.filters_only_sample_series' not found, using default value 'true' instead.
2024-04-04 05:17:21,800 INFO o.a.j.r.c.ReportGeneratorConfiguration: Property 'jmeter.reportgenerator.exporter.json.series_filter' not found, using default value '' instead.
2024-04-04 05:17:21,800 INFO o.a.j.r.c.ReportGeneratorConfiguration: Property 'jmeter.reportgenerator.exporter.json.show_controllers_only' not found, using default value 'false' instead.
2024-04-04 05:17:21,800 INFO o.a.j.r.c.ReportGeneratorConfiguration: Property 'jmeter.reportgenerator.exporter.html.filters_only_sample_series' not found, using default value 'true' instead.
2024-04-04 05:17:21,801 INFO o.a.j.r.c.ReportGeneratorConfiguration: Property 'jmeter.reportgenerator.exporter.html.series_filter' not found, using default value '' instead.
2024-04-04 05:17:21,801 INFO o.a.j.r.c.ReportGeneratorConfiguration: Property 'jmeter.reportgenerator.exporter.html.show_controllers_only' not found, using default value 'false' instead.
2024-04-04 05:17:21,807 INFO o.a.j.e.DistributedRunner: Configuring remote engine: 10.35.0.15
2024-04-04 05:17:21,809 INFO o.a.j.r.RmiUtils: Disabling SSL for RMI as server.rmi.ssl.disable is set to 'true'
2024-04-04 05:17:22,217 INFO o.a.j.e.DistributedRunner: Starting distributed test with remote engines: [10.35.0.15] @ Thu Apr 04 05:17:22 UTC 2024 (1712207842217)
2024-04-04 05:17:22,219 INFO o.a.j.e.ClientJMeterEngine: running clientengine run method
2024-04-04 05:17:22,226 INFO o.a.j.e.u.CompoundVariable: Note: Function class names must contain the string: '.functions.'
2024-04-04 05:17:22,226 INFO o.a.j.e.u.CompoundVariable: Note: Function class names must not contain the string: '.gui.'
2024-04-04 05:17:22,608 INFO o.a.j.r.RmiUtils: Disabling SSL for RMI as server.rmi.ssl.disable is set to 'true'
2024-04-04 05:17:22,609 INFO o.a.j.r.RmiUtils: Disabling SSL for RMI as server.rmi.ssl.disable is set to 'true'
2024-04-04 05:17:22,613 INFO o.a.j.s.SampleEvent: List of sample_variables: []
2024-04-04 05:17:22,623 INFO o.a.j.s.BatchSampleSender: Using batching (client settings) for this run. Thresholds: num=100, time=60000
2024-04-04 05:17:22,623 INFO o.a.j.s.DataStrippingSampleSender: Using DataStrippingSampleSender for this run
2024-04-04 05:17:22,625 INFO o.a.j.r.RmiUtils: Disabling SSL for RMI as server.rmi.ssl.disable is set to 'true'
2024-04-04 05:17:22,625 INFO o.a.j.r.RmiUtils: Disabling SSL for RMI as server.rmi.ssl.disable is set to 'true'
2024-04-04 05:17:26,815 INFO o.a.j.r.RmiUtils: Disabling SSL for RMI as server.rmi.ssl.disable is set to 'true'
2024-04-04 05:17:26,815 INFO o.a.j.r.RmiUtils: Disabling SSL for RMI as server.rmi.ssl.disable is set to 'true'
2024-04-04 05:17:26,816 INFO o.a.j.r.RmiUtils: Disabling SSL for RMI as server.rmi.ssl.disable is set to 'true'
2024-04-04 05:17:26,816 INFO o.a.j.r.RmiUtils: Disabling SSL for RMI as server.rmi.ssl.disable is set to 'true'
2024-04-04 05:17:26,816 INFO o.a.j.s.BatchSampleSender: Using batching (client settings) for this run. Thresholds: num=100, time=60000
2024-04-04 05:17:26,816 INFO o.a.j.s.DataStrippingSampleSender: Using DataStrippingSampleSender for this run
2024-04-04 05:17:26,816 INFO o.a.j.r.RmiUtils: Disabling SSL for RMI as server.rmi.ssl.disable is set to 'true'
2024-04-04 05:17:26,816 INFO o.a.j.r.RmiUtils: Disabling SSL for RMI as server.rmi.ssl.disable is set to 'true'
2024-04-04 05:17:26,816 INFO o.a.j.s.BatchSampleSender: Using batching (client settings) for this run. Thresholds: num=100, time=60000
2024-04-04 05:17:26,817 INFO o.a.j.s.DataStrippingSampleSender: Using DataStrippingSampleSender for this run
2024-04-04 05:17:26,817 INFO o.a.j.r.RmiUtils: Disabling SSL for RMI as server.rmi.ssl.disable is set to 'true'
2024-04-04 05:17:26,817 INFO o.a.j.r.RmiUtils: Disabling SSL for RMI as server.rmi.ssl.disable is set to 'true'
2024-04-04 05:17:26,817 INFO o.a.j.s.BatchSampleSender: Using batching (client settings) for this run. Thresholds: num=100, time=60000
2024-04-04 05:17:26,817 INFO o.a.j.s.DataStrippingSampleSender: Using DataStrippingSampleSender for this run
2024-04-04 05:17:26,817 INFO o.a.j.r.RmiUtils: Disabling SSL for RMI as server.rmi.ssl.disable is set to 'true'
2024-04-04 05:17:26,817 INFO o.a.j.r.RmiUtils: Disabling SSL for RMI as server.rmi.ssl.disable is set to 'true'
2024-04-04 05:17:26,817 INFO o.a.j.s.BatchSampleSender: Using batching (client settings) for this run. Thresholds: num=100, time=60000
2024-04-04 05:17:26,817 INFO o.a.j.s.DataStrippingSampleSender: Using DataStrippingSampleSender for this run
2024-04-04 05:17:26,818 INFO o.a.j.r.RmiUtils: Disabling SSL for RMI as server.rmi.ssl.disable is set to 'true'
2024-04-04 05:17:26,818 INFO o.a.j.r.RmiUtils: Disabling SSL for RMI as server.rmi.ssl.disable is set to 'true'
2024-04-04 05:17:26,818 INFO o.a.j.s.BatchSampleSender: Using batching (client settings) for this run. Thresholds: num=100, time=60000
2024-04-04 05:17:26,818 INFO o.a.j.s.DataStrippingSampleSender: Using DataStrippingSampleSender for this run
2024-04-04 05:17:27,706 INFO o.a.j.e.ClientJMeterEngine: sent test to 10.35.0.15 basedir='.'
2024-04-04 05:17:27,706 INFO o.a.j.e.ClientJMeterEngine: Sending properties {}
2024-04-04 05:17:27,795 INFO o.a.j.e.ClientJMeterEngine: sent run command to 10.35.0.15
2024-04-04 05:17:27,795 INFO o.a.j.e.DistributedRunner: Remote engines have been started:[10.35.0.15]
2024-04-04 05:17:28,528 INFO o.a.j.v.b.BackendListener: Backend Listener 1: Starting worker with class: class org.apache.jmeter.visualizers.backend.influxdb.InfluxdbBackendListenerClient and queue capacity: 5000
2024-04-04 05:17:28,530 INFO o.a.j.v.b.BackendListener: Backend Listener 1: Started  worker with class: class org.apache.jmeter.visualizers.backend.influxdb.InfluxdbBackendListenerClient
2024-04-04 05:17:30,132 INFO o.a.j.v.b.BackendListener: Backend Listener 2: Starting worker with class: class rocks.nt.apm.jmeter.JMeterInfluxDBBackendListenerClient and queue capacity: 5000
2024-04-04 05:17:30,199 INFO o.a.j.v.b.BackendListener: Backend Listener 2: Started  worker with class: class rocks.nt.apm.jmeter.JMeterInfluxDBBackendListenerClient
2024-04-04 05:17:31,110 INFO o.a.j.JMeter: Started remote host:  10.35.0.15 (1712207851110)
2024-04-04 05:18:00,109 INFO o.a.j.r.Summariser: summary +   1013 in 00:00:29 =   34.9/s Avg:   251 Min:   191 Max:  4700 Err:   142 (14.02%) Active: 10 Started: 10 Finished: 0
2024-04-04 05:18:30,509 INFO o.a.j.r.Summariser: summary +   1479 in 00:00:30 =   48.6/s Avg:   204 Min:   191 Max:   300 Err:   217 (14.67%) Active: 10 Started: 10 Finished: 0
2024-04-04 05:18:30,509 INFO o.a.j.r.Summariser: summary =   2492 in 00:00:59 =   42.0/s Avg:   223 Min:   191 Max:  4700 Err:   359 (14.41%)
2024-04-04 05:19:01,378 INFO o.a.j.r.Summariser: summary +   1479 in 00:00:31 =   47.9/s Avg:   207 Min:   191 Max:  1072 Err:   221 (14.94%) Active: 10 Started: 10 Finished: 0
2024-04-04 05:19:01,379 INFO o.a.j.r.Summariser: summary =   3971 in 00:01:30 =   44.0/s Avg:   217 Min:   191 Max:  4700 Err:   580 (14.61%)
2024-04-04 05:19:31,597 INFO o.a.j.r.Summariser: summary +   1476 in 00:00:30 =   48.8/s Avg:   202 Min:   191 Max:   291 Err:   211 (14.30%) Active: 10 Started: 10 Finished: 0
2024-04-04 05:19:31,597 INFO o.a.j.r.Summariser: summary =   5447 in 00:02:00 =   45.2/s Avg:   213 Min:   191 Max:  4700 Err:   791 (14.52%)
2024-04-04 05:20:00,107 INFO o.a.j.r.Summariser: summary +   1322 in 00:00:29 =   46.4/s Avg:   214 Min:   191 Max:  1176 Err:   159 (12.03%) Active: 10 Started: 10 Finished: 0
2024-04-04 05:20:00,108 INFO o.a.j.r.Summariser: summary =   6769 in 00:02:29 =   45.4/s Avg:   213 Min:   191 Max:  4700 Err:   950 (14.03%)
2024-04-04 05:20:30,918 INFO o.a.j.r.Summariser: summary +   1479 in 00:00:31 =   48.0/s Avg:   208 Min:   192 Max:   284 Err:   210 (14.20%) Active: 10 Started: 10 Finished: 0
2024-04-04 05:20:30,919 INFO o.a.j.r.Summariser: summary =   8248 in 00:03:00 =   45.9/s Avg:   212 Min:   191 Max:  4700 Err:  1160 (14.06%)
2024-04-04 05:21:01,094 INFO o.a.j.r.Summariser: summary +   1399 in 00:00:30 =   46.4/s Avg:   214 Min:   191 Max:  1260 Err:   222 (15.87%) Active: 10 Started: 10 Finished: 0
2024-04-04 05:21:01,095 INFO o.a.j.r.Summariser: summary =   9647 in 00:03:30 =   45.9/s Avg:   213 Min:   191 Max:  4700 Err:  1382 (14.33%)
2024-04-04 05:21:30,310 INFO o.a.j.r.Summariser: summary +   1401 in 00:00:29 =   48.0/s Avg:   208 Min:   191 Max:   275 Err:   200 (14.28%) Active: 10 Started: 10 Finished: 0
2024-04-04 05:21:30,311 INFO o.a.j.r.Summariser: summary =  11048 in 00:03:59 =   46.2/s Avg:   212 Min:   191 Max:  4700 Err:  1582 (14.32%)
