2024-03-26 10:58:56,933 INFO o.a.j.u.JMeterUtils: Setting Locale to en_EN
2024-03-26 10:58:57,141 INFO o.a.j.JMeter: Loading user properties from: user.properties
2024-03-26 10:58:57,141 INFO o.a.j.JMeter: Loading system properties from: system.properties
2024-03-26 10:58:57,142 INFO o.a.j.JMeter: Setting System property: server.rmi.ssl.disable=true
2024-03-26 10:58:57,148 INFO o.a.j.JMeter: Copyright (c) 1998-2021 The Apache Software Foundation
2024-03-26 10:58:57,148 INFO o.a.j.JMeter: Version 5.4.1
2024-03-26 10:58:57,148 INFO o.a.j.JMeter: java.version=16.0.2
2024-03-26 10:58:57,149 INFO o.a.j.JMeter: java.vm.name=OpenJDK 64-Bit Server VM
2024-03-26 10:58:57,149 INFO o.a.j.JMeter: os.name=Linux
2024-03-26 10:58:57,149 INFO o.a.j.JMeter: os.arch=amd64
2024-03-26 10:58:57,149 INFO o.a.j.JMeter: os.version=6.5.0-1015-aws
2024-03-26 10:58:57,149 INFO o.a.j.JMeter: file.encoding=UTF-8
2024-03-26 10:58:57,229 INFO o.a.j.JMeter: java.awt.headless=null
2024-03-26 10:58:57,230 INFO o.a.j.JMeter: Max memory     =1073741824
2024-03-26 10:58:57,230 INFO o.a.j.JMeter: Available Processors =1
2024-03-26 10:58:57,333 INFO o.a.j.JMeter: Default Locale=English (EN)
2024-03-26 10:58:57,334 INFO o.a.j.JMeter: JMeter  Locale=English (EN)
2024-03-26 10:58:57,334 INFO o.a.j.JMeter: JMeterHome=/opt/jmeter/apache-jmeter-5.4.1
2024-03-26 10:58:57,334 INFO o.a.j.JMeter: user.dir  =/opt/jmeter/apache-jmeter-5.4.1/bin
2024-03-26 10:58:57,334 INFO o.a.j.JMeter: PWD       =/opt/jmeter/apache-jmeter-5.4.1/bin
2024-03-26 10:58:57,335 INFO o.a.j.JMeter: IP: 10.35.0.12 Name: jmeter-master03-26-16-27-38-wr2f6 FullName: jmeter-master03-26-16-27-38-wr2f6
2024-03-26 10:58:57,339 INFO o.a.j.JMeter: Setting property 'jmeter.reportgenerator.outputdir' to:'/report/report-PetStoreAPIScriptDynamicBuildNumber1.jmx-2024-03-26_105750'
2024-03-26 10:58:57,430 INFO o.a.j.s.FileServer: Default base='/opt/jmeter/apache-jmeter-5.4.1/bin'
2024-03-26 10:58:57,431 INFO o.a.j.s.FileServer: Set new base='/opt/jmeter/apache-jmeter-5.4.1/bin'
2024-03-26 10:58:59,231 INFO o.a.j.s.SaveService: Testplan (JMX) version: 2.2. Testlog (JTL) version: 2.2
2024-03-26 10:58:59,436 INFO o.a.j.s.SaveService: Using SaveService properties version 5.0
2024-03-26 10:58:59,440 INFO o.a.j.s.SaveService: Using SaveService properties file encoding UTF-8
2024-03-26 10:58:59,531 INFO o.a.j.s.SaveService: Loading file: PetStoreAPIScriptDynamicBuildNumber1.jmx
2024-03-26 10:58:59,838 INFO o.a.j.p.h.c.CookieManager: Settings: Delete null: true Check: true Allow variable: true Save: false Prefix: COOKIE_
2024-03-26 10:59:00,030 INFO o.a.j.p.h.s.HTTPSamplerBase: Parser for text/html is org.apache.jmeter.protocol.http.parser.LagartoBasedHtmlParser
2024-03-26 10:59:00,031 INFO o.a.j.p.h.s.HTTPSamplerBase: Parser for application/xhtml+xml is org.apache.jmeter.protocol.http.parser.LagartoBasedHtmlParser
2024-03-26 10:59:00,031 INFO o.a.j.p.h.s.HTTPSamplerBase: Parser for application/xml is org.apache.jmeter.protocol.http.parser.LagartoBasedHtmlParser
2024-03-26 10:59:00,031 INFO o.a.j.p.h.s.HTTPSamplerBase: Parser for text/xml is org.apache.jmeter.protocol.http.parser.LagartoBasedHtmlParser
2024-03-26 10:59:00,031 INFO o.a.j.p.h.s.HTTPSamplerBase: Parser for text/vnd.wap.wml is org.apache.jmeter.protocol.http.parser.RegexpHTMLParser
2024-03-26 10:59:00,031 INFO o.a.j.p.h.s.HTTPSamplerBase: Parser for text/css is org.apache.jmeter.protocol.http.parser.CssParser
2024-03-26 10:59:00,431 INFO o.a.j.s.SampleResult: Note: Sample TimeStamps are START times
2024-03-26 10:59:00,432 INFO o.a.j.s.SampleResult: sampleresult.default.encoding is set to ISO-8859-1
2024-03-26 10:59:00,432 INFO o.a.j.s.SampleResult: sampleresult.useNanoTime=true
2024-03-26 10:59:00,432 INFO o.a.j.s.SampleResult: sampleresult.nanoThreadSleep=5000
2024-03-26 10:59:00,632 INFO o.a.j.JMeter: Creating summariser <summary>
2024-03-26 10:59:00,637 INFO o.a.j.r.d.ReportGenerator: ReportGenerator will use for Parsing the separator: ','
2024-03-26 10:59:00,638 INFO o.a.j.r.d.ReportGenerator: Will generate report at end of test from  results file: /report/PetStoreAPIScriptDynamicBuildNumber1.jmx_2024-03-26_105750.jtl
2024-03-26 10:59:00,638 INFO o.a.j.r.d.ReportGenerator: Reading report generator properties from: /opt/jmeter/apache-jmeter-5.4.1/bin/reportgenerator.properties
2024-03-26 10:59:00,729 INFO o.a.j.r.d.ReportGenerator: Merging with JMeter properties
2024-03-26 10:59:00,734 INFO o.a.j.r.c.ReportGeneratorConfiguration: Property 'jmeter.reportgenerator.temp_dir' not found, using default value 'temp' instead.
2024-03-26 10:59:00,737 INFO o.a.j.r.c.ReportGeneratorConfiguration: Property 'jmeter.reportgenerator.apdex_per_transaction' not found, using default value 'null' instead.
2024-03-26 10:59:00,738 INFO o.a.j.r.c.ReportGeneratorConfiguration: apdex_per_transaction is empty, not APDEX per transaction customization
2024-03-26 10:59:00,738 INFO o.a.j.r.c.ReportGeneratorConfiguration: Property 'jmeter.reportgenerator.sample_filter' not found, using default value 'null' instead.
2024-03-26 10:59:00,738 INFO o.a.j.r.c.ReportGeneratorConfiguration: Property 'jmeter.reportgenerator.report_title' not found, using default value 'null' instead.
2024-03-26 10:59:00,738 INFO o.a.j.r.c.ReportGeneratorConfiguration: Property 'jmeter.reportgenerator.start_date' not found, using default value 'null' instead.
2024-03-26 10:59:00,738 INFO o.a.j.r.c.ReportGeneratorConfiguration: Property 'jmeter.reportgenerator.end_date' not found, using default value 'null' instead.
2024-03-26 10:59:00,738 INFO o.a.j.r.c.ReportGeneratorConfiguration: Property 'jmeter.reportgenerator.date_format' not found, using default value 'null' instead.
2024-03-26 10:59:00,739 INFO o.a.j.r.c.ReportGeneratorConfiguration: Will use date range start date: null, end date: null
2024-03-26 10:59:00,831 INFO o.a.j.r.c.ReportGeneratorConfiguration: Property 'jmeter.reportgenerator.graph.totalTPS.exclude_controllers' not found, using default value 'false' instead.
2024-03-26 10:59:00,831 INFO o.a.j.r.c.ReportGeneratorConfiguration: Property 'jmeter.reportgenerator.graph.activeThreadsOverTime.exclude_controllers' not found, using default value 'false' instead.
2024-03-26 10:59:00,832 INFO o.a.j.r.c.ReportGeneratorConfiguration: Property 'jmeter.reportgenerator.graph.timeVsThreads.exclude_controllers' not found, using default value 'false' instead.
2024-03-26 10:59:00,832 INFO o.a.j.r.c.ReportGeneratorConfiguration: Property 'jmeter.reportgenerator.graph.responseTimeDistribution.exclude_controllers' not found, using default value 'false' instead.
2024-03-26 10:59:00,832 INFO o.a.j.r.c.ReportGeneratorConfiguration: Property 'jmeter.reportgenerator.graph.transactionsPerSecond.exclude_controllers' not found, using default value 'false' instead.
2024-03-26 10:59:00,832 INFO o.a.j.r.c.ReportGeneratorConfiguration: Property 'jmeter.reportgenerator.graph.responseTimePercentiles.exclude_controllers' not found, using default value 'false' instead.
2024-03-26 10:59:00,832 INFO o.a.j.r.c.ReportGeneratorConfiguration: Property 'jmeter.reportgenerator.graph.responseTimePercentilesOverTime.exclude_controllers' not found, using default value 'false' instead.
2024-03-26 10:59:00,832 INFO o.a.j.r.c.ReportGeneratorConfiguration: Property 'jmeter.reportgenerator.graph.responseTimesOverTime.exclude_controllers' not found, using default value 'false' instead.
2024-03-26 10:59:00,833 INFO o.a.j.r.c.ReportGeneratorConfiguration: Property 'jmeter.reportgenerator.graph.connectTimeOverTime.exclude_controllers' not found, using default value 'false' instead.
2024-03-26 10:59:00,833 INFO o.a.j.r.c.ReportGeneratorConfiguration: Property 'jmeter.reportgenerator.graph.latenciesOverTime.exclude_controllers' not found, using default value 'false' instead.
2024-03-26 10:59:00,834 INFO o.a.j.r.c.ReportGeneratorConfiguration: Property 'jmeter.reportgenerator.exporter.json.filters_only_sample_series' not found, using default value 'true' instead.
2024-03-26 10:59:00,834 INFO o.a.j.r.c.ReportGeneratorConfiguration: Property 'jmeter.reportgenerator.exporter.json.series_filter' not found, using default value '' instead.
2024-03-26 10:59:00,834 INFO o.a.j.r.c.ReportGeneratorConfiguration: Property 'jmeter.reportgenerator.exporter.json.show_controllers_only' not found, using default value 'false' instead.
2024-03-26 10:59:00,835 INFO o.a.j.r.c.ReportGeneratorConfiguration: Property 'jmeter.reportgenerator.exporter.html.filters_only_sample_series' not found, using default value 'true' instead.
2024-03-26 10:59:00,835 INFO o.a.j.r.c.ReportGeneratorConfiguration: Property 'jmeter.reportgenerator.exporter.html.series_filter' not found, using default value '' instead.
2024-03-26 10:59:00,835 INFO o.a.j.r.c.ReportGeneratorConfiguration: Property 'jmeter.reportgenerator.exporter.html.show_controllers_only' not found, using default value 'false' instead.
2024-03-26 10:59:00,930 INFO o.a.j.e.DistributedRunner: Configuring remote engine: 10.35.0.13
2024-03-26 10:59:00,932 INFO o.a.j.r.RmiUtils: Disabling SSL for RMI as server.rmi.ssl.disable is set to 'true'
2024-03-26 10:59:01,347 INFO o.a.j.e.DistributedRunner: Starting distributed test with remote engines: [10.35.0.13] @ Tue Mar 26 10:59:01 UTC 2024 (1711450741347)
2024-03-26 10:59:01,347 INFO o.a.j.e.ClientJMeterEngine: running clientengine run method
2024-03-26 10:59:01,434 INFO o.a.j.e.u.CompoundVariable: Note: Function class names must contain the string: '.functions.'
2024-03-26 10:59:01,434 INFO o.a.j.e.u.CompoundVariable: Note: Function class names must not contain the string: '.gui.'
2024-03-26 10:59:01,834 INFO o.a.j.r.RmiUtils: Disabling SSL for RMI as server.rmi.ssl.disable is set to 'true'
2024-03-26 10:59:01,834 INFO o.a.j.r.RmiUtils: Disabling SSL for RMI as server.rmi.ssl.disable is set to 'true'
2024-03-26 10:59:01,929 INFO o.a.j.s.SampleEvent: List of sample_variables: []
2024-03-26 10:59:01,935 INFO o.a.j.s.BatchSampleSender: Using batching (client settings) for this run. Thresholds: num=100, time=60000
2024-03-26 10:59:01,935 INFO o.a.j.s.DataStrippingSampleSender: Using DataStrippingSampleSender for this run
2024-03-26 10:59:01,936 INFO o.a.j.r.RmiUtils: Disabling SSL for RMI as server.rmi.ssl.disable is set to 'true'
2024-03-26 10:59:01,936 INFO o.a.j.r.RmiUtils: Disabling SSL for RMI as server.rmi.ssl.disable is set to 'true'
2024-03-26 10:59:06,642 INFO o.a.j.r.RmiUtils: Disabling SSL for RMI as server.rmi.ssl.disable is set to 'true'
2024-03-26 10:59:06,642 INFO o.a.j.r.RmiUtils: Disabling SSL for RMI as server.rmi.ssl.disable is set to 'true'
2024-03-26 10:59:06,643 INFO o.a.j.r.RmiUtils: Disabling SSL for RMI as server.rmi.ssl.disable is set to 'true'
2024-03-26 10:59:06,643 INFO o.a.j.r.RmiUtils: Disabling SSL for RMI as server.rmi.ssl.disable is set to 'true'
2024-03-26 10:59:06,643 INFO o.a.j.s.BatchSampleSender: Using batching (client settings) for this run. Thresholds: num=100, time=60000
2024-03-26 10:59:06,643 INFO o.a.j.s.DataStrippingSampleSender: Using DataStrippingSampleSender for this run
2024-03-26 10:59:06,644 INFO o.a.j.r.RmiUtils: Disabling SSL for RMI as server.rmi.ssl.disable is set to 'true'
2024-03-26 10:59:06,644 INFO o.a.j.r.RmiUtils: Disabling SSL for RMI as server.rmi.ssl.disable is set to 'true'
2024-03-26 10:59:06,644 INFO o.a.j.s.BatchSampleSender: Using batching (client settings) for this run. Thresholds: num=100, time=60000
2024-03-26 10:59:06,644 INFO o.a.j.s.DataStrippingSampleSender: Using DataStrippingSampleSender for this run
2024-03-26 10:59:06,644 INFO o.a.j.r.RmiUtils: Disabling SSL for RMI as server.rmi.ssl.disable is set to 'true'
2024-03-26 10:59:06,729 INFO o.a.j.r.RmiUtils: Disabling SSL for RMI as server.rmi.ssl.disable is set to 'true'
2024-03-26 10:59:06,729 INFO o.a.j.s.BatchSampleSender: Using batching (client settings) for this run. Thresholds: num=100, time=60000
2024-03-26 10:59:06,729 INFO o.a.j.s.DataStrippingSampleSender: Using DataStrippingSampleSender for this run
2024-03-26 10:59:06,729 INFO o.a.j.r.RmiUtils: Disabling SSL for RMI as server.rmi.ssl.disable is set to 'true'
2024-03-26 10:59:06,729 INFO o.a.j.r.RmiUtils: Disabling SSL for RMI as server.rmi.ssl.disable is set to 'true'
2024-03-26 10:59:06,730 INFO o.a.j.s.BatchSampleSender: Using batching (client settings) for this run. Thresholds: num=100, time=60000
2024-03-26 10:59:06,730 INFO o.a.j.s.DataStrippingSampleSender: Using DataStrippingSampleSender for this run
2024-03-26 10:59:06,730 INFO o.a.j.r.RmiUtils: Disabling SSL for RMI as server.rmi.ssl.disable is set to 'true'
2024-03-26 10:59:06,730 INFO o.a.j.r.RmiUtils: Disabling SSL for RMI as server.rmi.ssl.disable is set to 'true'
2024-03-26 10:59:06,730 INFO o.a.j.s.BatchSampleSender: Using batching (client settings) for this run. Thresholds: num=100, time=60000
2024-03-26 10:59:06,731 INFO o.a.j.s.DataStrippingSampleSender: Using DataStrippingSampleSender for this run
2024-03-26 10:59:16,579 ERROR o.a.j.e.ClientJMeterEngine: Error in rconfigure() method
java.rmi.ConnectIOException: Exception creating connection to: 10.35.0.13; nested exception is: 
	java.net.NoRouteToHostException: No route to host
	at sun.rmi.transport.tcp.TCPEndpoint.newSocket(TCPEndpoint.java:635) ~[?:?]
	at sun.rmi.transport.tcp.TCPChannel.createConnection(TCPChannel.java:209) ~[?:?]
	at sun.rmi.transport.tcp.TCPChannel.newConnection(TCPChannel.java:196) ~[?:?]
	at sun.rmi.server.UnicastRef.invoke(UnicastRef.java:132) ~[?:?]
	at java.rmi.server.RemoteObjectInvocationHandler.invokeRemoteMethod(RemoteObjectInvocationHandler.java:217) ~[?:?]
	at java.rmi.server.RemoteObjectInvocationHandler.invoke(RemoteObjectInvocationHandler.java:162) ~[?:?]
	at jdk.proxy2.$Proxy20.rconfigure(Unknown Source) ~[?:?]
	at org.apache.jmeter.engine.ClientJMeterEngine.runTest(ClientJMeterEngine.java:152) [ApacheJMeter_core.jar:5.4.1]
	at org.apache.jmeter.engine.DistributedRunner.start(DistributedRunner.java:134) [ApacheJMeter_core.jar:5.4.1]
	at org.apache.jmeter.engine.DistributedRunner.start(DistributedRunner.java:156) [ApacheJMeter_core.jar:5.4.1]
	at org.apache.jmeter.JMeter.runNonGui(JMeter.java:1110) [ApacheJMeter_core.jar:5.4.1]
	at org.apache.jmeter.JMeter.startNonGui(JMeter.java:1007) [ApacheJMeter_core.jar:5.4.1]
	at org.apache.jmeter.JMeter.start(JMeter.java:579) [ApacheJMeter_core.jar:5.4.1]
	at jdk.internal.reflect.NativeMethodAccessorImpl.invoke0(Native Method) ~[?:?]
	at jdk.internal.reflect.NativeMethodAccessorImpl.invoke(NativeMethodAccessorImpl.java:78) ~[?:?]
	at jdk.internal.reflect.DelegatingMethodAccessorImpl.invoke(DelegatingMethodAccessorImpl.java:43) ~[?:?]
	at java.lang.reflect.Method.invoke(Method.java:567) ~[?:?]
	at org.apache.jmeter.NewDriver.main(NewDriver.java:254) [ApacheJMeter.jar:5.4.1]
Caused by: java.net.NoRouteToHostException: No route to host
	at sun.nio.ch.Net.connect0(Native Method) ~[?:?]
	at sun.nio.ch.Net.connect(Net.java:576) ~[?:?]
	at sun.nio.ch.Net.connect(Net.java:565) ~[?:?]
	at sun.nio.ch.NioSocketImpl.connect(NioSocketImpl.java:588) ~[?:?]
	at java.net.SocksSocketImpl.connect(SocksSocketImpl.java:333) ~[?:?]
	at java.net.Socket.connect(Socket.java:645) ~[?:?]
	at java.net.Socket.connect(Socket.java:595) ~[?:?]
	at java.net.Socket.<init>(Socket.java:519) ~[?:?]
	at java.net.Socket.<init>(Socket.java:293) ~[?:?]
	at sun.rmi.transport.tcp.TCPDirectSocketFactory.createSocket(TCPDirectSocketFactory.java:40) ~[?:?]
	at sun.rmi.transport.tcp.TCPEndpoint.newSocket(TCPEndpoint.java:617) ~[?:?]
	... 17 more
2024-03-26 10:59:16,592 INFO o.a.j.e.ClientJMeterEngine: Interrupting RMI Reaper
2024-03-26 10:59:16,592 ERROR o.a.j.u.JMeterUtils: Error in rconfigure() method java.rmi.ConnectIOException: Exception creating connection to: 10.35.0.13; nested exception is: 
	java.net.NoRouteToHostException: No route to host
2024-03-26 10:59:16,593 INFO o.a.j.e.DistributedRunner: Remote engines have been started:[]
2024-03-26 10:59:16,593 ERROR o.a.j.e.DistributedRunner: The following remote engines have not started:[10.35.0.13]
