2024-03-22 11:50:07,406 INFO o.a.j.u.JMeterUtils: Setting Locale to en_EN
2024-03-22 11:50:07,607 INFO o.a.j.JMeter: Loading user properties from: user.properties
2024-03-22 11:50:07,607 INFO o.a.j.JMeter: Loading system properties from: system.properties
2024-03-22 11:50:07,608 INFO o.a.j.JMeter: Setting System property: server.rmi.ssl.disable=true
2024-03-22 11:50:07,657 INFO o.a.j.JMeter: Copyright (c) 1998-2021 The Apache Software Foundation
2024-03-22 11:50:07,657 INFO o.a.j.JMeter: Version 5.4.1
2024-03-22 11:50:07,657 INFO o.a.j.JMeter: java.version=16.0.2
2024-03-22 11:50:07,657 INFO o.a.j.JMeter: java.vm.name=OpenJDK 64-Bit Server VM
2024-03-22 11:50:07,657 INFO o.a.j.JMeter: os.name=Linux
2024-03-22 11:50:07,658 INFO o.a.j.JMeter: os.arch=amd64
2024-03-22 11:50:07,658 INFO o.a.j.JMeter: os.version=6.5.0-1015-aws
2024-03-22 11:50:07,658 INFO o.a.j.JMeter: file.encoding=UTF-8
2024-03-22 11:50:07,658 INFO o.a.j.JMeter: java.awt.headless=null
2024-03-22 11:50:07,658 INFO o.a.j.JMeter: Max memory     =1073741824
2024-03-22 11:50:07,658 INFO o.a.j.JMeter: Available Processors =1
2024-03-22 11:50:07,757 INFO o.a.j.JMeter: Default Locale=English (EN)
2024-03-22 11:50:07,757 INFO o.a.j.JMeter: JMeter  Locale=English (EN)
2024-03-22 11:50:07,757 INFO o.a.j.JMeter: JMeterHome=/opt/jmeter/apache-jmeter-5.4.1
2024-03-22 11:50:07,758 INFO o.a.j.JMeter: user.dir  =/opt/jmeter/apache-jmeter-5.4.1/bin
2024-03-22 11:50:07,758 INFO o.a.j.JMeter: PWD       =/opt/jmeter/apache-jmeter-5.4.1/bin
2024-03-22 11:50:07,758 INFO o.a.j.JMeter: IP: 10.35.0.12 Name: jmeter-master03-22-17-18-53-p6ffn FullName: jmeter-master03-22-17-18-53-p6ffn
2024-03-22 11:50:07,853 INFO o.a.j.JMeter: Setting property 'jmeter.reportgenerator.outputdir' to:'/report/report-PetStoreAPIScriptDynamicBuildNumber1.jmx-2024-03-22_114903'
2024-03-22 11:50:07,856 INFO o.a.j.s.FileServer: Default base='/opt/jmeter/apache-jmeter-5.4.1/bin'
2024-03-22 11:50:07,857 INFO o.a.j.s.FileServer: Set new base='/opt/jmeter/apache-jmeter-5.4.1/bin'
2024-03-22 11:50:09,361 INFO o.a.j.s.SaveService: Testplan (JMX) version: 2.2. Testlog (JTL) version: 2.2
2024-03-22 11:50:09,555 INFO o.a.j.s.SaveService: Using SaveService properties version 5.0
2024-03-22 11:50:09,560 INFO o.a.j.s.SaveService: Using SaveService properties file encoding UTF-8
2024-03-22 11:50:09,563 INFO o.a.j.s.SaveService: Loading file: PetStoreAPIScriptDynamicBuildNumber1.jmx
2024-03-22 11:50:09,858 INFO o.a.j.p.h.c.CookieManager: Settings: Delete null: true Check: true Allow variable: true Save: false Prefix: COOKIE_
2024-03-22 11:50:10,007 INFO o.a.j.p.h.s.HTTPSamplerBase: Parser for text/html is org.apache.jmeter.protocol.http.parser.LagartoBasedHtmlParser
2024-03-22 11:50:10,052 INFO o.a.j.p.h.s.HTTPSamplerBase: Parser for application/xhtml+xml is org.apache.jmeter.protocol.http.parser.LagartoBasedHtmlParser
2024-03-22 11:50:10,052 INFO o.a.j.p.h.s.HTTPSamplerBase: Parser for application/xml is org.apache.jmeter.protocol.http.parser.LagartoBasedHtmlParser
2024-03-22 11:50:10,052 INFO o.a.j.p.h.s.HTTPSamplerBase: Parser for text/xml is org.apache.jmeter.protocol.http.parser.LagartoBasedHtmlParser
2024-03-22 11:50:10,052 INFO o.a.j.p.h.s.HTTPSamplerBase: Parser for text/vnd.wap.wml is org.apache.jmeter.protocol.http.parser.RegexpHTMLParser
2024-03-22 11:50:10,052 INFO o.a.j.p.h.s.HTTPSamplerBase: Parser for text/css is org.apache.jmeter.protocol.http.parser.CssParser
2024-03-22 11:50:10,452 INFO o.a.j.s.SampleResult: Note: Sample TimeStamps are START times
2024-03-22 11:50:10,452 INFO o.a.j.s.SampleResult: sampleresult.default.encoding is set to ISO-8859-1
2024-03-22 11:50:10,452 INFO o.a.j.s.SampleResult: sampleresult.useNanoTime=true
2024-03-22 11:50:10,452 INFO o.a.j.s.SampleResult: sampleresult.nanoThreadSleep=5000
2024-03-22 11:50:10,561 INFO o.a.j.JMeter: Creating summariser <summary>
2024-03-22 11:50:10,655 INFO o.a.j.r.d.ReportGenerator: ReportGenerator will use for Parsing the separator: ','
2024-03-22 11:50:10,655 INFO o.a.j.r.d.ReportGenerator: Will generate report at end of test from  results file: /report/PetStoreAPIScriptDynamicBuildNumber1.jmx_2024-03-22_114903.jtl
2024-03-22 11:50:10,655 INFO o.a.j.r.d.ReportGenerator: Reading report generator properties from: /opt/jmeter/apache-jmeter-5.4.1/bin/reportgenerator.properties
2024-03-22 11:50:10,656 INFO o.a.j.r.d.ReportGenerator: Merging with JMeter properties
2024-03-22 11:50:10,752 INFO o.a.j.r.c.ReportGeneratorConfiguration: Property 'jmeter.reportgenerator.temp_dir' not found, using default value 'temp' instead.
2024-03-22 11:50:10,756 INFO o.a.j.r.c.ReportGeneratorConfiguration: Property 'jmeter.reportgenerator.apdex_per_transaction' not found, using default value 'null' instead.
2024-03-22 11:50:10,756 INFO o.a.j.r.c.ReportGeneratorConfiguration: apdex_per_transaction is empty, not APDEX per transaction customization
2024-03-22 11:50:10,756 INFO o.a.j.r.c.ReportGeneratorConfiguration: Property 'jmeter.reportgenerator.sample_filter' not found, using default value 'null' instead.
2024-03-22 11:50:10,756 INFO o.a.j.r.c.ReportGeneratorConfiguration: Property 'jmeter.reportgenerator.report_title' not found, using default value 'null' instead.
2024-03-22 11:50:10,756 INFO o.a.j.r.c.ReportGeneratorConfiguration: Property 'jmeter.reportgenerator.start_date' not found, using default value 'null' instead.
2024-03-22 11:50:10,756 INFO o.a.j.r.c.ReportGeneratorConfiguration: Property 'jmeter.reportgenerator.end_date' not found, using default value 'null' instead.
2024-03-22 11:50:10,757 INFO o.a.j.r.c.ReportGeneratorConfiguration: Property 'jmeter.reportgenerator.date_format' not found, using default value 'null' instead.
2024-03-22 11:50:10,757 INFO o.a.j.r.c.ReportGeneratorConfiguration: Will use date range start date: null, end date: null
2024-03-22 11:50:10,761 INFO o.a.j.r.c.ReportGeneratorConfiguration: Property 'jmeter.reportgenerator.graph.totalTPS.exclude_controllers' not found, using default value 'false' instead.
2024-03-22 11:50:10,762 INFO o.a.j.r.c.ReportGeneratorConfiguration: Property 'jmeter.reportgenerator.graph.activeThreadsOverTime.exclude_controllers' not found, using default value 'false' instead.
2024-03-22 11:50:10,762 INFO o.a.j.r.c.ReportGeneratorConfiguration: Property 'jmeter.reportgenerator.graph.timeVsThreads.exclude_controllers' not found, using default value 'false' instead.
2024-03-22 11:50:10,762 INFO o.a.j.r.c.ReportGeneratorConfiguration: Property 'jmeter.reportgenerator.graph.responseTimeDistribution.exclude_controllers' not found, using default value 'false' instead.
2024-03-22 11:50:10,762 INFO o.a.j.r.c.ReportGeneratorConfiguration: Property 'jmeter.reportgenerator.graph.transactionsPerSecond.exclude_controllers' not found, using default value 'false' instead.
2024-03-22 11:50:10,762 INFO o.a.j.r.c.ReportGeneratorConfiguration: Property 'jmeter.reportgenerator.graph.responseTimePercentiles.exclude_controllers' not found, using default value 'false' instead.
2024-03-22 11:50:10,763 INFO o.a.j.r.c.ReportGeneratorConfiguration: Property 'jmeter.reportgenerator.graph.responseTimePercentilesOverTime.exclude_controllers' not found, using default value 'false' instead.
2024-03-22 11:50:10,763 INFO o.a.j.r.c.ReportGeneratorConfiguration: Property 'jmeter.reportgenerator.graph.responseTimesOverTime.exclude_controllers' not found, using default value 'false' instead.
2024-03-22 11:50:10,763 INFO o.a.j.r.c.ReportGeneratorConfiguration: Property 'jmeter.reportgenerator.graph.connectTimeOverTime.exclude_controllers' not found, using default value 'false' instead.
2024-03-22 11:50:10,763 INFO o.a.j.r.c.ReportGeneratorConfiguration: Property 'jmeter.reportgenerator.graph.latenciesOverTime.exclude_controllers' not found, using default value 'false' instead.
2024-03-22 11:50:10,764 INFO o.a.j.r.c.ReportGeneratorConfiguration: Property 'jmeter.reportgenerator.exporter.json.filters_only_sample_series' not found, using default value 'true' instead.
2024-03-22 11:50:10,764 INFO o.a.j.r.c.ReportGeneratorConfiguration: Property 'jmeter.reportgenerator.exporter.json.series_filter' not found, using default value '' instead.
2024-03-22 11:50:10,764 INFO o.a.j.r.c.ReportGeneratorConfiguration: Property 'jmeter.reportgenerator.exporter.json.show_controllers_only' not found, using default value 'false' instead.
2024-03-22 11:50:10,765 INFO o.a.j.r.c.ReportGeneratorConfiguration: Property 'jmeter.reportgenerator.exporter.html.filters_only_sample_series' not found, using default value 'true' instead.
2024-03-22 11:50:10,765 INFO o.a.j.r.c.ReportGeneratorConfiguration: Property 'jmeter.reportgenerator.exporter.html.series_filter' not found, using default value '' instead.
2024-03-22 11:50:10,765 INFO o.a.j.r.c.ReportGeneratorConfiguration: Property 'jmeter.reportgenerator.exporter.html.show_controllers_only' not found, using default value 'false' instead.
2024-03-22 11:50:10,853 INFO o.a.j.e.DistributedRunner: Configuring remote engine: 10.35.0.13
2024-03-22 11:50:10,855 INFO o.a.j.r.RmiUtils: Disabling SSL for RMI as server.rmi.ssl.disable is set to 'true'
2024-03-22 11:50:11,356 INFO o.a.j.e.DistributedRunner: Starting distributed test with remote engines: [10.35.0.13] @ Fri Mar 22 11:50:11 UTC 2024 (1711108211356)
2024-03-22 11:50:11,356 INFO o.a.j.e.ClientJMeterEngine: running clientengine run method
2024-03-22 11:50:11,361 INFO o.a.j.e.u.CompoundVariable: Note: Function class names must contain the string: '.functions.'
2024-03-22 11:50:11,362 INFO o.a.j.e.u.CompoundVariable: Note: Function class names must not contain the string: '.gui.'
2024-03-22 11:50:11,760 INFO o.a.j.r.RmiUtils: Disabling SSL for RMI as server.rmi.ssl.disable is set to 'true'
2024-03-22 11:50:11,761 INFO o.a.j.r.RmiUtils: Disabling SSL for RMI as server.rmi.ssl.disable is set to 'true'
2024-03-22 11:50:11,852 INFO o.a.j.s.SampleEvent: List of sample_variables: []
2024-03-22 11:50:11,858 INFO o.a.j.s.BatchSampleSender: Using batching (client settings) for this run. Thresholds: num=100, time=60000
2024-03-22 11:50:11,858 INFO o.a.j.s.DataStrippingSampleSender: Using DataStrippingSampleSender for this run
2024-03-22 11:50:11,862 INFO o.a.j.r.RmiUtils: Disabling SSL for RMI as server.rmi.ssl.disable is set to 'true'
2024-03-22 11:50:11,862 INFO o.a.j.r.RmiUtils: Disabling SSL for RMI as server.rmi.ssl.disable is set to 'true'
2024-03-22 11:50:16,055 INFO o.a.j.r.RmiUtils: Disabling SSL for RMI as server.rmi.ssl.disable is set to 'true'
2024-03-22 11:50:16,055 INFO o.a.j.r.RmiUtils: Disabling SSL for RMI as server.rmi.ssl.disable is set to 'true'
2024-03-22 11:50:16,056 INFO o.a.j.r.RmiUtils: Disabling SSL for RMI as server.rmi.ssl.disable is set to 'true'
2024-03-22 11:50:16,056 INFO o.a.j.r.RmiUtils: Disabling SSL for RMI as server.rmi.ssl.disable is set to 'true'
2024-03-22 11:50:16,057 INFO o.a.j.s.BatchSampleSender: Using batching (client settings) for this run. Thresholds: num=100, time=60000
2024-03-22 11:50:16,057 INFO o.a.j.s.DataStrippingSampleSender: Using DataStrippingSampleSender for this run
2024-03-22 11:50:16,057 INFO o.a.j.r.RmiUtils: Disabling SSL for RMI as server.rmi.ssl.disable is set to 'true'
2024-03-22 11:50:16,057 INFO o.a.j.r.RmiUtils: Disabling SSL for RMI as server.rmi.ssl.disable is set to 'true'
2024-03-22 11:50:16,057 INFO o.a.j.s.BatchSampleSender: Using batching (client settings) for this run. Thresholds: num=100, time=60000
2024-03-22 11:50:16,057 INFO o.a.j.s.DataStrippingSampleSender: Using DataStrippingSampleSender for this run
2024-03-22 11:50:16,057 INFO o.a.j.r.RmiUtils: Disabling SSL for RMI as server.rmi.ssl.disable is set to 'true'
2024-03-22 11:50:16,058 INFO o.a.j.r.RmiUtils: Disabling SSL for RMI as server.rmi.ssl.disable is set to 'true'
2024-03-22 11:50:16,058 INFO o.a.j.s.BatchSampleSender: Using batching (client settings) for this run. Thresholds: num=100, time=60000
2024-03-22 11:50:16,058 INFO o.a.j.s.DataStrippingSampleSender: Using DataStrippingSampleSender for this run
2024-03-22 11:50:16,058 INFO o.a.j.r.RmiUtils: Disabling SSL for RMI as server.rmi.ssl.disable is set to 'true'
2024-03-22 11:50:16,058 INFO o.a.j.r.RmiUtils: Disabling SSL for RMI as server.rmi.ssl.disable is set to 'true'
2024-03-22 11:50:16,058 INFO o.a.j.s.BatchSampleSender: Using batching (client settings) for this run. Thresholds: num=100, time=60000
2024-03-22 11:50:16,058 INFO o.a.j.s.DataStrippingSampleSender: Using DataStrippingSampleSender for this run
2024-03-22 11:50:16,059 INFO o.a.j.r.RmiUtils: Disabling SSL for RMI as server.rmi.ssl.disable is set to 'true'
2024-03-22 11:50:16,059 INFO o.a.j.r.RmiUtils: Disabling SSL for RMI as server.rmi.ssl.disable is set to 'true'
2024-03-22 11:50:16,059 INFO o.a.j.s.BatchSampleSender: Using batching (client settings) for this run. Thresholds: num=100, time=60000
2024-03-22 11:50:16,059 INFO o.a.j.s.DataStrippingSampleSender: Using DataStrippingSampleSender for this run
2024-03-22 11:50:17,034 INFO o.a.j.e.ClientJMeterEngine: sent test to 10.35.0.13 basedir='.'
2024-03-22 11:50:17,034 INFO o.a.j.e.ClientJMeterEngine: Sending properties {}
2024-03-22 11:50:17,063 INFO o.a.j.e.ClientJMeterEngine: sent run command to 10.35.0.13
2024-03-22 11:50:17,063 INFO o.a.j.e.DistributedRunner: Remote engines have been started:[10.35.0.13]
2024-03-22 11:50:17,684 INFO o.a.j.v.b.BackendListener: Backend Listener 1: Starting worker with class: class org.apache.jmeter.visualizers.backend.influxdb.InfluxdbBackendListenerClient and queue capacity: 5000
2024-03-22 11:50:17,686 INFO o.a.j.v.b.BackendListener: Backend Listener 1: Started  worker with class: class org.apache.jmeter.visualizers.backend.influxdb.InfluxdbBackendListenerClient
2024-03-22 11:50:19,456 INFO o.a.j.v.b.BackendListener: Backend Listener 2: Starting worker with class: class rocks.nt.apm.jmeter.JMeterInfluxDBBackendListenerClient and queue capacity: 5000
2024-03-22 11:50:19,456 INFO o.a.j.v.b.BackendListener: Backend Listener 2: Started  worker with class: class rocks.nt.apm.jmeter.JMeterInfluxDBBackendListenerClient
2024-03-22 11:50:20,555 INFO o.a.j.JMeter: Started remote host:  10.35.0.13 (1711108220555)
2024-03-22 11:50:30,110 INFO o.a.j.r.Summariser: summary +     81 in 00:00:10 =    8.5/s Avg:   725 Min:   193 Max:  4398 Err:    16 (19.75%) Active: 10 Started: 10 Finished: 0
2024-03-22 11:51:00,661 INFO o.a.j.r.Summariser: summary +   1476 in 00:00:31 =   48.3/s Avg:   207 Min:   191 Max:   382 Err:   217 (14.70%) Active: 10 Started: 10 Finished: 0
2024-03-22 11:51:00,661 INFO o.a.j.r.Summariser: summary =   1557 in 00:00:40 =   38.8/s Avg:   234 Min:   191 Max:  4398 Err:   233 (14.96%)
2024-03-22 11:51:30,454 INFO o.a.j.r.Summariser: summary +   1402 in 00:00:30 =   47.1/s Avg:   211 Min:   188 Max:  1364 Err:   204 (14.55%) Active: 10 Started: 10 Finished: 0
2024-03-22 11:51:30,455 INFO o.a.j.r.Summariser: summary =   2959 in 00:01:10 =   42.3/s Avg:   223 Min:   188 Max:  4398 Err:   437 (14.77%)
2024-03-22 11:52:01,402 INFO o.a.j.r.Summariser: summary +   1555 in 00:00:31 =   50.2/s Avg:   198 Min:   188 Max:   254 Err:   235 (15.11%) Active: 10 Started: 10 Finished: 0
2024-03-22 11:52:01,402 INFO o.a.j.r.Summariser: summary =   4514 in 00:01:41 =   44.8/s Avg:   214 Min:   188 Max:  4398 Err:   672 (14.89%)
2024-03-22 11:52:30,342 INFO o.a.j.r.Summariser: summary +   1401 in 00:00:29 =   48.4/s Avg:   205 Min:   188 Max:   921 Err:   202 (14.42%) Active: 10 Started: 10 Finished: 0
2024-03-22 11:52:30,342 INFO o.a.j.r.Summariser: summary =   5915 in 00:02:10 =   45.6/s Avg:   212 Min:   188 Max:  4398 Err:   874 (14.78%)
2024-03-22 11:53:01,228 INFO o.a.j.r.Summariser: summary +   1477 in 00:00:31 =   47.8/s Avg:   208 Min:   192 Max:   278 Err:   214 (14.49%) Active: 10 Started: 10 Finished: 0
2024-03-22 11:53:01,228 INFO o.a.j.r.Summariser: summary =   7392 in 00:02:41 =   46.0/s Avg:   211 Min:   188 Max:  4398 Err:  1088 (14.72%)
2024-03-22 11:53:21,091 INFO o.a.j.v.b.BackendListener: Worker ended
2024-03-22 11:53:21,092 INFO o.a.j.v.b.i.InfluxdbBackendListenerClient: Sending last metrics to InfluxDB
2024-03-22 11:53:21,093 INFO o.a.j.v.b.i.HttpMetricsSender: Destroying 
2024-03-22 11:53:21,103 INFO o.a.j.v.b.BackendListener: Worker ended
2024-03-22 11:53:21,103 INFO r.n.a.j.JMeterInfluxDBBackendListenerClient: Shutting down influxDB scheduler...
2024-03-22 11:53:21,110 INFO r.n.a.j.JMeterInfluxDBBackendListenerClient: influxDB scheduler terminated!
2024-03-22 11:53:21,112 INFO o.a.j.r.Summariser: summary +   1021 in 00:00:20 =   51.3/s Avg:   208 Min:   192 Max:   301 Err:   148 (14.50%) Active: 0 Started: 10 Finished: 10
2024-03-22 11:53:21,113 INFO o.a.j.r.Summariser: summary =   8413 in 00:03:01 =   46.6/s Avg:   211 Min:   188 Max:  4398 Err:  1236 (14.69%)
2024-03-22 11:53:21,113 INFO o.a.j.JMeter: Finished remote host: 10.35.0.13 (1711108401113)
2024-03-22 11:53:21,113 INFO o.a.j.JMeter: All remote engines have ended test, starting RemoteTestStopper thread
2024-03-22 11:53:21,115 INFO o.a.j.e.ClientJMeterEngine: about to exit remote server on 10.35.0.13
2024-03-22 11:53:26,334 INFO o.a.j.JMeter: Interrupting RMI Reaper
2024-03-22 11:53:26,334 INFO o.a.j.JMeter: Generating Dashboard
2024-03-22 11:53:26,335 INFO o.a.j.r.d.ReportGenerator: Flushing result collector before report Generation
2024-03-22 11:53:26,410 INFO o.a.j.r.p.NormalizerSampleConsumer: Using format, 'ms', to parse timeStamp field
2024-03-22 11:53:30,508 INFO o.a.j.r.p.AbstractSampleConsumer: class org.apache.jmeter.report.processor.AggregateConsumer#stopProducing(): beginDate produced 0 samples
2024-03-22 11:53:30,508 INFO o.a.j.r.p.AbstractSampleConsumer: class org.apache.jmeter.report.processor.AggregateConsumer#stopProducing(): endDate produced 0 samples
2024-03-22 11:53:30,509 INFO o.a.j.r.p.AbstractSampleConsumer: class org.apache.jmeter.report.processor.ApdexSummaryConsumer#stopProducing(): apdexSummary produced 0 samples
2024-03-22 11:53:30,510 INFO o.a.j.r.p.AbstractSampleConsumer: class org.apache.jmeter.report.processor.RequestsSummaryConsumer#stopProducing(): requestsSummary produced 0 samples
2024-03-22 11:53:30,511 INFO o.a.j.r.p.AbstractSampleConsumer: class org.apache.jmeter.report.processor.StatisticsSummaryConsumer#stopProducing(): statisticsSummary produced 0 samples
2024-03-22 11:53:30,515 INFO o.a.j.r.p.AbstractSampleConsumer: class org.apache.jmeter.report.processor.Top5ErrorsBySamplerConsumer#stopProducing(): top5ErrorsBySampler produced 0 samples
2024-03-22 11:53:30,515 INFO o.a.j.r.p.AbstractSampleConsumer: class org.apache.jmeter.report.processor.ErrorsSummaryConsumer#stopProducing(): errorsSummary produced 0 samples
2024-03-22 11:53:30,515 INFO o.a.j.r.p.AbstractSampleConsumer: class org.apache.jmeter.report.processor.graph.impl.HitsPerSecondGraphConsumer#stopProducing(): hitsPerSecond produced 0 samples
2024-03-22 11:53:31,416 INFO o.a.j.r.p.AbstractSampleConsumer: class org.apache.jmeter.report.processor.graph.impl.LatencyVSRequestGraphConsumer#stopProducing(): latencyVsRequest produced 0 samples
2024-03-22 11:53:31,416 INFO o.a.j.r.p.AbstractSampleConsumer: class org.apache.jmeter.report.processor.graph.impl.SyntheticResponseTimeDistributionGraphConsumer#stopProducing(): syntheticResponseTimeDistribution produced 0 samples
2024-03-22 11:53:31,417 INFO o.a.j.r.p.AbstractSampleConsumer: class org.apache.jmeter.report.processor.graph.impl.BytesThroughputGraphConsumer#stopProducing(): bytesThroughputOverTime produced 0 samples
2024-03-22 11:53:31,417 INFO o.a.j.r.p.AbstractSampleConsumer: class org.apache.jmeter.report.processor.graph.impl.CodesPerSecondGraphConsumer#stopProducing(): codesPerSecond produced 0 samples
2024-03-22 11:53:31,921 INFO o.a.j.r.p.AbstractSampleConsumer: class org.apache.jmeter.report.processor.graph.impl.ResponseTimeVSRequestGraphConsumer#stopProducing(): responseTimeVsRequest produced 0 samples
2024-03-22 11:53:31,922 INFO o.a.j.r.p.AbstractSampleConsumer: class org.apache.jmeter.report.processor.FilterConsumer#stopProducing(): startIntervalControlerFilter produced 58891 samples
2024-03-22 11:53:31,922 INFO o.a.j.r.p.AbstractSampleConsumer: class org.apache.jmeter.report.processor.graph.impl.TotalTPSGraphConsumer#stopProducing(): totalTPS produced 0 samples
2024-03-22 11:53:31,922 INFO o.a.j.r.p.AbstractSampleConsumer: class org.apache.jmeter.report.processor.graph.impl.ActiveThreadsGraphConsumer#stopProducing(): activeThreadsOverTime produced 0 samples
2024-03-22 11:53:31,922 INFO o.a.j.r.p.AbstractSampleConsumer: class org.apache.jmeter.report.processor.graph.impl.TimeVSThreadGraphConsumer#stopProducing(): timeVsThreads produced 0 samples
2024-03-22 11:53:31,923 INFO o.a.j.r.p.AbstractSampleConsumer: class org.apache.jmeter.report.processor.graph.impl.ResponseTimeDistributionGraphConsumer#stopProducing(): responseTimeDistribution produced 0 samples
2024-03-22 11:53:32,006 INFO o.a.j.r.p.AbstractSampleConsumer: class org.apache.jmeter.report.processor.graph.impl.TransactionsPerSecondGraphConsumer#stopProducing(): transactionsPerSecond produced 0 samples
2024-03-22 11:53:32,006 INFO o.a.j.r.p.AbstractSampleConsumer: class org.apache.jmeter.report.processor.graph.impl.ResponseTimePercentilesGraphConsumer#stopProducing(): responseTimePercentiles produced 0 samples
2024-03-22 11:53:32,010 INFO o.a.j.r.p.AbstractSampleConsumer: class org.apache.jmeter.report.processor.graph.impl.ResponseTimePercentilesOverTimeGraphConsumer#stopProducing(): responseTimePercentilesOverTime produced 0 samples
2024-03-22 11:53:32,010 INFO o.a.j.r.p.AbstractSampleConsumer: class org.apache.jmeter.report.processor.graph.impl.ResponseTimeOverTimeGraphConsumer#stopProducing(): responseTimesOverTime produced 0 samples
2024-03-22 11:53:32,011 INFO o.a.j.r.p.AbstractSampleConsumer: class org.apache.jmeter.report.processor.graph.impl.ConnectTimeOverTimeGraphConsumer#stopProducing(): connectTimeOverTime produced 0 samples
2024-03-22 11:53:32,011 INFO o.a.j.r.p.AbstractSampleConsumer: class org.apache.jmeter.report.processor.graph.impl.LatencyOverTimeGraphConsumer#stopProducing(): latenciesOverTime produced 0 samples
2024-03-22 11:53:32,011 INFO o.a.j.r.p.AbstractSampleConsumer: class org.apache.jmeter.report.processor.FilterConsumer#stopProducing(): nameFilter produced 162225 samples
2024-03-22 11:53:32,011 INFO o.a.j.r.p.AbstractSampleConsumer: class org.apache.jmeter.report.processor.FilterConsumer#stopProducing(): dateRangeFilter produced 32445 samples
2024-03-22 11:53:32,011 INFO o.a.j.r.p.AbstractSampleConsumer: class org.apache.jmeter.report.processor.NormalizerSampleConsumer#stopProducing(): normalizer produced 10815 samples
2024-03-22 11:53:32,011 INFO o.a.j.r.p.CsvFileSampleSource: produce(): 10815 samples produced in 5s 498 ms on channel 0
2024-03-22 11:53:32,011 INFO o.a.j.r.d.ReportGenerator: Exporting data using exporter:'json' of className:'org.apache.jmeter.report.dashboard.JsonExporter'
2024-03-22 11:53:32,808 INFO o.a.j.r.d.JsonExporter: Found data for consumer statisticsSummary in context
2024-03-22 11:53:32,808 INFO o.a.j.r.d.JsonExporter: Creating statistics for overall
2024-03-22 11:53:32,809 INFO o.a.j.r.d.JsonExporter: Creating statistics for other transactions
2024-03-22 11:53:32,809 INFO o.a.j.r.d.JsonExporter: Checking output folder
2024-03-22 11:53:32,810 INFO o.a.j.r.d.JsonExporter: Writing statistics JSON to /report/report-PetStoreAPIScriptDynamicBuildNumber1.jmx-2024-03-22_114903/statistics.json
2024-03-22 11:53:32,925 INFO o.a.j.r.d.ReportGenerator: Exporting data using exporter:'html' of className:'org.apache.jmeter.report.dashboard.HtmlTemplateExporter'
2024-03-22 11:53:32,927 INFO o.a.j.r.d.HtmlTemplateExporter: Will generate dashboard in folder: /report/report-PetStoreAPIScriptDynamicBuildNumber1.jmx-2024-03-22_114903
2024-03-22 11:53:33,813 INFO o.a.j.r.d.HtmlTemplateExporter: Report will be generated in: /report/report-PetStoreAPIScriptDynamicBuildNumber1.jmx-2024-03-22_114903, creating folder structure
2024-03-22 11:53:33,815 INFO o.a.j.r.d.TemplateVisitor: Copying folder from '/opt/jmeter/apache-jmeter-5.4.1/bin/report-template' to '/report/report-PetStoreAPIScriptDynamicBuildNumber1.jmx-2024-03-22_114903', got message: /report/report-PetStoreAPIScriptDynamicBuildNumber1.jmx-2024-03-22_114903, found non empty folder with following content [/report/report-PetStoreAPIScriptDynamicBuildNumber1.jmx-2024-03-22_114903/statistics.json], will be ignored
2024-03-22 11:53:35,407 INFO o.a.j.JMeter: Dashboard generated
