2024-04-02 11:27:29,249 INFO o.a.j.u.JMeterUtils: Setting Locale to en_EN
2024-04-02 11:27:29,449 INFO o.a.j.JMeter: Loading user properties from: user.properties
2024-04-02 11:27:29,450 INFO o.a.j.JMeter: Loading system properties from: system.properties
2024-04-02 11:27:29,450 INFO o.a.j.JMeter: Setting System property: server.rmi.ssl.disable=true
2024-04-02 11:27:29,547 INFO o.a.j.JMeter: Copyright (c) 1998-2021 The Apache Software Foundation
2024-04-02 11:27:29,548 INFO o.a.j.JMeter: Version 5.4.1
2024-04-02 11:27:29,548 INFO o.a.j.JMeter: java.version=16.0.2
2024-04-02 11:27:29,548 INFO o.a.j.JMeter: java.vm.name=OpenJDK 64-Bit Server VM
2024-04-02 11:27:29,548 INFO o.a.j.JMeter: os.name=Linux
2024-04-02 11:27:29,548 INFO o.a.j.JMeter: os.arch=amd64
2024-04-02 11:27:29,548 INFO o.a.j.JMeter: os.version=5.19.0-1025-aws
2024-04-02 11:27:29,548 INFO o.a.j.JMeter: file.encoding=UTF-8
2024-04-02 11:27:29,549 INFO o.a.j.JMeter: java.awt.headless=null
2024-04-02 11:27:29,549 INFO o.a.j.JMeter: Max memory     =1073741824
2024-04-02 11:27:29,549 INFO o.a.j.JMeter: Available Processors =1
2024-04-02 11:27:29,560 INFO o.a.j.JMeter: Default Locale=English (EN)
2024-04-02 11:27:29,561 INFO o.a.j.JMeter: JMeter  Locale=English (EN)
2024-04-02 11:27:29,561 INFO o.a.j.JMeter: JMeterHome=/opt/jmeter/apache-jmeter-5.4.1
2024-04-02 11:27:29,561 INFO o.a.j.JMeter: user.dir  =/opt/jmeter/apache-jmeter-5.4.1/bin
2024-04-02 11:27:29,561 INFO o.a.j.JMeter: PWD       =/opt/jmeter/apache-jmeter-5.4.1/bin
2024-04-02 11:27:29,561 INFO o.a.j.JMeter: IP: 10.41.0.5 Name: jmeter-master04-02-16-56-02-84ttn FullName: jmeter-master04-02-16-56-02-84ttn
2024-04-02 11:27:29,565 INFO o.a.j.JMeter: Setting property 'jmeter.reportgenerator.outputdir' to:'/report/report-PetStoreAPIScriptDynamicBuildNumber1.jmx-2024-04-02_112622'
2024-04-02 11:27:29,649 INFO o.a.j.s.FileServer: Default base='/opt/jmeter/apache-jmeter-5.4.1/bin'
2024-04-02 11:27:29,650 INFO o.a.j.s.FileServer: Set new base='/opt/jmeter/apache-jmeter-5.4.1/bin'
2024-04-02 11:27:31,449 INFO o.a.j.s.SaveService: Testplan (JMX) version: 2.2. Testlog (JTL) version: 2.2
2024-04-02 11:27:31,653 INFO o.a.j.s.SaveService: Using SaveService properties version 5.0
2024-04-02 11:27:31,658 INFO o.a.j.s.SaveService: Using SaveService properties file encoding UTF-8
2024-04-02 11:27:31,750 INFO o.a.j.s.SaveService: Loading file: PetStoreAPIScriptDynamicBuildNumber1.jmx
2024-04-02 11:27:32,062 INFO o.a.j.p.h.c.CookieManager: Settings: Delete null: true Check: true Allow variable: true Save: false Prefix: COOKIE_
2024-04-02 11:27:32,249 INFO o.a.j.p.h.s.HTTPSamplerBase: Parser for text/html is org.apache.jmeter.protocol.http.parser.LagartoBasedHtmlParser
2024-04-02 11:27:32,249 INFO o.a.j.p.h.s.HTTPSamplerBase: Parser for application/xhtml+xml is org.apache.jmeter.protocol.http.parser.LagartoBasedHtmlParser
2024-04-02 11:27:32,249 INFO o.a.j.p.h.s.HTTPSamplerBase: Parser for application/xml is org.apache.jmeter.protocol.http.parser.LagartoBasedHtmlParser
2024-04-02 11:27:32,249 INFO o.a.j.p.h.s.HTTPSamplerBase: Parser for text/xml is org.apache.jmeter.protocol.http.parser.LagartoBasedHtmlParser
2024-04-02 11:27:32,249 INFO o.a.j.p.h.s.HTTPSamplerBase: Parser for text/vnd.wap.wml is org.apache.jmeter.protocol.http.parser.RegexpHTMLParser
2024-04-02 11:27:32,249 INFO o.a.j.p.h.s.HTTPSamplerBase: Parser for text/css is org.apache.jmeter.protocol.http.parser.CssParser
2024-04-02 11:27:32,654 INFO o.a.j.s.SampleResult: Note: Sample TimeStamps are START times
2024-04-02 11:27:32,654 INFO o.a.j.s.SampleResult: sampleresult.default.encoding is set to ISO-8859-1
2024-04-02 11:27:32,654 INFO o.a.j.s.SampleResult: sampleresult.useNanoTime=true
2024-04-02 11:27:32,655 INFO o.a.j.s.SampleResult: sampleresult.nanoThreadSleep=5000
2024-04-02 11:27:32,857 INFO o.a.j.JMeter: Creating summariser <summary>
2024-04-02 11:27:32,951 INFO o.a.j.r.d.ReportGenerator: ReportGenerator will use for Parsing the separator: ','
2024-04-02 11:27:32,951 INFO o.a.j.r.d.ReportGenerator: Will generate report at end of test from  results file: /report/PetStoreAPIScriptDynamicBuildNumber1.jmx_2024-04-02_112622.jtl
2024-04-02 11:27:32,951 INFO o.a.j.r.d.ReportGenerator: Reading report generator properties from: /opt/jmeter/apache-jmeter-5.4.1/bin/reportgenerator.properties
2024-04-02 11:27:32,952 INFO o.a.j.r.d.ReportGenerator: Merging with JMeter properties
2024-04-02 11:27:32,957 INFO o.a.j.r.c.ReportGeneratorConfiguration: Property 'jmeter.reportgenerator.temp_dir' not found, using default value 'temp' instead.
2024-04-02 11:27:33,050 INFO o.a.j.r.c.ReportGeneratorConfiguration: Property 'jmeter.reportgenerator.apdex_per_transaction' not found, using default value 'null' instead.
2024-04-02 11:27:33,051 INFO o.a.j.r.c.ReportGeneratorConfiguration: apdex_per_transaction is empty, not APDEX per transaction customization
2024-04-02 11:27:33,051 INFO o.a.j.r.c.ReportGeneratorConfiguration: Property 'jmeter.reportgenerator.sample_filter' not found, using default value 'null' instead.
2024-04-02 11:27:33,051 INFO o.a.j.r.c.ReportGeneratorConfiguration: Property 'jmeter.reportgenerator.report_title' not found, using default value 'null' instead.
2024-04-02 11:27:33,051 INFO o.a.j.r.c.ReportGeneratorConfiguration: Property 'jmeter.reportgenerator.start_date' not found, using default value 'null' instead.
2024-04-02 11:27:33,051 INFO o.a.j.r.c.ReportGeneratorConfiguration: Property 'jmeter.reportgenerator.end_date' not found, using default value 'null' instead.
2024-04-02 11:27:33,052 INFO o.a.j.r.c.ReportGeneratorConfiguration: Property 'jmeter.reportgenerator.date_format' not found, using default value 'null' instead.
2024-04-02 11:27:33,052 INFO o.a.j.r.c.ReportGeneratorConfiguration: Will use date range start date: null, end date: null
2024-04-02 11:27:33,150 INFO o.a.j.r.c.ReportGeneratorConfiguration: Property 'jmeter.reportgenerator.graph.totalTPS.exclude_controllers' not found, using default value 'false' instead.
2024-04-02 11:27:33,151 INFO o.a.j.r.c.ReportGeneratorConfiguration: Property 'jmeter.reportgenerator.graph.activeThreadsOverTime.exclude_controllers' not found, using default value 'false' instead.
2024-04-02 11:27:33,151 INFO o.a.j.r.c.ReportGeneratorConfiguration: Property 'jmeter.reportgenerator.graph.timeVsThreads.exclude_controllers' not found, using default value 'false' instead.
2024-04-02 11:27:33,151 INFO o.a.j.r.c.ReportGeneratorConfiguration: Property 'jmeter.reportgenerator.graph.responseTimeDistribution.exclude_controllers' not found, using default value 'false' instead.
2024-04-02 11:27:33,151 INFO o.a.j.r.c.ReportGeneratorConfiguration: Property 'jmeter.reportgenerator.graph.transactionsPerSecond.exclude_controllers' not found, using default value 'false' instead.
2024-04-02 11:27:33,152 INFO o.a.j.r.c.ReportGeneratorConfiguration: Property 'jmeter.reportgenerator.graph.responseTimePercentiles.exclude_controllers' not found, using default value 'false' instead.
2024-04-02 11:27:33,152 INFO o.a.j.r.c.ReportGeneratorConfiguration: Property 'jmeter.reportgenerator.graph.responseTimePercentilesOverTime.exclude_controllers' not found, using default value 'false' instead.
2024-04-02 11:27:33,152 INFO o.a.j.r.c.ReportGeneratorConfiguration: Property 'jmeter.reportgenerator.graph.responseTimesOverTime.exclude_controllers' not found, using default value 'false' instead.
2024-04-02 11:27:33,152 INFO o.a.j.r.c.ReportGeneratorConfiguration: Property 'jmeter.reportgenerator.graph.connectTimeOverTime.exclude_controllers' not found, using default value 'false' instead.
2024-04-02 11:27:33,152 INFO o.a.j.r.c.ReportGeneratorConfiguration: Property 'jmeter.reportgenerator.graph.latenciesOverTime.exclude_controllers' not found, using default value 'false' instead.
2024-04-02 11:27:33,153 INFO o.a.j.r.c.ReportGeneratorConfiguration: Property 'jmeter.reportgenerator.exporter.json.filters_only_sample_series' not found, using default value 'true' instead.
2024-04-02 11:27:33,154 INFO o.a.j.r.c.ReportGeneratorConfiguration: Property 'jmeter.reportgenerator.exporter.json.series_filter' not found, using default value '' instead.
2024-04-02 11:27:33,154 INFO o.a.j.r.c.ReportGeneratorConfiguration: Property 'jmeter.reportgenerator.exporter.json.show_controllers_only' not found, using default value 'false' instead.
2024-04-02 11:27:33,154 INFO o.a.j.r.c.ReportGeneratorConfiguration: Property 'jmeter.reportgenerator.exporter.html.filters_only_sample_series' not found, using default value 'true' instead.
2024-04-02 11:27:33,154 INFO o.a.j.r.c.ReportGeneratorConfiguration: Property 'jmeter.reportgenerator.exporter.html.series_filter' not found, using default value '' instead.
2024-04-02 11:27:33,154 INFO o.a.j.r.c.ReportGeneratorConfiguration: Property 'jmeter.reportgenerator.exporter.html.show_controllers_only' not found, using default value 'false' instead.
2024-04-02 11:27:33,158 INFO o.a.j.e.DistributedRunner: Configuring remote engine: 10.41.0.1
2024-04-02 11:27:33,248 INFO o.a.j.r.RmiUtils: Disabling SSL for RMI as server.rmi.ssl.disable is set to 'true'
2024-04-02 11:27:33,856 INFO o.a.j.e.DistributedRunner: Starting distributed test with remote engines: [10.41.0.1] @ Tue Apr 02 11:27:33 UTC 2024 (1712057253856)
2024-04-02 11:27:33,856 INFO o.a.j.e.ClientJMeterEngine: running clientengine run method
2024-04-02 11:27:33,950 INFO o.a.j.e.u.CompoundVariable: Note: Function class names must contain the string: '.functions.'
2024-04-02 11:27:33,951 INFO o.a.j.e.u.CompoundVariable: Note: Function class names must not contain the string: '.gui.'
2024-04-02 11:27:34,457 INFO o.a.j.r.RmiUtils: Disabling SSL for RMI as server.rmi.ssl.disable is set to 'true'
2024-04-02 11:27:34,457 INFO o.a.j.r.RmiUtils: Disabling SSL for RMI as server.rmi.ssl.disable is set to 'true'
2024-04-02 11:27:34,461 INFO o.a.j.s.SampleEvent: List of sample_variables: []
2024-04-02 11:27:34,553 INFO o.a.j.s.BatchSampleSender: Using batching (client settings) for this run. Thresholds: num=100, time=60000
2024-04-02 11:27:34,553 INFO o.a.j.s.DataStrippingSampleSender: Using DataStrippingSampleSender for this run
2024-04-02 11:27:34,554 INFO o.a.j.r.RmiUtils: Disabling SSL for RMI as server.rmi.ssl.disable is set to 'true'
2024-04-02 11:27:34,554 INFO o.a.j.r.RmiUtils: Disabling SSL for RMI as server.rmi.ssl.disable is set to 'true'
2024-04-02 11:27:40,058 INFO o.a.j.r.RmiUtils: Disabling SSL for RMI as server.rmi.ssl.disable is set to 'true'
2024-04-02 11:27:40,058 INFO o.a.j.r.RmiUtils: Disabling SSL for RMI as server.rmi.ssl.disable is set to 'true'
2024-04-02 11:27:40,059 INFO o.a.j.r.RmiUtils: Disabling SSL for RMI as server.rmi.ssl.disable is set to 'true'
2024-04-02 11:27:40,060 INFO o.a.j.r.RmiUtils: Disabling SSL for RMI as server.rmi.ssl.disable is set to 'true'
2024-04-02 11:27:40,060 INFO o.a.j.s.BatchSampleSender: Using batching (client settings) for this run. Thresholds: num=100, time=60000
2024-04-02 11:27:40,060 INFO o.a.j.s.DataStrippingSampleSender: Using DataStrippingSampleSender for this run
2024-04-02 11:27:40,060 INFO o.a.j.r.RmiUtils: Disabling SSL for RMI as server.rmi.ssl.disable is set to 'true'
2024-04-02 11:27:40,060 INFO o.a.j.r.RmiUtils: Disabling SSL for RMI as server.rmi.ssl.disable is set to 'true'
2024-04-02 11:27:40,060 INFO o.a.j.s.BatchSampleSender: Using batching (client settings) for this run. Thresholds: num=100, time=60000
2024-04-02 11:27:40,060 INFO o.a.j.s.DataStrippingSampleSender: Using DataStrippingSampleSender for this run
2024-04-02 11:27:40,061 INFO o.a.j.r.RmiUtils: Disabling SSL for RMI as server.rmi.ssl.disable is set to 'true'
2024-04-02 11:27:40,061 INFO o.a.j.r.RmiUtils: Disabling SSL for RMI as server.rmi.ssl.disable is set to 'true'
2024-04-02 11:27:40,061 INFO o.a.j.s.BatchSampleSender: Using batching (client settings) for this run. Thresholds: num=100, time=60000
2024-04-02 11:27:40,061 INFO o.a.j.s.DataStrippingSampleSender: Using DataStrippingSampleSender for this run
2024-04-02 11:27:40,061 INFO o.a.j.r.RmiUtils: Disabling SSL for RMI as server.rmi.ssl.disable is set to 'true'
2024-04-02 11:27:40,061 INFO o.a.j.r.RmiUtils: Disabling SSL for RMI as server.rmi.ssl.disable is set to 'true'
2024-04-02 11:27:40,061 INFO o.a.j.s.BatchSampleSender: Using batching (client settings) for this run. Thresholds: num=100, time=60000
2024-04-02 11:27:40,061 INFO o.a.j.s.DataStrippingSampleSender: Using DataStrippingSampleSender for this run
2024-04-02 11:27:40,061 INFO o.a.j.r.RmiUtils: Disabling SSL for RMI as server.rmi.ssl.disable is set to 'true'
2024-04-02 11:27:40,062 INFO o.a.j.r.RmiUtils: Disabling SSL for RMI as server.rmi.ssl.disable is set to 'true'
2024-04-02 11:27:40,062 INFO o.a.j.s.BatchSampleSender: Using batching (client settings) for this run. Thresholds: num=100, time=60000
2024-04-02 11:27:40,062 INFO o.a.j.s.DataStrippingSampleSender: Using DataStrippingSampleSender for this run
2024-04-02 11:27:41,150 INFO o.a.j.e.ClientJMeterEngine: sent test to 10.41.0.1 basedir='.'
2024-04-02 11:27:41,150 INFO o.a.j.e.ClientJMeterEngine: Sending properties {}
2024-04-02 11:27:41,154 INFO o.a.j.e.ClientJMeterEngine: sent run command to 10.41.0.1
2024-04-02 11:27:41,154 INFO o.a.j.e.DistributedRunner: Remote engines have been started:[10.41.0.1]
2024-04-02 11:27:41,876 INFO o.a.j.v.b.BackendListener: Backend Listener 1: Starting worker with class: class org.apache.jmeter.visualizers.backend.influxdb.InfluxdbBackendListenerClient and queue capacity: 5000
2024-04-02 11:27:41,878 INFO o.a.j.v.b.BackendListener: Backend Listener 1: Started  worker with class: class org.apache.jmeter.visualizers.backend.influxdb.InfluxdbBackendListenerClient
2024-04-02 11:27:43,851 INFO o.a.j.v.b.BackendListener: Backend Listener 2: Starting worker with class: class rocks.nt.apm.jmeter.JMeterInfluxDBBackendListenerClient and queue capacity: 5000
2024-04-02 11:27:43,947 INFO o.a.j.v.b.BackendListener: Backend Listener 2: Started  worker with class: class rocks.nt.apm.jmeter.JMeterInfluxDBBackendListenerClient
2024-04-02 11:27:45,153 INFO o.a.j.JMeter: Started remote host:  10.41.0.1 (1712057265152)
2024-04-02 11:28:00,457 INFO o.a.j.r.Summariser: summary +    314 in 00:00:15 =   20.5/s Avg:   373 Min:   190 Max:  5316 Err:    49 (15.61%) Active: 10 Started: 10 Finished: 0
2024-04-02 11:28:30,872 INFO o.a.j.r.Summariser: summary +   1479 in 00:00:30 =   48.6/s Avg:   204 Min:   190 Max:   274 Err:   225 (15.21%) Active: 10 Started: 10 Finished: 0
2024-04-02 11:28:30,873 INFO o.a.j.r.Summariser: summary =   1793 in 00:00:46 =   39.2/s Avg:   233 Min:   190 Max:  5316 Err:   274 (15.28%)
2024-04-02 11:29:00,647 INFO o.a.j.r.Summariser: summary +   1400 in 00:00:30 =   47.1/s Avg:   211 Min:   189 Max:  1420 Err:   183 (13.07%) Active: 10 Started: 10 Finished: 0
2024-04-02 11:29:00,648 INFO o.a.j.r.Summariser: summary =   3193 in 00:01:15 =   42.3/s Avg:   223 Min:   189 Max:  5316 Err:   457 (14.31%)
2024-04-02 11:29:30,805 INFO o.a.j.r.Summariser: summary +   1476 in 00:00:30 =   48.9/s Avg:   203 Min:   189 Max:   277 Err:   211 (14.30%) Active: 10 Started: 10 Finished: 0
2024-04-02 11:29:30,805 INFO o.a.j.r.Summariser: summary =   4669 in 00:01:46 =   44.2/s Avg:   217 Min:   189 Max:  5316 Err:   668 (14.31%)
2024-04-02 11:30:00,599 INFO o.a.j.r.Summariser: summary +   1401 in 00:00:30 =   47.0/s Avg:   210 Min:   189 Max:  1009 Err:   198 (14.13%) Active: 10 Started: 10 Finished: 0
2024-04-02 11:30:00,647 INFO o.a.j.r.Summariser: summary =   6070 in 00:02:15 =   44.8/s Avg:   215 Min:   189 Max:  5316 Err:   866 (14.27%)
2024-04-02 11:30:31,394 INFO o.a.j.r.Summariser: summary +   1477 in 00:00:31 =   48.0/s Avg:   207 Min:   191 Max:   283 Err:   191 (12.93%) Active: 10 Started: 10 Finished: 0
2024-04-02 11:30:31,394 INFO o.a.j.r.Summariser: summary =   7547 in 00:02:46 =   45.4/s Avg:   214 Min:   189 Max:  5316 Err:  1057 (14.01%)
2024-04-02 11:30:45,717 INFO o.a.j.v.b.BackendListener: Worker ended
2024-04-02 11:30:45,718 INFO o.a.j.v.b.i.InfluxdbBackendListenerClient: Sending last metrics to InfluxDB
2024-04-02 11:30:45,719 INFO o.a.j.v.b.i.HttpMetricsSender: Destroying 
2024-04-02 11:30:45,743 INFO o.a.j.v.b.BackendListener: Worker ended
2024-04-02 11:30:45,744 INFO r.n.a.j.JMeterInfluxDBBackendListenerClient: Shutting down influxDB scheduler...
2024-04-02 11:30:45,756 INFO r.n.a.j.JMeterInfluxDBBackendListenerClient: influxDB scheduler terminated!
2024-04-02 11:30:45,761 INFO o.a.j.r.Summariser: summary +    763 in 00:00:14 =   53.1/s Avg:   207 Min:   191 Max:   300 Err:   132 (17.30%) Active: 0 Started: 10 Finished: 10
2024-04-02 11:30:45,761 INFO o.a.j.r.Summariser: summary =   8310 in 00:03:01 =   46.0/s Avg:   213 Min:   189 Max:  5316 Err:  1189 (14.31%)
2024-04-02 11:30:45,762 INFO o.a.j.JMeter: Finished remote host: 10.41.0.1 (1712057445762)
2024-04-02 11:30:45,762 INFO o.a.j.JMeter: All remote engines have ended test, starting RemoteTestStopper thread
2024-04-02 11:30:45,764 INFO o.a.j.e.ClientJMeterEngine: about to exit remote server on 10.41.0.1
2024-04-02 11:30:51,061 INFO o.a.j.JMeter: Interrupting RMI Reaper
2024-04-02 11:30:51,061 INFO o.a.j.JMeter: Generating Dashboard
2024-04-02 11:30:51,061 INFO o.a.j.r.d.ReportGenerator: Flushing result collector before report Generation
2024-04-02 11:30:51,150 INFO o.a.j.r.p.NormalizerSampleConsumer: Using format, 'ms', to parse timeStamp field
2024-04-02 11:30:55,255 INFO o.a.j.r.p.AbstractSampleConsumer: class org.apache.jmeter.report.processor.AggregateConsumer#stopProducing(): beginDate produced 0 samples
2024-04-02 11:30:55,255 INFO o.a.j.r.p.AbstractSampleConsumer: class org.apache.jmeter.report.processor.AggregateConsumer#stopProducing(): endDate produced 0 samples
2024-04-02 11:30:55,257 INFO o.a.j.r.p.AbstractSampleConsumer: class org.apache.jmeter.report.processor.ApdexSummaryConsumer#stopProducing(): apdexSummary produced 0 samples
2024-04-02 11:30:55,257 INFO o.a.j.r.p.AbstractSampleConsumer: class org.apache.jmeter.report.processor.RequestsSummaryConsumer#stopProducing(): requestsSummary produced 0 samples
2024-04-02 11:30:55,259 INFO o.a.j.r.p.AbstractSampleConsumer: class org.apache.jmeter.report.processor.StatisticsSummaryConsumer#stopProducing(): statisticsSummary produced 0 samples
2024-04-02 11:30:55,264 INFO o.a.j.r.p.AbstractSampleConsumer: class org.apache.jmeter.report.processor.Top5ErrorsBySamplerConsumer#stopProducing(): top5ErrorsBySampler produced 0 samples
2024-04-02 11:30:55,264 INFO o.a.j.r.p.AbstractSampleConsumer: class org.apache.jmeter.report.processor.ErrorsSummaryConsumer#stopProducing(): errorsSummary produced 0 samples
2024-04-02 11:30:55,265 INFO o.a.j.r.p.AbstractSampleConsumer: class org.apache.jmeter.report.processor.graph.impl.HitsPerSecondGraphConsumer#stopProducing(): hitsPerSecond produced 0 samples
2024-04-02 11:30:56,159 INFO o.a.j.r.p.AbstractSampleConsumer: class org.apache.jmeter.report.processor.graph.impl.LatencyVSRequestGraphConsumer#stopProducing(): latencyVsRequest produced 0 samples
2024-04-02 11:30:56,160 INFO o.a.j.r.p.AbstractSampleConsumer: class org.apache.jmeter.report.processor.graph.impl.SyntheticResponseTimeDistributionGraphConsumer#stopProducing(): syntheticResponseTimeDistribution produced 0 samples
2024-04-02 11:30:56,160 INFO o.a.j.r.p.AbstractSampleConsumer: class org.apache.jmeter.report.processor.graph.impl.BytesThroughputGraphConsumer#stopProducing(): bytesThroughputOverTime produced 0 samples
2024-04-02 11:30:56,160 INFO o.a.j.r.p.AbstractSampleConsumer: class org.apache.jmeter.report.processor.graph.impl.CodesPerSecondGraphConsumer#stopProducing(): codesPerSecond produced 0 samples
2024-04-02 11:30:57,055 INFO o.a.j.r.p.AbstractSampleConsumer: class org.apache.jmeter.report.processor.graph.impl.ResponseTimeVSRequestGraphConsumer#stopProducing(): responseTimeVsRequest produced 0 samples
2024-04-02 11:30:57,056 INFO o.a.j.r.p.AbstractSampleConsumer: class org.apache.jmeter.report.processor.FilterConsumer#stopProducing(): startIntervalControlerFilter produced 58170 samples
2024-04-02 11:30:57,056 INFO o.a.j.r.p.AbstractSampleConsumer: class org.apache.jmeter.report.processor.graph.impl.TotalTPSGraphConsumer#stopProducing(): totalTPS produced 0 samples
2024-04-02 11:30:57,056 INFO o.a.j.r.p.AbstractSampleConsumer: class org.apache.jmeter.report.processor.graph.impl.ActiveThreadsGraphConsumer#stopProducing(): activeThreadsOverTime produced 0 samples
2024-04-02 11:30:57,056 INFO o.a.j.r.p.AbstractSampleConsumer: class org.apache.jmeter.report.processor.graph.impl.TimeVSThreadGraphConsumer#stopProducing(): timeVsThreads produced 0 samples
2024-04-02 11:30:57,057 INFO o.a.j.r.p.AbstractSampleConsumer: class org.apache.jmeter.report.processor.graph.impl.ResponseTimeDistributionGraphConsumer#stopProducing(): responseTimeDistribution produced 0 samples
2024-04-02 11:30:57,057 INFO o.a.j.r.p.AbstractSampleConsumer: class org.apache.jmeter.report.processor.graph.impl.TransactionsPerSecondGraphConsumer#stopProducing(): transactionsPerSecond produced 0 samples
2024-04-02 11:30:57,057 INFO o.a.j.r.p.AbstractSampleConsumer: class org.apache.jmeter.report.processor.graph.impl.ResponseTimePercentilesGraphConsumer#stopProducing(): responseTimePercentiles produced 0 samples
2024-04-02 11:30:57,149 INFO o.a.j.r.p.AbstractSampleConsumer: class org.apache.jmeter.report.processor.graph.impl.ResponseTimePercentilesOverTimeGraphConsumer#stopProducing(): responseTimePercentilesOverTime produced 0 samples
2024-04-02 11:30:57,150 INFO o.a.j.r.p.AbstractSampleConsumer: class org.apache.jmeter.report.processor.graph.impl.ResponseTimeOverTimeGraphConsumer#stopProducing(): responseTimesOverTime produced 0 samples
2024-04-02 11:30:57,150 INFO o.a.j.r.p.AbstractSampleConsumer: class org.apache.jmeter.report.processor.graph.impl.ConnectTimeOverTimeGraphConsumer#stopProducing(): connectTimeOverTime produced 0 samples
2024-04-02 11:30:57,151 INFO o.a.j.r.p.AbstractSampleConsumer: class org.apache.jmeter.report.processor.graph.impl.LatencyOverTimeGraphConsumer#stopProducing(): latenciesOverTime produced 0 samples
2024-04-02 11:30:57,151 INFO o.a.j.r.p.AbstractSampleConsumer: class org.apache.jmeter.report.processor.FilterConsumer#stopProducing(): nameFilter produced 160245 samples
2024-04-02 11:30:57,151 INFO o.a.j.r.p.AbstractSampleConsumer: class org.apache.jmeter.report.processor.FilterConsumer#stopProducing(): dateRangeFilter produced 32049 samples
2024-04-02 11:30:57,151 INFO o.a.j.r.p.AbstractSampleConsumer: class org.apache.jmeter.report.processor.NormalizerSampleConsumer#stopProducing(): normalizer produced 10683 samples
2024-04-02 11:30:57,151 INFO o.a.j.r.p.CsvFileSampleSource: produce(): 10683 samples produced in 5s 989 ms on channel 0
2024-04-02 11:30:57,151 INFO o.a.j.r.d.ReportGenerator: Exporting data using exporter:'json' of className:'org.apache.jmeter.report.dashboard.JsonExporter'
2024-04-02 11:30:57,949 INFO o.a.j.r.d.JsonExporter: Found data for consumer statisticsSummary in context
2024-04-02 11:30:57,950 INFO o.a.j.r.d.JsonExporter: Creating statistics for overall
2024-04-02 11:30:57,950 INFO o.a.j.r.d.JsonExporter: Creating statistics for other transactions
2024-04-02 11:30:57,951 INFO o.a.j.r.d.JsonExporter: Checking output folder
2024-04-02 11:30:57,951 INFO o.a.j.r.d.JsonExporter: Writing statistics JSON to /report/report-PetStoreAPIScriptDynamicBuildNumber1.jmx-2024-04-02_112622/statistics.json
2024-04-02 11:30:58,152 INFO o.a.j.r.d.ReportGenerator: Exporting data using exporter:'html' of className:'org.apache.jmeter.report.dashboard.HtmlTemplateExporter'
2024-04-02 11:30:58,154 INFO o.a.j.r.d.HtmlTemplateExporter: Will generate dashboard in folder: /report/report-PetStoreAPIScriptDynamicBuildNumber1.jmx-2024-04-02_112622
2024-04-02 11:30:58,966 INFO o.a.j.r.d.HtmlTemplateExporter: Report will be generated in: /report/report-PetStoreAPIScriptDynamicBuildNumber1.jmx-2024-04-02_112622, creating folder structure
2024-04-02 11:30:59,049 INFO o.a.j.r.d.TemplateVisitor: Copying folder from '/opt/jmeter/apache-jmeter-5.4.1/bin/report-template' to '/report/report-PetStoreAPIScriptDynamicBuildNumber1.jmx-2024-04-02_112622', got message: /report/report-PetStoreAPIScriptDynamicBuildNumber1.jmx-2024-04-02_112622, found non empty folder with following content [/report/report-PetStoreAPIScriptDynamicBuildNumber1.jmx-2024-04-02_112622/statistics.json], will be ignored
2024-04-02 11:31:00,848 INFO o.a.j.JMeter: Dashboard generated
