2024-04-01 06:35:24,997 INFO o.a.j.u.JMeterUtils: Setting Locale to en_EN
2024-04-01 06:35:25,196 INFO o.a.j.JMeter: Loading user properties from: user.properties
2024-04-01 06:35:25,196 INFO o.a.j.JMeter: Loading system properties from: system.properties
2024-04-01 06:35:25,197 INFO o.a.j.JMeter: Setting System property: server.rmi.ssl.disable=true
2024-04-01 06:35:25,293 INFO o.a.j.JMeter: Copyright (c) 1998-2021 The Apache Software Foundation
2024-04-01 06:35:25,293 INFO o.a.j.JMeter: Version 5.4.1
2024-04-01 06:35:25,294 INFO o.a.j.JMeter: java.version=16.0.2
2024-04-01 06:35:25,294 INFO o.a.j.JMeter: java.vm.name=OpenJDK 64-Bit Server VM
2024-04-01 06:35:25,294 INFO o.a.j.JMeter: os.name=Linux
2024-04-01 06:35:25,294 INFO o.a.j.JMeter: os.arch=amd64
2024-04-01 06:35:25,294 INFO o.a.j.JMeter: os.version=6.5.0-1016-aws
2024-04-01 06:35:25,294 INFO o.a.j.JMeter: file.encoding=UTF-8
2024-04-01 06:35:25,295 INFO o.a.j.JMeter: java.awt.headless=null
2024-04-01 06:35:25,295 INFO o.a.j.JMeter: Max memory     =1073741824
2024-04-01 06:35:25,295 INFO o.a.j.JMeter: Available Processors =1
2024-04-01 06:35:25,304 INFO o.a.j.JMeter: Default Locale=English (EN)
2024-04-01 06:35:25,305 INFO o.a.j.JMeter: JMeter  Locale=English (EN)
2024-04-01 06:35:25,305 INFO o.a.j.JMeter: JMeterHome=/opt/jmeter/apache-jmeter-5.4.1
2024-04-01 06:35:25,305 INFO o.a.j.JMeter: user.dir  =/opt/jmeter/apache-jmeter-5.4.1/bin
2024-04-01 06:35:25,305 INFO o.a.j.JMeter: PWD       =/opt/jmeter/apache-jmeter-5.4.1/bin
2024-04-01 06:35:25,306 INFO o.a.j.JMeter: IP: 10.35.0.12 Name: jmeter-master04-01-12-04-16-fjv27 FullName: jmeter-master04-01-12-04-16-fjv27
2024-04-01 06:35:25,397 INFO o.a.j.JMeter: Setting property 'jmeter.reportgenerator.outputdir' to:'/report/report-PetStoreAPIScriptDynamicBuildNumber1.jmx-2024-04-01_063423'
2024-04-01 06:35:25,403 INFO o.a.j.s.FileServer: Default base='/opt/jmeter/apache-jmeter-5.4.1/bin'
2024-04-01 06:35:25,404 INFO o.a.j.s.FileServer: Set new base='/opt/jmeter/apache-jmeter-5.4.1/bin'
2024-04-01 06:35:26,794 INFO o.a.j.s.SaveService: Testplan (JMX) version: 2.2. Testlog (JTL) version: 2.2
2024-04-01 06:35:26,993 INFO o.a.j.s.SaveService: Using SaveService properties version 5.0
2024-04-01 06:35:26,997 INFO o.a.j.s.SaveService: Using SaveService properties file encoding UTF-8
2024-04-01 06:35:27,001 INFO o.a.j.s.SaveService: Loading file: PetStoreAPIScriptDynamicBuildNumber1.jmx
2024-04-01 06:35:27,300 INFO o.a.j.p.h.c.CookieManager: Settings: Delete null: true Check: true Allow variable: true Save: false Prefix: COOKIE_
2024-04-01 06:35:27,403 INFO o.a.j.p.h.s.HTTPSamplerBase: Parser for text/html is org.apache.jmeter.protocol.http.parser.LagartoBasedHtmlParser
2024-04-01 06:35:27,403 INFO o.a.j.p.h.s.HTTPSamplerBase: Parser for application/xhtml+xml is org.apache.jmeter.protocol.http.parser.LagartoBasedHtmlParser
2024-04-01 06:35:27,403 INFO o.a.j.p.h.s.HTTPSamplerBase: Parser for application/xml is org.apache.jmeter.protocol.http.parser.LagartoBasedHtmlParser
2024-04-01 06:35:27,404 INFO o.a.j.p.h.s.HTTPSamplerBase: Parser for text/xml is org.apache.jmeter.protocol.http.parser.LagartoBasedHtmlParser
2024-04-01 06:35:27,404 INFO o.a.j.p.h.s.HTTPSamplerBase: Parser for text/vnd.wap.wml is org.apache.jmeter.protocol.http.parser.RegexpHTMLParser
2024-04-01 06:35:27,404 INFO o.a.j.p.h.s.HTTPSamplerBase: Parser for text/css is org.apache.jmeter.protocol.http.parser.CssParser
2024-04-01 06:35:27,795 INFO o.a.j.s.SampleResult: Note: Sample TimeStamps are START times
2024-04-01 06:35:27,796 INFO o.a.j.s.SampleResult: sampleresult.default.encoding is set to ISO-8859-1
2024-04-01 06:35:27,796 INFO o.a.j.s.SampleResult: sampleresult.useNanoTime=true
2024-04-01 06:35:27,796 INFO o.a.j.s.SampleResult: sampleresult.nanoThreadSleep=5000
2024-04-01 06:35:27,995 INFO o.a.j.JMeter: Creating summariser <summary>
2024-04-01 06:35:28,094 INFO o.a.j.r.d.ReportGenerator: ReportGenerator will use for Parsing the separator: ','
2024-04-01 06:35:28,095 INFO o.a.j.r.d.ReportGenerator: Will generate report at end of test from  results file: /report/PetStoreAPIScriptDynamicBuildNumber1.jmx_2024-04-01_063423.jtl
2024-04-01 06:35:28,095 INFO o.a.j.r.d.ReportGenerator: Reading report generator properties from: /opt/jmeter/apache-jmeter-5.4.1/bin/reportgenerator.properties
2024-04-01 06:35:28,097 INFO o.a.j.r.d.ReportGenerator: Merging with JMeter properties
2024-04-01 06:35:28,105 INFO o.a.j.r.c.ReportGeneratorConfiguration: Property 'jmeter.reportgenerator.temp_dir' not found, using default value 'temp' instead.
2024-04-01 06:35:28,108 INFO o.a.j.r.c.ReportGeneratorConfiguration: Property 'jmeter.reportgenerator.apdex_per_transaction' not found, using default value 'null' instead.
2024-04-01 06:35:28,108 INFO o.a.j.r.c.ReportGeneratorConfiguration: apdex_per_transaction is empty, not APDEX per transaction customization
2024-04-01 06:35:28,108 INFO o.a.j.r.c.ReportGeneratorConfiguration: Property 'jmeter.reportgenerator.sample_filter' not found, using default value 'null' instead.
2024-04-01 06:35:28,108 INFO o.a.j.r.c.ReportGeneratorConfiguration: Property 'jmeter.reportgenerator.report_title' not found, using default value 'null' instead.
2024-04-01 06:35:28,109 INFO o.a.j.r.c.ReportGeneratorConfiguration: Property 'jmeter.reportgenerator.start_date' not found, using default value 'null' instead.
2024-04-01 06:35:28,109 INFO o.a.j.r.c.ReportGeneratorConfiguration: Property 'jmeter.reportgenerator.end_date' not found, using default value 'null' instead.
2024-04-01 06:35:28,109 INFO o.a.j.r.c.ReportGeneratorConfiguration: Property 'jmeter.reportgenerator.date_format' not found, using default value 'null' instead.
2024-04-01 06:35:28,109 INFO o.a.j.r.c.ReportGeneratorConfiguration: Will use date range start date: null, end date: null
2024-04-01 06:35:28,198 INFO o.a.j.r.c.ReportGeneratorConfiguration: Property 'jmeter.reportgenerator.graph.totalTPS.exclude_controllers' not found, using default value 'false' instead.
2024-04-01 06:35:28,198 INFO o.a.j.r.c.ReportGeneratorConfiguration: Property 'jmeter.reportgenerator.graph.activeThreadsOverTime.exclude_controllers' not found, using default value 'false' instead.
2024-04-01 06:35:28,198 INFO o.a.j.r.c.ReportGeneratorConfiguration: Property 'jmeter.reportgenerator.graph.timeVsThreads.exclude_controllers' not found, using default value 'false' instead.
2024-04-01 06:35:28,198 INFO o.a.j.r.c.ReportGeneratorConfiguration: Property 'jmeter.reportgenerator.graph.responseTimeDistribution.exclude_controllers' not found, using default value 'false' instead.
2024-04-01 06:35:28,199 INFO o.a.j.r.c.ReportGeneratorConfiguration: Property 'jmeter.reportgenerator.graph.transactionsPerSecond.exclude_controllers' not found, using default value 'false' instead.
2024-04-01 06:35:28,199 INFO o.a.j.r.c.ReportGeneratorConfiguration: Property 'jmeter.reportgenerator.graph.responseTimePercentiles.exclude_controllers' not found, using default value 'false' instead.
2024-04-01 06:35:28,199 INFO o.a.j.r.c.ReportGeneratorConfiguration: Property 'jmeter.reportgenerator.graph.responseTimePercentilesOverTime.exclude_controllers' not found, using default value 'false' instead.
2024-04-01 06:35:28,199 INFO o.a.j.r.c.ReportGeneratorConfiguration: Property 'jmeter.reportgenerator.graph.responseTimesOverTime.exclude_controllers' not found, using default value 'false' instead.
2024-04-01 06:35:28,199 INFO o.a.j.r.c.ReportGeneratorConfiguration: Property 'jmeter.reportgenerator.graph.connectTimeOverTime.exclude_controllers' not found, using default value 'false' instead.
2024-04-01 06:35:28,200 INFO o.a.j.r.c.ReportGeneratorConfiguration: Property 'jmeter.reportgenerator.graph.latenciesOverTime.exclude_controllers' not found, using default value 'false' instead.
2024-04-01 06:35:28,201 INFO o.a.j.r.c.ReportGeneratorConfiguration: Property 'jmeter.reportgenerator.exporter.json.filters_only_sample_series' not found, using default value 'true' instead.
2024-04-01 06:35:28,201 INFO o.a.j.r.c.ReportGeneratorConfiguration: Property 'jmeter.reportgenerator.exporter.json.series_filter' not found, using default value '' instead.
2024-04-01 06:35:28,201 INFO o.a.j.r.c.ReportGeneratorConfiguration: Property 'jmeter.reportgenerator.exporter.json.show_controllers_only' not found, using default value 'false' instead.
2024-04-01 06:35:28,201 INFO o.a.j.r.c.ReportGeneratorConfiguration: Property 'jmeter.reportgenerator.exporter.html.filters_only_sample_series' not found, using default value 'true' instead.
2024-04-01 06:35:28,201 INFO o.a.j.r.c.ReportGeneratorConfiguration: Property 'jmeter.reportgenerator.exporter.html.series_filter' not found, using default value '' instead.
2024-04-01 06:35:28,292 INFO o.a.j.r.c.ReportGeneratorConfiguration: Property 'jmeter.reportgenerator.exporter.html.show_controllers_only' not found, using default value 'false' instead.
2024-04-01 06:35:28,295 INFO o.a.j.e.DistributedRunner: Configuring remote engine: 10.35.0.13
2024-04-01 06:35:28,297 INFO o.a.j.r.RmiUtils: Disabling SSL for RMI as server.rmi.ssl.disable is set to 'true'
2024-04-01 06:35:28,797 INFO o.a.j.e.DistributedRunner: Starting distributed test with remote engines: [10.35.0.13] @ Mon Apr 01 06:35:28 UTC 2024 (1711953328797)
2024-04-01 06:35:28,797 INFO o.a.j.e.ClientJMeterEngine: running clientengine run method
2024-04-01 06:35:28,802 INFO o.a.j.e.u.CompoundVariable: Note: Function class names must contain the string: '.functions.'
2024-04-01 06:35:28,802 INFO o.a.j.e.u.CompoundVariable: Note: Function class names must not contain the string: '.gui.'
2024-04-01 06:35:29,200 INFO o.a.j.r.RmiUtils: Disabling SSL for RMI as server.rmi.ssl.disable is set to 'true'
2024-04-01 06:35:29,200 INFO o.a.j.r.RmiUtils: Disabling SSL for RMI as server.rmi.ssl.disable is set to 'true'
2024-04-01 06:35:29,203 INFO o.a.j.s.SampleEvent: List of sample_variables: []
2024-04-01 06:35:29,296 INFO o.a.j.s.BatchSampleSender: Using batching (client settings) for this run. Thresholds: num=100, time=60000
2024-04-01 06:35:29,297 INFO o.a.j.s.DataStrippingSampleSender: Using DataStrippingSampleSender for this run
2024-04-01 06:35:29,298 INFO o.a.j.r.RmiUtils: Disabling SSL for RMI as server.rmi.ssl.disable is set to 'true'
2024-04-01 06:35:29,298 INFO o.a.j.r.RmiUtils: Disabling SSL for RMI as server.rmi.ssl.disable is set to 'true'
2024-04-01 06:35:32,909 INFO o.a.j.r.RmiUtils: Disabling SSL for RMI as server.rmi.ssl.disable is set to 'true'
2024-04-01 06:35:32,909 INFO o.a.j.r.RmiUtils: Disabling SSL for RMI as server.rmi.ssl.disable is set to 'true'
2024-04-01 06:35:32,909 INFO o.a.j.r.RmiUtils: Disabling SSL for RMI as server.rmi.ssl.disable is set to 'true'
2024-04-01 06:35:32,910 INFO o.a.j.r.RmiUtils: Disabling SSL for RMI as server.rmi.ssl.disable is set to 'true'
2024-04-01 06:35:32,910 INFO o.a.j.s.BatchSampleSender: Using batching (client settings) for this run. Thresholds: num=100, time=60000
2024-04-01 06:35:32,910 INFO o.a.j.s.DataStrippingSampleSender: Using DataStrippingSampleSender for this run
2024-04-01 06:35:32,910 INFO o.a.j.r.RmiUtils: Disabling SSL for RMI as server.rmi.ssl.disable is set to 'true'
2024-04-01 06:35:32,910 INFO o.a.j.r.RmiUtils: Disabling SSL for RMI as server.rmi.ssl.disable is set to 'true'
2024-04-01 06:35:32,910 INFO o.a.j.s.BatchSampleSender: Using batching (client settings) for this run. Thresholds: num=100, time=60000
2024-04-01 06:35:32,910 INFO o.a.j.s.DataStrippingSampleSender: Using DataStrippingSampleSender for this run
2024-04-01 06:35:32,910 INFO o.a.j.r.RmiUtils: Disabling SSL for RMI as server.rmi.ssl.disable is set to 'true'
2024-04-01 06:35:32,911 INFO o.a.j.r.RmiUtils: Disabling SSL for RMI as server.rmi.ssl.disable is set to 'true'
2024-04-01 06:35:32,911 INFO o.a.j.s.BatchSampleSender: Using batching (client settings) for this run. Thresholds: num=100, time=60000
2024-04-01 06:35:32,911 INFO o.a.j.s.DataStrippingSampleSender: Using DataStrippingSampleSender for this run
2024-04-01 06:35:32,911 INFO o.a.j.r.RmiUtils: Disabling SSL for RMI as server.rmi.ssl.disable is set to 'true'
2024-04-01 06:35:32,911 INFO o.a.j.r.RmiUtils: Disabling SSL for RMI as server.rmi.ssl.disable is set to 'true'
2024-04-01 06:35:32,911 INFO o.a.j.s.BatchSampleSender: Using batching (client settings) for this run. Thresholds: num=100, time=60000
2024-04-01 06:35:32,911 INFO o.a.j.s.DataStrippingSampleSender: Using DataStrippingSampleSender for this run
2024-04-01 06:35:32,911 INFO o.a.j.r.RmiUtils: Disabling SSL for RMI as server.rmi.ssl.disable is set to 'true'
2024-04-01 06:35:32,911 INFO o.a.j.r.RmiUtils: Disabling SSL for RMI as server.rmi.ssl.disable is set to 'true'
2024-04-01 06:35:32,912 INFO o.a.j.s.BatchSampleSender: Using batching (client settings) for this run. Thresholds: num=100, time=60000
2024-04-01 06:35:32,912 INFO o.a.j.s.DataStrippingSampleSender: Using DataStrippingSampleSender for this run
2024-04-01 06:35:33,815 INFO o.a.j.e.ClientJMeterEngine: sent test to 10.35.0.13 basedir='.'
2024-04-01 06:35:33,815 INFO o.a.j.e.ClientJMeterEngine: Sending properties {}
2024-04-01 06:35:33,821 INFO o.a.j.e.ClientJMeterEngine: sent run command to 10.35.0.13
2024-04-01 06:35:33,821 INFO o.a.j.e.DistributedRunner: Remote engines have been started:[10.35.0.13]
2024-04-01 06:35:34,694 INFO o.a.j.v.b.BackendListener: Backend Listener 1: Starting worker with class: class org.apache.jmeter.visualizers.backend.influxdb.InfluxdbBackendListenerClient and queue capacity: 5000
2024-04-01 06:35:34,696 INFO o.a.j.v.b.BackendListener: Backend Listener 1: Started  worker with class: class org.apache.jmeter.visualizers.backend.influxdb.InfluxdbBackendListenerClient
2024-04-01 06:35:36,399 INFO o.a.j.v.b.BackendListener: Backend Listener 2: Starting worker with class: class rocks.nt.apm.jmeter.JMeterInfluxDBBackendListenerClient and queue capacity: 5000
2024-04-01 06:35:36,400 INFO o.a.j.v.b.BackendListener: Backend Listener 2: Started  worker with class: class rocks.nt.apm.jmeter.JMeterInfluxDBBackendListenerClient
2024-04-01 06:35:37,502 INFO o.a.j.JMeter: Started remote host:  10.35.0.13 (1711953337502)
2024-04-01 06:36:00,894 INFO o.a.j.r.Summariser: summary +    781 in 00:00:23 =   33.4/s Avg:   257 Min:   188 Max:  4509 Err:    99 (12.68%) Active: 10 Started: 10 Finished: 0
2024-04-01 06:36:30,702 INFO o.a.j.r.Summariser: summary +   1478 in 00:00:30 =   49.6/s Avg:   201 Min:   188 Max:   272 Err:   211 (14.28%) Active: 10 Started: 10 Finished: 0
2024-04-01 06:36:30,782 INFO o.a.j.r.Summariser: summary =   2259 in 00:00:53 =   42.5/s Avg:   220 Min:   188 Max:  4509 Err:   310 (13.72%)
2024-04-01 06:37:00,191 INFO o.a.j.r.Summariser: summary +   1398 in 00:00:29 =   47.4/s Avg:   210 Min:   188 Max:  1125 Err:   189 (13.52%) Active: 10 Started: 10 Finished: 0
2024-04-01 06:37:00,191 INFO o.a.j.r.Summariser: summary =   3657 in 00:01:23 =   44.2/s Avg:   216 Min:   188 Max:  4509 Err:   499 (13.65%)
2024-04-01 06:37:30,917 INFO o.a.j.r.Summariser: summary +   1479 in 00:00:31 =   48.1/s Avg:   206 Min:   190 Max:   284 Err:   221 (14.94%) Active: 10 Started: 10 Finished: 0
2024-04-01 06:37:30,992 INFO o.a.j.r.Summariser: summary =   5136 in 00:01:53 =   45.3/s Avg:   213 Min:   188 Max:  4509 Err:   720 (14.02%)
2024-04-01 06:38:00,594 INFO o.a.j.r.Summariser: summary +   1401 in 00:00:30 =   47.2/s Avg:   211 Min:   190 Max:   977 Err:   207 (14.78%) Active: 10 Started: 10 Finished: 0
2024-04-01 06:38:00,594 INFO o.a.j.r.Summariser: summary =   6537 in 00:02:23 =   45.7/s Avg:   213 Min:   188 Max:  4509 Err:   927 (14.18%)
2024-04-01 06:38:31,296 INFO o.a.j.r.Summariser: summary +   1479 in 00:00:31 =   48.2/s Avg:   207 Min:   190 Max:   304 Err:   207 (14.00%) Active: 10 Started: 10 Finished: 0
2024-04-01 06:38:31,297 INFO o.a.j.r.Summariser: summary =   8016 in 00:02:54 =   46.1/s Avg:   212 Min:   188 Max:  4509 Err:  1134 (14.15%)
2024-04-01 06:38:38,017 INFO o.a.j.v.b.BackendListener: Worker ended
2024-04-01 06:38:38,018 INFO o.a.j.v.b.i.InfluxdbBackendListenerClient: Sending last metrics to InfluxDB
2024-04-01 06:38:38,020 INFO o.a.j.v.b.i.HttpMetricsSender: Destroying 
2024-04-01 06:38:38,029 INFO o.a.j.v.b.BackendListener: Worker ended
2024-04-01 06:38:38,029 INFO r.n.a.j.JMeterInfluxDBBackendListenerClient: Shutting down influxDB scheduler...
2024-04-01 06:38:38,096 INFO r.n.a.j.JMeterInfluxDBBackendListenerClient: influxDB scheduler terminated!
2024-04-01 06:38:38,098 INFO o.a.j.r.Summariser: summary +    396 in 00:00:07 =   58.2/s Avg:   206 Min:   190 Max:   221 Err:    35 (8.84%) Active: 0 Started: 10 Finished: 10
2024-04-01 06:38:38,098 INFO o.a.j.r.Summariser: summary =   8412 in 00:03:01 =   46.6/s Avg:   211 Min:   188 Max:  4509 Err:  1169 (13.90%)
2024-04-01 06:38:38,098 INFO o.a.j.JMeter: Finished remote host: 10.35.0.13 (1711953518098)
2024-04-01 06:38:38,099 INFO o.a.j.JMeter: All remote engines have ended test, starting RemoteTestStopper thread
2024-04-01 06:38:38,101 INFO o.a.j.e.ClientJMeterEngine: about to exit remote server on 10.35.0.13
2024-04-01 06:38:43,232 INFO o.a.j.JMeter: Interrupting RMI Reaper
2024-04-01 06:38:43,232 INFO o.a.j.JMeter: Generating Dashboard
2024-04-01 06:38:43,232 INFO o.a.j.r.d.ReportGenerator: Flushing result collector before report Generation
2024-04-01 06:38:43,702 INFO o.a.j.r.p.NormalizerSampleConsumer: Using format, 'ms', to parse timeStamp field
2024-04-01 06:38:47,698 INFO o.a.j.r.p.AbstractSampleConsumer: class org.apache.jmeter.report.processor.AggregateConsumer#stopProducing(): beginDate produced 0 samples
2024-04-01 06:38:47,699 INFO o.a.j.r.p.AbstractSampleConsumer: class org.apache.jmeter.report.processor.AggregateConsumer#stopProducing(): endDate produced 0 samples
2024-04-01 06:38:47,712 INFO o.a.j.r.p.AbstractSampleConsumer: class org.apache.jmeter.report.processor.ApdexSummaryConsumer#stopProducing(): apdexSummary produced 0 samples
2024-04-01 06:38:47,712 INFO o.a.j.r.p.AbstractSampleConsumer: class org.apache.jmeter.report.processor.RequestsSummaryConsumer#stopProducing(): requestsSummary produced 0 samples
2024-04-01 06:38:47,792 INFO o.a.j.r.p.AbstractSampleConsumer: class org.apache.jmeter.report.processor.StatisticsSummaryConsumer#stopProducing(): statisticsSummary produced 0 samples
2024-04-01 06:38:47,806 INFO o.a.j.r.p.AbstractSampleConsumer: class org.apache.jmeter.report.processor.Top5ErrorsBySamplerConsumer#stopProducing(): top5ErrorsBySampler produced 0 samples
2024-04-01 06:38:47,806 INFO o.a.j.r.p.AbstractSampleConsumer: class org.apache.jmeter.report.processor.ErrorsSummaryConsumer#stopProducing(): errorsSummary produced 0 samples
2024-04-01 06:38:47,806 INFO o.a.j.r.p.AbstractSampleConsumer: class org.apache.jmeter.report.processor.graph.impl.HitsPerSecondGraphConsumer#stopProducing(): hitsPerSecond produced 0 samples
2024-04-01 06:38:48,696 INFO o.a.j.r.p.AbstractSampleConsumer: class org.apache.jmeter.report.processor.graph.impl.LatencyVSRequestGraphConsumer#stopProducing(): latencyVsRequest produced 0 samples
2024-04-01 06:38:48,696 INFO o.a.j.r.p.AbstractSampleConsumer: class org.apache.jmeter.report.processor.graph.impl.SyntheticResponseTimeDistributionGraphConsumer#stopProducing(): syntheticResponseTimeDistribution produced 0 samples
2024-04-01 06:38:48,697 INFO o.a.j.r.p.AbstractSampleConsumer: class org.apache.jmeter.report.processor.graph.impl.BytesThroughputGraphConsumer#stopProducing(): bytesThroughputOverTime produced 0 samples
2024-04-01 06:38:48,697 INFO o.a.j.r.p.AbstractSampleConsumer: class org.apache.jmeter.report.processor.graph.impl.CodesPerSecondGraphConsumer#stopProducing(): codesPerSecond produced 0 samples
2024-04-01 06:38:49,494 INFO o.a.j.r.p.AbstractSampleConsumer: class org.apache.jmeter.report.processor.graph.impl.ResponseTimeVSRequestGraphConsumer#stopProducing(): responseTimeVsRequest produced 0 samples
2024-04-01 06:38:49,495 INFO o.a.j.r.p.AbstractSampleConsumer: class org.apache.jmeter.report.processor.FilterConsumer#stopProducing(): startIntervalControlerFilter produced 58884 samples
2024-04-01 06:38:49,495 INFO o.a.j.r.p.AbstractSampleConsumer: class org.apache.jmeter.report.processor.graph.impl.TotalTPSGraphConsumer#stopProducing(): totalTPS produced 0 samples
2024-04-01 06:38:49,495 INFO o.a.j.r.p.AbstractSampleConsumer: class org.apache.jmeter.report.processor.graph.impl.ActiveThreadsGraphConsumer#stopProducing(): activeThreadsOverTime produced 0 samples
2024-04-01 06:38:49,495 INFO o.a.j.r.p.AbstractSampleConsumer: class org.apache.jmeter.report.processor.graph.impl.TimeVSThreadGraphConsumer#stopProducing(): timeVsThreads produced 0 samples
2024-04-01 06:38:49,496 INFO o.a.j.r.p.AbstractSampleConsumer: class org.apache.jmeter.report.processor.graph.impl.ResponseTimeDistributionGraphConsumer#stopProducing(): responseTimeDistribution produced 0 samples
2024-04-01 06:38:49,496 INFO o.a.j.r.p.AbstractSampleConsumer: class org.apache.jmeter.report.processor.graph.impl.TransactionsPerSecondGraphConsumer#stopProducing(): transactionsPerSecond produced 0 samples
2024-04-01 06:38:49,496 INFO o.a.j.r.p.AbstractSampleConsumer: class org.apache.jmeter.report.processor.graph.impl.ResponseTimePercentilesGraphConsumer#stopProducing(): responseTimePercentiles produced 0 samples
2024-04-01 06:38:49,500 INFO o.a.j.r.p.AbstractSampleConsumer: class org.apache.jmeter.report.processor.graph.impl.ResponseTimePercentilesOverTimeGraphConsumer#stopProducing(): responseTimePercentilesOverTime produced 0 samples
2024-04-01 06:38:49,500 INFO o.a.j.r.p.AbstractSampleConsumer: class org.apache.jmeter.report.processor.graph.impl.ResponseTimeOverTimeGraphConsumer#stopProducing(): responseTimesOverTime produced 0 samples
2024-04-01 06:38:49,501 INFO o.a.j.r.p.AbstractSampleConsumer: class org.apache.jmeter.report.processor.graph.impl.ConnectTimeOverTimeGraphConsumer#stopProducing(): connectTimeOverTime produced 0 samples
2024-04-01 06:38:49,501 INFO o.a.j.r.p.AbstractSampleConsumer: class org.apache.jmeter.report.processor.graph.impl.LatencyOverTimeGraphConsumer#stopProducing(): latenciesOverTime produced 0 samples
2024-04-01 06:38:49,501 INFO o.a.j.r.p.AbstractSampleConsumer: class org.apache.jmeter.report.processor.FilterConsumer#stopProducing(): nameFilter produced 162225 samples
2024-04-01 06:38:49,501 INFO o.a.j.r.p.AbstractSampleConsumer: class org.apache.jmeter.report.processor.FilterConsumer#stopProducing(): dateRangeFilter produced 32445 samples
2024-04-01 06:38:49,501 INFO o.a.j.r.p.AbstractSampleConsumer: class org.apache.jmeter.report.processor.NormalizerSampleConsumer#stopProducing(): normalizer produced 10815 samples
2024-04-01 06:38:49,501 INFO o.a.j.r.p.CsvFileSampleSource: produce(): 10815 samples produced in 5s 701 ms on channel 0
2024-04-01 06:38:49,502 INFO o.a.j.r.d.ReportGenerator: Exporting data using exporter:'json' of className:'org.apache.jmeter.report.dashboard.JsonExporter'
2024-04-01 06:38:50,501 INFO o.a.j.r.d.JsonExporter: Found data for consumer statisticsSummary in context
2024-04-01 06:38:50,501 INFO o.a.j.r.d.JsonExporter: Creating statistics for overall
2024-04-01 06:38:50,501 INFO o.a.j.r.d.JsonExporter: Creating statistics for other transactions
2024-04-01 06:38:50,502 INFO o.a.j.r.d.JsonExporter: Checking output folder
2024-04-01 06:38:50,503 INFO o.a.j.r.d.JsonExporter: Writing statistics JSON to /report/report-PetStoreAPIScriptDynamicBuildNumber1.jmx-2024-04-01_063423/statistics.json
2024-04-01 06:38:50,698 INFO o.a.j.r.d.ReportGenerator: Exporting data using exporter:'html' of className:'org.apache.jmeter.report.dashboard.HtmlTemplateExporter'
2024-04-01 06:38:50,700 INFO o.a.j.r.d.HtmlTemplateExporter: Will generate dashboard in folder: /report/report-PetStoreAPIScriptDynamicBuildNumber1.jmx-2024-04-01_063423
2024-04-01 06:38:51,603 INFO o.a.j.r.d.HtmlTemplateExporter: Report will be generated in: /report/report-PetStoreAPIScriptDynamicBuildNumber1.jmx-2024-04-01_063423, creating folder structure
2024-04-01 06:38:51,606 INFO o.a.j.r.d.TemplateVisitor: Copying folder from '/opt/jmeter/apache-jmeter-5.4.1/bin/report-template' to '/report/report-PetStoreAPIScriptDynamicBuildNumber1.jmx-2024-04-01_063423', got message: /report/report-PetStoreAPIScriptDynamicBuildNumber1.jmx-2024-04-01_063423, found non empty folder with following content [/report/report-PetStoreAPIScriptDynamicBuildNumber1.jmx-2024-04-01_063423/statistics.json], will be ignored
2024-04-01 06:38:53,494 INFO o.a.j.JMeter: Dashboard generated
