2024-03-26 11:58:42,504 INFO o.a.j.u.JMeterUtils: Setting Locale to en_EN
2024-03-26 11:58:42,704 INFO o.a.j.JMeter: Loading user properties from: user.properties
2024-03-26 11:58:42,704 INFO o.a.j.JMeter: Loading system properties from: system.properties
2024-03-26 11:58:42,705 INFO o.a.j.JMeter: Setting System property: server.rmi.ssl.disable=true
2024-03-26 11:58:42,711 INFO o.a.j.JMeter: Copyright (c) 1998-2021 The Apache Software Foundation
2024-03-26 11:58:42,711 INFO o.a.j.JMeter: Version 5.4.1
2024-03-26 11:58:42,711 INFO o.a.j.JMeter: java.version=16.0.2
2024-03-26 11:58:42,711 INFO o.a.j.JMeter: java.vm.name=OpenJDK 64-Bit Server VM
2024-03-26 11:58:42,711 INFO o.a.j.JMeter: os.name=Linux
2024-03-26 11:58:42,712 INFO o.a.j.JMeter: os.arch=amd64
2024-03-26 11:58:42,712 INFO o.a.j.JMeter: os.version=6.5.0-1015-aws
2024-03-26 11:58:42,712 INFO o.a.j.JMeter: file.encoding=UTF-8
2024-03-26 11:58:42,712 INFO o.a.j.JMeter: java.awt.headless=null
2024-03-26 11:58:42,712 INFO o.a.j.JMeter: Max memory     =1073741824
2024-03-26 11:58:42,712 INFO o.a.j.JMeter: Available Processors =1
2024-03-26 11:58:42,811 INFO o.a.j.JMeter: Default Locale=English (EN)
2024-03-26 11:58:42,812 INFO o.a.j.JMeter: JMeter  Locale=English (EN)
2024-03-26 11:58:42,812 INFO o.a.j.JMeter: JMeterHome=/opt/jmeter/apache-jmeter-5.4.1
2024-03-26 11:58:42,812 INFO o.a.j.JMeter: user.dir  =/opt/jmeter/apache-jmeter-5.4.1/bin
2024-03-26 11:58:42,812 INFO o.a.j.JMeter: PWD       =/opt/jmeter/apache-jmeter-5.4.1/bin
2024-03-26 11:58:42,813 INFO o.a.j.JMeter: IP: 10.35.0.12 Name: jmeter-master03-26-17-27-26-cldtl FullName: jmeter-master03-26-17-27-26-cldtl
2024-03-26 11:58:42,903 INFO o.a.j.JMeter: Setting property 'jmeter.reportgenerator.outputdir' to:'/report/report-PetStoreAPIScriptDynamicBuildNumber1.jmx-2024-03-26_115735'
2024-03-26 11:58:42,906 INFO o.a.j.s.FileServer: Default base='/opt/jmeter/apache-jmeter-5.4.1/bin'
2024-03-26 11:58:42,907 INFO o.a.j.s.FileServer: Set new base='/opt/jmeter/apache-jmeter-5.4.1/bin'
2024-03-26 11:58:44,603 INFO o.a.j.s.SaveService: Testplan (JMX) version: 2.2. Testlog (JTL) version: 2.2
2024-03-26 11:58:44,804 INFO o.a.j.s.SaveService: Using SaveService properties version 5.0
2024-03-26 11:58:44,808 INFO o.a.j.s.SaveService: Using SaveService properties file encoding UTF-8
2024-03-26 11:58:44,903 INFO o.a.j.s.SaveService: Loading file: PetStoreAPIScriptDynamicBuildNumber1.jmx
2024-03-26 11:58:45,205 INFO o.a.j.p.h.c.CookieManager: Settings: Delete null: true Check: true Allow variable: true Save: false Prefix: COOKIE_
2024-03-26 11:58:45,304 INFO o.a.j.p.h.s.HTTPSamplerBase: Parser for text/html is org.apache.jmeter.protocol.http.parser.LagartoBasedHtmlParser
2024-03-26 11:58:45,304 INFO o.a.j.p.h.s.HTTPSamplerBase: Parser for application/xhtml+xml is org.apache.jmeter.protocol.http.parser.LagartoBasedHtmlParser
2024-03-26 11:58:45,304 INFO o.a.j.p.h.s.HTTPSamplerBase: Parser for application/xml is org.apache.jmeter.protocol.http.parser.LagartoBasedHtmlParser
2024-03-26 11:58:45,305 INFO o.a.j.p.h.s.HTTPSamplerBase: Parser for text/xml is org.apache.jmeter.protocol.http.parser.LagartoBasedHtmlParser
2024-03-26 11:58:45,305 INFO o.a.j.p.h.s.HTTPSamplerBase: Parser for text/vnd.wap.wml is org.apache.jmeter.protocol.http.parser.RegexpHTMLParser
2024-03-26 11:58:45,305 INFO o.a.j.p.h.s.HTTPSamplerBase: Parser for text/css is org.apache.jmeter.protocol.http.parser.CssParser
2024-03-26 11:58:45,612 INFO o.a.j.s.SampleResult: Note: Sample TimeStamps are START times
2024-03-26 11:58:45,612 INFO o.a.j.s.SampleResult: sampleresult.default.encoding is set to ISO-8859-1
2024-03-26 11:58:45,612 INFO o.a.j.s.SampleResult: sampleresult.useNanoTime=true
2024-03-26 11:58:45,612 INFO o.a.j.s.SampleResult: sampleresult.nanoThreadSleep=5000
2024-03-26 11:58:45,807 INFO o.a.j.JMeter: Creating summariser <summary>
2024-03-26 11:58:45,812 INFO o.a.j.r.d.ReportGenerator: ReportGenerator will use for Parsing the separator: ','
2024-03-26 11:58:45,881 INFO o.a.j.r.d.ReportGenerator: Will generate report at end of test from  results file: /report/PetStoreAPIScriptDynamicBuildNumber1.jmx_2024-03-26_115735.jtl
2024-03-26 11:58:45,881 INFO o.a.j.r.d.ReportGenerator: Reading report generator properties from: /opt/jmeter/apache-jmeter-5.4.1/bin/reportgenerator.properties
2024-03-26 11:58:45,882 INFO o.a.j.r.d.ReportGenerator: Merging with JMeter properties
2024-03-26 11:58:45,903 INFO o.a.j.r.c.ReportGeneratorConfiguration: Property 'jmeter.reportgenerator.temp_dir' not found, using default value 'temp' instead.
2024-03-26 11:58:45,907 INFO o.a.j.r.c.ReportGeneratorConfiguration: Property 'jmeter.reportgenerator.apdex_per_transaction' not found, using default value 'null' instead.
2024-03-26 11:58:45,907 INFO o.a.j.r.c.ReportGeneratorConfiguration: apdex_per_transaction is empty, not APDEX per transaction customization
2024-03-26 11:58:45,907 INFO o.a.j.r.c.ReportGeneratorConfiguration: Property 'jmeter.reportgenerator.sample_filter' not found, using default value 'null' instead.
2024-03-26 11:58:45,907 INFO o.a.j.r.c.ReportGeneratorConfiguration: Property 'jmeter.reportgenerator.report_title' not found, using default value 'null' instead.
2024-03-26 11:58:45,907 INFO o.a.j.r.c.ReportGeneratorConfiguration: Property 'jmeter.reportgenerator.start_date' not found, using default value 'null' instead.
2024-03-26 11:58:45,907 INFO o.a.j.r.c.ReportGeneratorConfiguration: Property 'jmeter.reportgenerator.end_date' not found, using default value 'null' instead.
2024-03-26 11:58:45,907 INFO o.a.j.r.c.ReportGeneratorConfiguration: Property 'jmeter.reportgenerator.date_format' not found, using default value 'null' instead.
2024-03-26 11:58:45,908 INFO o.a.j.r.c.ReportGeneratorConfiguration: Will use date range start date: null, end date: null
2024-03-26 11:58:45,983 INFO o.a.j.r.c.ReportGeneratorConfiguration: Property 'jmeter.reportgenerator.graph.totalTPS.exclude_controllers' not found, using default value 'false' instead.
2024-03-26 11:58:45,984 INFO o.a.j.r.c.ReportGeneratorConfiguration: Property 'jmeter.reportgenerator.graph.activeThreadsOverTime.exclude_controllers' not found, using default value 'false' instead.
2024-03-26 11:58:45,984 INFO o.a.j.r.c.ReportGeneratorConfiguration: Property 'jmeter.reportgenerator.graph.timeVsThreads.exclude_controllers' not found, using default value 'false' instead.
2024-03-26 11:58:45,984 INFO o.a.j.r.c.ReportGeneratorConfiguration: Property 'jmeter.reportgenerator.graph.responseTimeDistribution.exclude_controllers' not found, using default value 'false' instead.
2024-03-26 11:58:45,984 INFO o.a.j.r.c.ReportGeneratorConfiguration: Property 'jmeter.reportgenerator.graph.transactionsPerSecond.exclude_controllers' not found, using default value 'false' instead.
2024-03-26 11:58:45,985 INFO o.a.j.r.c.ReportGeneratorConfiguration: Property 'jmeter.reportgenerator.graph.responseTimePercentiles.exclude_controllers' not found, using default value 'false' instead.
2024-03-26 11:58:45,985 INFO o.a.j.r.c.ReportGeneratorConfiguration: Property 'jmeter.reportgenerator.graph.responseTimePercentilesOverTime.exclude_controllers' not found, using default value 'false' instead.
2024-03-26 11:58:46,001 INFO o.a.j.r.c.ReportGeneratorConfiguration: Property 'jmeter.reportgenerator.graph.responseTimesOverTime.exclude_controllers' not found, using default value 'false' instead.
2024-03-26 11:58:46,001 INFO o.a.j.r.c.ReportGeneratorConfiguration: Property 'jmeter.reportgenerator.graph.connectTimeOverTime.exclude_controllers' not found, using default value 'false' instead.
2024-03-26 11:58:46,002 INFO o.a.j.r.c.ReportGeneratorConfiguration: Property 'jmeter.reportgenerator.graph.latenciesOverTime.exclude_controllers' not found, using default value 'false' instead.
2024-03-26 11:58:46,003 INFO o.a.j.r.c.ReportGeneratorConfiguration: Property 'jmeter.reportgenerator.exporter.json.filters_only_sample_series' not found, using default value 'true' instead.
2024-03-26 11:58:46,003 INFO o.a.j.r.c.ReportGeneratorConfiguration: Property 'jmeter.reportgenerator.exporter.json.series_filter' not found, using default value '' instead.
2024-03-26 11:58:46,003 INFO o.a.j.r.c.ReportGeneratorConfiguration: Property 'jmeter.reportgenerator.exporter.json.show_controllers_only' not found, using default value 'false' instead.
2024-03-26 11:58:46,004 INFO o.a.j.r.c.ReportGeneratorConfiguration: Property 'jmeter.reportgenerator.exporter.html.filters_only_sample_series' not found, using default value 'true' instead.
2024-03-26 11:58:46,004 INFO o.a.j.r.c.ReportGeneratorConfiguration: Property 'jmeter.reportgenerator.exporter.html.series_filter' not found, using default value '' instead.
2024-03-26 11:58:46,004 INFO o.a.j.r.c.ReportGeneratorConfiguration: Property 'jmeter.reportgenerator.exporter.html.show_controllers_only' not found, using default value 'false' instead.
2024-03-26 11:58:46,007 INFO o.a.j.e.DistributedRunner: Configuring remote engine: 10.35.0.13
2024-03-26 11:58:46,009 INFO o.a.j.r.RmiUtils: Disabling SSL for RMI as server.rmi.ssl.disable is set to 'true'
2024-03-26 11:58:46,505 INFO o.a.j.e.DistributedRunner: Starting distributed test with remote engines: [10.35.0.13] @ Tue Mar 26 11:58:46 UTC 2024 (1711454326504)
2024-03-26 11:58:46,505 INFO o.a.j.e.ClientJMeterEngine: running clientengine run method
2024-03-26 11:58:46,510 INFO o.a.j.e.u.CompoundVariable: Note: Function class names must contain the string: '.functions.'
2024-03-26 11:58:46,510 INFO o.a.j.e.u.CompoundVariable: Note: Function class names must not contain the string: '.gui.'
2024-03-26 11:58:46,910 INFO o.a.j.r.RmiUtils: Disabling SSL for RMI as server.rmi.ssl.disable is set to 'true'
2024-03-26 11:58:46,910 INFO o.a.j.r.RmiUtils: Disabling SSL for RMI as server.rmi.ssl.disable is set to 'true'
2024-03-26 11:58:46,913 INFO o.a.j.s.SampleEvent: List of sample_variables: []
2024-03-26 11:58:47,007 INFO o.a.j.s.BatchSampleSender: Using batching (client settings) for this run. Thresholds: num=100, time=60000
2024-03-26 11:58:47,007 INFO o.a.j.s.DataStrippingSampleSender: Using DataStrippingSampleSender for this run
2024-03-26 11:58:47,008 INFO o.a.j.r.RmiUtils: Disabling SSL for RMI as server.rmi.ssl.disable is set to 'true'
2024-03-26 11:58:47,008 INFO o.a.j.r.RmiUtils: Disabling SSL for RMI as server.rmi.ssl.disable is set to 'true'
2024-03-26 11:58:51,412 INFO o.a.j.r.RmiUtils: Disabling SSL for RMI as server.rmi.ssl.disable is set to 'true'
2024-03-26 11:58:51,413 INFO o.a.j.r.RmiUtils: Disabling SSL for RMI as server.rmi.ssl.disable is set to 'true'
2024-03-26 11:58:51,414 INFO o.a.j.r.RmiUtils: Disabling SSL for RMI as server.rmi.ssl.disable is set to 'true'
2024-03-26 11:58:51,414 INFO o.a.j.r.RmiUtils: Disabling SSL for RMI as server.rmi.ssl.disable is set to 'true'
2024-03-26 11:58:51,414 INFO o.a.j.s.BatchSampleSender: Using batching (client settings) for this run. Thresholds: num=100, time=60000
2024-03-26 11:58:51,414 INFO o.a.j.s.DataStrippingSampleSender: Using DataStrippingSampleSender for this run
2024-03-26 11:58:51,414 INFO o.a.j.r.RmiUtils: Disabling SSL for RMI as server.rmi.ssl.disable is set to 'true'
2024-03-26 11:58:51,414 INFO o.a.j.r.RmiUtils: Disabling SSL for RMI as server.rmi.ssl.disable is set to 'true'
2024-03-26 11:58:51,415 INFO o.a.j.s.BatchSampleSender: Using batching (client settings) for this run. Thresholds: num=100, time=60000
2024-03-26 11:58:51,415 INFO o.a.j.s.DataStrippingSampleSender: Using DataStrippingSampleSender for this run
2024-03-26 11:58:51,415 INFO o.a.j.r.RmiUtils: Disabling SSL for RMI as server.rmi.ssl.disable is set to 'true'
2024-03-26 11:58:51,415 INFO o.a.j.r.RmiUtils: Disabling SSL for RMI as server.rmi.ssl.disable is set to 'true'
2024-03-26 11:58:51,415 INFO o.a.j.s.BatchSampleSender: Using batching (client settings) for this run. Thresholds: num=100, time=60000
2024-03-26 11:58:51,415 INFO o.a.j.s.DataStrippingSampleSender: Using DataStrippingSampleSender for this run
2024-03-26 11:58:51,415 INFO o.a.j.r.RmiUtils: Disabling SSL for RMI as server.rmi.ssl.disable is set to 'true'
2024-03-26 11:58:51,416 INFO o.a.j.r.RmiUtils: Disabling SSL for RMI as server.rmi.ssl.disable is set to 'true'
2024-03-26 11:58:51,416 INFO o.a.j.s.BatchSampleSender: Using batching (client settings) for this run. Thresholds: num=100, time=60000
2024-03-26 11:58:51,416 INFO o.a.j.s.DataStrippingSampleSender: Using DataStrippingSampleSender for this run
2024-03-26 11:58:51,416 INFO o.a.j.r.RmiUtils: Disabling SSL for RMI as server.rmi.ssl.disable is set to 'true'
2024-03-26 11:58:51,416 INFO o.a.j.r.RmiUtils: Disabling SSL for RMI as server.rmi.ssl.disable is set to 'true'
2024-03-26 11:58:51,416 INFO o.a.j.s.BatchSampleSender: Using batching (client settings) for this run. Thresholds: num=100, time=60000
2024-03-26 11:58:51,416 INFO o.a.j.s.DataStrippingSampleSender: Using DataStrippingSampleSender for this run
2024-03-26 11:58:52,412 INFO o.a.j.e.ClientJMeterEngine: sent test to 10.35.0.13 basedir='.'
2024-03-26 11:58:52,413 INFO o.a.j.e.ClientJMeterEngine: Sending properties {}
2024-03-26 11:58:52,417 INFO o.a.j.e.ClientJMeterEngine: sent run command to 10.35.0.13
2024-03-26 11:58:52,417 INFO o.a.j.e.DistributedRunner: Remote engines have been started:[10.35.0.13]
2024-03-26 11:58:53,103 INFO o.a.j.v.b.BackendListener: Backend Listener 1: Starting worker with class: class org.apache.jmeter.visualizers.backend.influxdb.InfluxdbBackendListenerClient and queue capacity: 5000
2024-03-26 11:58:53,104 INFO o.a.j.v.b.BackendListener: Backend Listener 1: Started  worker with class: class org.apache.jmeter.visualizers.backend.influxdb.InfluxdbBackendListenerClient
2024-03-26 11:58:54,909 INFO o.a.j.v.b.BackendListener: Backend Listener 2: Starting worker with class: class rocks.nt.apm.jmeter.JMeterInfluxDBBackendListenerClient and queue capacity: 5000
2024-03-26 11:58:54,911 INFO o.a.j.v.b.BackendListener: Backend Listener 2: Started  worker with class: class rocks.nt.apm.jmeter.JMeterInfluxDBBackendListenerClient
2024-03-26 11:58:55,913 INFO o.a.j.JMeter: Started remote host:  10.35.0.13 (1711454335913)
2024-03-26 11:59:02,001 INFO o.a.j.r.Summariser: summary +      1 in 00:00:06 =    0.2/s Avg:  4927 Min:  4927 Max:  4927 Err:     0 (0.00%) Active: 10 Started: 10 Finished: 0
2024-03-26 11:59:30,380 INFO o.a.j.r.Summariser: summary +   1246 in 00:00:28 =   43.8/s Avg:   243 Min:   192 Max:  5096 Err:   177 (14.21%) Active: 10 Started: 10 Finished: 0
2024-03-26 11:59:30,381 INFO o.a.j.r.Summariser: summary =   1247 in 00:00:34 =   36.2/s Avg:   246 Min:   192 Max:  5096 Err:   177 (14.19%)
2024-03-26 12:00:00,709 INFO o.a.j.r.Summariser: summary +   1400 in 00:00:30 =   46.2/s Avg:   214 Min:   190 Max:  1308 Err:   193 (13.79%) Active: 10 Started: 10 Finished: 0
2024-03-26 12:00:00,780 INFO o.a.j.r.Summariser: summary =   2647 in 00:01:05 =   40.9/s Avg:   229 Min:   190 Max:  5096 Err:   370 (13.98%)
2024-03-26 12:00:31,488 INFO o.a.j.r.Summariser: summary +   1479 in 00:00:31 =   48.1/s Avg:   207 Min:   189 Max:   279 Err:   199 (13.46%) Active: 10 Started: 10 Finished: 0
2024-03-26 12:00:31,488 INFO o.a.j.r.Summariser: summary =   4126 in 00:01:36 =   43.2/s Avg:   221 Min:   189 Max:  5096 Err:   569 (13.79%)
2024-03-26 12:01:01,479 INFO o.a.j.r.Summariser: summary +   1400 in 00:00:30 =   46.7/s Avg:   213 Min:   189 Max:  1186 Err:   178 (12.71%) Active: 10 Started: 10 Finished: 0
2024-03-26 12:01:01,479 INFO o.a.j.r.Summariser: summary =   5526 in 00:02:06 =   44.0/s Avg:   219 Min:   189 Max:  5096 Err:   747 (13.52%)
2024-03-26 12:01:30,010 INFO o.a.j.r.Summariser: summary +   1400 in 00:00:29 =   49.1/s Avg:   203 Min:   190 Max:   277 Err:   205 (14.64%) Active: 10 Started: 10 Finished: 0
2024-03-26 12:01:30,010 INFO o.a.j.r.Summariser: summary =   6926 in 00:02:34 =   44.9/s Avg:   216 Min:   189 Max:  5096 Err:   952 (13.75%)
2024-03-26 12:01:56,506 INFO o.a.j.v.b.BackendListener: Worker ended
2024-03-26 12:01:56,508 INFO o.a.j.v.b.i.InfluxdbBackendListenerClient: Sending last metrics to InfluxDB
2024-03-26 12:01:56,509 INFO o.a.j.v.b.i.HttpMetricsSender: Destroying 
2024-03-26 12:01:56,580 INFO o.a.j.v.b.BackendListener: Worker ended
2024-03-26 12:01:56,581 INFO r.n.a.j.JMeterInfluxDBBackendListenerClient: Shutting down influxDB scheduler...
2024-03-26 12:01:56,586 INFO r.n.a.j.JMeterInfluxDBBackendListenerClient: influxDB scheduler terminated!
2024-03-26 12:01:56,604 INFO o.a.j.r.Summariser: summary +   1370 in 00:00:27 =   51.5/s Avg:   203 Min:   190 Max:   454 Err:   220 (16.06%) Active: 0 Started: 10 Finished: 10
2024-03-26 12:01:56,604 INFO o.a.j.r.Summariser: summary =   8296 in 00:03:01 =   45.9/s Avg:   214 Min:   189 Max:  5096 Err:  1172 (14.13%)
2024-03-26 12:01:56,605 INFO o.a.j.JMeter: Finished remote host: 10.35.0.13 (1711454516604)
2024-03-26 12:01:56,605 INFO o.a.j.JMeter: All remote engines have ended test, starting RemoteTestStopper thread
2024-03-26 12:01:56,607 INFO o.a.j.e.ClientJMeterEngine: about to exit remote server on 10.35.0.13
2024-03-26 12:02:01,823 INFO o.a.j.JMeter: Interrupting RMI Reaper
2024-03-26 12:02:01,823 INFO o.a.j.JMeter: Generating Dashboard
2024-03-26 12:02:01,823 INFO o.a.j.r.d.ReportGenerator: Flushing result collector before report Generation
2024-03-26 12:02:02,207 INFO o.a.j.r.p.NormalizerSampleConsumer: Using format, 'ms', to parse timeStamp field
2024-03-26 12:02:06,709 INFO o.a.j.r.p.AbstractSampleConsumer: class org.apache.jmeter.report.processor.AggregateConsumer#stopProducing(): beginDate produced 0 samples
2024-03-26 12:02:06,709 INFO o.a.j.r.p.AbstractSampleConsumer: class org.apache.jmeter.report.processor.AggregateConsumer#stopProducing(): endDate produced 0 samples
2024-03-26 12:02:06,713 INFO o.a.j.r.p.AbstractSampleConsumer: class org.apache.jmeter.report.processor.ApdexSummaryConsumer#stopProducing(): apdexSummary produced 0 samples
2024-03-26 12:02:06,780 INFO o.a.j.r.p.AbstractSampleConsumer: class org.apache.jmeter.report.processor.RequestsSummaryConsumer#stopProducing(): requestsSummary produced 0 samples
2024-03-26 12:02:06,802 INFO o.a.j.r.p.AbstractSampleConsumer: class org.apache.jmeter.report.processor.StatisticsSummaryConsumer#stopProducing(): statisticsSummary produced 0 samples
2024-03-26 12:02:06,811 INFO o.a.j.r.p.AbstractSampleConsumer: class org.apache.jmeter.report.processor.Top5ErrorsBySamplerConsumer#stopProducing(): top5ErrorsBySampler produced 0 samples
2024-03-26 12:02:06,812 INFO o.a.j.r.p.AbstractSampleConsumer: class org.apache.jmeter.report.processor.ErrorsSummaryConsumer#stopProducing(): errorsSummary produced 0 samples
2024-03-26 12:02:06,812 INFO o.a.j.r.p.AbstractSampleConsumer: class org.apache.jmeter.report.processor.graph.impl.HitsPerSecondGraphConsumer#stopProducing(): hitsPerSecond produced 0 samples
2024-03-26 12:02:07,708 INFO o.a.j.r.p.AbstractSampleConsumer: class org.apache.jmeter.report.processor.graph.impl.LatencyVSRequestGraphConsumer#stopProducing(): latencyVsRequest produced 0 samples
2024-03-26 12:02:07,709 INFO o.a.j.r.p.AbstractSampleConsumer: class org.apache.jmeter.report.processor.graph.impl.SyntheticResponseTimeDistributionGraphConsumer#stopProducing(): syntheticResponseTimeDistribution produced 0 samples
2024-03-26 12:02:07,709 INFO o.a.j.r.p.AbstractSampleConsumer: class org.apache.jmeter.report.processor.graph.impl.BytesThroughputGraphConsumer#stopProducing(): bytesThroughputOverTime produced 0 samples
2024-03-26 12:02:07,710 INFO o.a.j.r.p.AbstractSampleConsumer: class org.apache.jmeter.report.processor.graph.impl.CodesPerSecondGraphConsumer#stopProducing(): codesPerSecond produced 0 samples
2024-03-26 12:02:08,606 INFO o.a.j.r.p.AbstractSampleConsumer: class org.apache.jmeter.report.processor.graph.impl.ResponseTimeVSRequestGraphConsumer#stopProducing(): responseTimeVsRequest produced 0 samples
2024-03-26 12:02:08,607 INFO o.a.j.r.p.AbstractSampleConsumer: class org.apache.jmeter.report.processor.FilterConsumer#stopProducing(): startIntervalControlerFilter produced 58072 samples
2024-03-26 12:02:08,607 INFO o.a.j.r.p.AbstractSampleConsumer: class org.apache.jmeter.report.processor.graph.impl.TotalTPSGraphConsumer#stopProducing(): totalTPS produced 0 samples
2024-03-26 12:02:08,607 INFO o.a.j.r.p.AbstractSampleConsumer: class org.apache.jmeter.report.processor.graph.impl.ActiveThreadsGraphConsumer#stopProducing(): activeThreadsOverTime produced 0 samples
2024-03-26 12:02:08,608 INFO o.a.j.r.p.AbstractSampleConsumer: class org.apache.jmeter.report.processor.graph.impl.TimeVSThreadGraphConsumer#stopProducing(): timeVsThreads produced 0 samples
2024-03-26 12:02:08,608 INFO o.a.j.r.p.AbstractSampleConsumer: class org.apache.jmeter.report.processor.graph.impl.ResponseTimeDistributionGraphConsumer#stopProducing(): responseTimeDistribution produced 0 samples
2024-03-26 12:02:08,609 INFO o.a.j.r.p.AbstractSampleConsumer: class org.apache.jmeter.report.processor.graph.impl.TransactionsPerSecondGraphConsumer#stopProducing(): transactionsPerSecond produced 0 samples
2024-03-26 12:02:08,609 INFO o.a.j.r.p.AbstractSampleConsumer: class org.apache.jmeter.report.processor.graph.impl.ResponseTimePercentilesGraphConsumer#stopProducing(): responseTimePercentiles produced 0 samples
2024-03-26 12:02:08,702 INFO o.a.j.r.p.AbstractSampleConsumer: class org.apache.jmeter.report.processor.graph.impl.ResponseTimePercentilesOverTimeGraphConsumer#stopProducing(): responseTimePercentilesOverTime produced 0 samples
2024-03-26 12:02:08,703 INFO o.a.j.r.p.AbstractSampleConsumer: class org.apache.jmeter.report.processor.graph.impl.ResponseTimeOverTimeGraphConsumer#stopProducing(): responseTimesOverTime produced 0 samples
2024-03-26 12:02:08,703 INFO o.a.j.r.p.AbstractSampleConsumer: class org.apache.jmeter.report.processor.graph.impl.ConnectTimeOverTimeGraphConsumer#stopProducing(): connectTimeOverTime produced 0 samples
2024-03-26 12:02:08,703 INFO o.a.j.r.p.AbstractSampleConsumer: class org.apache.jmeter.report.processor.graph.impl.LatencyOverTimeGraphConsumer#stopProducing(): latenciesOverTime produced 0 samples
2024-03-26 12:02:08,704 INFO o.a.j.r.p.AbstractSampleConsumer: class org.apache.jmeter.report.processor.FilterConsumer#stopProducing(): nameFilter produced 159975 samples
2024-03-26 12:02:08,704 INFO o.a.j.r.p.AbstractSampleConsumer: class org.apache.jmeter.report.processor.FilterConsumer#stopProducing(): dateRangeFilter produced 31995 samples
2024-03-26 12:02:08,704 INFO o.a.j.r.p.AbstractSampleConsumer: class org.apache.jmeter.report.processor.NormalizerSampleConsumer#stopProducing(): normalizer produced 10665 samples
2024-03-26 12:02:08,704 INFO o.a.j.r.p.CsvFileSampleSource: produce(): 10665 samples produced in 6s 392 ms on channel 0
2024-03-26 12:02:08,704 INFO o.a.j.r.d.ReportGenerator: Exporting data using exporter:'json' of className:'org.apache.jmeter.report.dashboard.JsonExporter'
2024-03-26 12:02:09,805 INFO o.a.j.r.d.JsonExporter: Found data for consumer statisticsSummary in context
2024-03-26 12:02:09,805 INFO o.a.j.r.d.JsonExporter: Creating statistics for overall
2024-03-26 12:02:09,806 INFO o.a.j.r.d.JsonExporter: Creating statistics for other transactions
2024-03-26 12:02:09,806 INFO o.a.j.r.d.JsonExporter: Checking output folder
2024-03-26 12:02:09,807 INFO o.a.j.r.d.JsonExporter: Writing statistics JSON to /report/report-PetStoreAPIScriptDynamicBuildNumber1.jmx-2024-03-26_115735/statistics.json
2024-03-26 12:02:10,016 INFO o.a.j.r.d.ReportGenerator: Exporting data using exporter:'html' of className:'org.apache.jmeter.report.dashboard.HtmlTemplateExporter'
2024-03-26 12:02:10,102 INFO o.a.j.r.d.HtmlTemplateExporter: Will generate dashboard in folder: /report/report-PetStoreAPIScriptDynamicBuildNumber1.jmx-2024-03-26_115735
2024-03-26 12:02:11,306 INFO o.a.j.r.d.HtmlTemplateExporter: Report will be generated in: /report/report-PetStoreAPIScriptDynamicBuildNumber1.jmx-2024-03-26_115735, creating folder structure
2024-03-26 12:02:11,308 INFO o.a.j.r.d.TemplateVisitor: Copying folder from '/opt/jmeter/apache-jmeter-5.4.1/bin/report-template' to '/report/report-PetStoreAPIScriptDynamicBuildNumber1.jmx-2024-03-26_115735', got message: /report/report-PetStoreAPIScriptDynamicBuildNumber1.jmx-2024-03-26_115735, found non empty folder with following content [/report/report-PetStoreAPIScriptDynamicBuildNumber1.jmx-2024-03-26_115735/statistics.json], will be ignored
2024-03-26 12:02:13,103 INFO o.a.j.JMeter: Dashboard generated
