2024-04-03 09:41:34,090 INFO o.a.j.u.JMeterUtils: Setting Locale to en_EN
2024-04-03 09:41:34,288 INFO o.a.j.JMeter: Loading user properties from: user.properties
2024-04-03 09:41:34,289 INFO o.a.j.JMeter: Loading system properties from: system.properties
2024-04-03 09:41:34,289 INFO o.a.j.JMeter: Setting System property: server.rmi.ssl.disable=true
2024-04-03 09:41:34,388 INFO o.a.j.JMeter: Copyright (c) 1998-2021 The Apache Software Foundation
2024-04-03 09:41:34,389 INFO o.a.j.JMeter: Version 5.4.1
2024-04-03 09:41:34,389 INFO o.a.j.JMeter: java.version=16.0.2
2024-04-03 09:41:34,389 INFO o.a.j.JMeter: java.vm.name=OpenJDK 64-Bit Server VM
2024-04-03 09:41:34,389 INFO o.a.j.JMeter: os.name=Linux
2024-04-03 09:41:34,389 INFO o.a.j.JMeter: os.arch=amd64
2024-04-03 09:41:34,389 INFO o.a.j.JMeter: os.version=6.5.0-1016-aws
2024-04-03 09:41:34,389 INFO o.a.j.JMeter: file.encoding=UTF-8
2024-04-03 09:41:34,390 INFO o.a.j.JMeter: java.awt.headless=null
2024-04-03 09:41:34,390 INFO o.a.j.JMeter: Max memory     =1073741824
2024-04-03 09:41:34,390 INFO o.a.j.JMeter: Available Processors =1
2024-04-03 09:41:34,490 INFO o.a.j.JMeter: Default Locale=English (EN)
2024-04-03 09:41:34,490 INFO o.a.j.JMeter: JMeter  Locale=English (EN)
2024-04-03 09:41:34,490 INFO o.a.j.JMeter: JMeterHome=/opt/jmeter/apache-jmeter-5.4.1
2024-04-03 09:41:34,490 INFO o.a.j.JMeter: user.dir  =/opt/jmeter/apache-jmeter-5.4.1/bin
2024-04-03 09:41:34,491 INFO o.a.j.JMeter: PWD       =/opt/jmeter/apache-jmeter-5.4.1/bin
2024-04-03 09:41:34,492 INFO o.a.j.JMeter: IP: 10.35.0.14 Name: jmeter-master04-03-15-10-22-p999w FullName: jmeter-master04-03-15-10-22-p999w
2024-04-03 09:41:34,585 INFO o.a.j.JMeter: Setting property 'jmeter.reportgenerator.outputdir' to:'/report/report-PetStoreAPIScriptDynamicBuildNumber1.jmx-2024-04-03_094030'
2024-04-03 09:41:34,589 INFO o.a.j.s.FileServer: Default base='/opt/jmeter/apache-jmeter-5.4.1/bin'
2024-04-03 09:41:34,590 INFO o.a.j.s.FileServer: Set new base='/opt/jmeter/apache-jmeter-5.4.1/bin'
2024-04-03 09:41:35,894 INFO o.a.j.s.SaveService: Testplan (JMX) version: 2.2. Testlog (JTL) version: 2.2
2024-04-03 09:41:36,095 INFO o.a.j.s.SaveService: Using SaveService properties version 5.0
2024-04-03 09:41:36,188 INFO o.a.j.s.SaveService: Using SaveService properties file encoding UTF-8
2024-04-03 09:41:36,191 INFO o.a.j.s.SaveService: Loading file: PetStoreAPIScriptDynamicBuildNumber1.jmx
2024-04-03 09:41:36,492 INFO o.a.j.p.h.c.CookieManager: Settings: Delete null: true Check: true Allow variable: true Save: false Prefix: COOKIE_
2024-04-03 09:41:36,591 INFO o.a.j.p.h.s.HTTPSamplerBase: Parser for text/html is org.apache.jmeter.protocol.http.parser.LagartoBasedHtmlParser
2024-04-03 09:41:36,591 INFO o.a.j.p.h.s.HTTPSamplerBase: Parser for application/xhtml+xml is org.apache.jmeter.protocol.http.parser.LagartoBasedHtmlParser
2024-04-03 09:41:36,591 INFO o.a.j.p.h.s.HTTPSamplerBase: Parser for application/xml is org.apache.jmeter.protocol.http.parser.LagartoBasedHtmlParser
2024-04-03 09:41:36,591 INFO o.a.j.p.h.s.HTTPSamplerBase: Parser for text/xml is org.apache.jmeter.protocol.http.parser.LagartoBasedHtmlParser
2024-04-03 09:41:36,592 INFO o.a.j.p.h.s.HTTPSamplerBase: Parser for text/vnd.wap.wml is org.apache.jmeter.protocol.http.parser.RegexpHTMLParser
2024-04-03 09:41:36,592 INFO o.a.j.p.h.s.HTTPSamplerBase: Parser for text/css is org.apache.jmeter.protocol.http.parser.CssParser
2024-04-03 09:41:36,894 INFO o.a.j.s.SampleResult: Note: Sample TimeStamps are START times
2024-04-03 09:41:36,894 INFO o.a.j.s.SampleResult: sampleresult.default.encoding is set to ISO-8859-1
2024-04-03 09:41:36,894 INFO o.a.j.s.SampleResult: sampleresult.useNanoTime=true
2024-04-03 09:41:36,895 INFO o.a.j.s.SampleResult: sampleresult.nanoThreadSleep=5000
2024-04-03 09:41:37,092 INFO o.a.j.JMeter: Creating summariser <summary>
2024-04-03 09:41:37,096 INFO o.a.j.r.d.ReportGenerator: ReportGenerator will use for Parsing the separator: ','
2024-04-03 09:41:37,097 INFO o.a.j.r.d.ReportGenerator: Will generate report at end of test from  results file: /report/PetStoreAPIScriptDynamicBuildNumber1.jmx_2024-04-03_094030.jtl
2024-04-03 09:41:37,097 INFO o.a.j.r.d.ReportGenerator: Reading report generator properties from: /opt/jmeter/apache-jmeter-5.4.1/bin/reportgenerator.properties
2024-04-03 09:41:37,098 INFO o.a.j.r.d.ReportGenerator: Merging with JMeter properties
2024-04-03 09:41:37,187 INFO o.a.j.r.c.ReportGeneratorConfiguration: Property 'jmeter.reportgenerator.temp_dir' not found, using default value 'temp' instead.
2024-04-03 09:41:37,190 INFO o.a.j.r.c.ReportGeneratorConfiguration: Property 'jmeter.reportgenerator.apdex_per_transaction' not found, using default value 'null' instead.
2024-04-03 09:41:37,191 INFO o.a.j.r.c.ReportGeneratorConfiguration: apdex_per_transaction is empty, not APDEX per transaction customization
2024-04-03 09:41:37,191 INFO o.a.j.r.c.ReportGeneratorConfiguration: Property 'jmeter.reportgenerator.sample_filter' not found, using default value 'null' instead.
2024-04-03 09:41:37,191 INFO o.a.j.r.c.ReportGeneratorConfiguration: Property 'jmeter.reportgenerator.report_title' not found, using default value 'null' instead.
2024-04-03 09:41:37,191 INFO o.a.j.r.c.ReportGeneratorConfiguration: Property 'jmeter.reportgenerator.start_date' not found, using default value 'null' instead.
2024-04-03 09:41:37,234 INFO o.a.j.r.c.ReportGeneratorConfiguration: Property 'jmeter.reportgenerator.end_date' not found, using default value 'null' instead.
2024-04-03 09:41:37,234 INFO o.a.j.r.c.ReportGeneratorConfiguration: Property 'jmeter.reportgenerator.date_format' not found, using default value 'null' instead.
2024-04-03 09:41:37,235 INFO o.a.j.r.c.ReportGeneratorConfiguration: Will use date range start date: null, end date: null
2024-04-03 09:41:37,284 INFO o.a.j.r.c.ReportGeneratorConfiguration: Property 'jmeter.reportgenerator.graph.totalTPS.exclude_controllers' not found, using default value 'false' instead.
2024-04-03 09:41:37,284 INFO o.a.j.r.c.ReportGeneratorConfiguration: Property 'jmeter.reportgenerator.graph.activeThreadsOverTime.exclude_controllers' not found, using default value 'false' instead.
2024-04-03 09:41:37,284 INFO o.a.j.r.c.ReportGeneratorConfiguration: Property 'jmeter.reportgenerator.graph.timeVsThreads.exclude_controllers' not found, using default value 'false' instead.
2024-04-03 09:41:37,285 INFO o.a.j.r.c.ReportGeneratorConfiguration: Property 'jmeter.reportgenerator.graph.responseTimeDistribution.exclude_controllers' not found, using default value 'false' instead.
2024-04-03 09:41:37,285 INFO o.a.j.r.c.ReportGeneratorConfiguration: Property 'jmeter.reportgenerator.graph.transactionsPerSecond.exclude_controllers' not found, using default value 'false' instead.
2024-04-03 09:41:37,285 INFO o.a.j.r.c.ReportGeneratorConfiguration: Property 'jmeter.reportgenerator.graph.responseTimePercentiles.exclude_controllers' not found, using default value 'false' instead.
2024-04-03 09:41:37,285 INFO o.a.j.r.c.ReportGeneratorConfiguration: Property 'jmeter.reportgenerator.graph.responseTimePercentilesOverTime.exclude_controllers' not found, using default value 'false' instead.
2024-04-03 09:41:37,285 INFO o.a.j.r.c.ReportGeneratorConfiguration: Property 'jmeter.reportgenerator.graph.responseTimesOverTime.exclude_controllers' not found, using default value 'false' instead.
2024-04-03 09:41:37,286 INFO o.a.j.r.c.ReportGeneratorConfiguration: Property 'jmeter.reportgenerator.graph.connectTimeOverTime.exclude_controllers' not found, using default value 'false' instead.
2024-04-03 09:41:37,286 INFO o.a.j.r.c.ReportGeneratorConfiguration: Property 'jmeter.reportgenerator.graph.latenciesOverTime.exclude_controllers' not found, using default value 'false' instead.
2024-04-03 09:41:37,287 INFO o.a.j.r.c.ReportGeneratorConfiguration: Property 'jmeter.reportgenerator.exporter.json.filters_only_sample_series' not found, using default value 'true' instead.
2024-04-03 09:41:37,287 INFO o.a.j.r.c.ReportGeneratorConfiguration: Property 'jmeter.reportgenerator.exporter.json.series_filter' not found, using default value '' instead.
2024-04-03 09:41:37,287 INFO o.a.j.r.c.ReportGeneratorConfiguration: Property 'jmeter.reportgenerator.exporter.json.show_controllers_only' not found, using default value 'false' instead.
2024-04-03 09:41:37,288 INFO o.a.j.r.c.ReportGeneratorConfiguration: Property 'jmeter.reportgenerator.exporter.html.filters_only_sample_series' not found, using default value 'true' instead.
2024-04-03 09:41:37,288 INFO o.a.j.r.c.ReportGeneratorConfiguration: Property 'jmeter.reportgenerator.exporter.html.series_filter' not found, using default value '' instead.
2024-04-03 09:41:37,288 INFO o.a.j.r.c.ReportGeneratorConfiguration: Property 'jmeter.reportgenerator.exporter.html.show_controllers_only' not found, using default value 'false' instead.
2024-04-03 09:41:37,291 INFO o.a.j.e.DistributedRunner: Configuring remote engine: 10.35.0.15
2024-04-03 09:41:37,293 INFO o.a.j.r.RmiUtils: Disabling SSL for RMI as server.rmi.ssl.disable is set to 'true'
2024-04-03 09:41:37,794 INFO o.a.j.e.DistributedRunner: Starting distributed test with remote engines: [10.35.0.15] @ Wed Apr 03 09:41:37 UTC 2024 (1712137297794)
2024-04-03 09:41:37,794 INFO o.a.j.e.ClientJMeterEngine: running clientengine run method
2024-04-03 09:41:37,886 INFO o.a.j.e.u.CompoundVariable: Note: Function class names must contain the string: '.functions.'
2024-04-03 09:41:37,886 INFO o.a.j.e.u.CompoundVariable: Note: Function class names must not contain the string: '.gui.'
2024-04-03 09:41:38,234 INFO o.a.j.r.RmiUtils: Disabling SSL for RMI as server.rmi.ssl.disable is set to 'true'
2024-04-03 09:41:38,235 INFO o.a.j.r.RmiUtils: Disabling SSL for RMI as server.rmi.ssl.disable is set to 'true'
2024-04-03 09:41:38,286 INFO o.a.j.s.SampleEvent: List of sample_variables: []
2024-04-03 09:41:38,292 INFO o.a.j.s.BatchSampleSender: Using batching (client settings) for this run. Thresholds: num=100, time=60000
2024-04-03 09:41:38,292 INFO o.a.j.s.DataStrippingSampleSender: Using DataStrippingSampleSender for this run
2024-04-03 09:41:38,293 INFO o.a.j.r.RmiUtils: Disabling SSL for RMI as server.rmi.ssl.disable is set to 'true'
2024-04-03 09:41:38,293 INFO o.a.j.r.RmiUtils: Disabling SSL for RMI as server.rmi.ssl.disable is set to 'true'
2024-04-03 09:41:42,201 INFO o.a.j.r.RmiUtils: Disabling SSL for RMI as server.rmi.ssl.disable is set to 'true'
2024-04-03 09:41:42,201 INFO o.a.j.r.RmiUtils: Disabling SSL for RMI as server.rmi.ssl.disable is set to 'true'
2024-04-03 09:41:42,202 INFO o.a.j.r.RmiUtils: Disabling SSL for RMI as server.rmi.ssl.disable is set to 'true'
2024-04-03 09:41:42,202 INFO o.a.j.r.RmiUtils: Disabling SSL for RMI as server.rmi.ssl.disable is set to 'true'
2024-04-03 09:41:42,202 INFO o.a.j.s.BatchSampleSender: Using batching (client settings) for this run. Thresholds: num=100, time=60000
2024-04-03 09:41:42,202 INFO o.a.j.s.DataStrippingSampleSender: Using DataStrippingSampleSender for this run
2024-04-03 09:41:42,202 INFO o.a.j.r.RmiUtils: Disabling SSL for RMI as server.rmi.ssl.disable is set to 'true'
2024-04-03 09:41:42,202 INFO o.a.j.r.RmiUtils: Disabling SSL for RMI as server.rmi.ssl.disable is set to 'true'
2024-04-03 09:41:42,202 INFO o.a.j.s.BatchSampleSender: Using batching (client settings) for this run. Thresholds: num=100, time=60000
2024-04-03 09:41:42,203 INFO o.a.j.s.DataStrippingSampleSender: Using DataStrippingSampleSender for this run
2024-04-03 09:41:42,203 INFO o.a.j.r.RmiUtils: Disabling SSL for RMI as server.rmi.ssl.disable is set to 'true'
2024-04-03 09:41:42,203 INFO o.a.j.r.RmiUtils: Disabling SSL for RMI as server.rmi.ssl.disable is set to 'true'
2024-04-03 09:41:42,203 INFO o.a.j.s.BatchSampleSender: Using batching (client settings) for this run. Thresholds: num=100, time=60000
2024-04-03 09:41:42,203 INFO o.a.j.s.DataStrippingSampleSender: Using DataStrippingSampleSender for this run
2024-04-03 09:41:42,203 INFO o.a.j.r.RmiUtils: Disabling SSL for RMI as server.rmi.ssl.disable is set to 'true'
2024-04-03 09:41:42,203 INFO o.a.j.r.RmiUtils: Disabling SSL for RMI as server.rmi.ssl.disable is set to 'true'
2024-04-03 09:41:42,203 INFO o.a.j.s.BatchSampleSender: Using batching (client settings) for this run. Thresholds: num=100, time=60000
2024-04-03 09:41:42,203 INFO o.a.j.s.DataStrippingSampleSender: Using DataStrippingSampleSender for this run
2024-04-03 09:41:42,204 INFO o.a.j.r.RmiUtils: Disabling SSL for RMI as server.rmi.ssl.disable is set to 'true'
2024-04-03 09:41:42,204 INFO o.a.j.r.RmiUtils: Disabling SSL for RMI as server.rmi.ssl.disable is set to 'true'
2024-04-03 09:41:42,204 INFO o.a.j.s.BatchSampleSender: Using batching (client settings) for this run. Thresholds: num=100, time=60000
2024-04-03 09:41:42,204 INFO o.a.j.s.DataStrippingSampleSender: Using DataStrippingSampleSender for this run
2024-04-03 09:41:43,182 INFO o.a.j.e.ClientJMeterEngine: sent test to 10.35.0.15 basedir='.'
2024-04-03 09:41:43,182 INFO o.a.j.e.ClientJMeterEngine: Sending properties {}
2024-04-03 09:41:43,185 INFO o.a.j.e.ClientJMeterEngine: sent run command to 10.35.0.15
2024-04-03 09:41:43,185 INFO o.a.j.e.DistributedRunner: Remote engines have been started:[10.35.0.15]
2024-04-03 09:41:43,804 INFO o.a.j.v.b.BackendListener: Backend Listener 1: Starting worker with class: class org.apache.jmeter.visualizers.backend.influxdb.InfluxdbBackendListenerClient and queue capacity: 5000
2024-04-03 09:41:43,805 INFO o.a.j.v.b.BackendListener: Backend Listener 1: Started  worker with class: class org.apache.jmeter.visualizers.backend.influxdb.InfluxdbBackendListenerClient
2024-04-03 09:41:45,490 INFO o.a.j.v.b.BackendListener: Backend Listener 2: Starting worker with class: class rocks.nt.apm.jmeter.JMeterInfluxDBBackendListenerClient and queue capacity: 5000
2024-04-03 09:41:45,584 INFO o.a.j.v.b.BackendListener: Backend Listener 2: Started  worker with class: class rocks.nt.apm.jmeter.JMeterInfluxDBBackendListenerClient
2024-04-03 09:41:46,601 INFO o.a.j.JMeter: Started remote host:  10.35.0.15 (1712137306601)
2024-04-03 09:42:00,588 INFO o.a.j.r.Summariser: summary +    313 in 00:00:14 =   22.5/s Avg:   333 Min:   190 Max:  4002 Err:    36 (11.50%) Active: 10 Started: 10 Finished: 0
2024-04-03 09:42:30,163 INFO o.a.j.r.Summariser: summary +   1402 in 00:00:30 =   47.3/s Avg:   210 Min:   190 Max:   292 Err:   208 (14.84%) Active: 10 Started: 10 Finished: 0
2024-04-03 09:42:30,235 INFO o.a.j.r.Summariser: summary =   1715 in 00:00:44 =   39.4/s Avg:   232 Min:   190 Max:  4002 Err:   244 (14.23%)
2024-04-03 09:43:00,436 INFO o.a.j.r.Summariser: summary +   1397 in 00:00:30 =   46.1/s Avg:   215 Min:   188 Max:  1445 Err:   206 (14.75%) Active: 10 Started: 10 Finished: 0
2024-04-03 09:43:00,437 INFO o.a.j.r.Summariser: summary =   3112 in 00:01:14 =   42.1/s Avg:   224 Min:   188 Max:  4002 Err:   450 (14.46%)
2024-04-03 09:43:30,506 INFO o.a.j.r.Summariser: summary +   1480 in 00:00:30 =   49.2/s Avg:   202 Min:   188 Max:   265 Err:   229 (15.47%) Active: 10 Started: 10 Finished: 0
2024-04-03 09:43:30,506 INFO o.a.j.r.Summariser: summary =   4592 in 00:01:44 =   44.2/s Avg:   217 Min:   188 Max:  4002 Err:   679 (14.79%)
2024-04-03 09:44:01,357 INFO o.a.j.r.Summariser: summary +   1477 in 00:00:31 =   47.9/s Avg:   207 Min:   188 Max:  1014 Err:   205 (13.88%) Active: 10 Started: 10 Finished: 0
2024-04-03 09:44:01,357 INFO o.a.j.r.Summariser: summary =   6069 in 00:02:15 =   45.0/s Avg:   215 Min:   188 Max:  4002 Err:   884 (14.57%)
2024-04-03 09:44:31,443 INFO o.a.j.r.Summariser: summary +   1479 in 00:00:30 =   49.2/s Avg:   203 Min:   188 Max:   300 Err:   196 (13.25%) Active: 10 Started: 10 Finished: 0
2024-04-03 09:44:31,443 INFO o.a.j.r.Summariser: summary =   7548 in 00:02:45 =   45.8/s Avg:   212 Min:   188 Max:  4002 Err:  1080 (14.31%)
2024-04-03 09:45:00,735 INFO o.a.j.r.Summariser: summary +   1398 in 00:00:29 =   47.7/s Avg:   208 Min:   189 Max:  1109 Err:   208 (14.88%) Active: 10 Started: 10 Finished: 0
2024-04-03 09:45:00,736 INFO o.a.j.r.Summariser: summary =   8946 in 00:03:14 =   46.1/s Avg:   212 Min:   188 Max:  4002 Err:  1288 (14.40%)
2024-04-03 09:45:30,913 INFO o.a.j.r.Summariser: summary +   1478 in 00:00:30 =   49.0/s Avg:   204 Min:   190 Max:   280 Err:   200 (13.53%) Active: 10 Started: 10 Finished: 0
2024-04-03 09:45:30,914 INFO o.a.j.r.Summariser: summary =  10424 in 00:03:44 =   46.5/s Avg:   210 Min:   188 Max:  4002 Err:  1488 (14.27%)
2024-04-03 09:46:00,775 INFO o.a.j.r.Summariser: summary +   1167 in 00:00:30 =   39.1/s Avg:   254 Min:   190 Max:  6131 Err:   145 (12.43%) Active: 10 Started: 10 Finished: 0
2024-04-03 09:46:00,775 INFO o.a.j.r.Summariser: summary =  11591 in 00:04:14 =   45.6/s Avg:   215 Min:   188 Max:  6131 Err:  1633 (14.09%)
2024-04-03 09:46:30,407 INFO o.a.j.r.Summariser: summary +   1401 in 00:00:30 =   47.3/s Avg:   211 Min:   190 Max:   262 Err:   195 (13.92%) Active: 10 Started: 10 Finished: 0
2024-04-03 09:46:30,408 INFO o.a.j.r.Summariser: summary =  12992 in 00:04:44 =   45.8/s Avg:   214 Min:   188 Max:  6131 Err:  1828 (14.07%)
2024-04-03 09:46:47,207 INFO o.a.j.v.b.BackendListener: Worker ended
2024-04-03 09:46:47,207 INFO o.a.j.v.b.i.InfluxdbBackendListenerClient: Sending last metrics to InfluxDB
2024-04-03 09:46:47,208 INFO o.a.j.v.b.i.HttpMetricsSender: Destroying 
2024-04-03 09:46:47,218 INFO o.a.j.v.b.BackendListener: Worker ended
2024-04-03 09:46:47,219 INFO r.n.a.j.JMeterInfluxDBBackendListenerClient: Shutting down influxDB scheduler...
2024-04-03 09:46:47,224 INFO r.n.a.j.JMeterInfluxDBBackendListenerClient: influxDB scheduler terminated!
2024-04-03 09:46:47,226 INFO o.a.j.r.Summariser: summary +    868 in 00:00:17 =   51.6/s Avg:   211 Min:   190 Max:   241 Err:   120 (13.82%) Active: 0 Started: 10 Finished: 10
2024-04-03 09:46:47,226 INFO o.a.j.r.Summariser: summary =  13860 in 00:05:01 =   46.1/s Avg:   214 Min:   188 Max:  6131 Err:  1948 (14.05%)
2024-04-03 09:46:47,227 INFO o.a.j.JMeter: Finished remote host: 10.35.0.15 (1712137607227)
2024-04-03 09:46:47,227 INFO o.a.j.JMeter: All remote engines have ended test, starting RemoteTestStopper thread
2024-04-03 09:46:47,229 INFO o.a.j.e.ClientJMeterEngine: about to exit remote server on 10.35.0.15
2024-04-03 09:46:52,402 INFO o.a.j.JMeter: Interrupting RMI Reaper
2024-04-03 09:46:52,402 INFO o.a.j.JMeter: Generating Dashboard
2024-04-03 09:46:52,402 INFO o.a.j.r.d.ReportGenerator: Flushing result collector before report Generation
2024-04-03 09:46:52,492 INFO o.a.j.r.p.NormalizerSampleConsumer: Using format, 'ms', to parse timeStamp field
2024-04-03 09:46:58,088 INFO o.a.j.r.p.AbstractSampleConsumer: class org.apache.jmeter.report.processor.AggregateConsumer#stopProducing(): beginDate produced 0 samples
2024-04-03 09:46:58,088 INFO o.a.j.r.p.AbstractSampleConsumer: class org.apache.jmeter.report.processor.AggregateConsumer#stopProducing(): endDate produced 0 samples
2024-04-03 09:46:58,090 INFO o.a.j.r.p.AbstractSampleConsumer: class org.apache.jmeter.report.processor.ApdexSummaryConsumer#stopProducing(): apdexSummary produced 0 samples
2024-04-03 09:46:58,090 INFO o.a.j.r.p.AbstractSampleConsumer: class org.apache.jmeter.report.processor.RequestsSummaryConsumer#stopProducing(): requestsSummary produced 0 samples
2024-04-03 09:46:58,185 INFO o.a.j.r.p.AbstractSampleConsumer: class org.apache.jmeter.report.processor.StatisticsSummaryConsumer#stopProducing(): statisticsSummary produced 0 samples
2024-04-03 09:46:58,189 INFO o.a.j.r.p.AbstractSampleConsumer: class org.apache.jmeter.report.processor.Top5ErrorsBySamplerConsumer#stopProducing(): top5ErrorsBySampler produced 0 samples
2024-04-03 09:46:58,189 INFO o.a.j.r.p.AbstractSampleConsumer: class org.apache.jmeter.report.processor.ErrorsSummaryConsumer#stopProducing(): errorsSummary produced 0 samples
2024-04-03 09:46:58,189 INFO o.a.j.r.p.AbstractSampleConsumer: class org.apache.jmeter.report.processor.graph.impl.HitsPerSecondGraphConsumer#stopProducing(): hitsPerSecond produced 0 samples
2024-04-03 09:46:59,100 INFO o.a.j.r.p.AbstractSampleConsumer: class org.apache.jmeter.report.processor.graph.impl.LatencyVSRequestGraphConsumer#stopProducing(): latencyVsRequest produced 0 samples
2024-04-03 09:46:59,100 INFO o.a.j.r.p.AbstractSampleConsumer: class org.apache.jmeter.report.processor.graph.impl.SyntheticResponseTimeDistributionGraphConsumer#stopProducing(): syntheticResponseTimeDistribution produced 0 samples
2024-04-03 09:46:59,101 INFO o.a.j.r.p.AbstractSampleConsumer: class org.apache.jmeter.report.processor.graph.impl.BytesThroughputGraphConsumer#stopProducing(): bytesThroughputOverTime produced 0 samples
2024-04-03 09:46:59,101 INFO o.a.j.r.p.AbstractSampleConsumer: class org.apache.jmeter.report.processor.graph.impl.CodesPerSecondGraphConsumer#stopProducing(): codesPerSecond produced 0 samples
2024-04-03 09:47:00,198 INFO o.a.j.r.p.AbstractSampleConsumer: class org.apache.jmeter.report.processor.graph.impl.ResponseTimeVSRequestGraphConsumer#stopProducing(): responseTimeVsRequest produced 0 samples
2024-04-03 09:47:00,199 INFO o.a.j.r.p.AbstractSampleConsumer: class org.apache.jmeter.report.processor.FilterConsumer#stopProducing(): startIntervalControlerFilter produced 97020 samples
2024-04-03 09:47:00,199 INFO o.a.j.r.p.AbstractSampleConsumer: class org.apache.jmeter.report.processor.graph.impl.TotalTPSGraphConsumer#stopProducing(): totalTPS produced 0 samples
2024-04-03 09:47:00,284 INFO o.a.j.r.p.AbstractSampleConsumer: class org.apache.jmeter.report.processor.graph.impl.ActiveThreadsGraphConsumer#stopProducing(): activeThreadsOverTime produced 0 samples
2024-04-03 09:47:00,284 INFO o.a.j.r.p.AbstractSampleConsumer: class org.apache.jmeter.report.processor.graph.impl.TimeVSThreadGraphConsumer#stopProducing(): timeVsThreads produced 0 samples
2024-04-03 09:47:00,285 INFO o.a.j.r.p.AbstractSampleConsumer: class org.apache.jmeter.report.processor.graph.impl.ResponseTimeDistributionGraphConsumer#stopProducing(): responseTimeDistribution produced 0 samples
2024-04-03 09:47:00,285 INFO o.a.j.r.p.AbstractSampleConsumer: class org.apache.jmeter.report.processor.graph.impl.TransactionsPerSecondGraphConsumer#stopProducing(): transactionsPerSecond produced 0 samples
2024-04-03 09:47:00,285 INFO o.a.j.r.p.AbstractSampleConsumer: class org.apache.jmeter.report.processor.graph.impl.ResponseTimePercentilesGraphConsumer#stopProducing(): responseTimePercentiles produced 0 samples
2024-04-03 09:47:00,289 INFO o.a.j.r.p.AbstractSampleConsumer: class org.apache.jmeter.report.processor.graph.impl.ResponseTimePercentilesOverTimeGraphConsumer#stopProducing(): responseTimePercentilesOverTime produced 0 samples
2024-04-03 09:47:00,290 INFO o.a.j.r.p.AbstractSampleConsumer: class org.apache.jmeter.report.processor.graph.impl.ResponseTimeOverTimeGraphConsumer#stopProducing(): responseTimesOverTime produced 0 samples
2024-04-03 09:47:00,290 INFO o.a.j.r.p.AbstractSampleConsumer: class org.apache.jmeter.report.processor.graph.impl.ConnectTimeOverTimeGraphConsumer#stopProducing(): connectTimeOverTime produced 0 samples
2024-04-03 09:47:00,291 INFO o.a.j.r.p.AbstractSampleConsumer: class org.apache.jmeter.report.processor.graph.impl.LatencyOverTimeGraphConsumer#stopProducing(): latenciesOverTime produced 0 samples
2024-04-03 09:47:00,291 INFO o.a.j.r.p.AbstractSampleConsumer: class org.apache.jmeter.report.processor.FilterConsumer#stopProducing(): nameFilter produced 267270 samples
2024-04-03 09:47:00,291 INFO o.a.j.r.p.AbstractSampleConsumer: class org.apache.jmeter.report.processor.FilterConsumer#stopProducing(): dateRangeFilter produced 53454 samples
2024-04-03 09:47:00,291 INFO o.a.j.r.p.AbstractSampleConsumer: class org.apache.jmeter.report.processor.NormalizerSampleConsumer#stopProducing(): normalizer produced 17818 samples
2024-04-03 09:47:00,291 INFO o.a.j.r.p.CsvFileSampleSource: produce(): 17818 samples produced in 7s 698 ms on channel 0
2024-04-03 09:47:00,291 INFO o.a.j.r.d.ReportGenerator: Exporting data using exporter:'json' of className:'org.apache.jmeter.report.dashboard.JsonExporter'
2024-04-03 09:47:00,890 INFO o.a.j.r.d.JsonExporter: Found data for consumer statisticsSummary in context
2024-04-03 09:47:00,890 INFO o.a.j.r.d.JsonExporter: Creating statistics for overall
2024-04-03 09:47:00,890 INFO o.a.j.r.d.JsonExporter: Creating statistics for other transactions
2024-04-03 09:47:00,891 INFO o.a.j.r.d.JsonExporter: Checking output folder
2024-04-03 09:47:00,891 INFO o.a.j.r.d.JsonExporter: Writing statistics JSON to /report/report-PetStoreAPIScriptDynamicBuildNumber1.jmx-2024-04-03_094030/statistics.json
2024-04-03 09:47:01,002 INFO o.a.j.r.d.ReportGenerator: Exporting data using exporter:'html' of className:'org.apache.jmeter.report.dashboard.HtmlTemplateExporter'
2024-04-03 09:47:01,084 INFO o.a.j.r.d.HtmlTemplateExporter: Will generate dashboard in folder: /report/report-PetStoreAPIScriptDynamicBuildNumber1.jmx-2024-04-03_094030
2024-04-03 09:47:01,795 INFO o.a.j.r.d.HtmlTemplateExporter: Report will be generated in: /report/report-PetStoreAPIScriptDynamicBuildNumber1.jmx-2024-04-03_094030, creating folder structure
2024-04-03 09:47:01,886 INFO o.a.j.r.d.TemplateVisitor: Copying folder from '/opt/jmeter/apache-jmeter-5.4.1/bin/report-template' to '/report/report-PetStoreAPIScriptDynamicBuildNumber1.jmx-2024-04-03_094030', got message: /report/report-PetStoreAPIScriptDynamicBuildNumber1.jmx-2024-04-03_094030, found non empty folder with following content [/report/report-PetStoreAPIScriptDynamicBuildNumber1.jmx-2024-04-03_094030/statistics.json], will be ignored
2024-04-03 09:47:03,292 INFO o.a.j.JMeter: Dashboard generated
