2024-04-03 09:41:58,022 INFO o.a.j.u.JMeterUtils: Setting Locale to en_EN
2024-04-03 09:41:58,285 INFO o.a.j.JMeter: Loading user properties from: user.properties
2024-04-03 09:41:58,285 INFO o.a.j.JMeter: Loading system properties from: system.properties
2024-04-03 09:41:58,286 INFO o.a.j.JMeter: Setting System property: server.rmi.ssl.disable=true
2024-04-03 09:41:58,292 INFO o.a.j.JMeter: Copyright (c) 1998-2021 The Apache Software Foundation
2024-04-03 09:41:58,292 INFO o.a.j.JMeter: Version 5.4.1
2024-04-03 09:41:58,293 INFO o.a.j.JMeter: java.version=16.0.2
2024-04-03 09:41:58,293 INFO o.a.j.JMeter: java.vm.name=OpenJDK 64-Bit Server VM
2024-04-03 09:41:58,293 INFO o.a.j.JMeter: os.name=Linux
2024-04-03 09:41:58,293 INFO o.a.j.JMeter: os.arch=amd64
2024-04-03 09:41:58,293 INFO o.a.j.JMeter: os.version=6.5.0-1016-aws
2024-04-03 09:41:58,293 INFO o.a.j.JMeter: file.encoding=UTF-8
2024-04-03 09:41:58,293 INFO o.a.j.JMeter: java.awt.headless=null
2024-04-03 09:41:58,293 INFO o.a.j.JMeter: Max memory     =1073741824
2024-04-03 09:41:58,294 INFO o.a.j.JMeter: Available Processors =1
2024-04-03 09:41:58,392 INFO o.a.j.JMeter: Default Locale=English (EN)
2024-04-03 09:41:58,419 INFO o.a.j.JMeter: JMeter  Locale=English (EN)
2024-04-03 09:41:58,420 INFO o.a.j.JMeter: JMeterHome=/opt/jmeter/apache-jmeter-5.4.1
2024-04-03 09:41:58,420 INFO o.a.j.JMeter: user.dir  =/opt/jmeter/apache-jmeter-5.4.1/bin
2024-04-03 09:41:58,420 INFO o.a.j.JMeter: PWD       =/opt/jmeter/apache-jmeter-5.4.1/bin
2024-04-03 09:41:58,420 INFO o.a.j.JMeter: IP: 10.35.0.16 Name: jmeter-master04-03-15-10-46-4pv4z FullName: jmeter-master04-03-15-10-46-4pv4z
2024-04-03 09:41:58,486 INFO o.a.j.JMeter: Setting property 'jmeter.reportgenerator.outputdir' to:'/report/report-PetStoreAPIScriptDynamicBuildNumber1.jmx-2024-04-03_094054'
2024-04-03 09:41:58,489 INFO o.a.j.s.FileServer: Default base='/opt/jmeter/apache-jmeter-5.4.1/bin'
2024-04-03 09:41:58,490 INFO o.a.j.s.FileServer: Set new base='/opt/jmeter/apache-jmeter-5.4.1/bin'
2024-04-03 09:41:59,993 INFO o.a.j.s.SaveService: Testplan (JMX) version: 2.2. Testlog (JTL) version: 2.2
2024-04-03 09:42:00,192 INFO o.a.j.s.SaveService: Using SaveService properties version 5.0
2024-04-03 09:42:00,284 INFO o.a.j.s.SaveService: Using SaveService properties file encoding UTF-8
2024-04-03 09:42:00,288 INFO o.a.j.s.SaveService: Loading file: PetStoreAPIScriptDynamicBuildNumber1.jmx
2024-04-03 09:42:00,692 INFO o.a.j.p.h.c.CookieManager: Settings: Delete null: true Check: true Allow variable: true Save: false Prefix: COOKIE_
2024-04-03 09:42:00,785 INFO o.a.j.p.h.s.HTTPSamplerBase: Parser for text/html is org.apache.jmeter.protocol.http.parser.LagartoBasedHtmlParser
2024-04-03 09:42:00,785 INFO o.a.j.p.h.s.HTTPSamplerBase: Parser for application/xhtml+xml is org.apache.jmeter.protocol.http.parser.LagartoBasedHtmlParser
2024-04-03 09:42:00,785 INFO o.a.j.p.h.s.HTTPSamplerBase: Parser for application/xml is org.apache.jmeter.protocol.http.parser.LagartoBasedHtmlParser
2024-04-03 09:42:00,785 INFO o.a.j.p.h.s.HTTPSamplerBase: Parser for text/xml is org.apache.jmeter.protocol.http.parser.LagartoBasedHtmlParser
2024-04-03 09:42:00,785 INFO o.a.j.p.h.s.HTTPSamplerBase: Parser for text/vnd.wap.wml is org.apache.jmeter.protocol.http.parser.RegexpHTMLParser
2024-04-03 09:42:00,785 INFO o.a.j.p.h.s.HTTPSamplerBase: Parser for text/css is org.apache.jmeter.protocol.http.parser.CssParser
2024-04-03 09:42:01,123 INFO o.a.j.s.SampleResult: Note: Sample TimeStamps are START times
2024-04-03 09:42:01,123 INFO o.a.j.s.SampleResult: sampleresult.default.encoding is set to ISO-8859-1
2024-04-03 09:42:01,183 INFO o.a.j.s.SampleResult: sampleresult.useNanoTime=true
2024-04-03 09:42:01,183 INFO o.a.j.s.SampleResult: sampleresult.nanoThreadSleep=5000
2024-04-03 09:42:01,391 INFO o.a.j.JMeter: Creating summariser <summary>
2024-04-03 09:42:01,421 INFO o.a.j.r.d.ReportGenerator: ReportGenerator will use for Parsing the separator: ','
2024-04-03 09:42:01,421 INFO o.a.j.r.d.ReportGenerator: Will generate report at end of test from  results file: /report/PetStoreAPIScriptDynamicBuildNumber1.jmx_2024-04-03_094054.jtl
2024-04-03 09:42:01,421 INFO o.a.j.r.d.ReportGenerator: Reading report generator properties from: /opt/jmeter/apache-jmeter-5.4.1/bin/reportgenerator.properties
2024-04-03 09:42:01,422 INFO o.a.j.r.d.ReportGenerator: Merging with JMeter properties
2024-04-03 09:42:01,487 INFO o.a.j.r.c.ReportGeneratorConfiguration: Property 'jmeter.reportgenerator.temp_dir' not found, using default value 'temp' instead.
2024-04-03 09:42:01,491 INFO o.a.j.r.c.ReportGeneratorConfiguration: Property 'jmeter.reportgenerator.apdex_per_transaction' not found, using default value 'null' instead.
2024-04-03 09:42:01,491 INFO o.a.j.r.c.ReportGeneratorConfiguration: apdex_per_transaction is empty, not APDEX per transaction customization
2024-04-03 09:42:01,491 INFO o.a.j.r.c.ReportGeneratorConfiguration: Property 'jmeter.reportgenerator.sample_filter' not found, using default value 'null' instead.
2024-04-03 09:42:01,491 INFO o.a.j.r.c.ReportGeneratorConfiguration: Property 'jmeter.reportgenerator.report_title' not found, using default value 'null' instead.
2024-04-03 09:42:01,491 INFO o.a.j.r.c.ReportGeneratorConfiguration: Property 'jmeter.reportgenerator.start_date' not found, using default value 'null' instead.
2024-04-03 09:42:01,491 INFO o.a.j.r.c.ReportGeneratorConfiguration: Property 'jmeter.reportgenerator.end_date' not found, using default value 'null' instead.
2024-04-03 09:42:01,492 INFO o.a.j.r.c.ReportGeneratorConfiguration: Property 'jmeter.reportgenerator.date_format' not found, using default value 'null' instead.
2024-04-03 09:42:01,492 INFO o.a.j.r.c.ReportGeneratorConfiguration: Will use date range start date: null, end date: null
2024-04-03 09:42:01,585 INFO o.a.j.r.c.ReportGeneratorConfiguration: Property 'jmeter.reportgenerator.graph.totalTPS.exclude_controllers' not found, using default value 'false' instead.
2024-04-03 09:42:01,586 INFO o.a.j.r.c.ReportGeneratorConfiguration: Property 'jmeter.reportgenerator.graph.activeThreadsOverTime.exclude_controllers' not found, using default value 'false' instead.
2024-04-03 09:42:01,586 INFO o.a.j.r.c.ReportGeneratorConfiguration: Property 'jmeter.reportgenerator.graph.timeVsThreads.exclude_controllers' not found, using default value 'false' instead.
2024-04-03 09:42:01,586 INFO o.a.j.r.c.ReportGeneratorConfiguration: Property 'jmeter.reportgenerator.graph.responseTimeDistribution.exclude_controllers' not found, using default value 'false' instead.
2024-04-03 09:42:01,586 INFO o.a.j.r.c.ReportGeneratorConfiguration: Property 'jmeter.reportgenerator.graph.transactionsPerSecond.exclude_controllers' not found, using default value 'false' instead.
2024-04-03 09:42:01,586 INFO o.a.j.r.c.ReportGeneratorConfiguration: Property 'jmeter.reportgenerator.graph.responseTimePercentiles.exclude_controllers' not found, using default value 'false' instead.
2024-04-03 09:42:01,587 INFO o.a.j.r.c.ReportGeneratorConfiguration: Property 'jmeter.reportgenerator.graph.responseTimePercentilesOverTime.exclude_controllers' not found, using default value 'false' instead.
2024-04-03 09:42:01,587 INFO o.a.j.r.c.ReportGeneratorConfiguration: Property 'jmeter.reportgenerator.graph.responseTimesOverTime.exclude_controllers' not found, using default value 'false' instead.
2024-04-03 09:42:01,587 INFO o.a.j.r.c.ReportGeneratorConfiguration: Property 'jmeter.reportgenerator.graph.connectTimeOverTime.exclude_controllers' not found, using default value 'false' instead.
2024-04-03 09:42:01,588 INFO o.a.j.r.c.ReportGeneratorConfiguration: Property 'jmeter.reportgenerator.graph.latenciesOverTime.exclude_controllers' not found, using default value 'false' instead.
2024-04-03 09:42:01,619 INFO o.a.j.r.c.ReportGeneratorConfiguration: Property 'jmeter.reportgenerator.exporter.json.filters_only_sample_series' not found, using default value 'true' instead.
2024-04-03 09:42:01,619 INFO o.a.j.r.c.ReportGeneratorConfiguration: Property 'jmeter.reportgenerator.exporter.json.series_filter' not found, using default value '' instead.
2024-04-03 09:42:01,620 INFO o.a.j.r.c.ReportGeneratorConfiguration: Property 'jmeter.reportgenerator.exporter.json.show_controllers_only' not found, using default value 'false' instead.
2024-04-03 09:42:01,620 INFO o.a.j.r.c.ReportGeneratorConfiguration: Property 'jmeter.reportgenerator.exporter.html.filters_only_sample_series' not found, using default value 'true' instead.
2024-04-03 09:42:01,620 INFO o.a.j.r.c.ReportGeneratorConfiguration: Property 'jmeter.reportgenerator.exporter.html.series_filter' not found, using default value '' instead.
2024-04-03 09:42:01,620 INFO o.a.j.r.c.ReportGeneratorConfiguration: Property 'jmeter.reportgenerator.exporter.html.show_controllers_only' not found, using default value 'false' instead.
2024-04-03 09:42:01,685 INFO o.a.j.e.DistributedRunner: Configuring remote engine: 10.35.0.17
2024-04-03 09:42:01,687 INFO o.a.j.r.RmiUtils: Disabling SSL for RMI as server.rmi.ssl.disable is set to 'true'
2024-04-03 09:42:02,089 INFO o.a.j.e.DistributedRunner: Starting distributed test with remote engines: [10.35.0.17] @ Wed Apr 03 09:42:02 UTC 2024 (1712137322089)
2024-04-03 09:42:02,089 INFO o.a.j.e.ClientJMeterEngine: running clientengine run method
2024-04-03 09:42:02,185 INFO o.a.j.e.u.CompoundVariable: Note: Function class names must contain the string: '.functions.'
2024-04-03 09:42:02,185 INFO o.a.j.e.u.CompoundVariable: Note: Function class names must not contain the string: '.gui.'
2024-04-03 09:42:02,684 INFO o.a.j.r.RmiUtils: Disabling SSL for RMI as server.rmi.ssl.disable is set to 'true'
2024-04-03 09:42:02,684 INFO o.a.j.r.RmiUtils: Disabling SSL for RMI as server.rmi.ssl.disable is set to 'true'
2024-04-03 09:42:02,687 INFO o.a.j.s.SampleEvent: List of sample_variables: []
2024-04-03 09:42:02,784 INFO o.a.j.s.BatchSampleSender: Using batching (client settings) for this run. Thresholds: num=100, time=60000
2024-04-03 09:42:02,785 INFO o.a.j.s.DataStrippingSampleSender: Using DataStrippingSampleSender for this run
2024-04-03 09:42:02,786 INFO o.a.j.r.RmiUtils: Disabling SSL for RMI as server.rmi.ssl.disable is set to 'true'
2024-04-03 09:42:02,786 INFO o.a.j.r.RmiUtils: Disabling SSL for RMI as server.rmi.ssl.disable is set to 'true'
2024-04-03 09:42:06,402 INFO o.a.j.r.RmiUtils: Disabling SSL for RMI as server.rmi.ssl.disable is set to 'true'
2024-04-03 09:42:06,402 INFO o.a.j.r.RmiUtils: Disabling SSL for RMI as server.rmi.ssl.disable is set to 'true'
2024-04-03 09:42:06,403 INFO o.a.j.r.RmiUtils: Disabling SSL for RMI as server.rmi.ssl.disable is set to 'true'
2024-04-03 09:42:06,403 INFO o.a.j.r.RmiUtils: Disabling SSL for RMI as server.rmi.ssl.disable is set to 'true'
2024-04-03 09:42:06,403 INFO o.a.j.s.BatchSampleSender: Using batching (client settings) for this run. Thresholds: num=100, time=60000
2024-04-03 09:42:06,403 INFO o.a.j.s.DataStrippingSampleSender: Using DataStrippingSampleSender for this run
2024-04-03 09:42:06,403 INFO o.a.j.r.RmiUtils: Disabling SSL for RMI as server.rmi.ssl.disable is set to 'true'
2024-04-03 09:42:06,403 INFO o.a.j.r.RmiUtils: Disabling SSL for RMI as server.rmi.ssl.disable is set to 'true'
2024-04-03 09:42:06,404 INFO o.a.j.s.BatchSampleSender: Using batching (client settings) for this run. Thresholds: num=100, time=60000
2024-04-03 09:42:06,404 INFO o.a.j.s.DataStrippingSampleSender: Using DataStrippingSampleSender for this run
2024-04-03 09:42:06,404 INFO o.a.j.r.RmiUtils: Disabling SSL for RMI as server.rmi.ssl.disable is set to 'true'
2024-04-03 09:42:06,404 INFO o.a.j.r.RmiUtils: Disabling SSL for RMI as server.rmi.ssl.disable is set to 'true'
2024-04-03 09:42:06,404 INFO o.a.j.s.BatchSampleSender: Using batching (client settings) for this run. Thresholds: num=100, time=60000
2024-04-03 09:42:06,404 INFO o.a.j.s.DataStrippingSampleSender: Using DataStrippingSampleSender for this run
2024-04-03 09:42:06,404 INFO o.a.j.r.RmiUtils: Disabling SSL for RMI as server.rmi.ssl.disable is set to 'true'
2024-04-03 09:42:06,404 INFO o.a.j.r.RmiUtils: Disabling SSL for RMI as server.rmi.ssl.disable is set to 'true'
2024-04-03 09:42:06,484 INFO o.a.j.s.BatchSampleSender: Using batching (client settings) for this run. Thresholds: num=100, time=60000
2024-04-03 09:42:06,485 INFO o.a.j.s.DataStrippingSampleSender: Using DataStrippingSampleSender for this run
2024-04-03 09:42:06,485 INFO o.a.j.r.RmiUtils: Disabling SSL for RMI as server.rmi.ssl.disable is set to 'true'
2024-04-03 09:42:06,485 INFO o.a.j.r.RmiUtils: Disabling SSL for RMI as server.rmi.ssl.disable is set to 'true'
2024-04-03 09:42:06,485 INFO o.a.j.s.BatchSampleSender: Using batching (client settings) for this run. Thresholds: num=100, time=60000
2024-04-03 09:42:06,485 INFO o.a.j.s.DataStrippingSampleSender: Using DataStrippingSampleSender for this run
2024-04-03 09:42:07,301 INFO o.a.j.e.ClientJMeterEngine: sent test to 10.35.0.17 basedir='.'
2024-04-03 09:42:07,302 INFO o.a.j.e.ClientJMeterEngine: Sending properties {}
2024-04-03 09:42:07,382 INFO o.a.j.e.ClientJMeterEngine: sent run command to 10.35.0.17
2024-04-03 09:42:07,382 INFO o.a.j.e.DistributedRunner: Remote engines have been started:[10.35.0.17]
2024-04-03 09:42:08,007 INFO o.a.j.v.b.BackendListener: Backend Listener 1: Starting worker with class: class org.apache.jmeter.visualizers.backend.influxdb.InfluxdbBackendListenerClient and queue capacity: 5000
2024-04-03 09:42:08,018 INFO o.a.j.v.b.BackendListener: Backend Listener 1: Started  worker with class: class org.apache.jmeter.visualizers.backend.influxdb.InfluxdbBackendListenerClient
2024-04-03 09:42:09,883 INFO o.a.j.v.b.BackendListener: Backend Listener 2: Starting worker with class: class rocks.nt.apm.jmeter.JMeterInfluxDBBackendListenerClient and queue capacity: 5000
2024-04-03 09:42:09,885 INFO o.a.j.v.b.BackendListener: Backend Listener 2: Started  worker with class: class rocks.nt.apm.jmeter.JMeterInfluxDBBackendListenerClient
2024-04-03 09:42:11,095 INFO o.a.j.JMeter: Started remote host:  10.35.0.17 (1712137331095)
2024-04-03 09:42:30,488 INFO o.a.j.r.Summariser: summary +    548 in 00:00:19 =   28.3/s Avg:   290 Min:   192 Max:  4790 Err:    87 (15.88%) Active: 10 Started: 10 Finished: 0
2024-04-03 09:43:01,363 INFO o.a.j.r.Summariser: summary +   1479 in 00:00:31 =   47.9/s Avg:   207 Min:   192 Max:   298 Err:   207 (14.00%) Active: 10 Started: 10 Finished: 0
2024-04-03 09:43:01,420 INFO o.a.j.r.Summariser: summary =   2027 in 00:00:50 =   40.3/s Avg:   230 Min:   192 Max:  4790 Err:   294 (14.50%)
2024-04-03 09:43:31,374 INFO o.a.j.r.Summariser: summary +   1399 in 00:00:30 =   46.6/s Avg:   213 Min:   190 Max:  1004 Err:   199 (14.22%) Active: 10 Started: 10 Finished: 0
2024-04-03 09:43:31,374 INFO o.a.j.r.Summariser: summary =   3426 in 00:01:20 =   42.7/s Avg:   223 Min:   190 Max:  4790 Err:   493 (14.39%)
2024-04-03 09:44:00,748 INFO o.a.j.r.Summariser: summary +   1400 in 00:00:29 =   47.7/s Avg:   208 Min:   190 Max:   300 Err:   214 (15.29%) Active: 10 Started: 10 Finished: 0
2024-04-03 09:44:00,748 INFO o.a.j.r.Summariser: summary =   4826 in 00:01:50 =   44.0/s Avg:   219 Min:   190 Max:  4790 Err:   707 (14.65%)
2024-04-03 09:44:30,567 INFO o.a.j.r.Summariser: summary +   1400 in 00:00:30 =   47.0/s Avg:   212 Min:   190 Max:   800 Err:   193 (13.79%) Active: 10 Started: 10 Finished: 0
2024-04-03 09:44:30,567 INFO o.a.j.r.Summariser: summary =   6226 in 00:02:19 =   44.6/s Avg:   217 Min:   190 Max:  4790 Err:   900 (14.46%)
2024-04-03 09:45:01,420 INFO o.a.j.r.Summariser: summary +   1477 in 00:00:31 =   47.9/s Avg:   207 Min:   189 Max:   286 Err:   200 (13.54%) Active: 10 Started: 10 Finished: 0
2024-04-03 09:45:01,420 INFO o.a.j.r.Summariser: summary =   7703 in 00:02:50 =   45.2/s Avg:   215 Min:   189 Max:  4790 Err:  1100 (14.28%)
2024-04-03 09:45:30,740 INFO o.a.j.r.Summariser: summary +   1401 in 00:00:29 =   47.8/s Avg:   209 Min:   190 Max:   823 Err:   201 (14.35%) Active: 10 Started: 10 Finished: 0
2024-04-03 09:45:30,741 INFO o.a.j.r.Summariser: summary =   9104 in 00:03:20 =   45.6/s Avg:   214 Min:   189 Max:  4790 Err:  1301 (14.29%)
2024-04-03 09:46:00,888 INFO o.a.j.r.Summariser: summary +   1477 in 00:00:30 =   49.0/s Avg:   203 Min:   190 Max:   273 Err:   204 (13.81%) Active: 10 Started: 10 Finished: 0
2024-04-03 09:46:00,889 INFO o.a.j.r.Summariser: summary =  10581 in 00:03:50 =   46.0/s Avg:   213 Min:   189 Max:  4790 Err:  1505 (14.22%)
2024-04-03 09:46:30,412 INFO o.a.j.r.Summariser: summary +   1399 in 00:00:30 =   47.4/s Avg:   210 Min:   190 Max:  1214 Err:   206 (14.72%) Active: 10 Started: 10 Finished: 0
2024-04-03 09:46:30,413 INFO o.a.j.r.Summariser: summary =  11980 in 00:04:19 =   46.2/s Avg:   212 Min:   189 Max:  4790 Err:  1711 (14.28%)
2024-04-03 09:47:00,653 INFO o.a.j.r.Summariser: summary +   1479 in 00:00:30 =   48.9/s Avg:   204 Min:   192 Max:   219 Err:   171 (11.56%) Active: 10 Started: 10 Finished: 0
2024-04-03 09:47:00,654 INFO o.a.j.r.Summariser: summary =  13459 in 00:04:50 =   46.5/s Avg:   211 Min:   189 Max:  4790 Err:  1882 (13.98%)
2024-04-03 09:47:11,590 INFO o.a.j.v.b.BackendListener: Worker ended
2024-04-03 09:47:11,591 INFO o.a.j.v.b.i.InfluxdbBackendListenerClient: Sending last metrics to InfluxDB
2024-04-03 09:47:11,592 INFO o.a.j.v.b.i.HttpMetricsSender: Destroying 
2024-04-03 09:47:11,611 INFO o.a.j.v.b.BackendListener: Worker ended
2024-04-03 09:47:11,612 INFO r.n.a.j.JMeterInfluxDBBackendListenerClient: Shutting down influxDB scheduler...
2024-04-03 09:47:11,619 INFO r.n.a.j.JMeterInfluxDBBackendListenerClient: influxDB scheduler terminated!
2024-04-03 09:47:11,683 INFO o.a.j.r.Summariser: summary +    606 in 00:00:11 =   55.2/s Avg:   204 Min:   193 Max:   263 Err:    76 (12.54%) Active: 0 Started: 10 Finished: 10
2024-04-03 09:47:11,683 INFO o.a.j.r.Summariser: summary =  14065 in 00:05:01 =   46.8/s Avg:   211 Min:   189 Max:  4790 Err:  1958 (13.92%)
2024-04-03 09:47:11,684 INFO o.a.j.JMeter: Finished remote host: 10.35.0.17 (1712137631684)
2024-04-03 09:47:11,684 INFO o.a.j.JMeter: All remote engines have ended test, starting RemoteTestStopper thread
2024-04-03 09:47:11,686 INFO o.a.j.e.ClientJMeterEngine: about to exit remote server on 10.35.0.17
2024-04-03 09:47:16,885 INFO o.a.j.JMeter: Interrupting RMI Reaper
2024-04-03 09:47:16,886 INFO o.a.j.JMeter: Generating Dashboard
2024-04-03 09:47:16,886 INFO o.a.j.r.d.ReportGenerator: Flushing result collector before report Generation
2024-04-03 09:47:16,994 INFO o.a.j.r.p.NormalizerSampleConsumer: Using format, 'ms', to parse timeStamp field
2024-04-03 09:47:22,188 INFO o.a.j.r.p.AbstractSampleConsumer: class org.apache.jmeter.report.processor.AggregateConsumer#stopProducing(): beginDate produced 0 samples
2024-04-03 09:47:22,188 INFO o.a.j.r.p.AbstractSampleConsumer: class org.apache.jmeter.report.processor.AggregateConsumer#stopProducing(): endDate produced 0 samples
2024-04-03 09:47:22,190 INFO o.a.j.r.p.AbstractSampleConsumer: class org.apache.jmeter.report.processor.ApdexSummaryConsumer#stopProducing(): apdexSummary produced 0 samples
2024-04-03 09:47:22,190 INFO o.a.j.r.p.AbstractSampleConsumer: class org.apache.jmeter.report.processor.RequestsSummaryConsumer#stopProducing(): requestsSummary produced 0 samples
2024-04-03 09:47:22,192 INFO o.a.j.r.p.AbstractSampleConsumer: class org.apache.jmeter.report.processor.StatisticsSummaryConsumer#stopProducing(): statisticsSummary produced 0 samples
2024-04-03 09:47:22,197 INFO o.a.j.r.p.AbstractSampleConsumer: class org.apache.jmeter.report.processor.Top5ErrorsBySamplerConsumer#stopProducing(): top5ErrorsBySampler produced 0 samples
2024-04-03 09:47:22,197 INFO o.a.j.r.p.AbstractSampleConsumer: class org.apache.jmeter.report.processor.ErrorsSummaryConsumer#stopProducing(): errorsSummary produced 0 samples
2024-04-03 09:47:22,197 INFO o.a.j.r.p.AbstractSampleConsumer: class org.apache.jmeter.report.processor.graph.impl.HitsPerSecondGraphConsumer#stopProducing(): hitsPerSecond produced 0 samples
2024-04-03 09:47:23,396 INFO o.a.j.r.p.AbstractSampleConsumer: class org.apache.jmeter.report.processor.graph.impl.LatencyVSRequestGraphConsumer#stopProducing(): latencyVsRequest produced 0 samples
2024-04-03 09:47:23,397 INFO o.a.j.r.p.AbstractSampleConsumer: class org.apache.jmeter.report.processor.graph.impl.SyntheticResponseTimeDistributionGraphConsumer#stopProducing(): syntheticResponseTimeDistribution produced 0 samples
2024-04-03 09:47:23,483 INFO o.a.j.r.p.AbstractSampleConsumer: class org.apache.jmeter.report.processor.graph.impl.BytesThroughputGraphConsumer#stopProducing(): bytesThroughputOverTime produced 0 samples
2024-04-03 09:47:23,483 INFO o.a.j.r.p.AbstractSampleConsumer: class org.apache.jmeter.report.processor.graph.impl.CodesPerSecondGraphConsumer#stopProducing(): codesPerSecond produced 0 samples
2024-04-03 09:47:24,490 INFO o.a.j.r.p.AbstractSampleConsumer: class org.apache.jmeter.report.processor.graph.impl.ResponseTimeVSRequestGraphConsumer#stopProducing(): responseTimeVsRequest produced 0 samples
2024-04-03 09:47:24,491 INFO o.a.j.r.p.AbstractSampleConsumer: class org.apache.jmeter.report.processor.FilterConsumer#stopProducing(): startIntervalControlerFilter produced 98455 samples
2024-04-03 09:47:24,491 INFO o.a.j.r.p.AbstractSampleConsumer: class org.apache.jmeter.report.processor.graph.impl.TotalTPSGraphConsumer#stopProducing(): totalTPS produced 0 samples
2024-04-03 09:47:24,491 INFO o.a.j.r.p.AbstractSampleConsumer: class org.apache.jmeter.report.processor.graph.impl.ActiveThreadsGraphConsumer#stopProducing(): activeThreadsOverTime produced 0 samples
2024-04-03 09:47:24,491 INFO o.a.j.r.p.AbstractSampleConsumer: class org.apache.jmeter.report.processor.graph.impl.TimeVSThreadGraphConsumer#stopProducing(): timeVsThreads produced 0 samples
2024-04-03 09:47:24,492 INFO o.a.j.r.p.AbstractSampleConsumer: class org.apache.jmeter.report.processor.graph.impl.ResponseTimeDistributionGraphConsumer#stopProducing(): responseTimeDistribution produced 0 samples
2024-04-03 09:47:24,492 INFO o.a.j.r.p.AbstractSampleConsumer: class org.apache.jmeter.report.processor.graph.impl.TransactionsPerSecondGraphConsumer#stopProducing(): transactionsPerSecond produced 0 samples
2024-04-03 09:47:24,492 INFO o.a.j.r.p.AbstractSampleConsumer: class org.apache.jmeter.report.processor.graph.impl.ResponseTimePercentilesGraphConsumer#stopProducing(): responseTimePercentiles produced 0 samples
2024-04-03 09:47:24,496 INFO o.a.j.r.p.AbstractSampleConsumer: class org.apache.jmeter.report.processor.graph.impl.ResponseTimePercentilesOverTimeGraphConsumer#stopProducing(): responseTimePercentilesOverTime produced 0 samples
2024-04-03 09:47:24,497 INFO o.a.j.r.p.AbstractSampleConsumer: class org.apache.jmeter.report.processor.graph.impl.ResponseTimeOverTimeGraphConsumer#stopProducing(): responseTimesOverTime produced 0 samples
2024-04-03 09:47:24,497 INFO o.a.j.r.p.AbstractSampleConsumer: class org.apache.jmeter.report.processor.graph.impl.ConnectTimeOverTimeGraphConsumer#stopProducing(): connectTimeOverTime produced 0 samples
2024-04-03 09:47:24,497 INFO o.a.j.r.p.AbstractSampleConsumer: class org.apache.jmeter.report.processor.graph.impl.LatencyOverTimeGraphConsumer#stopProducing(): latenciesOverTime produced 0 samples
2024-04-03 09:47:24,498 INFO o.a.j.r.p.AbstractSampleConsumer: class org.apache.jmeter.report.processor.FilterConsumer#stopProducing(): nameFilter produced 271260 samples
2024-04-03 09:47:24,498 INFO o.a.j.r.p.AbstractSampleConsumer: class org.apache.jmeter.report.processor.FilterConsumer#stopProducing(): dateRangeFilter produced 54252 samples
2024-04-03 09:47:24,498 INFO o.a.j.r.p.AbstractSampleConsumer: class org.apache.jmeter.report.processor.NormalizerSampleConsumer#stopProducing(): normalizer produced 18084 samples
2024-04-03 09:47:24,498 INFO o.a.j.r.p.CsvFileSampleSource: produce(): 18084 samples produced in 7s 404 ms on channel 0
2024-04-03 09:47:24,498 INFO o.a.j.r.d.ReportGenerator: Exporting data using exporter:'json' of className:'org.apache.jmeter.report.dashboard.JsonExporter'
2024-04-03 09:47:25,492 INFO o.a.j.r.d.JsonExporter: Found data for consumer statisticsSummary in context
2024-04-03 09:47:25,492 INFO o.a.j.r.d.JsonExporter: Creating statistics for overall
2024-04-03 09:47:25,492 INFO o.a.j.r.d.JsonExporter: Creating statistics for other transactions
2024-04-03 09:47:25,493 INFO o.a.j.r.d.JsonExporter: Checking output folder
2024-04-03 09:47:25,493 INFO o.a.j.r.d.JsonExporter: Writing statistics JSON to /report/report-PetStoreAPIScriptDynamicBuildNumber1.jmx-2024-04-03_094054/statistics.json
2024-04-03 09:47:25,683 INFO o.a.j.r.d.ReportGenerator: Exporting data using exporter:'html' of className:'org.apache.jmeter.report.dashboard.HtmlTemplateExporter'
2024-04-03 09:47:25,685 INFO o.a.j.r.d.HtmlTemplateExporter: Will generate dashboard in folder: /report/report-PetStoreAPIScriptDynamicBuildNumber1.jmx-2024-04-03_094054
2024-04-03 09:47:26,490 INFO o.a.j.r.d.HtmlTemplateExporter: Report will be generated in: /report/report-PetStoreAPIScriptDynamicBuildNumber1.jmx-2024-04-03_094054, creating folder structure
2024-04-03 09:47:26,492 INFO o.a.j.r.d.TemplateVisitor: Copying folder from '/opt/jmeter/apache-jmeter-5.4.1/bin/report-template' to '/report/report-PetStoreAPIScriptDynamicBuildNumber1.jmx-2024-04-03_094054', got message: /report/report-PetStoreAPIScriptDynamicBuildNumber1.jmx-2024-04-03_094054, found non empty folder with following content [/report/report-PetStoreAPIScriptDynamicBuildNumber1.jmx-2024-04-03_094054/statistics.json], will be ignored
2024-04-03 09:47:27,888 INFO o.a.j.JMeter: Dashboard generated
