2024-03-06 17:31:47,580 INFO o.a.j.u.JMeterUtils: Setting Locale to en_EN
2024-03-06 17:31:47,684 INFO o.a.j.JMeter: Loading user properties from: user.properties
2024-03-06 17:31:47,684 INFO o.a.j.JMeter: Loading system properties from: system.properties
2024-03-06 17:31:47,685 INFO o.a.j.JMeter: Setting System property: server.rmi.ssl.disable=true
2024-03-06 17:31:47,780 INFO o.a.j.JMeter: Copyright (c) 1998-2021 The Apache Software Foundation
2024-03-06 17:31:47,780 INFO o.a.j.JMeter: Version 5.4.1
2024-03-06 17:31:47,780 INFO o.a.j.JMeter: java.version=16.0.2
2024-03-06 17:31:47,780 INFO o.a.j.JMeter: java.vm.name=OpenJDK 64-Bit Server VM
2024-03-06 17:31:47,781 INFO o.a.j.JMeter: os.name=Linux
2024-03-06 17:31:47,781 INFO o.a.j.JMeter: os.arch=amd64
2024-03-06 17:31:47,781 INFO o.a.j.JMeter: os.version=6.5.0-1014-aws
2024-03-06 17:31:47,781 INFO o.a.j.JMeter: file.encoding=UTF-8
2024-03-06 17:31:47,781 INFO o.a.j.JMeter: java.awt.headless=null
2024-03-06 17:31:47,781 INFO o.a.j.JMeter: Max memory     =1073741824
2024-03-06 17:31:47,781 INFO o.a.j.JMeter: Available Processors =1
2024-03-06 17:31:47,877 INFO o.a.j.JMeter: Default Locale=English (EN)
2024-03-06 17:31:47,877 INFO o.a.j.JMeter: JMeter  Locale=English (EN)
2024-03-06 17:31:47,878 INFO o.a.j.JMeter: JMeterHome=/opt/jmeter/apache-jmeter-5.4.1
2024-03-06 17:31:47,878 INFO o.a.j.JMeter: user.dir  =/opt/jmeter/apache-jmeter-5.4.1/bin
2024-03-06 17:31:47,878 INFO o.a.j.JMeter: PWD       =/opt/jmeter/apache-jmeter-5.4.1/bin
2024-03-06 17:31:47,878 INFO o.a.j.JMeter: IP: 10.36.0.4 Name: jmeter-master03-06-23-00-37-g4kzm FullName: jmeter-master03-06-23-00-37-g4kzm
2024-03-06 17:31:47,882 INFO o.a.j.JMeter: Setting property 'jmeter.reportgenerator.outputdir' to:'/report/report-PetStoreAPIScriptParallelStop.jmx-2024-03-06_173045'
2024-03-06 17:31:47,885 INFO o.a.j.s.FileServer: Default base='/opt/jmeter/apache-jmeter-5.4.1/bin'
2024-03-06 17:31:47,885 INFO o.a.j.s.FileServer: Set new base='/opt/jmeter/apache-jmeter-5.4.1/bin'
2024-03-06 17:31:49,388 INFO o.a.j.s.SaveService: Testplan (JMX) version: 2.2. Testlog (JTL) version: 2.2
2024-03-06 17:31:49,678 INFO o.a.j.s.SaveService: Using SaveService properties version 5.0
2024-03-06 17:31:49,682 INFO o.a.j.s.SaveService: Using SaveService properties file encoding UTF-8
2024-03-06 17:31:49,685 INFO o.a.j.s.SaveService: Loading file: PetStoreAPIScriptParallelStop.jmx
2024-03-06 17:31:49,991 INFO o.a.j.p.h.c.CookieManager: Settings: Delete null: true Check: true Allow variable: true Save: false Prefix: COOKIE_
2024-03-06 17:31:50,087 INFO o.a.j.p.h.s.HTTPSamplerBase: Parser for text/html is org.apache.jmeter.protocol.http.parser.LagartoBasedHtmlParser
2024-03-06 17:31:50,176 INFO o.a.j.p.h.s.HTTPSamplerBase: Parser for application/xhtml+xml is org.apache.jmeter.protocol.http.parser.LagartoBasedHtmlParser
2024-03-06 17:31:50,176 INFO o.a.j.p.h.s.HTTPSamplerBase: Parser for application/xml is org.apache.jmeter.protocol.http.parser.LagartoBasedHtmlParser
2024-03-06 17:31:50,177 INFO o.a.j.p.h.s.HTTPSamplerBase: Parser for text/xml is org.apache.jmeter.protocol.http.parser.LagartoBasedHtmlParser
2024-03-06 17:31:50,177 INFO o.a.j.p.h.s.HTTPSamplerBase: Parser for text/vnd.wap.wml is org.apache.jmeter.protocol.http.parser.RegexpHTMLParser
2024-03-06 17:31:50,177 INFO o.a.j.p.h.s.HTTPSamplerBase: Parser for text/css is org.apache.jmeter.protocol.http.parser.CssParser
2024-03-06 17:31:50,578 INFO o.a.j.s.SampleResult: Note: Sample TimeStamps are START times
2024-03-06 17:31:50,578 INFO o.a.j.s.SampleResult: sampleresult.default.encoding is set to ISO-8859-1
2024-03-06 17:31:50,579 INFO o.a.j.s.SampleResult: sampleresult.useNanoTime=true
2024-03-06 17:31:50,579 INFO o.a.j.s.SampleResult: sampleresult.nanoThreadSleep=5000
2024-03-06 17:31:50,688 INFO o.a.j.JMeter: Creating summariser <summary>
2024-03-06 17:31:50,779 INFO o.a.j.r.d.ReportGenerator: ReportGenerator will use for Parsing the separator: ','
2024-03-06 17:31:50,779 INFO o.a.j.r.d.ReportGenerator: Will generate report at end of test from  results file: /report/PetStoreAPIScriptParallelStop.jmx_2024-03-06_173045.jtl
2024-03-06 17:31:50,779 INFO o.a.j.r.d.ReportGenerator: Reading report generator properties from: /opt/jmeter/apache-jmeter-5.4.1/bin/reportgenerator.properties
2024-03-06 17:31:50,780 INFO o.a.j.r.d.ReportGenerator: Merging with JMeter properties
2024-03-06 17:31:50,784 INFO o.a.j.r.c.ReportGeneratorConfiguration: Property 'jmeter.reportgenerator.temp_dir' not found, using default value 'temp' instead.
2024-03-06 17:31:50,876 INFO o.a.j.r.c.ReportGeneratorConfiguration: Property 'jmeter.reportgenerator.apdex_per_transaction' not found, using default value 'null' instead.
2024-03-06 17:31:50,877 INFO o.a.j.r.c.ReportGeneratorConfiguration: apdex_per_transaction is empty, not APDEX per transaction customization
2024-03-06 17:31:50,877 INFO o.a.j.r.c.ReportGeneratorConfiguration: Property 'jmeter.reportgenerator.sample_filter' not found, using default value 'null' instead.
2024-03-06 17:31:50,877 INFO o.a.j.r.c.ReportGeneratorConfiguration: Property 'jmeter.reportgenerator.report_title' not found, using default value 'null' instead.
2024-03-06 17:31:50,877 INFO o.a.j.r.c.ReportGeneratorConfiguration: Property 'jmeter.reportgenerator.start_date' not found, using default value 'null' instead.
2024-03-06 17:31:50,877 INFO o.a.j.r.c.ReportGeneratorConfiguration: Property 'jmeter.reportgenerator.end_date' not found, using default value 'null' instead.
2024-03-06 17:31:50,877 INFO o.a.j.r.c.ReportGeneratorConfiguration: Property 'jmeter.reportgenerator.date_format' not found, using default value 'null' instead.
2024-03-06 17:31:50,878 INFO o.a.j.r.c.ReportGeneratorConfiguration: Will use date range start date: null, end date: null
2024-03-06 17:31:50,882 INFO o.a.j.r.c.ReportGeneratorConfiguration: Property 'jmeter.reportgenerator.graph.totalTPS.exclude_controllers' not found, using default value 'false' instead.
2024-03-06 17:31:50,882 INFO o.a.j.r.c.ReportGeneratorConfiguration: Property 'jmeter.reportgenerator.graph.activeThreadsOverTime.exclude_controllers' not found, using default value 'false' instead.
2024-03-06 17:31:50,882 INFO o.a.j.r.c.ReportGeneratorConfiguration: Property 'jmeter.reportgenerator.graph.timeVsThreads.exclude_controllers' not found, using default value 'false' instead.
2024-03-06 17:31:50,883 INFO o.a.j.r.c.ReportGeneratorConfiguration: Property 'jmeter.reportgenerator.graph.responseTimeDistribution.exclude_controllers' not found, using default value 'false' instead.
2024-03-06 17:31:50,883 INFO o.a.j.r.c.ReportGeneratorConfiguration: Property 'jmeter.reportgenerator.graph.transactionsPerSecond.exclude_controllers' not found, using default value 'false' instead.
2024-03-06 17:31:50,883 INFO o.a.j.r.c.ReportGeneratorConfiguration: Property 'jmeter.reportgenerator.graph.responseTimePercentiles.exclude_controllers' not found, using default value 'false' instead.
2024-03-06 17:31:50,883 INFO o.a.j.r.c.ReportGeneratorConfiguration: Property 'jmeter.reportgenerator.graph.responseTimePercentilesOverTime.exclude_controllers' not found, using default value 'false' instead.
2024-03-06 17:31:50,883 INFO o.a.j.r.c.ReportGeneratorConfiguration: Property 'jmeter.reportgenerator.graph.responseTimesOverTime.exclude_controllers' not found, using default value 'false' instead.
2024-03-06 17:31:50,884 INFO o.a.j.r.c.ReportGeneratorConfiguration: Property 'jmeter.reportgenerator.graph.connectTimeOverTime.exclude_controllers' not found, using default value 'false' instead.
2024-03-06 17:31:50,884 INFO o.a.j.r.c.ReportGeneratorConfiguration: Property 'jmeter.reportgenerator.graph.latenciesOverTime.exclude_controllers' not found, using default value 'false' instead.
2024-03-06 17:31:50,885 INFO o.a.j.r.c.ReportGeneratorConfiguration: Property 'jmeter.reportgenerator.exporter.json.filters_only_sample_series' not found, using default value 'true' instead.
2024-03-06 17:31:50,885 INFO o.a.j.r.c.ReportGeneratorConfiguration: Property 'jmeter.reportgenerator.exporter.json.series_filter' not found, using default value '' instead.
2024-03-06 17:31:50,885 INFO o.a.j.r.c.ReportGeneratorConfiguration: Property 'jmeter.reportgenerator.exporter.json.show_controllers_only' not found, using default value 'false' instead.
2024-03-06 17:31:50,886 INFO o.a.j.r.c.ReportGeneratorConfiguration: Property 'jmeter.reportgenerator.exporter.html.filters_only_sample_series' not found, using default value 'true' instead.
2024-03-06 17:31:50,886 INFO o.a.j.r.c.ReportGeneratorConfiguration: Property 'jmeter.reportgenerator.exporter.html.series_filter' not found, using default value '' instead.
2024-03-06 17:31:50,886 INFO o.a.j.r.c.ReportGeneratorConfiguration: Property 'jmeter.reportgenerator.exporter.html.show_controllers_only' not found, using default value 'false' instead.
2024-03-06 17:31:50,978 INFO o.a.j.e.DistributedRunner: Configuring remote engine: 10.36.0.5
2024-03-06 17:31:50,980 INFO o.a.j.r.RmiUtils: Disabling SSL for RMI as server.rmi.ssl.disable is set to 'true'
2024-03-06 17:31:51,482 INFO o.a.j.e.DistributedRunner: Starting distributed test with remote engines: [10.36.0.5] @ Wed Mar 06 17:31:51 UTC 2024 (1709746311482)
2024-03-06 17:31:51,482 INFO o.a.j.e.ClientJMeterEngine: running clientengine run method
2024-03-06 17:31:51,487 INFO o.a.j.e.u.CompoundVariable: Note: Function class names must contain the string: '.functions.'
2024-03-06 17:31:51,487 INFO o.a.j.e.u.CompoundVariable: Note: Function class names must not contain the string: '.gui.'
2024-03-06 17:31:51,884 INFO o.a.j.r.RmiUtils: Disabling SSL for RMI as server.rmi.ssl.disable is set to 'true'
2024-03-06 17:31:51,884 INFO o.a.j.r.RmiUtils: Disabling SSL for RMI as server.rmi.ssl.disable is set to 'true'
2024-03-06 17:31:51,887 INFO o.a.j.s.SampleEvent: List of sample_variables: []
2024-03-06 17:31:51,977 INFO o.a.j.s.BatchSampleSender: Using batching (client settings) for this run. Thresholds: num=100, time=60000
2024-03-06 17:31:51,977 INFO o.a.j.s.DataStrippingSampleSender: Using DataStrippingSampleSender for this run
2024-03-06 17:31:51,978 INFO o.a.j.r.RmiUtils: Disabling SSL for RMI as server.rmi.ssl.disable is set to 'true'
2024-03-06 17:31:51,979 INFO o.a.j.r.RmiUtils: Disabling SSL for RMI as server.rmi.ssl.disable is set to 'true'
2024-03-06 17:31:55,880 INFO o.a.j.r.RmiUtils: Disabling SSL for RMI as server.rmi.ssl.disable is set to 'true'
2024-03-06 17:31:55,880 INFO o.a.j.r.RmiUtils: Disabling SSL for RMI as server.rmi.ssl.disable is set to 'true'
2024-03-06 17:31:55,881 INFO o.a.j.r.RmiUtils: Disabling SSL for RMI as server.rmi.ssl.disable is set to 'true'
2024-03-06 17:31:55,881 INFO o.a.j.r.RmiUtils: Disabling SSL for RMI as server.rmi.ssl.disable is set to 'true'
2024-03-06 17:31:55,881 INFO o.a.j.s.BatchSampleSender: Using batching (client settings) for this run. Thresholds: num=100, time=60000
2024-03-06 17:31:55,882 INFO o.a.j.s.DataStrippingSampleSender: Using DataStrippingSampleSender for this run
2024-03-06 17:31:55,882 INFO o.a.j.r.RmiUtils: Disabling SSL for RMI as server.rmi.ssl.disable is set to 'true'
2024-03-06 17:31:55,882 INFO o.a.j.r.RmiUtils: Disabling SSL for RMI as server.rmi.ssl.disable is set to 'true'
2024-03-06 17:31:55,882 INFO o.a.j.s.BatchSampleSender: Using batching (client settings) for this run. Thresholds: num=100, time=60000
2024-03-06 17:31:55,882 INFO o.a.j.s.DataStrippingSampleSender: Using DataStrippingSampleSender for this run
2024-03-06 17:31:55,882 INFO o.a.j.r.RmiUtils: Disabling SSL for RMI as server.rmi.ssl.disable is set to 'true'
2024-03-06 17:31:55,882 INFO o.a.j.r.RmiUtils: Disabling SSL for RMI as server.rmi.ssl.disable is set to 'true'
2024-03-06 17:31:55,882 INFO o.a.j.s.BatchSampleSender: Using batching (client settings) for this run. Thresholds: num=100, time=60000
2024-03-06 17:31:55,882 INFO o.a.j.s.DataStrippingSampleSender: Using DataStrippingSampleSender for this run
2024-03-06 17:31:55,883 INFO o.a.j.r.RmiUtils: Disabling SSL for RMI as server.rmi.ssl.disable is set to 'true'
2024-03-06 17:31:55,883 INFO o.a.j.r.RmiUtils: Disabling SSL for RMI as server.rmi.ssl.disable is set to 'true'
2024-03-06 17:31:55,883 INFO o.a.j.s.BatchSampleSender: Using batching (client settings) for this run. Thresholds: num=100, time=60000
2024-03-06 17:31:55,883 INFO o.a.j.s.DataStrippingSampleSender: Using DataStrippingSampleSender for this run
2024-03-06 17:31:55,883 INFO o.a.j.r.RmiUtils: Disabling SSL for RMI as server.rmi.ssl.disable is set to 'true'
2024-03-06 17:31:55,883 INFO o.a.j.r.RmiUtils: Disabling SSL for RMI as server.rmi.ssl.disable is set to 'true'
2024-03-06 17:31:55,883 INFO o.a.j.s.BatchSampleSender: Using batching (client settings) for this run. Thresholds: num=100, time=60000
2024-03-06 17:31:55,883 INFO o.a.j.s.DataStrippingSampleSender: Using DataStrippingSampleSender for this run
2024-03-06 17:31:56,899 INFO o.a.j.e.ClientJMeterEngine: sent test to 10.36.0.5 basedir='.'
2024-03-06 17:31:56,899 INFO o.a.j.e.ClientJMeterEngine: Sending properties {}
2024-03-06 17:31:56,902 INFO o.a.j.e.ClientJMeterEngine: sent run command to 10.36.0.5
2024-03-06 17:31:56,902 INFO o.a.j.e.DistributedRunner: Remote engines have been started:[10.36.0.5]
2024-03-06 17:31:57,579 INFO o.a.j.v.b.BackendListener: Backend Listener 1: Starting worker with class: class org.apache.jmeter.visualizers.backend.influxdb.InfluxdbBackendListenerClient and queue capacity: 5000
2024-03-06 17:31:57,580 INFO o.a.j.v.b.BackendListener: Backend Listener 1: Started  worker with class: class org.apache.jmeter.visualizers.backend.influxdb.InfluxdbBackendListenerClient
2024-03-06 17:31:59,095 INFO o.a.j.v.b.BackendListener: Backend Listener 2: Starting worker with class: class rocks.nt.apm.jmeter.JMeterInfluxDBBackendListenerClient and queue capacity: 5000
2024-03-06 17:31:59,150 INFO o.a.j.v.b.BackendListener: Backend Listener 2: Started  worker with class: class rocks.nt.apm.jmeter.JMeterInfluxDBBackendListenerClient
2024-03-06 17:32:00,285 INFO o.a.j.JMeter: Started remote host:  10.36.0.5 (1709746320285)
2024-03-06 17:32:05,879 INFO o.a.j.r.Summariser: summary +      1 in 00:00:06 =    0.2/s Avg:  4400 Min:  4400 Max:  4400 Err:     0 (0.00%) Active: 10 Started: 10 Finished: 0
2024-03-06 17:32:30,183 INFO o.a.j.r.Summariser: summary +   1091 in 00:00:24 =   44.9/s Avg:   236 Min:   190 Max:  4703 Err:   146 (13.38%) Active: 10 Started: 10 Finished: 0
2024-03-06 17:32:30,184 INFO o.a.j.r.Summariser: summary =   1092 in 00:00:30 =   36.5/s Avg:   240 Min:   190 Max:  4703 Err:   146 (13.37%)
2024-03-06 17:33:01,260 INFO o.a.j.r.Summariser: summary +   1557 in 00:00:31 =   50.1/s Avg:   198 Min:   190 Max:   271 Err:   230 (14.77%) Active: 10 Started: 10 Finished: 0
2024-03-06 17:33:01,261 INFO o.a.j.r.Summariser: summary =   2649 in 00:01:01 =   43.4/s Avg:   215 Min:   190 Max:  4703 Err:   376 (14.19%)
2024-03-06 17:33:30,486 INFO o.a.j.r.Summariser: summary +   1397 in 00:00:29 =   47.8/s Avg:   208 Min:   189 Max:   905 Err:   238 (17.04%) Active: 10 Started: 10 Finished: 0
2024-03-06 17:33:30,486 INFO o.a.j.r.Summariser: summary =   4046 in 00:01:30 =   44.9/s Avg:   213 Min:   189 Max:  4703 Err:   614 (15.18%)
2024-03-06 17:34:00,899 INFO o.a.j.r.Summariser: summary +   1479 in 00:00:30 =   48.6/s Avg:   204 Min:   189 Max:   303 Err:   222 (15.01%) Active: 10 Started: 10 Finished: 0
2024-03-06 17:34:00,899 INFO o.a.j.r.Summariser: summary =   5525 in 00:02:01 =   45.8/s Avg:   210 Min:   189 Max:  4703 Err:   836 (15.13%)
2024-03-06 17:34:31,211 INFO o.a.j.r.Summariser: summary +   1477 in 00:00:30 =   48.7/s Avg:   204 Min:   190 Max:   856 Err:   188 (12.73%) Active: 10 Started: 10 Finished: 0
2024-03-06 17:34:31,211 INFO o.a.j.r.Summariser: summary =   7002 in 00:02:31 =   46.4/s Avg:   209 Min:   189 Max:  4703 Err:  1024 (14.62%)
2024-03-06 17:35:00,886 INFO o.a.j.r.Summariser: summary +   1480 in 00:00:30 =   49.9/s Avg:   199 Min:   191 Max:   281 Err:   222 (15.00%) Active: 10 Started: 10 Finished: 0
2024-03-06 17:35:00,886 INFO o.a.j.r.Summariser: summary =   8482 in 00:03:01 =   47.0/s Avg:   207 Min:   189 Max:  4703 Err:  1246 (14.69%)
2024-03-06 17:35:30,763 INFO o.a.j.r.Summariser: summary +   1476 in 00:00:30 =   49.4/s Avg:   202 Min:   189 Max:   746 Err:   215 (14.57%) Active: 10 Started: 10 Finished: 0
2024-03-06 17:35:30,763 INFO o.a.j.r.Summariser: summary =   9958 in 00:03:30 =   47.3/s Avg:   206 Min:   189 Max:  4703 Err:  1461 (14.67%)
2024-03-06 17:36:00,184 INFO o.a.j.r.Summariser: summary +   1480 in 00:00:29 =   50.3/s Avg:   198 Min:   189 Max:   280 Err:   191 (12.91%) Active: 10 Started: 10 Finished: 0
2024-03-06 17:36:00,185 INFO o.a.j.r.Summariser: summary =  11438 in 00:04:00 =   47.7/s Avg:   205 Min:   189 Max:  4703 Err:  1652 (14.44%)
2024-03-06 17:36:31,324 INFO o.a.j.r.Summariser: summary +   1554 in 00:00:31 =   49.9/s Avg:   200 Min:   188 Max:  1055 Err:   237 (15.25%) Active: 10 Started: 10 Finished: 0
2024-03-06 17:36:31,325 INFO o.a.j.r.Summariser: summary =  12992 in 00:04:31 =   47.9/s Avg:   205 Min:   188 Max:  4703 Err:  1889 (14.54%)
